<?xml version="1.0" encoding="UTF-8"?>
<testsuites>
  <testsuite name="" tests="349" assertions="791" errors="0" failures="0" skipped="0" time="0.809847">
    <testsuite name="unit" tests="348" assertions="783" errors="0" failures="0" skipped="0" time="0.524757">
      <testsuite name="Unit\HiPay\Tests\Data\Category\CollectionTest" file="/home/tviardin/Bureau/projects/hipay-fullservice-sdk-php/tests/Unit/HiPay/Tests/Fullservice/Data/Category/CollectionTest.php" tests="1" assertions="25" errors="0" failures="0" skipped="0" time="0.002446">
        <testcase name="testGetItems" class="Unit\HiPay\Tests\Data\Category\CollectionTest" classname="Unit.HiPay.Tests.Data.Category.CollectionTest" file="/home/tviardin/Bureau/projects/hipay-fullservice-sdk-php/tests/Unit/HiPay/Tests/Fullservice/Data/Category/CollectionTest.php" line="10" assertions="25" time="0.002446"/>
      </testsuite>
      <testsuite name="Unit\HiPay\Tests\Data\CategoryTest" file="/home/tviardin/Bureau/projects/hipay-fullservice-sdk-php/tests/Unit/HiPay/Tests/Fullservice/Data/CategoryTest.php" tests="5" assertions="9" errors="0" failures="0" skipped="0" time="0.002497">
        <testcase name="testConstruct" class="Unit\HiPay\Tests\Data\CategoryTest" classname="Unit.HiPay.Tests.Data.CategoryTest" file="/home/tviardin/Bureau/projects/hipay-fullservice-sdk-php/tests/Unit/HiPay/Tests/Fullservice/Data/CategoryTest.php" line="10" assertions="1" time="0.000425"/>
        <testcase name="testGetCode" class="Unit\HiPay\Tests\Data\CategoryTest" classname="Unit.HiPay.Tests.Data.CategoryTest" file="/home/tviardin/Bureau/projects/hipay-fullservice-sdk-php/tests/Unit/HiPay/Tests/Fullservice/Data/CategoryTest.php" line="30" assertions="1" time="0.000676"/>
        <testcase name="testGetName" class="Unit\HiPay\Tests\Data\CategoryTest" classname="Unit.HiPay.Tests.Data.CategoryTest" file="/home/tviardin/Bureau/projects/hipay-fullservice-sdk-php/tests/Unit/HiPay/Tests/Fullservice/Data/CategoryTest.php" line="41" assertions="1" time="0.000414"/>
        <testcase name="testGetLocals" class="Unit\HiPay\Tests\Data\CategoryTest" classname="Unit.HiPay.Tests.Data.CategoryTest" file="/home/tviardin/Bureau/projects/hipay-fullservice-sdk-php/tests/Unit/HiPay/Tests/Fullservice/Data/CategoryTest.php" line="52" assertions="3" time="0.000509"/>
        <testcase name="testSetLocals" class="Unit\HiPay\Tests\Data\CategoryTest" classname="Unit.HiPay.Tests.Data.CategoryTest" file="/home/tviardin/Bureau/projects/hipay-fullservice-sdk-php/tests/Unit/HiPay/Tests/Fullservice/Data/CategoryTest.php" line="75" assertions="3" time="0.000473"/>
      </testsuite>
      <testsuite name="Unit\HiPay\Tests\Data\DeliveryMethod\CollectionModeShippingTest" file="/home/tviardin/Bureau/projects/hipay-fullservice-sdk-php/tests/Unit/HiPay/Tests/Fullservice/Data/DeliveryMethod/CollectionModeShippingTest.php" tests="1" assertions="15" errors="0" failures="0" skipped="0" time="0.001146">
        <testcase name="testGetItems" class="Unit\HiPay\Tests\Data\DeliveryMethod\CollectionModeShippingTest" classname="Unit.HiPay.Tests.Data.DeliveryMethod.CollectionModeShippingTest" file="/home/tviardin/Bureau/projects/hipay-fullservice-sdk-php/tests/Unit/HiPay/Tests/Fullservice/Data/DeliveryMethod/CollectionModeShippingTest.php" line="10" assertions="15" time="0.001146"/>
      </testsuite>
      <testsuite name="Unit\HiPay\Tests\Data\DeliveryMethod\CollectionTest" file="/home/tviardin/Bureau/projects/hipay-fullservice-sdk-php/tests/Unit/HiPay/Tests/Fullservice/Data/DeliveryMethod/CollectionTest.php" tests="1" assertions="30" errors="0" failures="0" skipped="0" time="0.001400">
        <testcase name="testGetItems" class="Unit\HiPay\Tests\Data\DeliveryMethod\CollectionTest" classname="Unit.HiPay.Tests.Data.DeliveryMethod.CollectionTest" file="/home/tviardin/Bureau/projects/hipay-fullservice-sdk-php/tests/Unit/HiPay/Tests/Fullservice/Data/DeliveryMethod/CollectionTest.php" line="10" assertions="30" time="0.001400"/>
      </testsuite>
      <testsuite name="Unit\HiPay\Tests\Data\PaymentProduct\DeliveryMethodAttributeTest" file="/home/tviardin/Bureau/projects/hipay-fullservice-sdk-php/tests/Unit/HiPay/Tests/Fullservice/Data/DeliveryMethodAttributeTest.php" tests="3" assertions="7" errors="0" failures="0" skipped="0" time="0.001473">
        <testcase name="testConstruct" class="Unit\HiPay\Tests\Data\PaymentProduct\DeliveryMethodAttributeTest" classname="Unit.HiPay.Tests.Data.PaymentProduct.DeliveryMethodAttributeTest" file="/home/tviardin/Bureau/projects/hipay-fullservice-sdk-php/tests/Unit/HiPay/Tests/Fullservice/Data/DeliveryMethodAttributeTest.php" line="34" assertions="1" time="0.000409"/>
        <testcase name="testGetDisplayName" class="Unit\HiPay\Tests\Data\PaymentProduct\DeliveryMethodAttributeTest" classname="Unit.HiPay.Tests.Data.PaymentProduct.DeliveryMethodAttributeTest" file="/home/tviardin/Bureau/projects/hipay-fullservice-sdk-php/tests/Unit/HiPay/Tests/Fullservice/Data/DeliveryMethodAttributeTest.php" line="54" assertions="3" time="0.000565"/>
        <testcase name="testGettersAndSetters" class="Unit\HiPay\Tests\Data\PaymentProduct\DeliveryMethodAttributeTest" classname="Unit.HiPay.Tests.Data.PaymentProduct.DeliveryMethodAttributeTest" file="/home/tviardin/Bureau/projects/hipay-fullservice-sdk-php/tests/Unit/HiPay/Tests/Fullservice/Data/DeliveryMethodAttributeTest.php" line="72" assertions="3" time="0.000499"/>
      </testsuite>
      <testsuite name="Hipay\FullService\Data\DeliveryMethodTest" file="/home/tviardin/Bureau/projects/hipay-fullservice-sdk-php/tests/Unit/HiPay/Tests/Fullservice/Data/DeliveryMethodTest.php" tests="7" assertions="7" errors="0" failures="0" skipped="0" time="0.003267">
        <testcase name="testConstruct" class="Hipay\FullService\Data\DeliveryMethodTest" classname="Hipay.FullService.Data.DeliveryMethodTest" file="/home/tviardin/Bureau/projects/hipay-fullservice-sdk-php/tests/Unit/HiPay/Tests/Fullservice/Data/DeliveryMethodTest.php" line="10" assertions="1" time="0.000782"/>
        <testcase name="testGetCode" class="Hipay\FullService\Data\DeliveryMethodTest" classname="Hipay.FullService.Data.DeliveryMethodTest" file="/home/tviardin/Bureau/projects/hipay-fullservice-sdk-php/tests/Unit/HiPay/Tests/Fullservice/Data/DeliveryMethodTest.php" line="27" assertions="1" time="0.000427"/>
        <testcase name="testSetCode" class="Hipay\FullService\Data\DeliveryMethodTest" classname="Hipay.FullService.Data.DeliveryMethodTest" file="/home/tviardin/Bureau/projects/hipay-fullservice-sdk-php/tests/Unit/HiPay/Tests/Fullservice/Data/DeliveryMethodTest.php" line="39" assertions="1" time="0.000434"/>
        <testcase name="testGetMode" class="Hipay\FullService\Data\DeliveryMethodTest" classname="Hipay.FullService.Data.DeliveryMethodTest" file="/home/tviardin/Bureau/projects/hipay-fullservice-sdk-php/tests/Unit/HiPay/Tests/Fullservice/Data/DeliveryMethodTest.php" line="51" assertions="1" time="0.000406"/>
        <testcase name="testSetMode" class="Hipay\FullService\Data\DeliveryMethodTest" classname="Hipay.FullService.Data.DeliveryMethodTest" file="/home/tviardin/Bureau/projects/hipay-fullservice-sdk-php/tests/Unit/HiPay/Tests/Fullservice/Data/DeliveryMethodTest.php" line="64" assertions="1" time="0.000404"/>
        <testcase name="testGetShipping" class="Hipay\FullService\Data\DeliveryMethodTest" classname="Hipay.FullService.Data.DeliveryMethodTest" file="/home/tviardin/Bureau/projects/hipay-fullservice-sdk-php/tests/Unit/HiPay/Tests/Fullservice/Data/DeliveryMethodTest.php" line="76" assertions="1" time="0.000406"/>
        <testcase name="testSetShipping" class="Hipay\FullService\Data\DeliveryMethodTest" classname="Hipay.FullService.Data.DeliveryMethodTest" file="/home/tviardin/Bureau/projects/hipay-fullservice-sdk-php/tests/Unit/HiPay/Tests/Fullservice/Data/DeliveryMethodTest.php" line="89" assertions="1" time="0.000408"/>
      </testsuite>
      <testsuite name="Unit\HiPay\Tests\Data\PaymentProduct\CollectionTest" file="/home/tviardin/Bureau/projects/hipay-fullservice-sdk-php/tests/Unit/HiPay/Tests/Fullservice/Data/PaymentProduct/CollectionTest.php" tests="8" assertions="62" errors="0" failures="0" skipped="0" time="0.015091">
        <testcase name="testGetItemSuccess" class="Unit\HiPay\Tests\Data\PaymentProduct\CollectionTest" classname="Unit.HiPay.Tests.Data.PaymentProduct.CollectionTest" file="/home/tviardin/Bureau/projects/hipay-fullservice-sdk-php/tests/Unit/HiPay/Tests/Fullservice/Data/PaymentProduct/CollectionTest.php" line="34" assertions="2" time="0.000964"/>
        <testcase name="testGetItemEmpty" class="Unit\HiPay\Tests\Data\PaymentProduct\CollectionTest" classname="Unit.HiPay.Tests.Data.PaymentProduct.CollectionTest" file="/home/tviardin/Bureau/projects/hipay-fullservice-sdk-php/tests/Unit/HiPay/Tests/Fullservice/Data/PaymentProduct/CollectionTest.php" line="43" assertions="1" time="0.000642"/>
        <testcase name="testGetItems" class="Unit\HiPay\Tests\Data\PaymentProduct\CollectionTest" classname="Unit.HiPay.Tests.Data.PaymentProduct.CollectionTest" file="/home/tviardin/Bureau/projects/hipay-fullservice-sdk-php/tests/Unit/HiPay/Tests/Fullservice/Data/PaymentProduct/CollectionTest.php" line="49" assertions="43" time="0.005452"/>
        <testcase name="testGetItemsFilteredSuccess" class="Unit\HiPay\Tests\Data\PaymentProduct\CollectionTest" classname="Unit.HiPay.Tests.Data.PaymentProduct.CollectionTest" file="/home/tviardin/Bureau/projects/hipay-fullservice-sdk-php/tests/Unit/HiPay/Tests/Fullservice/Data/PaymentProduct/CollectionTest.php" line="59" assertions="10" time="0.002348"/>
        <testcase name="testGetItemsFilteredEmpty" class="Unit\HiPay\Tests\Data\PaymentProduct\CollectionTest" classname="Unit.HiPay.Tests.Data.PaymentProduct.CollectionTest" file="/home/tviardin/Bureau/projects/hipay-fullservice-sdk-php/tests/Unit/HiPay/Tests/Fullservice/Data/PaymentProduct/CollectionTest.php" line="69" assertions="1" time="0.002985"/>
        <testcase name="testOrderByPriorityEmpty" class="Unit\HiPay\Tests\Data\PaymentProduct\CollectionTest" classname="Unit.HiPay.Tests.Data.PaymentProduct.CollectionTest" file="/home/tviardin/Bureau/projects/hipay-fullservice-sdk-php/tests/Unit/HiPay/Tests/Fullservice/Data/PaymentProduct/CollectionTest.php" line="75" assertions="1" time="0.000464"/>
        <testcase name="testOrderByPriority" class="Unit\HiPay\Tests\Data\PaymentProduct\CollectionTest" classname="Unit.HiPay.Tests.Data.PaymentProduct.CollectionTest" file="/home/tviardin/Bureau/projects/hipay-fullservice-sdk-php/tests/Unit/HiPay/Tests/Fullservice/Data/PaymentProduct/CollectionTest.php" line="82" assertions="2" time="0.001262"/>
        <testcase name="testOrderByPriorityNew" class="Unit\HiPay\Tests\Data\PaymentProduct\CollectionTest" classname="Unit.HiPay.Tests.Data.PaymentProduct.CollectionTest" file="/home/tviardin/Bureau/projects/hipay-fullservice-sdk-php/tests/Unit/HiPay/Tests/Fullservice/Data/PaymentProduct/CollectionTest.php" line="93" assertions="2" time="0.000974"/>
      </testsuite>
      <testsuite name="Unit\HiPay\Tests\Data\PaymentProductTest" file="/home/tviardin/Bureau/projects/hipay-fullservice-sdk-php/tests/Unit/HiPay/Tests/Fullservice/Data/PaymentProductTest.php" tests="2" assertions="16" errors="0" failures="0" skipped="0" time="0.001796">
        <testcase name="testConstructFromArray" class="Unit\HiPay\Tests\Data\PaymentProductTest" classname="Unit.HiPay.Tests.Data.PaymentProductTest" file="/home/tviardin/Bureau/projects/hipay-fullservice-sdk-php/tests/Unit/HiPay/Tests/Fullservice/Data/PaymentProductTest.php" line="34" assertions="15" time="0.001149"/>
        <testcase name="testToArray" class="Unit\HiPay\Tests\Data\PaymentProductTest" classname="Unit.HiPay.Tests.Data.PaymentProductTest" file="/home/tviardin/Bureau/projects/hipay-fullservice-sdk-php/tests/Unit/HiPay/Tests/Fullservice/Data/PaymentProductTest.php" line="72" assertions="1" time="0.000647"/>
      </testsuite>
      <testsuite name="Unit\HiPay\Tests\Fullservice\Gateway\Client\GatewayClientTest" file="/home/tviardin/Bureau/projects/hipay-fullservice-sdk-php/tests/Unit/HiPay/Tests/Fullservice/Gateway/Client/GatewayClientTest.php" tests="5" assertions="13" errors="0" failures="0" skipped="0" time="0.045490">
        <testcase name="testCanBeConstructUsingClientProvider" class="Unit\HiPay\Tests\Fullservice\Gateway\Client\GatewayClientTest" classname="Unit.HiPay.Tests.Fullservice.Gateway.Client.GatewayClientTest" file="/home/tviardin/Bureau/projects/hipay-fullservice-sdk-php/tests/Unit/HiPay/Tests/Fullservice/Gateway/Client/GatewayClientTest.php" line="75" assertions="1" time="0.019981"/>
        <testsuite name="Unit\HiPay\Tests\Fullservice\Gateway\Client\GatewayClientTest::testCallRequestHostedPaymentPage" tests="1" assertions="4" errors="0" failures="0" skipped="0" time="0.012099">
          <testcase name="testCallRequestHostedPaymentPage with data set #0" class="Unit\HiPay\Tests\Fullservice\Gateway\Client\GatewayClientTest" classname="Unit.HiPay.Tests.Fullservice.Gateway.Client.GatewayClientTest" file="/home/tviardin/Bureau/projects/hipay-fullservice-sdk-php/tests/Unit/HiPay/Tests/Fullservice/Gateway/Client/GatewayClientTest.php" line="90" assertions="4" time="0.012099"/>
        </testsuite>
        <testsuite name="Unit\HiPay\Tests\Fullservice\Gateway\Client\GatewayClientTest::testRequestNewOrder" tests="1" assertions="4" errors="0" failures="0" skipped="0" time="0.005424">
          <testcase name="testRequestNewOrder with data set #0" class="Unit\HiPay\Tests\Fullservice\Gateway\Client\GatewayClientTest" classname="Unit.HiPay.Tests.Fullservice.Gateway.Client.GatewayClientTest" file="/home/tviardin/Bureau/projects/hipay-fullservice-sdk-php/tests/Unit/HiPay/Tests/Fullservice/Gateway/Client/GatewayClientTest.php" line="200" assertions="4" time="0.005424"/>
        </testsuite>
        <testsuite name="Unit\HiPay\Tests\Fullservice\Gateway\Client\GatewayClientTest::testRequestMaintenanceOperation" tests="1" assertions="2" errors="0" failures="0" skipped="0" time="0.003128">
          <testcase name="testRequestMaintenanceOperation with data set #0" class="Unit\HiPay\Tests\Fullservice\Gateway\Client\GatewayClientTest" classname="Unit.HiPay.Tests.Fullservice.Gateway.Client.GatewayClientTest" file="/home/tviardin/Bureau/projects/hipay-fullservice-sdk-php/tests/Unit/HiPay/Tests/Fullservice/Gateway/Client/GatewayClientTest.php" line="390" assertions="2" time="0.003128"/>
        </testsuite>
        <testsuite name="Unit\HiPay\Tests\Fullservice\Gateway\Client\GatewayClientTest::testRequestTransactionInformation" tests="1" assertions="2" errors="0" failures="0" skipped="0" time="0.004858">
          <testcase name="testRequestTransactionInformation with data set #0" class="Unit\HiPay\Tests\Fullservice\Gateway\Client\GatewayClientTest" classname="Unit.HiPay.Tests.Fullservice.Gateway.Client.GatewayClientTest" file="/home/tviardin/Bureau/projects/hipay-fullservice-sdk-php/tests/Unit/HiPay/Tests/Fullservice/Gateway/Client/GatewayClientTest.php" line="462" assertions="2" time="0.004858"/>
        </testsuite>
      </testsuite>
      <testsuite name="Unit\HiPay\Tests\Fullservice\Gateway\Mapper\OperationMapperTest" file="/home/tviardin/Bureau/projects/hipay-fullservice-sdk-php/tests/Unit/HiPay/Tests/Fullservice/Gateway/Mapper/OperationMapperTest.php" tests="2" assertions="17" errors="0" failures="0" skipped="0" time="0.001552">
        <testcase name="testConstruct" class="Unit\HiPay\Tests\Fullservice\Gateway\Mapper\OperationMapperTest" classname="Unit.HiPay.Tests.Fullservice.Gateway.Mapper.OperationMapperTest" file="/home/tviardin/Bureau/projects/hipay-fullservice-sdk-php/tests/Unit/HiPay/Tests/Fullservice/Gateway/Mapper/OperationMapperTest.php" line="36" assertions="1" time="0.000536"/>
        <testcase name="testMapResponseToModel" class="Unit\HiPay\Tests\Fullservice\Gateway\Mapper\OperationMapperTest" classname="Unit.HiPay.Tests.Fullservice.Gateway.Mapper.OperationMapperTest" file="/home/tviardin/Bureau/projects/hipay-fullservice-sdk-php/tests/Unit/HiPay/Tests/Fullservice/Gateway/Mapper/OperationMapperTest.php" line="51" assertions="16" time="0.001016"/>
      </testsuite>
      <testsuite name="Unit\HiPay\Tests\Fullservice\Gateway\Mapper\OrderMapperTest" file="/home/tviardin/Bureau/projects/hipay-fullservice-sdk-php/tests/Unit/HiPay/Tests/Fullservice/Gateway/Mapper/OrderMapperTest.php" tests="2" assertions="15" errors="0" failures="0" skipped="0" time="0.002032">
        <testcase name="testConstruct" class="Unit\HiPay\Tests\Fullservice\Gateway\Mapper\OrderMapperTest" classname="Unit.HiPay.Tests.Fullservice.Gateway.Mapper.OrderMapperTest" file="/home/tviardin/Bureau/projects/hipay-fullservice-sdk-php/tests/Unit/HiPay/Tests/Fullservice/Gateway/Mapper/OrderMapperTest.php" line="44" assertions="1" time="0.000611"/>
        <testcase name="testMapResponseToModel" class="Unit\HiPay\Tests\Fullservice\Gateway\Mapper\OrderMapperTest" classname="Unit.HiPay.Tests.Fullservice.Gateway.Mapper.OrderMapperTest" file="/home/tviardin/Bureau/projects/hipay-fullservice-sdk-php/tests/Unit/HiPay/Tests/Fullservice/Gateway/Mapper/OrderMapperTest.php" line="59" assertions="14" time="0.001421"/>
      </testsuite>
      <testsuite name="Unit\HiPay\Tests\Fullservice\Gateway\Mapper\PersonalInformationMapperTest" file="/home/tviardin/Bureau/projects/hipay-fullservice-sdk-php/tests/Unit/HiPay/Tests/Fullservice/Gateway/Mapper/PersonalInformationMapperTest.php" tests="2" assertions="12" errors="0" failures="0" skipped="0" time="0.001498">
        <testcase name="testConstruct" class="Unit\HiPay\Tests\Fullservice\Gateway\Mapper\PersonalInformationMapperTest" classname="Unit.HiPay.Tests.Fullservice.Gateway.Mapper.PersonalInformationMapperTest" file="/home/tviardin/Bureau/projects/hipay-fullservice-sdk-php/tests/Unit/HiPay/Tests/Fullservice/Gateway/Mapper/PersonalInformationMapperTest.php" line="29" assertions="1" time="0.000650"/>
        <testcase name="testMapResponseToModel" class="Unit\HiPay\Tests\Fullservice\Gateway\Mapper\PersonalInformationMapperTest" classname="Unit.HiPay.Tests.Fullservice.Gateway.Mapper.PersonalInformationMapperTest" file="/home/tviardin/Bureau/projects/hipay-fullservice-sdk-php/tests/Unit/HiPay/Tests/Fullservice/Gateway/Mapper/PersonalInformationMapperTest.php" line="44" assertions="11" time="0.000848"/>
      </testsuite>
      <testsuite name="Unit\HiPay\Tests\Fullservice\Gateway\Mapper\SecuritySettingsMapperTest" file="/home/tviardin/Bureau/projects/hipay-fullservice-sdk-php/tests/Unit/HiPay/Tests/Fullservice/Gateway/Mapper/SecuritySettingsMapperTest.php" tests="2" assertions="3" errors="0" failures="0" skipped="0" time="0.001024">
        <testcase name="testConstruct" class="Unit\HiPay\Tests\Fullservice\Gateway\Mapper\SecuritySettingsMapperTest" classname="Unit.HiPay.Tests.Fullservice.Gateway.Mapper.SecuritySettingsMapperTest" file="/home/tviardin/Bureau/projects/hipay-fullservice-sdk-php/tests/Unit/HiPay/Tests/Fullservice/Gateway/Mapper/SecuritySettingsMapperTest.php" line="20" assertions="1" time="0.000453"/>
        <testcase name="testMapResponseToModel" class="Unit\HiPay\Tests\Fullservice\Gateway\Mapper\SecuritySettingsMapperTest" classname="Unit.HiPay.Tests.Fullservice.Gateway.Mapper.SecuritySettingsMapperTest" file="/home/tviardin/Bureau/projects/hipay-fullservice-sdk-php/tests/Unit/HiPay/Tests/Fullservice/Gateway/Mapper/SecuritySettingsMapperTest.php" line="35" assertions="2" time="0.000571"/>
      </testsuite>
      <testsuite name="Unit\HiPay\Tests\Fullservice\Gateway\Mapper\TransactionMapperTest" file="/home/tviardin/Bureau/projects/hipay-fullservice-sdk-php/tests/Unit/HiPay/Tests/Fullservice/Gateway/Mapper/TransactionMapperTest.php" tests="2" assertions="40" errors="0" failures="0" skipped="0" time="0.004317">
        <testcase name="testConstruct" class="Unit\HiPay\Tests\Fullservice\Gateway\Mapper\TransactionMapperTest" classname="Unit.HiPay.Tests.Fullservice.Gateway.Mapper.TransactionMapperTest" file="/home/tviardin/Bureau/projects/hipay-fullservice-sdk-php/tests/Unit/HiPay/Tests/Fullservice/Gateway/Mapper/TransactionMapperTest.php" line="116" assertions="1" time="0.001042"/>
        <testcase name="testMapResponseToModel" class="Unit\HiPay\Tests\Fullservice\Gateway\Mapper\TransactionMapperTest" classname="Unit.HiPay.Tests.Fullservice.Gateway.Mapper.TransactionMapperTest" file="/home/tviardin/Bureau/projects/hipay-fullservice-sdk-php/tests/Unit/HiPay/Tests/Fullservice/Gateway/Mapper/TransactionMapperTest.php" line="131" assertions="39" time="0.003275"/>
      </testsuite>
      <testsuite name="Unit\HiPay\Tests\Fullservice\Gateway\Model\Cart\CartTest" file="/home/tviardin/Bureau/projects/hipay-fullservice-sdk-php/tests/Unit/HiPay/Tests/Fullservice/Gateway/Model/Cart/CartTest.php" tests="3" assertions="8" errors="0" failures="0" skipped="0" time="0.002207">
        <testcase name="testConstruct" class="Unit\HiPay\Tests\Fullservice\Gateway\Model\Cart\CartTest" classname="Unit.HiPay.Tests.Fullservice.Gateway.Model.Cart.CartTest" file="/home/tviardin/Bureau/projects/hipay-fullservice-sdk-php/tests/Unit/HiPay/Tests/Fullservice/Gateway/Model/Cart/CartTest.php" line="11" assertions="1" time="0.000424"/>
        <testcase name="testAddItem" class="Unit\HiPay\Tests\Fullservice\Gateway\Model\Cart\CartTest" classname="Unit.HiPay.Tests.Fullservice.Gateway.Model.Cart.CartTest" file="/home/tviardin/Bureau/projects/hipay-fullservice-sdk-php/tests/Unit/HiPay/Tests/Fullservice/Gateway/Model/Cart/CartTest.php" line="24" assertions="4" time="0.001024"/>
        <testcase name="testToJson" class="Unit\HiPay\Tests\Fullservice\Gateway\Model\Cart\CartTest" classname="Unit.HiPay.Tests.Fullservice.Gateway.Model.Cart.CartTest" file="/home/tviardin/Bureau/projects/hipay-fullservice-sdk-php/tests/Unit/HiPay/Tests/Fullservice/Gateway/Model/Cart/CartTest.php" line="42" assertions="3" time="0.000759"/>
      </testsuite>
      <testsuite name="Unit\HiPay\Tests\Fullservice\Gateway\Model\Cart\ItemTest" file="/home/tviardin/Bureau/projects/hipay-fullservice-sdk-php/tests/Unit/HiPay/Tests/Fullservice/Gateway/Model/Cart/ItemTest.php" tests="21" assertions="70" errors="0" failures="0" skipped="0" time="0.011721">
        <testcase name="testConstruct" class="Unit\HiPay\Tests\Fullservice\Gateway\Model\Cart\ItemTest" classname="Unit.HiPay.Tests.Fullservice.Gateway.Model.Cart.ItemTest" file="/home/tviardin/Bureau/projects/hipay-fullservice-sdk-php/tests/Unit/HiPay/Tests/Fullservice/Gateway/Model/Cart/ItemTest.php" line="38" assertions="17" time="0.001545"/>
        <testcase name="testBuildItemTypeDiscount" class="Unit\HiPay\Tests\Fullservice\Gateway\Model\Cart\ItemTest" classname="Unit.HiPay.Tests.Fullservice.Gateway.Model.Cart.ItemTest" file="/home/tviardin/Bureau/projects/hipay-fullservice-sdk-php/tests/Unit/HiPay/Tests/Fullservice/Gateway/Model/Cart/ItemTest.php" line="63" assertions="10" time="0.000991"/>
        <testcase name="testBuildItemTypeFees" class="Unit\HiPay\Tests\Fullservice\Gateway\Model\Cart\ItemTest" classname="Unit.HiPay.Tests.Fullservice.Gateway.Model.Cart.ItemTest" file="/home/tviardin/Bureau/projects/hipay-fullservice-sdk-php/tests/Unit/HiPay/Tests/Fullservice/Gateway/Model/Cart/ItemTest.php" line="88" assertions="9" time="0.000771"/>
        <testcase name="testConstructItem" class="Unit\HiPay\Tests\Fullservice\Gateway\Model\Cart\ItemTest" classname="Unit.HiPay.Tests.Fullservice.Gateway.Model.Cart.ItemTest" file="/home/tviardin/Bureau/projects/hipay-fullservice-sdk-php/tests/Unit/HiPay/Tests/Fullservice/Gateway/Model/Cart/ItemTest.php" line="110" assertions="17" time="0.000927"/>
        <testcase name="testSetEuropeanArticleNumbering" class="Unit\HiPay\Tests\Fullservice\Gateway\Model\Cart\ItemTest" classname="Unit.HiPay.Tests.Fullservice.Gateway.Model.Cart.ItemTest" file="/home/tviardin/Bureau/projects/hipay-fullservice-sdk-php/tests/Unit/HiPay/Tests/Fullservice/Gateway/Model/Cart/ItemTest.php" line="157" assertions="1" time="0.000452"/>
        <testcase name="testSetProductReference" class="Unit\HiPay\Tests\Fullservice\Gateway\Model\Cart\ItemTest" classname="Unit.HiPay.Tests.Fullservice.Gateway.Model.Cart.ItemTest" file="/home/tviardin/Bureau/projects/hipay-fullservice-sdk-php/tests/Unit/HiPay/Tests/Fullservice/Gateway/Model/Cart/ItemTest.php" line="168" assertions="1" time="0.000417"/>
        <testcase name="testSetType" class="Unit\HiPay\Tests\Fullservice\Gateway\Model\Cart\ItemTest" classname="Unit.HiPay.Tests.Fullservice.Gateway.Model.Cart.ItemTest" file="/home/tviardin/Bureau/projects/hipay-fullservice-sdk-php/tests/Unit/HiPay/Tests/Fullservice/Gateway/Model/Cart/ItemTest.php" line="179" assertions="1" time="0.000415"/>
        <testcase name="testSetName" class="Unit\HiPay\Tests\Fullservice\Gateway\Model\Cart\ItemTest" classname="Unit.HiPay.Tests.Fullservice.Gateway.Model.Cart.ItemTest" file="/home/tviardin/Bureau/projects/hipay-fullservice-sdk-php/tests/Unit/HiPay/Tests/Fullservice/Gateway/Model/Cart/ItemTest.php" line="190" assertions="1" time="0.000430"/>
        <testcase name="testSetQuantity" class="Unit\HiPay\Tests\Fullservice\Gateway\Model\Cart\ItemTest" classname="Unit.HiPay.Tests.Fullservice.Gateway.Model.Cart.ItemTest" file="/home/tviardin/Bureau/projects/hipay-fullservice-sdk-php/tests/Unit/HiPay/Tests/Fullservice/Gateway/Model/Cart/ItemTest.php" line="201" assertions="1" time="0.000421"/>
        <testcase name="testSetUnitPrice" class="Unit\HiPay\Tests\Fullservice\Gateway\Model\Cart\ItemTest" classname="Unit.HiPay.Tests.Fullservice.Gateway.Model.Cart.ItemTest" file="/home/tviardin/Bureau/projects/hipay-fullservice-sdk-php/tests/Unit/HiPay/Tests/Fullservice/Gateway/Model/Cart/ItemTest.php" line="212" assertions="1" time="0.000470"/>
        <testcase name="testSetTaxRate" class="Unit\HiPay\Tests\Fullservice\Gateway\Model\Cart\ItemTest" classname="Unit.HiPay.Tests.Fullservice.Gateway.Model.Cart.ItemTest" file="/home/tviardin/Bureau/projects/hipay-fullservice-sdk-php/tests/Unit/HiPay/Tests/Fullservice/Gateway/Model/Cart/ItemTest.php" line="223" assertions="1" time="0.000423"/>
        <testcase name="testSetDiscount" class="Unit\HiPay\Tests\Fullservice\Gateway\Model\Cart\ItemTest" classname="Unit.HiPay.Tests.Fullservice.Gateway.Model.Cart.ItemTest" file="/home/tviardin/Bureau/projects/hipay-fullservice-sdk-php/tests/Unit/HiPay/Tests/Fullservice/Gateway/Model/Cart/ItemTest.php" line="234" assertions="1" time="0.000416"/>
        <testcase name="testSetTotalAmount" class="Unit\HiPay\Tests\Fullservice\Gateway\Model\Cart\ItemTest" classname="Unit.HiPay.Tests.Fullservice.Gateway.Model.Cart.ItemTest" file="/home/tviardin/Bureau/projects/hipay-fullservice-sdk-php/tests/Unit/HiPay/Tests/Fullservice/Gateway/Model/Cart/ItemTest.php" line="245" assertions="1" time="0.000412"/>
        <testcase name="testSetDiscountDescription" class="Unit\HiPay\Tests\Fullservice\Gateway\Model\Cart\ItemTest" classname="Unit.HiPay.Tests.Fullservice.Gateway.Model.Cart.ItemTest" file="/home/tviardin/Bureau/projects/hipay-fullservice-sdk-php/tests/Unit/HiPay/Tests/Fullservice/Gateway/Model/Cart/ItemTest.php" line="256" assertions="1" time="0.000415"/>
        <testcase name="testSetProductDescription" class="Unit\HiPay\Tests\Fullservice\Gateway\Model\Cart\ItemTest" classname="Unit.HiPay.Tests.Fullservice.Gateway.Model.Cart.ItemTest" file="/home/tviardin/Bureau/projects/hipay-fullservice-sdk-php/tests/Unit/HiPay/Tests/Fullservice/Gateway/Model/Cart/ItemTest.php" line="267" assertions="1" time="0.000415"/>
        <testcase name="testSetDeliveryMethod" class="Unit\HiPay\Tests\Fullservice\Gateway\Model\Cart\ItemTest" classname="Unit.HiPay.Tests.Fullservice.Gateway.Model.Cart.ItemTest" file="/home/tviardin/Bureau/projects/hipay-fullservice-sdk-php/tests/Unit/HiPay/Tests/Fullservice/Gateway/Model/Cart/ItemTest.php" line="278" assertions="1" time="0.000490"/>
        <testcase name="testSetDeliveryCompany" class="Unit\HiPay\Tests\Fullservice\Gateway\Model\Cart\ItemTest" classname="Unit.HiPay.Tests.Fullservice.Gateway.Model.Cart.ItemTest" file="/home/tviardin/Bureau/projects/hipay-fullservice-sdk-php/tests/Unit/HiPay/Tests/Fullservice/Gateway/Model/Cart/ItemTest.php" line="289" assertions="1" time="0.000422"/>
        <testcase name="testSetDeliveryDelay" class="Unit\HiPay\Tests\Fullservice\Gateway\Model\Cart\ItemTest" classname="Unit.HiPay.Tests.Fullservice.Gateway.Model.Cart.ItemTest" file="/home/tviardin/Bureau/projects/hipay-fullservice-sdk-php/tests/Unit/HiPay/Tests/Fullservice/Gateway/Model/Cart/ItemTest.php" line="300" assertions="1" time="0.000418"/>
        <testcase name="testSetDeliveryNumber" class="Unit\HiPay\Tests\Fullservice\Gateway\Model\Cart\ItemTest" classname="Unit.HiPay.Tests.Fullservice.Gateway.Model.Cart.ItemTest" file="/home/tviardin/Bureau/projects/hipay-fullservice-sdk-php/tests/Unit/HiPay/Tests/Fullservice/Gateway/Model/Cart/ItemTest.php" line="311" assertions="1" time="0.000421"/>
        <testcase name="testSetProductCategory" class="Unit\HiPay\Tests\Fullservice\Gateway\Model\Cart\ItemTest" classname="Unit.HiPay.Tests.Fullservice.Gateway.Model.Cart.ItemTest" file="/home/tviardin/Bureau/projects/hipay-fullservice-sdk-php/tests/Unit/HiPay/Tests/Fullservice/Gateway/Model/Cart/ItemTest.php" line="322" assertions="1" time="0.000423"/>
        <testcase name="testSetShopID" class="Unit\HiPay\Tests\Fullservice\Gateway\Model\Cart\ItemTest" classname="Unit.HiPay.Tests.Fullservice.Gateway.Model.Cart.ItemTest" file="/home/tviardin/Bureau/projects/hipay-fullservice-sdk-php/tests/Unit/HiPay/Tests/Fullservice/Gateway/Model/Cart/ItemTest.php" line="333" assertions="1" time="0.000627"/>
      </testsuite>
      <testsuite name="Unit\HiPay\Tests\Fullservice\Gateway\Model\FraudScreeningTest" file="/home/tviardin/Bureau/projects/hipay-fullservice-sdk-php/tests/Unit/HiPay/Tests/Fullservice/Gateway/Model/FraudScreeningTest.php" tests="4" assertions="4" errors="0" failures="0" skipped="0" time="0.001721">
        <testcase name="testConstruct" class="Unit\HiPay\Tests\Fullservice\Gateway\Model\FraudScreeningTest" classname="Unit.HiPay.Tests.Fullservice.Gateway.Model.FraudScreeningTest" file="/home/tviardin/Bureau/projects/hipay-fullservice-sdk-php/tests/Unit/HiPay/Tests/Fullservice/Gateway/Model/FraudScreeningTest.php" line="21" assertions="1" time="0.000447"/>
        <testcase name="testGetScoring" class="Unit\HiPay\Tests\Fullservice\Gateway\Model\FraudScreeningTest" classname="Unit.HiPay.Tests.Fullservice.Gateway.Model.FraudScreeningTest" file="/home/tviardin/Bureau/projects/hipay-fullservice-sdk-php/tests/Unit/HiPay/Tests/Fullservice/Gateway/Model/FraudScreeningTest.php" line="38" assertions="1" time="0.000448"/>
        <testcase name="testGetResult" class="Unit\HiPay\Tests\Fullservice\Gateway\Model\FraudScreeningTest" classname="Unit.HiPay.Tests.Fullservice.Gateway.Model.FraudScreeningTest" file="/home/tviardin/Bureau/projects/hipay-fullservice-sdk-php/tests/Unit/HiPay/Tests/Fullservice/Gateway/Model/FraudScreeningTest.php" line="47" assertions="1" time="0.000413"/>
        <testcase name="testGetReview" class="Unit\HiPay\Tests\Fullservice\Gateway\Model\FraudScreeningTest" classname="Unit.HiPay.Tests.Fullservice.Gateway.Model.FraudScreeningTest" file="/home/tviardin/Bureau/projects/hipay-fullservice-sdk-php/tests/Unit/HiPay/Tests/Fullservice/Gateway/Model/FraudScreeningTest.php" line="56" assertions="1" time="0.000413"/>
      </testsuite>
      <testsuite name="Unit\HiPay\Tests\Fullservice\Gateway\Model\OperationResponseTest" file="/home/tviardin/Bureau/projects/hipay-fullservice-sdk-php/tests/Unit/HiPay/Tests/Fullservice/Gateway/Model/OperationReponseTest.php" tests="13" assertions="13" errors="0" failures="0" skipped="0" time="0.005607">
        <testcase name="testConstruct" class="Unit\HiPay\Tests\Fullservice\Gateway\Model\OperationResponseTest" classname="Unit.HiPay.Tests.Fullservice.Gateway.Model.OperationResponseTest" file="/home/tviardin/Bureau/projects/hipay-fullservice-sdk-php/tests/Unit/HiPay/Tests/Fullservice/Gateway/Model/OperationReponseTest.php" line="24" assertions="1" time="0.000433"/>
        <testcase name="testGetType" class="Unit\HiPay\Tests\Fullservice\Gateway\Model\OperationResponseTest" classname="Unit.HiPay.Tests.Fullservice.Gateway.Model.OperationResponseTest" file="/home/tviardin/Bureau/projects/hipay-fullservice-sdk-php/tests/Unit/HiPay/Tests/Fullservice/Gateway/Model/OperationReponseTest.php" line="44" assertions="1" time="0.000420"/>
        <testcase name="testSetType" class="Unit\HiPay\Tests\Fullservice\Gateway\Model\OperationResponseTest" classname="Unit.HiPay.Tests.Fullservice.Gateway.Model.OperationResponseTest" file="/home/tviardin/Bureau/projects/hipay-fullservice-sdk-php/tests/Unit/HiPay/Tests/Fullservice/Gateway/Model/OperationReponseTest.php" line="55" assertions="1" time="0.000418"/>
        <testcase name="testGetId" class="Unit\HiPay\Tests\Fullservice\Gateway\Model\OperationResponseTest" classname="Unit.HiPay.Tests.Fullservice.Gateway.Model.OperationResponseTest" file="/home/tviardin/Bureau/projects/hipay-fullservice-sdk-php/tests/Unit/HiPay/Tests/Fullservice/Gateway/Model/OperationReponseTest.php" line="66" assertions="1" time="0.000471"/>
        <testcase name="testSetId" class="Unit\HiPay\Tests\Fullservice\Gateway\Model\OperationResponseTest" classname="Unit.HiPay.Tests.Fullservice.Gateway.Model.OperationResponseTest" file="/home/tviardin/Bureau/projects/hipay-fullservice-sdk-php/tests/Unit/HiPay/Tests/Fullservice/Gateway/Model/OperationReponseTest.php" line="77" assertions="1" time="0.000425"/>
        <testcase name="testGetReference" class="Unit\HiPay\Tests\Fullservice\Gateway\Model\OperationResponseTest" classname="Unit.HiPay.Tests.Fullservice.Gateway.Model.OperationResponseTest" file="/home/tviardin/Bureau/projects/hipay-fullservice-sdk-php/tests/Unit/HiPay/Tests/Fullservice/Gateway/Model/OperationReponseTest.php" line="88" assertions="1" time="0.000431"/>
        <testcase name="testSetReference" class="Unit\HiPay\Tests\Fullservice\Gateway\Model\OperationResponseTest" classname="Unit.HiPay.Tests.Fullservice.Gateway.Model.OperationResponseTest" file="/home/tviardin/Bureau/projects/hipay-fullservice-sdk-php/tests/Unit/HiPay/Tests/Fullservice/Gateway/Model/OperationReponseTest.php" line="99" assertions="1" time="0.000415"/>
        <testcase name="testGetAmount" class="Unit\HiPay\Tests\Fullservice\Gateway\Model\OperationResponseTest" classname="Unit.HiPay.Tests.Fullservice.Gateway.Model.OperationResponseTest" file="/home/tviardin/Bureau/projects/hipay-fullservice-sdk-php/tests/Unit/HiPay/Tests/Fullservice/Gateway/Model/OperationReponseTest.php" line="110" assertions="1" time="0.000419"/>
        <testcase name="testSetAmount" class="Unit\HiPay\Tests\Fullservice\Gateway\Model\OperationResponseTest" classname="Unit.HiPay.Tests.Fullservice.Gateway.Model.OperationResponseTest" file="/home/tviardin/Bureau/projects/hipay-fullservice-sdk-php/tests/Unit/HiPay/Tests/Fullservice/Gateway/Model/OperationReponseTest.php" line="121" assertions="1" time="0.000416"/>
        <testcase name="testGetCurrency" class="Unit\HiPay\Tests\Fullservice\Gateway\Model\OperationResponseTest" classname="Unit.HiPay.Tests.Fullservice.Gateway.Model.OperationResponseTest" file="/home/tviardin/Bureau/projects/hipay-fullservice-sdk-php/tests/Unit/HiPay/Tests/Fullservice/Gateway/Model/OperationReponseTest.php" line="132" assertions="1" time="0.000419"/>
        <testcase name="testSetCurrency" class="Unit\HiPay\Tests\Fullservice\Gateway\Model\OperationResponseTest" classname="Unit.HiPay.Tests.Fullservice.Gateway.Model.OperationResponseTest" file="/home/tviardin/Bureau/projects/hipay-fullservice-sdk-php/tests/Unit/HiPay/Tests/Fullservice/Gateway/Model/OperationReponseTest.php" line="143" assertions="1" time="0.000447"/>
        <testcase name="testGetDateAuthorized" class="Unit\HiPay\Tests\Fullservice\Gateway\Model\OperationResponseTest" classname="Unit.HiPay.Tests.Fullservice.Gateway.Model.OperationResponseTest" file="/home/tviardin/Bureau/projects/hipay-fullservice-sdk-php/tests/Unit/HiPay/Tests/Fullservice/Gateway/Model/OperationReponseTest.php" line="154" assertions="1" time="0.000438"/>
        <testcase name="testSetDateAuthorized" class="Unit\HiPay\Tests\Fullservice\Gateway\Model\OperationResponseTest" classname="Unit.HiPay.Tests.Fullservice.Gateway.Model.OperationResponseTest" file="/home/tviardin/Bureau/projects/hipay-fullservice-sdk-php/tests/Unit/HiPay/Tests/Fullservice/Gateway/Model/OperationReponseTest.php" line="165" assertions="1" time="0.000455"/>
      </testsuite>
      <testsuite name="Unit\HiPay\Tests\Fullservice\Gateway\Model\OperationTest" file="/home/tviardin/Bureau/projects/hipay-fullservice-sdk-php/tests/Unit/HiPay/Tests/Fullservice/Gateway/Model/OperationTest.php" tests="2" assertions="2" errors="0" failures="0" skipped="0" time="0.001238">
        <testcase name="testConstruct" class="Unit\HiPay\Tests\Fullservice\Gateway\Model\OperationTest" classname="Unit.HiPay.Tests.Fullservice.Gateway.Model.OperationTest" file="/home/tviardin/Bureau/projects/hipay-fullservice-sdk-php/tests/Unit/HiPay/Tests/Fullservice/Gateway/Model/OperationTest.php" line="35" assertions="1" time="0.000534"/>
        <testcase name="testGetOperation" class="Unit\HiPay\Tests\Fullservice\Gateway\Model\OperationTest" classname="Unit.HiPay.Tests.Fullservice.Gateway.Model.OperationTest" file="/home/tviardin/Bureau/projects/hipay-fullservice-sdk-php/tests/Unit/HiPay/Tests/Fullservice/Gateway/Model/OperationTest.php" line="64" assertions="1" time="0.000704"/>
      </testsuite>
      <testsuite name="Unit\HiPay\Tests\Fullservice\Gateway\Model\OrderTest" file="/home/tviardin/Bureau/projects/hipay-fullservice-sdk-php/tests/Unit/HiPay/Tests/Fullservice/Gateway/Model/OrderTest.php" tests="13" assertions="13" errors="0" failures="0" skipped="0" time="0.005573">
        <testcase name="testConstruct" class="Unit\HiPay\Tests\Fullservice\Gateway\Model\OrderTest" classname="Unit.HiPay.Tests.Fullservice.Gateway.Model.OrderTest" file="/home/tviardin/Bureau/projects/hipay-fullservice-sdk-php/tests/Unit/HiPay/Tests/Fullservice/Gateway/Model/OrderTest.php" line="31" assertions="1" time="0.000487"/>
        <testcase name="testGetId" class="Unit\HiPay\Tests\Fullservice\Gateway\Model\OrderTest" classname="Unit.HiPay.Tests.Fullservice.Gateway.Model.OrderTest" file="/home/tviardin/Bureau/projects/hipay-fullservice-sdk-php/tests/Unit/HiPay/Tests/Fullservice/Gateway/Model/OrderTest.php" line="57" assertions="1" time="0.000421"/>
        <testcase name="testGetCustomId" class="Unit\HiPay\Tests\Fullservice\Gateway\Model\OrderTest" classname="Unit.HiPay.Tests.Fullservice.Gateway.Model.OrderTest" file="/home/tviardin/Bureau/projects/hipay-fullservice-sdk-php/tests/Unit/HiPay/Tests/Fullservice/Gateway/Model/OrderTest.php" line="66" assertions="1" time="0.000438"/>
        <testcase name="testGetAmount" class="Unit\HiPay\Tests\Fullservice\Gateway\Model\OrderTest" classname="Unit.HiPay.Tests.Fullservice.Gateway.Model.OrderTest" file="/home/tviardin/Bureau/projects/hipay-fullservice-sdk-php/tests/Unit/HiPay/Tests/Fullservice/Gateway/Model/OrderTest.php" line="75" assertions="1" time="0.000416"/>
        <testcase name="testGetTax" class="Unit\HiPay\Tests\Fullservice\Gateway\Model\OrderTest" classname="Unit.HiPay.Tests.Fullservice.Gateway.Model.OrderTest" file="/home/tviardin/Bureau/projects/hipay-fullservice-sdk-php/tests/Unit/HiPay/Tests/Fullservice/Gateway/Model/OrderTest.php" line="84" assertions="1" time="0.000415"/>
        <testcase name="testGetShipping" class="Unit\HiPay\Tests\Fullservice\Gateway\Model\OrderTest" classname="Unit.HiPay.Tests.Fullservice.Gateway.Model.OrderTest" file="/home/tviardin/Bureau/projects/hipay-fullservice-sdk-php/tests/Unit/HiPay/Tests/Fullservice/Gateway/Model/OrderTest.php" line="93" assertions="1" time="0.000430"/>
        <testcase name="testGetDateCreated" class="Unit\HiPay\Tests\Fullservice\Gateway\Model\OrderTest" classname="Unit.HiPay.Tests.Fullservice.Gateway.Model.OrderTest" file="/home/tviardin/Bureau/projects/hipay-fullservice-sdk-php/tests/Unit/HiPay/Tests/Fullservice/Gateway/Model/OrderTest.php" line="102" assertions="1" time="0.000426"/>
        <testcase name="testGetAttempts" class="Unit\HiPay\Tests\Fullservice\Gateway\Model\OrderTest" classname="Unit.HiPay.Tests.Fullservice.Gateway.Model.OrderTest" file="/home/tviardin/Bureau/projects/hipay-fullservice-sdk-php/tests/Unit/HiPay/Tests/Fullservice/Gateway/Model/OrderTest.php" line="111" assertions="1" time="0.000414"/>
        <testcase name="testGetCurrency" class="Unit\HiPay\Tests\Fullservice\Gateway\Model\OrderTest" classname="Unit.HiPay.Tests.Fullservice.Gateway.Model.OrderTest" file="/home/tviardin/Bureau/projects/hipay-fullservice-sdk-php/tests/Unit/HiPay/Tests/Fullservice/Gateway/Model/OrderTest.php" line="120" assertions="1" time="0.000425"/>
        <testcase name="testGetDecimals" class="Unit\HiPay\Tests\Fullservice\Gateway\Model\OrderTest" classname="Unit.HiPay.Tests.Fullservice.Gateway.Model.OrderTest" file="/home/tviardin/Bureau/projects/hipay-fullservice-sdk-php/tests/Unit/HiPay/Tests/Fullservice/Gateway/Model/OrderTest.php" line="129" assertions="1" time="0.000418"/>
        <testcase name="testGetGender" class="Unit\HiPay\Tests\Fullservice\Gateway\Model\OrderTest" classname="Unit.HiPay.Tests.Fullservice.Gateway.Model.OrderTest" file="/home/tviardin/Bureau/projects/hipay-fullservice-sdk-php/tests/Unit/HiPay/Tests/Fullservice/Gateway/Model/OrderTest.php" line="138" assertions="1" time="0.000416"/>
        <testcase name="testGetLanguage" class="Unit\HiPay\Tests\Fullservice\Gateway\Model\OrderTest" classname="Unit.HiPay.Tests.Fullservice.Gateway.Model.OrderTest" file="/home/tviardin/Bureau/projects/hipay-fullservice-sdk-php/tests/Unit/HiPay/Tests/Fullservice/Gateway/Model/OrderTest.php" line="147" assertions="1" time="0.000421"/>
        <testcase name="testGetShippingAddress" class="Unit\HiPay\Tests\Fullservice\Gateway\Model\OrderTest" classname="Unit.HiPay.Tests.Fullservice.Gateway.Model.OrderTest" file="/home/tviardin/Bureau/projects/hipay-fullservice-sdk-php/tests/Unit/HiPay/Tests/Fullservice/Gateway/Model/OrderTest.php" line="156" assertions="1" time="0.000446"/>
      </testsuite>
      <testsuite name="Unit\HiPay\Tests\Fullservice\Gateway\Model\PaymentMethodTest" file="/home/tviardin/Bureau/projects/hipay-fullservice-sdk-php/tests/Unit/HiPay/Tests/Fullservice/Gateway/Model/PaymentMethodTest.php" tests="9" assertions="9" errors="0" failures="0" skipped="0" time="0.003766">
        <testcase name="testConstruct" class="Unit\HiPay\Tests\Fullservice\Gateway\Model\PaymentMethodTest" classname="Unit.HiPay.Tests.Fullservice.Gateway.Model.PaymentMethodTest" file="/home/tviardin/Bureau/projects/hipay-fullservice-sdk-php/tests/Unit/HiPay/Tests/Fullservice/Gateway/Model/PaymentMethodTest.php" line="26" assertions="1" time="0.000467"/>
        <testcase name="testGetToken" class="Unit\HiPay\Tests\Fullservice\Gateway\Model\PaymentMethodTest" classname="Unit.HiPay.Tests.Fullservice.Gateway.Model.PaymentMethodTest" file="/home/tviardin/Bureau/projects/hipay-fullservice-sdk-php/tests/Unit/HiPay/Tests/Fullservice/Gateway/Model/PaymentMethodTest.php" line="48" assertions="1" time="0.000416"/>
        <testcase name="testGetBrand" class="Unit\HiPay\Tests\Fullservice\Gateway\Model\PaymentMethodTest" classname="Unit.HiPay.Tests.Fullservice.Gateway.Model.PaymentMethodTest" file="/home/tviardin/Bureau/projects/hipay-fullservice-sdk-php/tests/Unit/HiPay/Tests/Fullservice/Gateway/Model/PaymentMethodTest.php" line="57" assertions="1" time="0.000415"/>
        <testcase name="testGetPan" class="Unit\HiPay\Tests\Fullservice\Gateway\Model\PaymentMethodTest" classname="Unit.HiPay.Tests.Fullservice.Gateway.Model.PaymentMethodTest" file="/home/tviardin/Bureau/projects/hipay-fullservice-sdk-php/tests/Unit/HiPay/Tests/Fullservice/Gateway/Model/PaymentMethodTest.php" line="66" assertions="1" time="0.000410"/>
        <testcase name="testGetCardHolder" class="Unit\HiPay\Tests\Fullservice\Gateway\Model\PaymentMethodTest" classname="Unit.HiPay.Tests.Fullservice.Gateway.Model.PaymentMethodTest" file="/home/tviardin/Bureau/projects/hipay-fullservice-sdk-php/tests/Unit/HiPay/Tests/Fullservice/Gateway/Model/PaymentMethodTest.php" line="75" assertions="1" time="0.000408"/>
        <testcase name="testGetCardExpiryMonth" class="Unit\HiPay\Tests\Fullservice\Gateway\Model\PaymentMethodTest" classname="Unit.HiPay.Tests.Fullservice.Gateway.Model.PaymentMethodTest" file="/home/tviardin/Bureau/projects/hipay-fullservice-sdk-php/tests/Unit/HiPay/Tests/Fullservice/Gateway/Model/PaymentMethodTest.php" line="84" assertions="1" time="0.000413"/>
        <testcase name="testGetCardExpiryYear" class="Unit\HiPay\Tests\Fullservice\Gateway\Model\PaymentMethodTest" classname="Unit.HiPay.Tests.Fullservice.Gateway.Model.PaymentMethodTest" file="/home/tviardin/Bureau/projects/hipay-fullservice-sdk-php/tests/Unit/HiPay/Tests/Fullservice/Gateway/Model/PaymentMethodTest.php" line="93" assertions="1" time="0.000410"/>
        <testcase name="testGetIssuer" class="Unit\HiPay\Tests\Fullservice\Gateway\Model\PaymentMethodTest" classname="Unit.HiPay.Tests.Fullservice.Gateway.Model.PaymentMethodTest" file="/home/tviardin/Bureau/projects/hipay-fullservice-sdk-php/tests/Unit/HiPay/Tests/Fullservice/Gateway/Model/PaymentMethodTest.php" line="102" assertions="1" time="0.000410"/>
        <testcase name="testGetCountry" class="Unit\HiPay\Tests\Fullservice\Gateway\Model\PaymentMethodTest" classname="Unit.HiPay.Tests.Fullservice.Gateway.Model.PaymentMethodTest" file="/home/tviardin/Bureau/projects/hipay-fullservice-sdk-php/tests/Unit/HiPay/Tests/Fullservice/Gateway/Model/PaymentMethodTest.php" line="111" assertions="1" time="0.000417"/>
      </testsuite>
      <testsuite name="Unit\HiPay\Tests\Fullservice\Gateway\Model\PersonnalInformationTest" file="/home/tviardin/Bureau/projects/hipay-fullservice-sdk-php/tests/Unit/HiPay/Tests/Fullservice/Gateway/Model/PersonnalInformationTest.php" tests="11" assertions="11" errors="0" failures="0" skipped="0" time="0.004996">
        <testcase name="testConstruct" class="Unit\HiPay\Tests\Fullservice\Gateway\Model\PersonnalInformationTest" classname="Unit.HiPay.Tests.Fullservice.Gateway.Model.PersonnalInformationTest" file="/home/tviardin/Bureau/projects/hipay-fullservice-sdk-php/tests/Unit/HiPay/Tests/Fullservice/Gateway/Model/PersonnalInformationTest.php" line="28" assertions="1" time="0.000460"/>
        <testcase name="testGetFirstname" class="Unit\HiPay\Tests\Fullservice\Gateway\Model\PersonnalInformationTest" classname="Unit.HiPay.Tests.Fullservice.Gateway.Model.PersonnalInformationTest" file="/home/tviardin/Bureau/projects/hipay-fullservice-sdk-php/tests/Unit/HiPay/Tests/Fullservice/Gateway/Model/PersonnalInformationTest.php" line="52" assertions="1" time="0.000418"/>
        <testcase name="testGetLastname" class="Unit\HiPay\Tests\Fullservice\Gateway\Model\PersonnalInformationTest" classname="Unit.HiPay.Tests.Fullservice.Gateway.Model.PersonnalInformationTest" file="/home/tviardin/Bureau/projects/hipay-fullservice-sdk-php/tests/Unit/HiPay/Tests/Fullservice/Gateway/Model/PersonnalInformationTest.php" line="61" assertions="1" time="0.000414"/>
        <testcase name="testGetStreetAddress" class="Unit\HiPay\Tests\Fullservice\Gateway\Model\PersonnalInformationTest" classname="Unit.HiPay.Tests.Fullservice.Gateway.Model.PersonnalInformationTest" file="/home/tviardin/Bureau/projects/hipay-fullservice-sdk-php/tests/Unit/HiPay/Tests/Fullservice/Gateway/Model/PersonnalInformationTest.php" line="70" assertions="1" time="0.000413"/>
        <testcase name="testGetLocality" class="Unit\HiPay\Tests\Fullservice\Gateway\Model\PersonnalInformationTest" classname="Unit.HiPay.Tests.Fullservice.Gateway.Model.PersonnalInformationTest" file="/home/tviardin/Bureau/projects/hipay-fullservice-sdk-php/tests/Unit/HiPay/Tests/Fullservice/Gateway/Model/PersonnalInformationTest.php" line="79" assertions="1" time="0.000412"/>
        <testcase name="testGetPostalCode" class="Unit\HiPay\Tests\Fullservice\Gateway\Model\PersonnalInformationTest" classname="Unit.HiPay.Tests.Fullservice.Gateway.Model.PersonnalInformationTest" file="/home/tviardin/Bureau/projects/hipay-fullservice-sdk-php/tests/Unit/HiPay/Tests/Fullservice/Gateway/Model/PersonnalInformationTest.php" line="88" assertions="1" time="0.000416"/>
        <testcase name="testGetCountry" class="Unit\HiPay\Tests\Fullservice\Gateway\Model\PersonnalInformationTest" classname="Unit.HiPay.Tests.Fullservice.Gateway.Model.PersonnalInformationTest" file="/home/tviardin/Bureau/projects/hipay-fullservice-sdk-php/tests/Unit/HiPay/Tests/Fullservice/Gateway/Model/PersonnalInformationTest.php" line="97" assertions="1" time="0.000420"/>
        <testcase name="testGetMsisnd" class="Unit\HiPay\Tests\Fullservice\Gateway\Model\PersonnalInformationTest" classname="Unit.HiPay.Tests.Fullservice.Gateway.Model.PersonnalInformationTest" file="/home/tviardin/Bureau/projects/hipay-fullservice-sdk-php/tests/Unit/HiPay/Tests/Fullservice/Gateway/Model/PersonnalInformationTest.php" line="106" assertions="1" time="0.000412"/>
        <testcase name="testGetPhone" class="Unit\HiPay\Tests\Fullservice\Gateway\Model\PersonnalInformationTest" classname="Unit.HiPay.Tests.Fullservice.Gateway.Model.PersonnalInformationTest" file="/home/tviardin/Bureau/projects/hipay-fullservice-sdk-php/tests/Unit/HiPay/Tests/Fullservice/Gateway/Model/PersonnalInformationTest.php" line="115" assertions="1" time="0.000697"/>
        <testcase name="testGetPhoneOperator" class="Unit\HiPay\Tests\Fullservice\Gateway\Model\PersonnalInformationTest" classname="Unit.HiPay.Tests.Fullservice.Gateway.Model.PersonnalInformationTest" file="/home/tviardin/Bureau/projects/hipay-fullservice-sdk-php/tests/Unit/HiPay/Tests/Fullservice/Gateway/Model/PersonnalInformationTest.php" line="124" assertions="1" time="0.000444"/>
        <testcase name="testGetEmail" class="Unit\HiPay\Tests\Fullservice\Gateway\Model\PersonnalInformationTest" classname="Unit.HiPay.Tests.Fullservice.Gateway.Model.PersonnalInformationTest" file="/home/tviardin/Bureau/projects/hipay-fullservice-sdk-php/tests/Unit/HiPay/Tests/Fullservice/Gateway/Model/PersonnalInformationTest.php" line="133" assertions="1" time="0.000490"/>
      </testsuite>
      <testsuite name="Unit\HiPay\Tests\Fullservice\Gateway\Model\Request\ThreeDSTwo\AccountInfo\CustomerTest" file="/home/tviardin/Bureau/projects/hipay-fullservice-sdk-php/tests/Unit/HiPay/Tests/Fullservice/Gateway/Model/Request/ThreeDSTwo/AccountInfo/CustomerTest.php" tests="4" assertions="7" errors="0" failures="0" skipped="0" time="0.001825">
        <testcase name="testConstruct" class="Unit\HiPay\Tests\Fullservice\Gateway\Model\Request\ThreeDSTwo\AccountInfo\CustomerTest" classname="Unit.HiPay.Tests.Fullservice.Gateway.Model.Request.ThreeDSTwo.AccountInfo.CustomerTest" file="/home/tviardin/Bureau/projects/hipay-fullservice-sdk-php/tests/Unit/HiPay/Tests/Fullservice/Gateway/Model/Request/ThreeDSTwo/AccountInfo/CustomerTest.php" line="11" assertions="1" time="0.000412"/>
        <testcase name="testGetAccountChange" class="Unit\HiPay\Tests\Fullservice\Gateway\Model\Request\ThreeDSTwo\AccountInfo\CustomerTest" classname="Unit.HiPay.Tests.Fullservice.Gateway.Model.Request.ThreeDSTwo.AccountInfo.CustomerTest" file="/home/tviardin/Bureau/projects/hipay-fullservice-sdk-php/tests/Unit/HiPay/Tests/Fullservice/Gateway/Model/Request/ThreeDSTwo/AccountInfo/CustomerTest.php" line="23" assertions="2" time="0.000498"/>
        <testcase name="testGetOpeningAccountDate" class="Unit\HiPay\Tests\Fullservice\Gateway\Model\Request\ThreeDSTwo\AccountInfo\CustomerTest" classname="Unit.HiPay.Tests.Fullservice.Gateway.Model.Request.ThreeDSTwo.AccountInfo.CustomerTest" file="/home/tviardin/Bureau/projects/hipay-fullservice-sdk-php/tests/Unit/HiPay/Tests/Fullservice/Gateway/Model/Request/ThreeDSTwo/AccountInfo/CustomerTest.php" line="36" assertions="2" time="0.000457"/>
        <testcase name="testGetPasswordChange" class="Unit\HiPay\Tests\Fullservice\Gateway\Model\Request\ThreeDSTwo\AccountInfo\CustomerTest" classname="Unit.HiPay.Tests.Fullservice.Gateway.Model.Request.ThreeDSTwo.AccountInfo.CustomerTest" file="/home/tviardin/Bureau/projects/hipay-fullservice-sdk-php/tests/Unit/HiPay/Tests/Fullservice/Gateway/Model/Request/ThreeDSTwo/AccountInfo/CustomerTest.php" line="49" assertions="2" time="0.000458"/>
      </testsuite>
      <testsuite name="Unit\HiPay\Tests\Fullservice\Gateway\Model\Request\ThreeDSTwo\AccountInfo\PaymentTest" file="/home/tviardin/Bureau/projects/hipay-fullservice-sdk-php/tests/Unit/HiPay/Tests/Fullservice/Gateway/Model/Request/ThreeDSTwo/AccountInfo/PaymentTest.php" tests="2" assertions="3" errors="0" failures="0" skipped="0" time="0.000878">
        <testcase name="testConstruct" class="Unit\HiPay\Tests\Fullservice\Gateway\Model\Request\ThreeDSTwo\AccountInfo\PaymentTest" classname="Unit.HiPay.Tests.Fullservice.Gateway.Model.Request.ThreeDSTwo.AccountInfo.PaymentTest" file="/home/tviardin/Bureau/projects/hipay-fullservice-sdk-php/tests/Unit/HiPay/Tests/Fullservice/Gateway/Model/Request/ThreeDSTwo/AccountInfo/PaymentTest.php" line="11" assertions="1" time="0.000402"/>
        <testcase name="testGetEnrollmentDate" class="Unit\HiPay\Tests\Fullservice\Gateway\Model\Request\ThreeDSTwo\AccountInfo\PaymentTest" classname="Unit.HiPay.Tests.Fullservice.Gateway.Model.Request.ThreeDSTwo.AccountInfo.PaymentTest" file="/home/tviardin/Bureau/projects/hipay-fullservice-sdk-php/tests/Unit/HiPay/Tests/Fullservice/Gateway/Model/Request/ThreeDSTwo/AccountInfo/PaymentTest.php" line="23" assertions="2" time="0.000476"/>
      </testsuite>
      <testsuite name="Unit\HiPay\Tests\Fullservice\Gateway\Model\Request\ThreeDSTwo\AccountInfo\PurchaseTest" file="/home/tviardin/Bureau/projects/hipay-fullservice-sdk-php/tests/Unit/HiPay/Tests/Fullservice/Gateway/Model/Request/ThreeDSTwo/AccountInfo/PurchaseTest.php" tests="5" assertions="9" errors="0" failures="0" skipped="0" time="0.002245">
        <testcase name="testConstruct" class="Unit\HiPay\Tests\Fullservice\Gateway\Model\Request\ThreeDSTwo\AccountInfo\PurchaseTest" classname="Unit.HiPay.Tests.Fullservice.Gateway.Model.Request.ThreeDSTwo.AccountInfo.PurchaseTest" file="/home/tviardin/Bureau/projects/hipay-fullservice-sdk-php/tests/Unit/HiPay/Tests/Fullservice/Gateway/Model/Request/ThreeDSTwo/AccountInfo/PurchaseTest.php" line="11" assertions="1" time="0.000401"/>
        <testcase name="testGetCount" class="Unit\HiPay\Tests\Fullservice\Gateway\Model\Request\ThreeDSTwo\AccountInfo\PurchaseTest" classname="Unit.HiPay.Tests.Fullservice.Gateway.Model.Request.ThreeDSTwo.AccountInfo.PurchaseTest" file="/home/tviardin/Bureau/projects/hipay-fullservice-sdk-php/tests/Unit/HiPay/Tests/Fullservice/Gateway/Model/Request/ThreeDSTwo/AccountInfo/PurchaseTest.php" line="23" assertions="2" time="0.000463"/>
        <testcase name="testGetCardStore24h" class="Unit\HiPay\Tests\Fullservice\Gateway\Model\Request\ThreeDSTwo\AccountInfo\PurchaseTest" classname="Unit.HiPay.Tests.Fullservice.Gateway.Model.Request.ThreeDSTwo.AccountInfo.PurchaseTest" file="/home/tviardin/Bureau/projects/hipay-fullservice-sdk-php/tests/Unit/HiPay/Tests/Fullservice/Gateway/Model/Request/ThreeDSTwo/AccountInfo/PurchaseTest.php" line="36" assertions="2" time="0.000458"/>
        <testcase name="testGetPaymentAttempts24h" class="Unit\HiPay\Tests\Fullservice\Gateway\Model\Request\ThreeDSTwo\AccountInfo\PurchaseTest" classname="Unit.HiPay.Tests.Fullservice.Gateway.Model.Request.ThreeDSTwo.AccountInfo.PurchaseTest" file="/home/tviardin/Bureau/projects/hipay-fullservice-sdk-php/tests/Unit/HiPay/Tests/Fullservice/Gateway/Model/Request/ThreeDSTwo/AccountInfo/PurchaseTest.php" line="49" assertions="2" time="0.000465"/>
        <testcase name="testGetPaymentAttemps1y" class="Unit\HiPay\Tests\Fullservice\Gateway\Model\Request\ThreeDSTwo\AccountInfo\PurchaseTest" classname="Unit.HiPay.Tests.Fullservice.Gateway.Model.Request.ThreeDSTwo.AccountInfo.PurchaseTest" file="/home/tviardin/Bureau/projects/hipay-fullservice-sdk-php/tests/Unit/HiPay/Tests/Fullservice/Gateway/Model/Request/ThreeDSTwo/AccountInfo/PurchaseTest.php" line="62" assertions="2" time="0.000458"/>
      </testsuite>
      <testsuite name="Unit\HiPay\Tests\Fullservice\Gateway\Model\Request\ThreeDSTwo\AccountInfo\ShippingTest" file="/home/tviardin/Bureau/projects/hipay-fullservice-sdk-php/tests/Unit/HiPay/Tests/Fullservice/Gateway/Model/Request/ThreeDSTwo/AccountInfo/ShippingTest.php" tests="4" assertions="7" errors="0" failures="0" skipped="0" time="0.002393">
        <testcase name="testConstruct" class="Unit\HiPay\Tests\Fullservice\Gateway\Model\Request\ThreeDSTwo\AccountInfo\ShippingTest" classname="Unit.HiPay.Tests.Fullservice.Gateway.Model.Request.ThreeDSTwo.AccountInfo.ShippingTest" file="/home/tviardin/Bureau/projects/hipay-fullservice-sdk-php/tests/Unit/HiPay/Tests/Fullservice/Gateway/Model/Request/ThreeDSTwo/AccountInfo/ShippingTest.php" line="13" assertions="1" time="0.000411"/>
        <testcase name="testGetShippingUsedDate" class="Unit\HiPay\Tests\Fullservice\Gateway\Model\Request\ThreeDSTwo\AccountInfo\ShippingTest" classname="Unit.HiPay.Tests.Fullservice.Gateway.Model.Request.ThreeDSTwo.AccountInfo.ShippingTest" file="/home/tviardin/Bureau/projects/hipay-fullservice-sdk-php/tests/Unit/HiPay/Tests/Fullservice/Gateway/Model/Request/ThreeDSTwo/AccountInfo/ShippingTest.php" line="25" assertions="2" time="0.000731"/>
        <testcase name="testGetNameIndicator" class="Unit\HiPay\Tests\Fullservice\Gateway\Model\Request\ThreeDSTwo\AccountInfo\ShippingTest" classname="Unit.HiPay.Tests.Fullservice.Gateway.Model.Request.ThreeDSTwo.AccountInfo.ShippingTest" file="/home/tviardin/Bureau/projects/hipay-fullservice-sdk-php/tests/Unit/HiPay/Tests/Fullservice/Gateway/Model/Request/ThreeDSTwo/AccountInfo/ShippingTest.php" line="38" assertions="2" time="0.000782"/>
        <testcase name="testGetSuspiciousActivity" class="Unit\HiPay\Tests\Fullservice\Gateway\Model\Request\ThreeDSTwo\AccountInfo\ShippingTest" classname="Unit.HiPay.Tests.Fullservice.Gateway.Model.Request.ThreeDSTwo.AccountInfo.ShippingTest" file="/home/tviardin/Bureau/projects/hipay-fullservice-sdk-php/tests/Unit/HiPay/Tests/Fullservice/Gateway/Model/Request/ThreeDSTwo/AccountInfo/ShippingTest.php" line="51" assertions="2" time="0.000469"/>
      </testsuite>
      <testsuite name="Unit\HiPay\Tests\Fullservice\Gateway\Model\Request\ThreeDSTwo\AccountInfoTest" file="/home/tviardin/Bureau/projects/hipay-fullservice-sdk-php/tests/Unit/HiPay/Tests/Fullservice/Gateway/Model/Request/ThreeDSTwo/AccountInfoTest.php" tests="5" assertions="13" errors="0" failures="0" skipped="0" time="0.002825">
        <testcase name="testConstruct" class="Unit\HiPay\Tests\Fullservice\Gateway\Model\Request\ThreeDSTwo\AccountInfoTest" classname="Unit.HiPay.Tests.Fullservice.Gateway.Model.Request.ThreeDSTwo.AccountInfoTest" file="/home/tviardin/Bureau/projects/hipay-fullservice-sdk-php/tests/Unit/HiPay/Tests/Fullservice/Gateway/Model/Request/ThreeDSTwo/AccountInfoTest.php" line="10" assertions="1" time="0.000447"/>
        <testcase name="testGetCustomer" class="Unit\HiPay\Tests\Fullservice\Gateway\Model\Request\ThreeDSTwo\AccountInfoTest" classname="Unit.HiPay.Tests.Fullservice.Gateway.Model.Request.ThreeDSTwo.AccountInfoTest" file="/home/tviardin/Bureau/projects/hipay-fullservice-sdk-php/tests/Unit/HiPay/Tests/Fullservice/Gateway/Model/Request/ThreeDSTwo/AccountInfoTest.php" line="22" assertions="3" time="0.000803"/>
        <testcase name="testGetPurchase" class="Unit\HiPay\Tests\Fullservice\Gateway\Model\Request\ThreeDSTwo\AccountInfoTest" classname="Unit.HiPay.Tests.Fullservice.Gateway.Model.Request.ThreeDSTwo.AccountInfoTest" file="/home/tviardin/Bureau/projects/hipay-fullservice-sdk-php/tests/Unit/HiPay/Tests/Fullservice/Gateway/Model/Request/ThreeDSTwo/AccountInfoTest.php" line="40" assertions="3" time="0.000552"/>
        <testcase name="testGetPayment" class="Unit\HiPay\Tests\Fullservice\Gateway\Model\Request\ThreeDSTwo\AccountInfoTest" classname="Unit.HiPay.Tests.Fullservice.Gateway.Model.Request.ThreeDSTwo.AccountInfoTest" file="/home/tviardin/Bureau/projects/hipay-fullservice-sdk-php/tests/Unit/HiPay/Tests/Fullservice/Gateway/Model/Request/ThreeDSTwo/AccountInfoTest.php" line="58" assertions="3" time="0.000514"/>
        <testcase name="testGetShipping" class="Unit\HiPay\Tests\Fullservice\Gateway\Model\Request\ThreeDSTwo\AccountInfoTest" classname="Unit.HiPay.Tests.Fullservice.Gateway.Model.Request.ThreeDSTwo.AccountInfoTest" file="/home/tviardin/Bureau/projects/hipay-fullservice-sdk-php/tests/Unit/HiPay/Tests/Fullservice/Gateway/Model/Request/ThreeDSTwo/AccountInfoTest.php" line="76" assertions="3" time="0.000509"/>
      </testsuite>
      <testsuite name="Unit\HiPay\Tests\Fullservice\Gateway\Model\Request\ThreeDSTwo\BrowserInfoTest" file="/home/tviardin/Bureau/projects/hipay-fullservice-sdk-php/tests/Unit/HiPay/Tests/Fullservice/Gateway/Model/Request/ThreeDSTwo/BrowserInfoTest.php" tests="11" assertions="21" errors="0" failures="0" skipped="0" time="0.005597">
        <testcase name="testConstruct" class="Unit\HiPay\Tests\Fullservice\Gateway\Model\Request\ThreeDSTwo\BrowserInfoTest" classname="Unit.HiPay.Tests.Fullservice.Gateway.Model.Request.ThreeDSTwo.BrowserInfoTest" file="/home/tviardin/Bureau/projects/hipay-fullservice-sdk-php/tests/Unit/HiPay/Tests/Fullservice/Gateway/Model/Request/ThreeDSTwo/BrowserInfoTest.php" line="10" assertions="1" time="0.000409"/>
        <testcase name="testGetIpaddr" class="Unit\HiPay\Tests\Fullservice\Gateway\Model\Request\ThreeDSTwo\BrowserInfoTest" classname="Unit.HiPay.Tests.Fullservice.Gateway.Model.Request.ThreeDSTwo.BrowserInfoTest" file="/home/tviardin/Bureau/projects/hipay-fullservice-sdk-php/tests/Unit/HiPay/Tests/Fullservice/Gateway/Model/Request/ThreeDSTwo/BrowserInfoTest.php" line="22" assertions="2" time="0.000461"/>
        <testcase name="testGetHttpAccept" class="Unit\HiPay\Tests\Fullservice\Gateway\Model\Request\ThreeDSTwo\BrowserInfoTest" classname="Unit.HiPay.Tests.Fullservice.Gateway.Model.Request.ThreeDSTwo.BrowserInfoTest" file="/home/tviardin/Bureau/projects/hipay-fullservice-sdk-php/tests/Unit/HiPay/Tests/Fullservice/Gateway/Model/Request/ThreeDSTwo/BrowserInfoTest.php" line="35" assertions="2" time="0.000459"/>
        <testcase name="testGetHttpUserAgent" class="Unit\HiPay\Tests\Fullservice\Gateway\Model\Request\ThreeDSTwo\BrowserInfoTest" classname="Unit.HiPay.Tests.Fullservice.Gateway.Model.Request.ThreeDSTwo.BrowserInfoTest" file="/home/tviardin/Bureau/projects/hipay-fullservice-sdk-php/tests/Unit/HiPay/Tests/Fullservice/Gateway/Model/Request/ThreeDSTwo/BrowserInfoTest.php" line="48" assertions="2" time="0.000458"/>
        <testcase name="testGetJavaEnabled" class="Unit\HiPay\Tests\Fullservice\Gateway\Model\Request\ThreeDSTwo\BrowserInfoTest" classname="Unit.HiPay.Tests.Fullservice.Gateway.Model.Request.ThreeDSTwo.BrowserInfoTest" file="/home/tviardin/Bureau/projects/hipay-fullservice-sdk-php/tests/Unit/HiPay/Tests/Fullservice/Gateway/Model/Request/ThreeDSTwo/BrowserInfoTest.php" line="61" assertions="2" time="0.000458"/>
        <testcase name="testGetJavascriptEnabled" class="Unit\HiPay\Tests\Fullservice\Gateway\Model\Request\ThreeDSTwo\BrowserInfoTest" classname="Unit.HiPay.Tests.Fullservice.Gateway.Model.Request.ThreeDSTwo.BrowserInfoTest" file="/home/tviardin/Bureau/projects/hipay-fullservice-sdk-php/tests/Unit/HiPay/Tests/Fullservice/Gateway/Model/Request/ThreeDSTwo/BrowserInfoTest.php" line="74" assertions="2" time="0.000459"/>
        <testcase name="testGetLanguage" class="Unit\HiPay\Tests\Fullservice\Gateway\Model\Request\ThreeDSTwo\BrowserInfoTest" classname="Unit.HiPay.Tests.Fullservice.Gateway.Model.Request.ThreeDSTwo.BrowserInfoTest" file="/home/tviardin/Bureau/projects/hipay-fullservice-sdk-php/tests/Unit/HiPay/Tests/Fullservice/Gateway/Model/Request/ThreeDSTwo/BrowserInfoTest.php" line="87" assertions="2" time="0.000458"/>
        <testcase name="testGetColorDepth" class="Unit\HiPay\Tests\Fullservice\Gateway\Model\Request\ThreeDSTwo\BrowserInfoTest" classname="Unit.HiPay.Tests.Fullservice.Gateway.Model.Request.ThreeDSTwo.BrowserInfoTest" file="/home/tviardin/Bureau/projects/hipay-fullservice-sdk-php/tests/Unit/HiPay/Tests/Fullservice/Gateway/Model/Request/ThreeDSTwo/BrowserInfoTest.php" line="100" assertions="2" time="0.000470"/>
        <testcase name="testGetScreenHeight" class="Unit\HiPay\Tests\Fullservice\Gateway\Model\Request\ThreeDSTwo\BrowserInfoTest" classname="Unit.HiPay.Tests.Fullservice.Gateway.Model.Request.ThreeDSTwo.BrowserInfoTest" file="/home/tviardin/Bureau/projects/hipay-fullservice-sdk-php/tests/Unit/HiPay/Tests/Fullservice/Gateway/Model/Request/ThreeDSTwo/BrowserInfoTest.php" line="113" assertions="2" time="0.000739"/>
        <testcase name="testGetScreenWidth" class="Unit\HiPay\Tests\Fullservice\Gateway\Model\Request\ThreeDSTwo\BrowserInfoTest" classname="Unit.HiPay.Tests.Fullservice.Gateway.Model.Request.ThreeDSTwo.BrowserInfoTest" file="/home/tviardin/Bureau/projects/hipay-fullservice-sdk-php/tests/Unit/HiPay/Tests/Fullservice/Gateway/Model/Request/ThreeDSTwo/BrowserInfoTest.php" line="126" assertions="2" time="0.000493"/>
        <testcase name="testGetTimezone" class="Unit\HiPay\Tests\Fullservice\Gateway\Model\Request\ThreeDSTwo\BrowserInfoTest" classname="Unit.HiPay.Tests.Fullservice.Gateway.Model.Request.ThreeDSTwo.BrowserInfoTest" file="/home/tviardin/Bureau/projects/hipay-fullservice-sdk-php/tests/Unit/HiPay/Tests/Fullservice/Gateway/Model/Request/ThreeDSTwo/BrowserInfoTest.php" line="139" assertions="2" time="0.000733"/>
      </testsuite>
      <testsuite name="Unit\HiPay\Tests\Fullservice\Gateway\Model\Request\ThreeDSTwo\MerchantRiskStatement\GiftCardTest" file="/home/tviardin/Bureau/projects/hipay-fullservice-sdk-php/tests/Unit/HiPay/Tests/Fullservice/Gateway/Model/Request/ThreeDSTwo/MerchantRiskStatement/GiftCardTest.php" tests="4" assertions="7" errors="0" failures="0" skipped="0" time="0.001851">
        <testcase name="testConstruct" class="Unit\HiPay\Tests\Fullservice\Gateway\Model\Request\ThreeDSTwo\MerchantRiskStatement\GiftCardTest" classname="Unit.HiPay.Tests.Fullservice.Gateway.Model.Request.ThreeDSTwo.MerchantRiskStatement.GiftCardTest" file="/home/tviardin/Bureau/projects/hipay-fullservice-sdk-php/tests/Unit/HiPay/Tests/Fullservice/Gateway/Model/Request/ThreeDSTwo/MerchantRiskStatement/GiftCardTest.php" line="10" assertions="1" time="0.000432"/>
        <testcase name="testGetAmount" class="Unit\HiPay\Tests\Fullservice\Gateway\Model\Request\ThreeDSTwo\MerchantRiskStatement\GiftCardTest" classname="Unit.HiPay.Tests.Fullservice.Gateway.Model.Request.ThreeDSTwo.MerchantRiskStatement.GiftCardTest" file="/home/tviardin/Bureau/projects/hipay-fullservice-sdk-php/tests/Unit/HiPay/Tests/Fullservice/Gateway/Model/Request/ThreeDSTwo/MerchantRiskStatement/GiftCardTest.php" line="22" assertions="2" time="0.000473"/>
        <testcase name="testGetCount" class="Unit\HiPay\Tests\Fullservice\Gateway\Model\Request\ThreeDSTwo\MerchantRiskStatement\GiftCardTest" classname="Unit.HiPay.Tests.Fullservice.Gateway.Model.Request.ThreeDSTwo.MerchantRiskStatement.GiftCardTest" file="/home/tviardin/Bureau/projects/hipay-fullservice-sdk-php/tests/Unit/HiPay/Tests/Fullservice/Gateway/Model/Request/ThreeDSTwo/MerchantRiskStatement/GiftCardTest.php" line="35" assertions="2" time="0.000459"/>
        <testcase name="testGetCurrency" class="Unit\HiPay\Tests\Fullservice\Gateway\Model\Request\ThreeDSTwo\MerchantRiskStatement\GiftCardTest" classname="Unit.HiPay.Tests.Fullservice.Gateway.Model.Request.ThreeDSTwo.MerchantRiskStatement.GiftCardTest" file="/home/tviardin/Bureau/projects/hipay-fullservice-sdk-php/tests/Unit/HiPay/Tests/Fullservice/Gateway/Model/Request/ThreeDSTwo/MerchantRiskStatement/GiftCardTest.php" line="48" assertions="2" time="0.000487"/>
      </testsuite>
      <testsuite name="Unit\HiPay\Tests\Fullservice\Gateway\Model\Request\ThreeDSTwo\MerchantRiskStatementTest" file="/home/tviardin/Bureau/projects/hipay-fullservice-sdk-php/tests/Unit/HiPay/Tests/Fullservice/Gateway/Model/Request/ThreeDSTwo/MerchantRiskStatementTest.php" tests="8" assertions="16" errors="0" failures="0" skipped="0" time="0.003697">
        <testcase name="testConstruct" class="Unit\HiPay\Tests\Fullservice\Gateway\Model\Request\ThreeDSTwo\MerchantRiskStatementTest" classname="Unit.HiPay.Tests.Fullservice.Gateway.Model.Request.ThreeDSTwo.MerchantRiskStatementTest" file="/home/tviardin/Bureau/projects/hipay-fullservice-sdk-php/tests/Unit/HiPay/Tests/Fullservice/Gateway/Model/Request/ThreeDSTwo/MerchantRiskStatementTest.php" line="14" assertions="1" time="0.000411"/>
        <testcase name="testGetEmailDeliveryAdress" class="Unit\HiPay\Tests\Fullservice\Gateway\Model\Request\ThreeDSTwo\MerchantRiskStatementTest" classname="Unit.HiPay.Tests.Fullservice.Gateway.Model.Request.ThreeDSTwo.MerchantRiskStatementTest" file="/home/tviardin/Bureau/projects/hipay-fullservice-sdk-php/tests/Unit/HiPay/Tests/Fullservice/Gateway/Model/Request/ThreeDSTwo/MerchantRiskStatementTest.php" line="26" assertions="2" time="0.000462"/>
        <testcase name="testGetDeliveryTimeFrame" class="Unit\HiPay\Tests\Fullservice\Gateway\Model\Request\ThreeDSTwo\MerchantRiskStatementTest" classname="Unit.HiPay.Tests.Fullservice.Gateway.Model.Request.ThreeDSTwo.MerchantRiskStatementTest" file="/home/tviardin/Bureau/projects/hipay-fullservice-sdk-php/tests/Unit/HiPay/Tests/Fullservice/Gateway/Model/Request/ThreeDSTwo/MerchantRiskStatementTest.php" line="39" assertions="2" time="0.000466"/>
        <testcase name="testGetPurchaseIndicator" class="Unit\HiPay\Tests\Fullservice\Gateway\Model\Request\ThreeDSTwo\MerchantRiskStatementTest" classname="Unit.HiPay.Tests.Fullservice.Gateway.Model.Request.ThreeDSTwo.MerchantRiskStatementTest" file="/home/tviardin/Bureau/projects/hipay-fullservice-sdk-php/tests/Unit/HiPay/Tests/Fullservice/Gateway/Model/Request/ThreeDSTwo/MerchantRiskStatementTest.php" line="52" assertions="2" time="0.000459"/>
        <testcase name="testGetPreOrderDate" class="Unit\HiPay\Tests\Fullservice\Gateway\Model\Request\ThreeDSTwo\MerchantRiskStatementTest" classname="Unit.HiPay.Tests.Fullservice.Gateway.Model.Request.ThreeDSTwo.MerchantRiskStatementTest" file="/home/tviardin/Bureau/projects/hipay-fullservice-sdk-php/tests/Unit/HiPay/Tests/Fullservice/Gateway/Model/Request/ThreeDSTwo/MerchantRiskStatementTest.php" line="65" assertions="2" time="0.000476"/>
        <testcase name="testGetReorderIndicator" class="Unit\HiPay\Tests\Fullservice\Gateway\Model\Request\ThreeDSTwo\MerchantRiskStatementTest" classname="Unit.HiPay.Tests.Fullservice.Gateway.Model.Request.ThreeDSTwo.MerchantRiskStatementTest" file="/home/tviardin/Bureau/projects/hipay-fullservice-sdk-php/tests/Unit/HiPay/Tests/Fullservice/Gateway/Model/Request/ThreeDSTwo/MerchantRiskStatementTest.php" line="78" assertions="2" time="0.000459"/>
        <testcase name="testGetShippingIndicator" class="Unit\HiPay\Tests\Fullservice\Gateway\Model\Request\ThreeDSTwo\MerchantRiskStatementTest" classname="Unit.HiPay.Tests.Fullservice.Gateway.Model.Request.ThreeDSTwo.MerchantRiskStatementTest" file="/home/tviardin/Bureau/projects/hipay-fullservice-sdk-php/tests/Unit/HiPay/Tests/Fullservice/Gateway/Model/Request/ThreeDSTwo/MerchantRiskStatementTest.php" line="91" assertions="2" time="0.000461"/>
        <testcase name="testGetGiftCart" class="Unit\HiPay\Tests\Fullservice\Gateway\Model\Request\ThreeDSTwo\MerchantRiskStatementTest" classname="Unit.HiPay.Tests.Fullservice.Gateway.Model.Request.ThreeDSTwo.MerchantRiskStatementTest" file="/home/tviardin/Bureau/projects/hipay-fullservice-sdk-php/tests/Unit/HiPay/Tests/Fullservice/Gateway/Model/Request/ThreeDSTwo/MerchantRiskStatementTest.php" line="104" assertions="3" time="0.000503"/>
      </testsuite>
      <testsuite name="Unit\HiPay\Tests\Fullservice\Gateway\Model\Request\ThreeDSTwo\PreviousAuthInfoTest" file="/home/tviardin/Bureau/projects/hipay-fullservice-sdk-php/tests/Unit/HiPay/Tests/Fullservice/Gateway/Model/Request/ThreeDSTwo/PreviousAuthInfoTest.php" tests="2" assertions="3" errors="0" failures="0" skipped="0" time="0.001127">
        <testcase name="testConstruct" class="Unit\HiPay\Tests\Fullservice\Gateway\Model\Request\ThreeDSTwo\PreviousAuthInfoTest" classname="Unit.HiPay.Tests.Fullservice.Gateway.Model.Request.ThreeDSTwo.PreviousAuthInfoTest" file="/home/tviardin/Bureau/projects/hipay-fullservice-sdk-php/tests/Unit/HiPay/Tests/Fullservice/Gateway/Model/Request/ThreeDSTwo/PreviousAuthInfoTest.php" line="10" assertions="1" time="0.000615"/>
        <testcase name="testGetTransactionReference" class="Unit\HiPay\Tests\Fullservice\Gateway\Model\Request\ThreeDSTwo\PreviousAuthInfoTest" classname="Unit.HiPay.Tests.Fullservice.Gateway.Model.Request.ThreeDSTwo.PreviousAuthInfoTest" file="/home/tviardin/Bureau/projects/hipay-fullservice-sdk-php/tests/Unit/HiPay/Tests/Fullservice/Gateway/Model/Request/ThreeDSTwo/PreviousAuthInfoTest.php" line="22" assertions="2" time="0.000512"/>
      </testsuite>
      <testsuite name="Unit\HiPay\Tests\Fullservice\Gateway\Model\Request\ThreeDSTwo\RecurringInfoTest" file="/home/tviardin/Bureau/projects/hipay-fullservice-sdk-php/tests/Unit/HiPay/Tests/Fullservice/Gateway/Model/Request/ThreeDSTwo/RecurringInfoTest.php" tests="3" assertions="5" errors="0" failures="0" skipped="0" time="0.001538">
        <testcase name="testConstruct" class="Unit\HiPay\Tests\Fullservice\Gateway\Model\Request\ThreeDSTwo\RecurringInfoTest" classname="Unit.HiPay.Tests.Fullservice.Gateway.Model.Request.ThreeDSTwo.RecurringInfoTest" file="/home/tviardin/Bureau/projects/hipay-fullservice-sdk-php/tests/Unit/HiPay/Tests/Fullservice/Gateway/Model/Request/ThreeDSTwo/RecurringInfoTest.php" line="10" assertions="1" time="0.000408"/>
        <testcase name="testGetExpirationDate" class="Unit\HiPay\Tests\Fullservice\Gateway\Model\Request\ThreeDSTwo\RecurringInfoTest" classname="Unit.HiPay.Tests.Fullservice.Gateway.Model.Request.ThreeDSTwo.RecurringInfoTest" file="/home/tviardin/Bureau/projects/hipay-fullservice-sdk-php/tests/Unit/HiPay/Tests/Fullservice/Gateway/Model/Request/ThreeDSTwo/RecurringInfoTest.php" line="22" assertions="2" time="0.000619"/>
        <testcase name="testGetFrequency" class="Unit\HiPay\Tests\Fullservice\Gateway\Model\Request\ThreeDSTwo\RecurringInfoTest" classname="Unit.HiPay.Tests.Fullservice.Gateway.Model.Request.ThreeDSTwo.RecurringInfoTest" file="/home/tviardin/Bureau/projects/hipay-fullservice-sdk-php/tests/Unit/HiPay/Tests/Fullservice/Gateway/Model/Request/ThreeDSTwo/RecurringInfoTest.php" line="35" assertions="2" time="0.000511"/>
      </testsuite>
      <testsuite name="Unit\HiPay\Tests\Fullservice\Gateway\Model\SecuritySettingsTest" file="/home/tviardin/Bureau/projects/hipay-fullservice-sdk-php/tests/Unit/HiPay/Tests/Fullservice/Gateway/Model/SecuritySettingsTest.php" tests="3" assertions="4" errors="0" failures="0" skipped="0" time="0.001322">
        <testcase name="testConstruct" class="Unit\HiPay\Tests\Fullservice\Gateway\Model\SecuritySettingsTest" classname="Unit.HiPay.Tests.Fullservice.Gateway.Model.SecuritySettingsTest" file="/home/tviardin/Bureau/projects/hipay-fullservice-sdk-php/tests/Unit/HiPay/Tests/Fullservice/Gateway/Model/SecuritySettingsTest.php" line="19" assertions="1" time="0.000425"/>
        <testcase name="testGetHashingAlgorithm" class="Unit\HiPay\Tests\Fullservice\Gateway\Model\SecuritySettingsTest" classname="Unit.HiPay.Tests.Fullservice.Gateway.Model.SecuritySettingsTest" file="/home/tviardin/Bureau/projects/hipay-fullservice-sdk-php/tests/Unit/HiPay/Tests/Fullservice/Gateway/Model/SecuritySettingsTest.php" line="33" assertions="1" time="0.000415"/>
        <testcase name="testSetHashingAlgorithm" class="Unit\HiPay\Tests\Fullservice\Gateway\Model\SecuritySettingsTest" classname="Unit.HiPay.Tests.Fullservice.Gateway.Model.SecuritySettingsTest" file="/home/tviardin/Bureau/projects/hipay-fullservice-sdk-php/tests/Unit/HiPay/Tests/Fullservice/Gateway/Model/SecuritySettingsTest.php" line="44" assertions="2" time="0.000482"/>
      </testsuite>
      <testsuite name="Unit\HiPay\Tests\Fullservice\Gateway\Model\ThreeDSecureTest" file="/home/tviardin/Bureau/projects/hipay-fullservice-sdk-php/tests/Unit/HiPay/Tests/Fullservice/Gateway/Model/ThreeDSecureTest.php" tests="8" assertions="8" errors="0" failures="0" skipped="0" time="0.003371">
        <testcase name="testConstruct" class="Unit\HiPay\Tests\Fullservice\Gateway\Model\ThreeDSecureTest" classname="Unit.HiPay.Tests.Fullservice.Gateway.Model.ThreeDSecureTest" file="/home/tviardin/Bureau/projects/hipay-fullservice-sdk-php/tests/Unit/HiPay/Tests/Fullservice/Gateway/Model/ThreeDSecureTest.php" line="26" assertions="1" time="0.000450"/>
        <testcase name="testGetEci" class="Unit\HiPay\Tests\Fullservice\Gateway\Model\ThreeDSecureTest" classname="Unit.HiPay.Tests.Fullservice.Gateway.Model.ThreeDSecureTest" file="/home/tviardin/Bureau/projects/hipay-fullservice-sdk-php/tests/Unit/HiPay/Tests/Fullservice/Gateway/Model/ThreeDSecureTest.php" line="46" assertions="1" time="0.000426"/>
        <testcase name="testGetEnrollmentStatus" class="Unit\HiPay\Tests\Fullservice\Gateway\Model\ThreeDSecureTest" classname="Unit.HiPay.Tests.Fullservice.Gateway.Model.ThreeDSecureTest" file="/home/tviardin/Bureau/projects/hipay-fullservice-sdk-php/tests/Unit/HiPay/Tests/Fullservice/Gateway/Model/ThreeDSecureTest.php" line="55" assertions="1" time="0.000422"/>
        <testcase name="testGetEnrollmentMessage" class="Unit\HiPay\Tests\Fullservice\Gateway\Model\ThreeDSecureTest" classname="Unit.HiPay.Tests.Fullservice.Gateway.Model.ThreeDSecureTest" file="/home/tviardin/Bureau/projects/hipay-fullservice-sdk-php/tests/Unit/HiPay/Tests/Fullservice/Gateway/Model/ThreeDSecureTest.php" line="64" assertions="1" time="0.000426"/>
        <testcase name="testGetAuthenticationStatus" class="Unit\HiPay\Tests\Fullservice\Gateway\Model\ThreeDSecureTest" classname="Unit.HiPay.Tests.Fullservice.Gateway.Model.ThreeDSecureTest" file="/home/tviardin/Bureau/projects/hipay-fullservice-sdk-php/tests/Unit/HiPay/Tests/Fullservice/Gateway/Model/ThreeDSecureTest.php" line="73" assertions="1" time="0.000407"/>
        <testcase name="testGetAuthenticationMessage" class="Unit\HiPay\Tests\Fullservice\Gateway\Model\ThreeDSecureTest" classname="Unit.HiPay.Tests.Fullservice.Gateway.Model.ThreeDSecureTest" file="/home/tviardin/Bureau/projects/hipay-fullservice-sdk-php/tests/Unit/HiPay/Tests/Fullservice/Gateway/Model/ThreeDSecureTest.php" line="82" assertions="1" time="0.000408"/>
        <testcase name="testGetAuthenticationToken" class="Unit\HiPay\Tests\Fullservice\Gateway\Model\ThreeDSecureTest" classname="Unit.HiPay.Tests.Fullservice.Gateway.Model.ThreeDSecureTest" file="/home/tviardin/Bureau/projects/hipay-fullservice-sdk-php/tests/Unit/HiPay/Tests/Fullservice/Gateway/Model/ThreeDSecureTest.php" line="91" assertions="1" time="0.000426"/>
        <testcase name="testGetXid" class="Unit\HiPay\Tests\Fullservice\Gateway\Model\ThreeDSecureTest" classname="Unit.HiPay.Tests.Fullservice.Gateway.Model.ThreeDSecureTest" file="/home/tviardin/Bureau/projects/hipay-fullservice-sdk-php/tests/Unit/HiPay/Tests/Fullservice/Gateway/Model/ThreeDSecureTest.php" line="100" assertions="1" time="0.000405"/>
      </testsuite>
      <testsuite name="Unit\HiPay\Tests\Fullservice\Gateway\Model\TransactionTest" file="/home/tviardin/Bureau/projects/hipay-fullservice-sdk-php/tests/Unit/HiPay/Tests/Fullservice/Gateway/Model/TransactionTest.php" tests="33" assertions="33" errors="0" failures="0" skipped="0" time="0.031125">
        <testcase name="testConstruct" class="Unit\HiPay\Tests\Fullservice\Gateway\Model\TransactionTest" classname="Unit.HiPay.Tests.Fullservice.Gateway.Model.TransactionTest" file="/home/tviardin/Bureau/projects/hipay-fullservice-sdk-php/tests/Unit/HiPay/Tests/Fullservice/Gateway/Model/TransactionTest.php" line="121" assertions="1" time="0.000669"/>
        <testcase name="testGetCustomData" class="Unit\HiPay\Tests\Fullservice\Gateway\Model\TransactionTest" classname="Unit.HiPay.Tests.Fullservice.Gateway.Model.TransactionTest" file="/home/tviardin/Bureau/projects/hipay-fullservice-sdk-php/tests/Unit/HiPay/Tests/Fullservice/Gateway/Model/TransactionTest.php" line="169" assertions="1" time="0.000573"/>
        <testcase name="testGetTransactionReference" class="Unit\HiPay\Tests\Fullservice\Gateway\Model\TransactionTest" classname="Unit.HiPay.Tests.Fullservice.Gateway.Model.TransactionTest" file="/home/tviardin/Bureau/projects/hipay-fullservice-sdk-php/tests/Unit/HiPay/Tests/Fullservice/Gateway/Model/TransactionTest.php" line="178" assertions="1" time="0.000565"/>
        <testcase name="testGetReason" class="Unit\HiPay\Tests\Fullservice\Gateway\Model\TransactionTest" classname="Unit.HiPay.Tests.Fullservice.Gateway.Model.TransactionTest" file="/home/tviardin/Bureau/projects/hipay-fullservice-sdk-php/tests/Unit/HiPay/Tests/Fullservice/Gateway/Model/TransactionTest.php" line="187" assertions="1" time="0.000601"/>
        <testcase name="testGetForwardUrl" class="Unit\HiPay\Tests\Fullservice\Gateway\Model\TransactionTest" classname="Unit.HiPay.Tests.Fullservice.Gateway.Model.TransactionTest" file="/home/tviardin/Bureau/projects/hipay-fullservice-sdk-php/tests/Unit/HiPay/Tests/Fullservice/Gateway/Model/TransactionTest.php" line="196" assertions="1" time="0.000562"/>
        <testcase name="testGetAttemptId" class="Unit\HiPay\Tests\Fullservice\Gateway\Model\TransactionTest" classname="Unit.HiPay.Tests.Fullservice.Gateway.Model.TransactionTest" file="/home/tviardin/Bureau/projects/hipay-fullservice-sdk-php/tests/Unit/HiPay/Tests/Fullservice/Gateway/Model/TransactionTest.php" line="205" assertions="1" time="0.000559"/>
        <testcase name="testGetReferenceToPay" class="Unit\HiPay\Tests\Fullservice\Gateway\Model\TransactionTest" classname="Unit.HiPay.Tests.Fullservice.Gateway.Model.TransactionTest" file="/home/tviardin/Bureau/projects/hipay-fullservice-sdk-php/tests/Unit/HiPay/Tests/Fullservice/Gateway/Model/TransactionTest.php" line="214" assertions="1" time="0.000560"/>
        <testcase name="testGetIpAddress" class="Unit\HiPay\Tests\Fullservice\Gateway\Model\TransactionTest" classname="Unit.HiPay.Tests.Fullservice.Gateway.Model.TransactionTest" file="/home/tviardin/Bureau/projects/hipay-fullservice-sdk-php/tests/Unit/HiPay/Tests/Fullservice/Gateway/Model/TransactionTest.php" line="223" assertions="1" time="0.000560"/>
        <testcase name="testGetIpCountry" class="Unit\HiPay\Tests\Fullservice\Gateway\Model\TransactionTest" classname="Unit.HiPay.Tests.Fullservice.Gateway.Model.TransactionTest" file="/home/tviardin/Bureau/projects/hipay-fullservice-sdk-php/tests/Unit/HiPay/Tests/Fullservice/Gateway/Model/TransactionTest.php" line="232" assertions="1" time="0.000563"/>
        <testcase name="testGetDeviceId" class="Unit\HiPay\Tests\Fullservice\Gateway\Model\TransactionTest" classname="Unit.HiPay.Tests.Fullservice.Gateway.Model.TransactionTest" file="/home/tviardin/Bureau/projects/hipay-fullservice-sdk-php/tests/Unit/HiPay/Tests/Fullservice/Gateway/Model/TransactionTest.php" line="241" assertions="1" time="0.000564"/>
        <testcase name="testGetAvsResult" class="Unit\HiPay\Tests\Fullservice\Gateway\Model\TransactionTest" classname="Unit.HiPay.Tests.Fullservice.Gateway.Model.TransactionTest" file="/home/tviardin/Bureau/projects/hipay-fullservice-sdk-php/tests/Unit/HiPay/Tests/Fullservice/Gateway/Model/TransactionTest.php" line="250" assertions="1" time="0.000579"/>
        <testcase name="testGetCvcResult" class="Unit\HiPay\Tests\Fullservice\Gateway\Model\TransactionTest" classname="Unit.HiPay.Tests.Fullservice.Gateway.Model.TransactionTest" file="/home/tviardin/Bureau/projects/hipay-fullservice-sdk-php/tests/Unit/HiPay/Tests/Fullservice/Gateway/Model/TransactionTest.php" line="259" assertions="1" time="0.000562"/>
        <testcase name="testGetEci" class="Unit\HiPay\Tests\Fullservice\Gateway\Model\TransactionTest" classname="Unit.HiPay.Tests.Fullservice.Gateway.Model.TransactionTest" file="/home/tviardin/Bureau/projects/hipay-fullservice-sdk-php/tests/Unit/HiPay/Tests/Fullservice/Gateway/Model/TransactionTest.php" line="268" assertions="1" time="0.000580"/>
        <testcase name="testGetPaymentProduct" class="Unit\HiPay\Tests\Fullservice\Gateway\Model\TransactionTest" classname="Unit.HiPay.Tests.Fullservice.Gateway.Model.TransactionTest" file="/home/tviardin/Bureau/projects/hipay-fullservice-sdk-php/tests/Unit/HiPay/Tests/Fullservice/Gateway/Model/TransactionTest.php" line="277" assertions="1" time="0.004441"/>
        <testcase name="testGetPaymentMethod" class="Unit\HiPay\Tests\Fullservice\Gateway\Model\TransactionTest" classname="Unit.HiPay.Tests.Fullservice.Gateway.Model.TransactionTest" file="/home/tviardin/Bureau/projects/hipay-fullservice-sdk-php/tests/Unit/HiPay/Tests/Fullservice/Gateway/Model/TransactionTest.php" line="286" assertions="1" time="0.002204"/>
        <testcase name="testGetThreeDSecure" class="Unit\HiPay\Tests\Fullservice\Gateway\Model\TransactionTest" classname="Unit.HiPay.Tests.Fullservice.Gateway.Model.TransactionTest" file="/home/tviardin/Bureau/projects/hipay-fullservice-sdk-php/tests/Unit/HiPay/Tests/Fullservice/Gateway/Model/TransactionTest.php" line="295" assertions="1" time="0.002180"/>
        <testcase name="testGetFraudScreening" class="Unit\HiPay\Tests\Fullservice\Gateway\Model\TransactionTest" classname="Unit.HiPay.Tests.Fullservice.Gateway.Model.TransactionTest" file="/home/tviardin/Bureau/projects/hipay-fullservice-sdk-php/tests/Unit/HiPay/Tests/Fullservice/Gateway/Model/TransactionTest.php" line="304" assertions="1" time="0.001414"/>
        <testcase name="testGetOrder" class="Unit\HiPay\Tests\Fullservice\Gateway\Model\TransactionTest" classname="Unit.HiPay.Tests.Fullservice.Gateway.Model.TransactionTest" file="/home/tviardin/Bureau/projects/hipay-fullservice-sdk-php/tests/Unit/HiPay/Tests/Fullservice/Gateway/Model/TransactionTest.php" line="313" assertions="1" time="0.002705"/>
        <testcase name="testGetDebitAgreement" class="Unit\HiPay\Tests\Fullservice\Gateway\Model\TransactionTest" classname="Unit.HiPay.Tests.Fullservice.Gateway.Model.TransactionTest" file="/home/tviardin/Bureau/projects/hipay-fullservice-sdk-php/tests/Unit/HiPay/Tests/Fullservice/Gateway/Model/TransactionTest.php" line="322" assertions="1" time="0.000635"/>
        <testcase name="testGetOperation" class="Unit\HiPay\Tests\Fullservice\Gateway\Model\TransactionTest" classname="Unit.HiPay.Tests.Fullservice.Gateway.Model.TransactionTest" file="/home/tviardin/Bureau/projects/hipay-fullservice-sdk-php/tests/Unit/HiPay/Tests/Fullservice/Gateway/Model/TransactionTest.php" line="331" assertions="1" time="0.001813"/>
        <testcase name="testGetBasket" class="Unit\HiPay\Tests\Fullservice\Gateway\Model\TransactionTest" classname="Unit.HiPay.Tests.Fullservice.Gateway.Model.TransactionTest" file="/home/tviardin/Bureau/projects/hipay-fullservice-sdk-php/tests/Unit/HiPay/Tests/Fullservice/Gateway/Model/TransactionTest.php" line="340" assertions="1" time="0.000977"/>
        <testcase name="testGetMid" class="Unit\HiPay\Tests\Fullservice\Gateway\Model\TransactionTest" classname="Unit.HiPay.Tests.Fullservice.Gateway.Model.TransactionTest" file="/home/tviardin/Bureau/projects/hipay-fullservice-sdk-php/tests/Unit/HiPay/Tests/Fullservice/Gateway/Model/TransactionTest.php" line="349" assertions="1" time="0.000597"/>
        <testcase name="testGetAuthorizationCode" class="Unit\HiPay\Tests\Fullservice\Gateway\Model\TransactionTest" classname="Unit.HiPay.Tests.Fullservice.Gateway.Model.TransactionTest" file="/home/tviardin/Bureau/projects/hipay-fullservice-sdk-php/tests/Unit/HiPay/Tests/Fullservice/Gateway/Model/TransactionTest.php" line="358" assertions="1" time="0.000574"/>
        <testcase name="testGetDateCreated" class="Unit\HiPay\Tests\Fullservice\Gateway\Model\TransactionTest" classname="Unit.HiPay.Tests.Fullservice.Gateway.Model.TransactionTest" file="/home/tviardin/Bureau/projects/hipay-fullservice-sdk-php/tests/Unit/HiPay/Tests/Fullservice/Gateway/Model/TransactionTest.php" line="367" assertions="1" time="0.000569"/>
        <testcase name="testGetDateUpdated" class="Unit\HiPay\Tests\Fullservice\Gateway\Model\TransactionTest" classname="Unit.HiPay.Tests.Fullservice.Gateway.Model.TransactionTest" file="/home/tviardin/Bureau/projects/hipay-fullservice-sdk-php/tests/Unit/HiPay/Tests/Fullservice/Gateway/Model/TransactionTest.php" line="376" assertions="1" time="0.000643"/>
        <testcase name="testGetDateAuthorized" class="Unit\HiPay\Tests\Fullservice\Gateway\Model\TransactionTest" classname="Unit.HiPay.Tests.Fullservice.Gateway.Model.TransactionTest" file="/home/tviardin/Bureau/projects/hipay-fullservice-sdk-php/tests/Unit/HiPay/Tests/Fullservice/Gateway/Model/TransactionTest.php" line="385" assertions="1" time="0.000646"/>
        <testcase name="testGetState" class="Unit\HiPay\Tests\Fullservice\Gateway\Model\TransactionTest" classname="Unit.HiPay.Tests.Fullservice.Gateway.Model.TransactionTest" file="/home/tviardin/Bureau/projects/hipay-fullservice-sdk-php/tests/Unit/HiPay/Tests/Fullservice/Gateway/Model/TransactionTest.php" line="394" assertions="1" time="0.000704"/>
        <testcase name="testGetMessage" class="Unit\HiPay\Tests\Fullservice\Gateway\Model\TransactionTest" classname="Unit.HiPay.Tests.Fullservice.Gateway.Model.TransactionTest" file="/home/tviardin/Bureau/projects/hipay-fullservice-sdk-php/tests/Unit/HiPay/Tests/Fullservice/Gateway/Model/TransactionTest.php" line="403" assertions="1" time="0.000613"/>
        <testcase name="testGetAuthorizedAmount" class="Unit\HiPay\Tests\Fullservice\Gateway\Model\TransactionTest" classname="Unit.HiPay.Tests.Fullservice.Gateway.Model.TransactionTest" file="/home/tviardin/Bureau/projects/hipay-fullservice-sdk-php/tests/Unit/HiPay/Tests/Fullservice/Gateway/Model/TransactionTest.php" line="412" assertions="1" time="0.000573"/>
        <testcase name="testGetCapturedAmount" class="Unit\HiPay\Tests\Fullservice\Gateway\Model\TransactionTest" classname="Unit.HiPay.Tests.Fullservice.Gateway.Model.TransactionTest" file="/home/tviardin/Bureau/projects/hipay-fullservice-sdk-php/tests/Unit/HiPay/Tests/Fullservice/Gateway/Model/TransactionTest.php" line="421" assertions="1" time="0.000596"/>
        <testcase name="testGetRefundedAmount" class="Unit\HiPay\Tests\Fullservice\Gateway\Model\TransactionTest" classname="Unit.HiPay.Tests.Fullservice.Gateway.Model.TransactionTest" file="/home/tviardin/Bureau/projects/hipay-fullservice-sdk-php/tests/Unit/HiPay/Tests/Fullservice/Gateway/Model/TransactionTest.php" line="430" assertions="1" time="0.000569"/>
        <testcase name="testGetDecimals" class="Unit\HiPay\Tests\Fullservice\Gateway\Model\TransactionTest" classname="Unit.HiPay.Tests.Fullservice.Gateway.Model.TransactionTest" file="/home/tviardin/Bureau/projects/hipay-fullservice-sdk-php/tests/Unit/HiPay/Tests/Fullservice/Gateway/Model/TransactionTest.php" line="439" assertions="1" time="0.000578"/>
        <testcase name="testGetCurrency" class="Unit\HiPay\Tests\Fullservice\Gateway\Model\TransactionTest" classname="Unit.HiPay.Tests.Fullservice.Gateway.Model.TransactionTest" file="/home/tviardin/Bureau/projects/hipay-fullservice-sdk-php/tests/Unit/HiPay/Tests/Fullservice/Gateway/Model/TransactionTest.php" line="448" assertions="1" time="0.000597"/>
      </testsuite>
      <testsuite name="Unit\HiPay\Tests\Fullservice\Gateway\PIDataClient\PIDataClientTest" file="/home/tviardin/Bureau/projects/hipay-fullservice-sdk-php/tests/Unit/HiPay/Tests/Fullservice/Gateway/PIDataClient/PIDataClientTest.php" tests="5" assertions="17" errors="0" failures="0" skipped="0" time="0.009951">
        <testcase name="testCanBeConstructUsingClientProvider" class="Unit\HiPay\Tests\Fullservice\Gateway\PIDataClient\PIDataClientTest" classname="Unit.HiPay.Tests.Fullservice.Gateway.PIDataClient.PIDataClientTest" file="/home/tviardin/Bureau/projects/hipay-fullservice-sdk-php/tests/Unit/HiPay/Tests/Fullservice/Gateway/PIDataClient/PIDataClientTest.php" line="67" assertions="1" time="0.000805"/>
        <testcase name="testGetDataIdForOrder" class="Unit\HiPay\Tests\Fullservice\Gateway\PIDataClient\PIDataClientTest" classname="Unit.HiPay.Tests.Fullservice.Gateway.PIDataClient.PIDataClientTest" file="/home/tviardin/Bureau/projects/hipay-fullservice-sdk-php/tests/Unit/HiPay/Tests/Fullservice/Gateway/PIDataClient/PIDataClientTest.php" line="82" assertions="2" time="0.001024"/>
        <testcase name="testGetDataIdForHPayment" class="Unit\HiPay\Tests\Fullservice\Gateway\PIDataClient\PIDataClientTest" classname="Unit.HiPay.Tests.Fullservice.Gateway.PIDataClient.PIDataClientTest" file="/home/tviardin/Bureau/projects/hipay-fullservice-sdk-php/tests/Unit/HiPay/Tests/Fullservice/Gateway/PIDataClient/PIDataClientTest.php" line="103" assertions="2" time="0.000995"/>
        <testcase name="testGetOrderData" class="Unit\HiPay\Tests\Fullservice\Gateway\PIDataClient\PIDataClientTest" classname="Unit.HiPay.Tests.Fullservice.Gateway.PIDataClient.PIDataClientTest" file="/home/tviardin/Bureau/projects/hipay-fullservice-sdk-php/tests/Unit/HiPay/Tests/Fullservice/Gateway/PIDataClient/PIDataClientTest.php" line="124" assertions="7" time="0.003960"/>
        <testcase name="testGetHPaymentData" class="Unit\HiPay\Tests\Fullservice\Gateway\PIDataClient\PIDataClientTest" classname="Unit.HiPay.Tests.Fullservice.Gateway.PIDataClient.PIDataClientTest" file="/home/tviardin/Bureau/projects/hipay-fullservice-sdk-php/tests/Unit/HiPay/Tests/Fullservice/Gateway/PIDataClient/PIDataClientTest.php" line="192" assertions="5" time="0.003167"/>
      </testsuite>
      <testsuite name="Unit\HiPay\Tests\Fullservice\Request\HostedPaymentPageRequestTest" file="/home/tviardin/Bureau/projects/hipay-fullservice-sdk-php/tests/Unit/HiPay/Tests/Fullservice/Gateway/Request/HostedPaymentPageRequestTest.php" tests="3" assertions="12" errors="0" failures="0" skipped="0" time="0.002750">
        <testcase name="testCanBeConstruct" class="Unit\HiPay\Tests\Fullservice\Request\HostedPaymentPageRequestTest" classname="Unit.HiPay.Tests.Fullservice.Request.HostedPaymentPageRequestTest" file="/home/tviardin/Bureau/projects/hipay-fullservice-sdk-php/tests/Unit/HiPay/Tests/Fullservice/Gateway/Request/HostedPaymentPageRequestTest.php" line="38" assertions="1" time="0.000416"/>
        <testcase name="testPropertiesCanBeSetted" class="Unit\HiPay\Tests\Fullservice\Request\HostedPaymentPageRequestTest" classname="Unit.HiPay.Tests.Fullservice.Request.HostedPaymentPageRequestTest" file="/home/tviardin/Bureau/projects/hipay-fullservice-sdk-php/tests/Unit/HiPay/Tests/Fullservice/Gateway/Request/HostedPaymentPageRequestTest.php" line="52" assertions="10" time="0.001134"/>
        <testcase name="testProductListCanBeSorted" class="Unit\HiPay\Tests\Fullservice\Request\HostedPaymentPageRequestTest" classname="Unit.HiPay.Tests.Fullservice.Request.HostedPaymentPageRequestTest" file="/home/tviardin/Bureau/projects/hipay-fullservice-sdk-php/tests/Unit/HiPay/Tests/Fullservice/Gateway/Request/HostedPaymentPageRequestTest.php" line="92" assertions="1" time="0.001200"/>
      </testsuite>
      <testsuite name="Unit\HiPay\Tests\Fullservice\Request\OrderRequestTest" file="/home/tviardin/Bureau/projects/hipay-fullservice-sdk-php/tests/Unit/HiPay/Tests/Fullservice/Gateway/Request/OrderRequestTest.php" tests="2" assertions="6" errors="0" failures="0" skipped="0" time="0.001431">
        <testcase name="testCanBeConstruct" class="Unit\HiPay\Tests\Fullservice\Request\OrderRequestTest" classname="Unit.HiPay.Tests.Fullservice.Request.OrderRequestTest" file="/home/tviardin/Bureau/projects/hipay-fullservice-sdk-php/tests/Unit/HiPay/Tests/Fullservice/Gateway/Request/OrderRequestTest.php" line="37" assertions="1" time="0.000442"/>
        <testcase name="testPropertiesCanBeSetted" class="Unit\HiPay\Tests\Fullservice\Request\OrderRequestTest" classname="Unit.HiPay.Tests.Fullservice.Request.OrderRequestTest" file="/home/tviardin/Bureau/projects/hipay-fullservice-sdk-php/tests/Unit/HiPay/Tests/Fullservice/Gateway/Request/OrderRequestTest.php" line="49" assertions="5" time="0.000989"/>
      </testsuite>
      <testsuite name="Unit\HiPay\Tests\Fullservice\HTTP\ClientProviderTest" file="/home/tviardin/Bureau/projects/hipay-fullservice-sdk-php/tests/Unit/HiPay/Tests/Fullservice/HTTP/ClientProviderTest.php" tests="6" assertions="9" errors="0" failures="0" skipped="0" time="0.009175">
        <testcase name="testCannotBeConstructUsingNoArgument" class="Unit\HiPay\Tests\Fullservice\HTTP\ClientProviderTest" classname="Unit.HiPay.Tests.Fullservice.HTTP.ClientProviderTest" file="/home/tviardin/Bureau/projects/hipay-fullservice-sdk-php/tests/Unit/HiPay/Tests/Fullservice/HTTP/ClientProviderTest.php" line="43" assertions="2" time="0.002414"/>
        <testcase name="testCannotBeConstructUsingInvalidArgument" class="Unit\HiPay\Tests\Fullservice\HTTP\ClientProviderTest" classname="Unit.HiPay.Tests.Fullservice.HTTP.ClientProviderTest" file="/home/tviardin/Bureau/projects/hipay-fullservice-sdk-php/tests/Unit/HiPay/Tests/Fullservice/HTTP/ClientProviderTest.php" line="58" assertions="2" time="0.000896"/>
        <testcase name="testCanBeConstructUsingConfiguration" class="Unit\HiPay\Tests\Fullservice\HTTP\ClientProviderTest" classname="Unit.HiPay.Tests.Fullservice.HTTP.ClientProviderTest" file="/home/tviardin/Bureau/projects/hipay-fullservice-sdk-php/tests/Unit/HiPay/Tests/Fullservice/HTTP/ClientProviderTest.php" line="75" assertions="1" time="0.001681"/>
        <testcase name="testConfigurationCanBeRetrieved" class="Unit\HiPay\Tests\Fullservice\HTTP\ClientProviderTest" classname="Unit.HiPay.Tests.Fullservice.HTTP.ClientProviderTest" file="/home/tviardin/Bureau/projects/hipay-fullservice-sdk-php/tests/Unit/HiPay/Tests/Fullservice/HTTP/ClientProviderTest.php" line="94" assertions="1" time="0.001443"/>
        <testcase name="testConfigurationCanBeSetted" class="Unit\HiPay\Tests\Fullservice\HTTP\ClientProviderTest" classname="Unit.HiPay.Tests.Fullservice.HTTP.ClientProviderTest" file="/home/tviardin/Bureau/projects/hipay-fullservice-sdk-php/tests/Unit/HiPay/Tests/Fullservice/HTTP/ClientProviderTest.php" line="105" assertions="2" time="0.001414"/>
        <testcase name="testHttpClientCanBeRetrieved" class="Unit\HiPay\Tests\Fullservice\HTTP\ClientProviderTest" classname="Unit.HiPay.Tests.Fullservice.HTTP.ClientProviderTest" file="/home/tviardin/Bureau/projects/hipay-fullservice-sdk-php/tests/Unit/HiPay/Tests/Fullservice/HTTP/ClientProviderTest.php" line="125" assertions="1" time="0.001327"/>
      </testsuite>
      <testsuite name="Unit\HiPay\Tests\Fullservice\HTTP\Configuration\ConfigurationInterfaceTest" file="/home/tviardin/Bureau/projects/hipay-fullservice-sdk-php/tests/Unit/HiPay/Tests/Fullservice/HTTP/Configuration/ConfigurationInterfaceTest.php" tests="8" assertions="12" errors="0" failures="0" skipped="0" time="0.024334">
        <testcase name="testCanBeConstruct" class="Unit\HiPay\Tests\Fullservice\HTTP\Configuration\ConfigurationInterfaceTest" classname="Unit.HiPay.Tests.Fullservice.HTTP.Configuration.ConfigurationInterfaceTest" file="/home/tviardin/Bureau/projects/hipay-fullservice-sdk-php/tests/Unit/HiPay/Tests/Fullservice/HTTP/Configuration/ConfigurationInterfaceTest.php" line="36" assertions="1" time="0.006731"/>
        <testcase name="testApiUsernameCanBeRetrieved" class="Unit\HiPay\Tests\Fullservice\HTTP\Configuration\ConfigurationInterfaceTest" classname="Unit.HiPay.Tests.Fullservice.HTTP.Configuration.ConfigurationInterfaceTest" file="/home/tviardin/Bureau/projects/hipay-fullservice-sdk-php/tests/Unit/HiPay/Tests/Fullservice/HTTP/Configuration/ConfigurationInterfaceTest.php" line="51" assertions="1" time="0.002121"/>
        <testcase name="testApiPassorwdCanBeRetrieved" class="Unit\HiPay\Tests\Fullservice\HTTP\Configuration\ConfigurationInterfaceTest" classname="Unit.HiPay.Tests.Fullservice.HTTP.Configuration.ConfigurationInterfaceTest" file="/home/tviardin/Bureau/projects/hipay-fullservice-sdk-php/tests/Unit/HiPay/Tests/Fullservice/HTTP/Configuration/ConfigurationInterfaceTest.php" line="64" assertions="1" time="0.002147"/>
        <testcase name="testApiEnvCanBeRetrieved" class="Unit\HiPay\Tests\Fullservice\HTTP\Configuration\ConfigurationInterfaceTest" classname="Unit.HiPay.Tests.Fullservice.HTTP.Configuration.ConfigurationInterfaceTest" file="/home/tviardin/Bureau/projects/hipay-fullservice-sdk-php/tests/Unit/HiPay/Tests/Fullservice/HTTP/Configuration/ConfigurationInterfaceTest.php" line="76" assertions="1" time="0.002111"/>
        <testcase name="testApiHTTPHeaderAcceptCanBeRetrieved" class="Unit\HiPay\Tests\Fullservice\HTTP\Configuration\ConfigurationInterfaceTest" classname="Unit.HiPay.Tests.Fullservice.HTTP.Configuration.ConfigurationInterfaceTest" file="/home/tviardin/Bureau/projects/hipay-fullservice-sdk-php/tests/Unit/HiPay/Tests/Fullservice/HTTP/Configuration/ConfigurationInterfaceTest.php" line="88" assertions="1" time="0.002195"/>
        <testcase name="testApiEndpointProdCanBeRetrieved" class="Unit\HiPay\Tests\Fullservice\HTTP\Configuration\ConfigurationInterfaceTest" classname="Unit.HiPay.Tests.Fullservice.HTTP.Configuration.ConfigurationInterfaceTest" file="/home/tviardin/Bureau/projects/hipay-fullservice-sdk-php/tests/Unit/HiPay/Tests/Fullservice/HTTP/Configuration/ConfigurationInterfaceTest.php" line="100" assertions="2" time="0.002641"/>
        <testcase name="testApiEndpointStageCanBeRetrieved" class="Unit\HiPay\Tests\Fullservice\HTTP\Configuration\ConfigurationInterfaceTest" classname="Unit.HiPay.Tests.Fullservice.HTTP.Configuration.ConfigurationInterfaceTest" file="/home/tviardin/Bureau/projects/hipay-fullservice-sdk-php/tests/Unit/HiPay/Tests/Fullservice/HTTP/Configuration/ConfigurationInterfaceTest.php" line="114" assertions="2" time="0.002663"/>
        <testcase name="testApiEndpointCanBeRetrieved" class="Unit\HiPay\Tests\Fullservice\HTTP\Configuration\ConfigurationInterfaceTest" classname="Unit.HiPay.Tests.Fullservice.HTTP.Configuration.ConfigurationInterfaceTest" file="/home/tviardin/Bureau/projects/hipay-fullservice-sdk-php/tests/Unit/HiPay/Tests/Fullservice/HTTP/Configuration/ConfigurationInterfaceTest.php" line="128" assertions="3" time="0.003725"/>
      </testsuite>
      <testsuite name="Unit\HiPay\Tests\Fullservice\HTTP\Configuration\ConfigurationTest" file="/home/tviardin/Bureau/projects/hipay-fullservice-sdk-php/tests/Unit/HiPay/Tests/Fullservice/HTTP/Configuration/ConfigurationTest.php" tests="49" assertions="75" errors="0" failures="0" skipped="0" time="0.023589">
        <testcase name="testCannotBeConstructUsingInvalidUsernameArgument" class="Unit\HiPay\Tests\Fullservice\HTTP\Configuration\ConfigurationTest" classname="Unit.HiPay.Tests.Fullservice.HTTP.Configuration.ConfigurationTest" file="/home/tviardin/Bureau/projects/hipay-fullservice-sdk-php/tests/Unit/HiPay/Tests/Fullservice/HTTP/Configuration/ConfigurationTest.php" line="40" assertions="1" time="0.000486"/>
        <testcase name="testCannotBeConstructUsingEmptyUsernameArgument" class="Unit\HiPay\Tests\Fullservice\HTTP\Configuration\ConfigurationTest" classname="Unit.HiPay.Tests.Fullservice.HTTP.Configuration.ConfigurationTest" file="/home/tviardin/Bureau/projects/hipay-fullservice-sdk-php/tests/Unit/HiPay/Tests/Fullservice/HTTP/Configuration/ConfigurationTest.php" line="49" assertions="1" time="0.000442"/>
        <testcase name="testCannotBeConstructUsingInvalidPasswordArgument" class="Unit\HiPay\Tests\Fullservice\HTTP\Configuration\ConfigurationTest" classname="Unit.HiPay.Tests.Fullservice.HTTP.Configuration.ConfigurationTest" file="/home/tviardin/Bureau/projects/hipay-fullservice-sdk-php/tests/Unit/HiPay/Tests/Fullservice/HTTP/Configuration/ConfigurationTest.php" line="58" assertions="1" time="0.000441"/>
        <testcase name="testCannotBeConstructUsingEmptyPasswordArgument" class="Unit\HiPay\Tests\Fullservice\HTTP\Configuration\ConfigurationTest" classname="Unit.HiPay.Tests.Fullservice.HTTP.Configuration.ConfigurationTest" file="/home/tviardin/Bureau/projects/hipay-fullservice-sdk-php/tests/Unit/HiPay/Tests/Fullservice/HTTP/Configuration/ConfigurationTest.php" line="67" assertions="1" time="0.000464"/>
        <testcase name="testCannotBeConstructUsingInvalidApiEnvArgument" class="Unit\HiPay\Tests\Fullservice\HTTP\Configuration\ConfigurationTest" classname="Unit.HiPay.Tests.Fullservice.HTTP.Configuration.ConfigurationTest" file="/home/tviardin/Bureau/projects/hipay-fullservice-sdk-php/tests/Unit/HiPay/Tests/Fullservice/HTTP/Configuration/ConfigurationTest.php" line="76" assertions="1" time="0.000460"/>
        <testcase name="testCannotBeConstructUsingInvalidHTTPHeaderAcceptArgument" class="Unit\HiPay\Tests\Fullservice\HTTP\Configuration\ConfigurationTest" classname="Unit.HiPay.Tests.Fullservice.HTTP.Configuration.ConfigurationTest" file="/home/tviardin/Bureau/projects/hipay-fullservice-sdk-php/tests/Unit/HiPay/Tests/Fullservice/HTTP/Configuration/ConfigurationTest.php" line="85" assertions="1" time="0.000469"/>
        <testcase name="testCannotBeConstructUsingEmptyHTTPHeaderAcceptArgument" class="Unit\HiPay\Tests\Fullservice\HTTP\Configuration\ConfigurationTest" classname="Unit.HiPay.Tests.Fullservice.HTTP.Configuration.ConfigurationTest" file="/home/tviardin/Bureau/projects/hipay-fullservice-sdk-php/tests/Unit/HiPay/Tests/Fullservice/HTTP/Configuration/ConfigurationTest.php" line="101" assertions="1" time="0.000472"/>
        <testcase name="testCannotBeConstructUsingInvalidProxyArgument" class="Unit\HiPay\Tests\Fullservice\HTTP\Configuration\ConfigurationTest" classname="Unit.HiPay.Tests.Fullservice.HTTP.Configuration.ConfigurationTest" file="/home/tviardin/Bureau/projects/hipay-fullservice-sdk-php/tests/Unit/HiPay/Tests/Fullservice/HTTP/Configuration/ConfigurationTest.php" line="117" assertions="1" time="0.000488"/>
        <testcase name="testCannotBeConstructUsingInvalidHostedPageV2Argument" class="Unit\HiPay\Tests\Fullservice\HTTP\Configuration\ConfigurationTest" classname="Unit.HiPay.Tests.Fullservice.HTTP.Configuration.ConfigurationTest" file="/home/tviardin/Bureau/projects/hipay-fullservice-sdk-php/tests/Unit/HiPay/Tests/Fullservice/HTTP/Configuration/ConfigurationTest.php" line="134" assertions="1" time="0.000505"/>
        <testcase name="testCanBeConstructFromRequiredArguments" class="Unit\HiPay\Tests\Fullservice\HTTP\Configuration\ConfigurationTest" classname="Unit.HiPay.Tests.Fullservice.HTTP.Configuration.ConfigurationTest" file="/home/tviardin/Bureau/projects/hipay-fullservice-sdk-php/tests/Unit/HiPay/Tests/Fullservice/HTTP/Configuration/ConfigurationTest.php" line="151" assertions="1" time="0.000445"/>
        <testcase name="testCanBeConstructFromApiEnvArguments" class="Unit\HiPay\Tests\Fullservice\HTTP\Configuration\ConfigurationTest" classname="Unit.HiPay.Tests.Fullservice.HTTP.Configuration.ConfigurationTest" file="/home/tviardin/Bureau/projects/hipay-fullservice-sdk-php/tests/Unit/HiPay/Tests/Fullservice/HTTP/Configuration/ConfigurationTest.php" line="168" assertions="1" time="0.000437"/>
        <testcase name="testCanBeConstructFromAllArguments" class="Unit\HiPay\Tests\Fullservice\HTTP\Configuration\ConfigurationTest" classname="Unit.HiPay.Tests.Fullservice.HTTP.Configuration.ConfigurationTest" file="/home/tviardin/Bureau/projects/hipay-fullservice-sdk-php/tests/Unit/HiPay/Tests/Fullservice/HTTP/Configuration/ConfigurationTest.php" line="187" assertions="1" time="0.000523"/>
        <testcase name="testCanBeConstructFromArray" class="Unit\HiPay\Tests\Fullservice\HTTP\Configuration\ConfigurationTest" classname="Unit.HiPay.Tests.Fullservice.HTTP.Configuration.ConfigurationTest" file="/home/tviardin/Bureau/projects/hipay-fullservice-sdk-php/tests/Unit/HiPay/Tests/Fullservice/HTTP/Configuration/ConfigurationTest.php" line="207" assertions="9" time="0.000749"/>
        <testcase name="testApiUsernameCanBeRetrieved" class="Unit\HiPay\Tests\Fullservice\HTTP\Configuration\ConfigurationTest" classname="Unit.HiPay.Tests.Fullservice.HTTP.Configuration.ConfigurationTest" file="/home/tviardin/Bureau/projects/hipay-fullservice-sdk-php/tests/Unit/HiPay/Tests/Fullservice/HTTP/Configuration/ConfigurationTest.php" line="253" assertions="1" time="0.000442"/>
        <testcase name="testApiPassorwdCanBeRetrieved" class="Unit\HiPay\Tests\Fullservice\HTTP\Configuration\ConfigurationTest" classname="Unit.HiPay.Tests.Fullservice.HTTP.Configuration.ConfigurationTest" file="/home/tviardin/Bureau/projects/hipay-fullservice-sdk-php/tests/Unit/HiPay/Tests/Fullservice/HTTP/Configuration/ConfigurationTest.php" line="264" assertions="1" time="0.000420"/>
        <testcase name="testApiEnvCanBeRetrieved" class="Unit\HiPay\Tests\Fullservice\HTTP\Configuration\ConfigurationTest" classname="Unit.HiPay.Tests.Fullservice.HTTP.Configuration.ConfigurationTest" file="/home/tviardin/Bureau/projects/hipay-fullservice-sdk-php/tests/Unit/HiPay/Tests/Fullservice/HTTP/Configuration/ConfigurationTest.php" line="276" assertions="1" time="0.000419"/>
        <testcase name="testApiHTTPHeaderAcceptCanBeRetrieved" class="Unit\HiPay\Tests\Fullservice\HTTP\Configuration\ConfigurationTest" classname="Unit.HiPay.Tests.Fullservice.HTTP.Configuration.ConfigurationTest" file="/home/tviardin/Bureau/projects/hipay-fullservice-sdk-php/tests/Unit/HiPay/Tests/Fullservice/HTTP/Configuration/ConfigurationTest.php" line="286" assertions="1" time="0.000411"/>
        <testcase name="testApiEndpointProdCanBeRetrieved" class="Unit\HiPay\Tests\Fullservice\HTTP\Configuration\ConfigurationTest" classname="Unit.HiPay.Tests.Fullservice.HTTP.Configuration.ConfigurationTest" file="/home/tviardin/Bureau/projects/hipay-fullservice-sdk-php/tests/Unit/HiPay/Tests/Fullservice/HTTP/Configuration/ConfigurationTest.php" line="296" assertions="3" time="0.000479"/>
        <testcase name="testApiEndpointStageCanBeRetrieved" class="Unit\HiPay\Tests\Fullservice\HTTP\Configuration\ConfigurationTest" classname="Unit.HiPay.Tests.Fullservice.HTTP.Configuration.ConfigurationTest" file="/home/tviardin/Bureau/projects/hipay-fullservice-sdk-php/tests/Unit/HiPay/Tests/Fullservice/HTTP/Configuration/ConfigurationTest.php" line="308" assertions="3" time="0.000509"/>
        <testcase name="testApiEndpointCanBeRetrieved" class="Unit\HiPay\Tests\Fullservice\HTTP\Configuration\ConfigurationTest" classname="Unit.HiPay.Tests.Fullservice.HTTP.Configuration.ConfigurationTest" file="/home/tviardin/Bureau/projects/hipay-fullservice-sdk-php/tests/Unit/HiPay/Tests/Fullservice/HTTP/Configuration/ConfigurationTest.php" line="321" assertions="5" time="0.000593"/>
        <testcase name="testProxyCanBeRetrieved" class="Unit\HiPay\Tests\Fullservice\HTTP\Configuration\ConfigurationTest" classname="Unit.HiPay.Tests.Fullservice.HTTP.Configuration.ConfigurationTest" file="/home/tviardin/Bureau/projects/hipay-fullservice-sdk-php/tests/Unit/HiPay/Tests/Fullservice/HTTP/Configuration/ConfigurationTest.php" line="338" assertions="1" time="0.000414"/>
        <testcase name="testCaBeConstructUsingCustomEnvironment" class="Unit\HiPay\Tests\Fullservice\HTTP\Configuration\ConfigurationTest" classname="Unit.HiPay.Tests.Fullservice.HTTP.Configuration.ConfigurationTest" file="/home/tviardin/Bureau/projects/hipay-fullservice-sdk-php/tests/Unit/HiPay/Tests/Fullservice/HTTP/Configuration/ConfigurationTest.php" line="348" assertions="2" time="0.000572"/>
        <testcase name="testCaBeConstructUsingEmptyCustomEnvironment" class="Unit\HiPay\Tests\Fullservice\HTTP\Configuration\ConfigurationTest" classname="Unit.HiPay.Tests.Fullservice.HTTP.Configuration.ConfigurationTest" file="/home/tviardin/Bureau/projects/hipay-fullservice-sdk-php/tests/Unit/HiPay/Tests/Fullservice/HTTP/Configuration/ConfigurationTest.php" line="366" assertions="2" time="0.000485"/>
        <testcase name="testCaBeConstructUsingInvalidCustomEnvironment" class="Unit\HiPay\Tests\Fullservice\HTTP\Configuration\ConfigurationTest" classname="Unit.HiPay.Tests.Fullservice.HTTP.Configuration.ConfigurationTest" file="/home/tviardin/Bureau/projects/hipay-fullservice-sdk-php/tests/Unit/HiPay/Tests/Fullservice/HTTP/Configuration/ConfigurationTest.php" line="383" assertions="2" time="0.000496"/>
        <testcase name="testCantBeConstructWithoutParams" class="Unit\HiPay\Tests\Fullservice\HTTP\Configuration\ConfigurationTest" classname="Unit.HiPay.Tests.Fullservice.HTTP.Configuration.ConfigurationTest" file="/home/tviardin/Bureau/projects/hipay-fullservice-sdk-php/tests/Unit/HiPay/Tests/Fullservice/HTTP/Configuration/ConfigurationTest.php" line="398" assertions="1" time="0.000439"/>
        <testcase name="testSetApiUsername" class="Unit\HiPay\Tests\Fullservice\HTTP\Configuration\ConfigurationTest" classname="Unit.HiPay.Tests.Fullservice.HTTP.Configuration.ConfigurationTest" file="/home/tviardin/Bureau/projects/hipay-fullservice-sdk-php/tests/Unit/HiPay/Tests/Fullservice/HTTP/Configuration/ConfigurationTest.php" line="408" assertions="1" time="0.000431"/>
        <testcase name="testSetApiPassword" class="Unit\HiPay\Tests\Fullservice\HTTP\Configuration\ConfigurationTest" classname="Unit.HiPay.Tests.Fullservice.HTTP.Configuration.ConfigurationTest" file="/home/tviardin/Bureau/projects/hipay-fullservice-sdk-php/tests/Unit/HiPay/Tests/Fullservice/HTTP/Configuration/ConfigurationTest.php" line="419" assertions="1" time="0.000421"/>
        <testcase name="testGetApiEndpointCustom" class="Unit\HiPay\Tests\Fullservice\HTTP\Configuration\ConfigurationTest" classname="Unit.HiPay.Tests.Fullservice.HTTP.Configuration.ConfigurationTest" file="/home/tviardin/Bureau/projects/hipay-fullservice-sdk-php/tests/Unit/HiPay/Tests/Fullservice/HTTP/Configuration/ConfigurationTest.php" line="426" assertions="1" time="0.000557"/>
        <testcase name="testGetApiEndpointProduction" class="Unit\HiPay\Tests\Fullservice\HTTP\Configuration\ConfigurationTest" classname="Unit.HiPay.Tests.Fullservice.HTTP.Configuration.ConfigurationTest" file="/home/tviardin/Bureau/projects/hipay-fullservice-sdk-php/tests/Unit/HiPay/Tests/Fullservice/HTTP/Configuration/ConfigurationTest.php" line="440" assertions="1" time="0.000464"/>
        <testcase name="testGetApiEndpointStage" class="Unit\HiPay\Tests\Fullservice\HTTP\Configuration\ConfigurationTest" classname="Unit.HiPay.Tests.Fullservice.HTTP.Configuration.ConfigurationTest" file="/home/tviardin/Bureau/projects/hipay-fullservice-sdk-php/tests/Unit/HiPay/Tests/Fullservice/HTTP/Configuration/ConfigurationTest.php" line="453" assertions="1" time="0.000456"/>
        <testcase name="testSetApiEnv" class="Unit\HiPay\Tests\Fullservice\HTTP\Configuration\ConfigurationTest" classname="Unit.HiPay.Tests.Fullservice.HTTP.Configuration.ConfigurationTest" file="/home/tviardin/Bureau/projects/hipay-fullservice-sdk-php/tests/Unit/HiPay/Tests/Fullservice/HTTP/Configuration/ConfigurationTest.php" line="466" assertions="2" time="0.000478"/>
        <testcase name="testGetApiEndpointV2FromV1" class="Unit\HiPay\Tests\Fullservice\HTTP\Configuration\ConfigurationTest" classname="Unit.HiPay.Tests.Fullservice.HTTP.Configuration.ConfigurationTest" file="/home/tviardin/Bureau/projects/hipay-fullservice-sdk-php/tests/Unit/HiPay/Tests/Fullservice/HTTP/Configuration/ConfigurationTest.php" line="484" assertions="1" time="0.000452"/>
        <testcase name="testGetApiEndpointV2Custom" class="Unit\HiPay\Tests\Fullservice\HTTP\Configuration\ConfigurationTest" classname="Unit.HiPay.Tests.Fullservice.HTTP.Configuration.ConfigurationTest" file="/home/tviardin/Bureau/projects/hipay-fullservice-sdk-php/tests/Unit/HiPay/Tests/Fullservice/HTTP/Configuration/ConfigurationTest.php" line="497" assertions="1" time="0.000458"/>
        <testcase name="testGetApiEndpointV2Stage" class="Unit\HiPay\Tests\Fullservice\HTTP\Configuration\ConfigurationTest" classname="Unit.HiPay.Tests.Fullservice.HTTP.Configuration.ConfigurationTest" file="/home/tviardin/Bureau/projects/hipay-fullservice-sdk-php/tests/Unit/HiPay/Tests/Fullservice/HTTP/Configuration/ConfigurationTest.php" line="513" assertions="1" time="0.000489"/>
        <testcase name="testGetApiEndpointV2Production" class="Unit\HiPay\Tests\Fullservice\HTTP\Configuration\ConfigurationTest" classname="Unit.HiPay.Tests.Fullservice.HTTP.Configuration.ConfigurationTest" file="/home/tviardin/Bureau/projects/hipay-fullservice-sdk-php/tests/Unit/HiPay/Tests/Fullservice/HTTP/Configuration/ConfigurationTest.php" line="528" assertions="1" time="0.000466"/>
        <testcase name="testGetDataApiEndpointProd" class="Unit\HiPay\Tests\Fullservice\HTTP\Configuration\ConfigurationTest" classname="Unit.HiPay.Tests.Fullservice.HTTP.Configuration.ConfigurationTest" file="/home/tviardin/Bureau/projects/hipay-fullservice-sdk-php/tests/Unit/HiPay/Tests/Fullservice/HTTP/Configuration/ConfigurationTest.php" line="543" assertions="1" time="0.000446"/>
        <testcase name="testGetDataApiEndpointStage" class="Unit\HiPay\Tests\Fullservice\HTTP\Configuration\ConfigurationTest" classname="Unit.HiPay.Tests.Fullservice.HTTP.Configuration.ConfigurationTest" file="/home/tviardin/Bureau/projects/hipay-fullservice-sdk-php/tests/Unit/HiPay/Tests/Fullservice/HTTP/Configuration/ConfigurationTest.php" line="554" assertions="1" time="0.000452"/>
        <testcase name="testGetDataApiEndpoint" class="Unit\HiPay\Tests\Fullservice\HTTP\Configuration\ConfigurationTest" classname="Unit.HiPay.Tests.Fullservice.HTTP.Configuration.ConfigurationTest" file="/home/tviardin/Bureau/projects/hipay-fullservice-sdk-php/tests/Unit/HiPay/Tests/Fullservice/HTTP/Configuration/ConfigurationTest.php" line="565" assertions="2" time="0.000546"/>
        <testcase name="testGetDataApiHttpUserAgent" class="Unit\HiPay\Tests\Fullservice\HTTP\Configuration\ConfigurationTest" classname="Unit.HiPay.Tests.Fullservice.HTTP.Configuration.ConfigurationTest" file="/home/tviardin/Bureau/projects/hipay-fullservice-sdk-php/tests/Unit/HiPay/Tests/Fullservice/HTTP/Configuration/ConfigurationTest.php" line="583" assertions="1" time="0.000555"/>
        <testcase name="testGetSecureVaultEndpointProd" class="Unit\HiPay\Tests\Fullservice\HTTP\Configuration\ConfigurationTest" classname="Unit.HiPay.Tests.Fullservice.HTTP.Configuration.ConfigurationTest" file="/home/tviardin/Bureau/projects/hipay-fullservice-sdk-php/tests/Unit/HiPay/Tests/Fullservice/HTTP/Configuration/ConfigurationTest.php" line="595" assertions="1" time="0.000486"/>
        <testcase name="testGetSecureVaultEndpointStage" class="Unit\HiPay\Tests\Fullservice\HTTP\Configuration\ConfigurationTest" classname="Unit.HiPay.Tests.Fullservice.HTTP.Configuration.ConfigurationTest" file="/home/tviardin/Bureau/projects/hipay-fullservice-sdk-php/tests/Unit/HiPay/Tests/Fullservice/HTTP/Configuration/ConfigurationTest.php" line="607" assertions="1" time="0.000579"/>
        <testcase name="testSetApiHTTPHeaderAccept" class="Unit\HiPay\Tests\Fullservice\HTTP\Configuration\ConfigurationTest" classname="Unit.HiPay.Tests.Fullservice.HTTP.Configuration.ConfigurationTest" file="/home/tviardin/Bureau/projects/hipay-fullservice-sdk-php/tests/Unit/HiPay/Tests/Fullservice/HTTP/Configuration/ConfigurationTest.php" line="619" assertions="2" time="0.000481"/>
        <testcase name="testSetProxy" class="Unit\HiPay\Tests\Fullservice\HTTP\Configuration\ConfigurationTest" classname="Unit.HiPay.Tests.Fullservice.HTTP.Configuration.ConfigurationTest" file="/home/tviardin/Bureau/projects/hipay-fullservice-sdk-php/tests/Unit/HiPay/Tests/Fullservice/HTTP/Configuration/ConfigurationTest.php" line="635" assertions="2" time="0.000569"/>
        <testcase name="testGetCurlTimeout" class="Unit\HiPay\Tests\Fullservice\HTTP\Configuration\ConfigurationTest" classname="Unit.HiPay.Tests.Fullservice.HTTP.Configuration.ConfigurationTest" file="/home/tviardin/Bureau/projects/hipay-fullservice-sdk-php/tests/Unit/HiPay/Tests/Fullservice/HTTP/Configuration/ConfigurationTest.php" line="658" assertions="1" time="0.000434"/>
        <testcase name="testSetCurlTimeout" class="Unit\HiPay\Tests\Fullservice\HTTP\Configuration\ConfigurationTest" classname="Unit.HiPay.Tests.Fullservice.HTTP.Configuration.ConfigurationTest" file="/home/tviardin/Bureau/projects/hipay-fullservice-sdk-php/tests/Unit/HiPay/Tests/Fullservice/HTTP/Configuration/ConfigurationTest.php" line="670" assertions="2" time="0.000476"/>
        <testcase name="testGetCurlConnectTimeout" class="Unit\HiPay\Tests\Fullservice\HTTP\Configuration\ConfigurationTest" classname="Unit.HiPay.Tests.Fullservice.HTTP.Configuration.ConfigurationTest" file="/home/tviardin/Bureau/projects/hipay-fullservice-sdk-php/tests/Unit/HiPay/Tests/Fullservice/HTTP/Configuration/ConfigurationTest.php" line="686" assertions="1" time="0.000432"/>
        <testcase name="testSetCurlConnectTimeout" class="Unit\HiPay\Tests\Fullservice\HTTP\Configuration\ConfigurationTest" classname="Unit.HiPay.Tests.Fullservice.HTTP.Configuration.ConfigurationTest" file="/home/tviardin/Bureau/projects/hipay-fullservice-sdk-php/tests/Unit/HiPay/Tests/Fullservice/HTTP/Configuration/ConfigurationTest.php" line="698" assertions="2" time="0.000468"/>
        <testcase name="testIsOverridePaymentProductSorting" class="Unit\HiPay\Tests\Fullservice\HTTP\Configuration\ConfigurationTest" classname="Unit.HiPay.Tests.Fullservice.HTTP.Configuration.ConfigurationTest" file="/home/tviardin/Bureau/projects/hipay-fullservice-sdk-php/tests/Unit/HiPay/Tests/Fullservice/HTTP/Configuration/ConfigurationTest.php" line="714" assertions="1" time="0.000433"/>
        <testcase name="testSetOverridePaymentProductSorting" class="Unit\HiPay\Tests\Fullservice\HTTP\Configuration\ConfigurationTest" classname="Unit.HiPay.Tests.Fullservice.HTTP.Configuration.ConfigurationTest" file="/home/tviardin/Bureau/projects/hipay-fullservice-sdk-php/tests/Unit/HiPay/Tests/Fullservice/HTTP/Configuration/ConfigurationTest.php" line="726" assertions="2" time="0.000500"/>
      </testsuite>
      <testsuite name="Unit\HiPay\Tests\Fullservice\HTTP\Response\AbstractResponseTest" file="/home/tviardin/Bureau/projects/hipay-fullservice-sdk-php/tests/Unit/HiPay/Tests/Fullservice/HTTP/Response/AbstractResponseTest.php" tests="5" assertions="5" errors="0" failures="0" skipped="0" time="0.005940">
        <testcase name="testCannotBeConstructFromNonStringValue" class="Unit\HiPay\Tests\Fullservice\HTTP\Response\AbstractResponseTest" classname="Unit.HiPay.Tests.Fullservice.HTTP.Response.AbstractResponseTest" file="/home/tviardin/Bureau/projects/hipay-fullservice-sdk-php/tests/Unit/HiPay/Tests/Fullservice/HTTP/Response/AbstractResponseTest.php" line="24" assertions="1" time="0.001258"/>
        <testcase name="testCannotBeConstructFromNonNumericValue" class="Unit\HiPay\Tests\Fullservice\HTTP\Response\AbstractResponseTest" classname="Unit.HiPay.Tests.Fullservice.HTTP.Response.AbstractResponseTest" file="/home/tviardin/Bureau/projects/hipay-fullservice-sdk-php/tests/Unit/HiPay/Tests/Fullservice/HTTP/Response/AbstractResponseTest.php" line="36" assertions="1" time="0.000869"/>
        <testcase name="testCannotBeConstructFromNonArrayValue" class="Unit\HiPay\Tests\Fullservice\HTTP\Response\AbstractResponseTest" classname="Unit.HiPay.Tests.Fullservice.HTTP.Response.AbstractResponseTest" file="/home/tviardin/Bureau/projects/hipay-fullservice-sdk-php/tests/Unit/HiPay/Tests/Fullservice/HTTP/Response/AbstractResponseTest.php" line="47" assertions="1" time="0.000813"/>
        <testcase name="testObjectBanBeConstructFromNumericStatusCodeArgument" class="Unit\HiPay\Tests\Fullservice\HTTP\Response\AbstractResponseTest" classname="Unit.HiPay.Tests.Fullservice.HTTP.Response.AbstractResponseTest" file="/home/tviardin/Bureau/projects/hipay-fullservice-sdk-php/tests/Unit/HiPay/Tests/Fullservice/HTTP/Response/AbstractResponseTest.php" line="58" assertions="1" time="0.000774"/>
        <testcase name="testObjectBanBeConstructUsingValidArguments" class="Unit\HiPay\Tests\Fullservice\HTTP\Response\AbstractResponseTest" classname="Unit.HiPay.Tests.Fullservice.HTTP.Response.AbstractResponseTest" file="/home/tviardin/Bureau/projects/hipay-fullservice-sdk-php/tests/Unit/HiPay/Tests/Fullservice/HTTP/Response/AbstractResponseTest.php" line="67" assertions="1" time="0.002226"/>
      </testsuite>
      <testsuite name="Unit\HiPay\Tests\Fullservice\HTTP\Response\ResponseTest" file="/home/tviardin/Bureau/projects/hipay-fullservice-sdk-php/tests/Unit/HiPay/Tests/Fullservice/HTTP/Response/ResponseTest.php" tests="12" assertions="14" errors="0" failures="0" skipped="0" time="0.005878">
        <testcase name="testCannotBeConstructFromNonStringValue" class="Unit\HiPay\Tests\Fullservice\HTTP\Response\ResponseTest" classname="Unit.HiPay.Tests.Fullservice.HTTP.Response.ResponseTest" file="/home/tviardin/Bureau/projects/hipay-fullservice-sdk-php/tests/Unit/HiPay/Tests/Fullservice/HTTP/Response/ResponseTest.php" line="25" assertions="1" time="0.000540"/>
        <testcase name="testCannotBeConstructFromNonNumericValue" class="Unit\HiPay\Tests\Fullservice\HTTP\Response\ResponseTest" classname="Unit.HiPay.Tests.Fullservice.HTTP.Response.ResponseTest" file="/home/tviardin/Bureau/projects/hipay-fullservice-sdk-php/tests/Unit/HiPay/Tests/Fullservice/HTTP/Response/ResponseTest.php" line="34" assertions="1" time="0.000559"/>
        <testcase name="testCannotBeConstructFromNonArrayValue" class="Unit\HiPay\Tests\Fullservice\HTTP\Response\ResponseTest" classname="Unit.HiPay.Tests.Fullservice.HTTP.Response.ResponseTest" file="/home/tviardin/Bureau/projects/hipay-fullservice-sdk-php/tests/Unit/HiPay/Tests/Fullservice/HTTP/Response/ResponseTest.php" line="43" assertions="1" time="0.000499"/>
        <testcase name="testObjectBanBeConstructFromNumericStatusCodeArgument" class="Unit\HiPay\Tests\Fullservice\HTTP\Response\ResponseTest" classname="Unit.HiPay.Tests.Fullservice.HTTP.Response.ResponseTest" file="/home/tviardin/Bureau/projects/hipay-fullservice-sdk-php/tests/Unit/HiPay/Tests/Fullservice/HTTP/Response/ResponseTest.php" line="52" assertions="1" time="0.000468"/>
        <testcase name="testObjectBanBeConstructUsingValidArguments" class="Unit\HiPay\Tests\Fullservice\HTTP\Response\ResponseTest" classname="Unit.HiPay.Tests.Fullservice.HTTP.Response.ResponseTest" file="/home/tviardin/Bureau/projects/hipay-fullservice-sdk-php/tests/Unit/HiPay/Tests/Fullservice/HTTP/Response/ResponseTest.php" line="60" assertions="1" time="0.000431"/>
        <testcase name="testCanRetrieveStatusCode" class="Unit\HiPay\Tests\Fullservice\HTTP\Response\ResponseTest" classname="Unit.HiPay.Tests.Fullservice.HTTP.Response.ResponseTest" file="/home/tviardin/Bureau/projects/hipay-fullservice-sdk-php/tests/Unit/HiPay/Tests/Fullservice/HTTP/Response/ResponseTest.php" line="71" assertions="1" time="0.000418"/>
        <testcase name="testCanRetrieveBody" class="Unit\HiPay\Tests\Fullservice\HTTP\Response\ResponseTest" classname="Unit.HiPay.Tests.Fullservice.HTTP.Response.ResponseTest" file="/home/tviardin/Bureau/projects/hipay-fullservice-sdk-php/tests/Unit/HiPay/Tests/Fullservice/HTTP/Response/ResponseTest.php" line="80" assertions="1" time="0.000416"/>
        <testcase name="testCanRetrieveHeaders" class="Unit\HiPay\Tests\Fullservice\HTTP\Response\ResponseTest" classname="Unit.HiPay.Tests.Fullservice.HTTP.Response.ResponseTest" file="/home/tviardin/Bureau/projects/hipay-fullservice-sdk-php/tests/Unit/HiPay/Tests/Fullservice/HTTP/Response/ResponseTest.php" line="89" assertions="1" time="0.000464"/>
        <testcase name="testToArrayCannotBeRetrievedFromInvalidHeaderKey" class="Unit\HiPay\Tests\Fullservice\HTTP\Response\ResponseTest" classname="Unit.HiPay.Tests.Fullservice.HTTP.Response.ResponseTest" file="/home/tviardin/Bureau/projects/hipay-fullservice-sdk-php/tests/Unit/HiPay/Tests/Fullservice/HTTP/Response/ResponseTest.php" line="99" assertions="1" time="0.000461"/>
        <testcase name="testToArrayCannotBeRetrievedUsingInvalidContentTypeHeader" class="Unit\HiPay\Tests\Fullservice\HTTP\Response\ResponseTest" classname="Unit.HiPay.Tests.Fullservice.HTTP.Response.ResponseTest" file="/home/tviardin/Bureau/projects/hipay-fullservice-sdk-php/tests/Unit/HiPay/Tests/Fullservice/HTTP/Response/ResponseTest.php" line="108" assertions="1" time="0.000528"/>
        <testcase name="testToArrayCannotBeRetrievedUsingInvalidJsonBody" class="Unit\HiPay\Tests\Fullservice\HTTP\Response\ResponseTest" classname="Unit.HiPay.Tests.Fullservice.HTTP.Response.ResponseTest" file="/home/tviardin/Bureau/projects/hipay-fullservice-sdk-php/tests/Unit/HiPay/Tests/Fullservice/HTTP/Response/ResponseTest.php" line="118" assertions="1" time="0.000518"/>
        <testcase name="testCanBeConvertedJsonBodyToArrayAndRetrieveIt" class="Unit\HiPay\Tests\Fullservice\HTTP\Response\ResponseTest" classname="Unit.HiPay.Tests.Fullservice.HTTP.Response.ResponseTest" file="/home/tviardin/Bureau/projects/hipay-fullservice-sdk-php/tests/Unit/HiPay/Tests/Fullservice/HTTP/Response/ResponseTest.php" line="128" assertions="3" time="0.000576"/>
      </testsuite>
      <testsuite name="Unit\HiPay\Tests\Fullservice\HTTP\SimpleHTTPClientTest" file="/home/tviardin/Bureau/projects/hipay-fullservice-sdk-php/tests/Unit/HiPay/Tests/Fullservice/HTTP/SimpleHTTPClientTest.php" tests="15" assertions="23" errors="0" failures="0" skipped="0" time="0.173257">
        <testcase name="testCannotBeConstructFromInvalidArgument" class="Unit\HiPay\Tests\Fullservice\HTTP\SimpleHTTPClientTest" classname="Unit.HiPay.Tests.Fullservice.HTTP.SimpleHTTPClientTest" file="/home/tviardin/Bureau/projects/hipay-fullservice-sdk-php/tests/Unit/HiPay/Tests/Fullservice/HTTP/SimpleHTTPClientTest.php" line="45" assertions="2" time="0.000532"/>
        <testcase name="testCanBeConstructUsingConfiguration" class="Unit\HiPay\Tests\Fullservice\HTTP\SimpleHTTPClientTest" classname="Unit.HiPay.Tests.Fullservice.HTTP.SimpleHTTPClientTest" file="/home/tviardin/Bureau/projects/hipay-fullservice-sdk-php/tests/Unit/HiPay/Tests/Fullservice/HTTP/SimpleHTTPClientTest.php" line="56" assertions="1" time="0.000487"/>
        <testcase name="testConfigurationCanBeRetrieved" class="Unit\HiPay\Tests\Fullservice\HTTP\SimpleHTTPClientTest" classname="Unit.HiPay.Tests.Fullservice.HTTP.SimpleHTTPClientTest" file="/home/tviardin/Bureau/projects/hipay-fullservice-sdk-php/tests/Unit/HiPay/Tests/Fullservice/HTTP/SimpleHTTPClientTest.php" line="69" assertions="1" time="0.000427"/>
        <testcase name="testConfigurationCanBeSetted" class="Unit\HiPay\Tests\Fullservice\HTTP\SimpleHTTPClientTest" classname="Unit.HiPay.Tests.Fullservice.HTTP.SimpleHTTPClientTest" file="/home/tviardin/Bureau/projects/hipay-fullservice-sdk-php/tests/Unit/HiPay/Tests/Fullservice/HTTP/SimpleHTTPClientTest.php" line="81" assertions="2" time="0.000582"/>
        <testcase name="testHttpClientCanBeRetrieved" class="Unit\HiPay\Tests\Fullservice\HTTP\SimpleHTTPClientTest" classname="Unit.HiPay.Tests.Fullservice.HTTP.SimpleHTTPClientTest" file="/home/tviardin/Bureau/projects/hipay-fullservice-sdk-php/tests/Unit/HiPay/Tests/Fullservice/HTTP/SimpleHTTPClientTest.php" line="102" assertions="2" time="0.000515"/>
        <testcase name="testRequestCannotBeExcutedFromAllInvalidArguments" class="Unit\HiPay\Tests\Fullservice\HTTP\SimpleHTTPClientTest" classname="Unit.HiPay.Tests.Fullservice.HTTP.SimpleHTTPClientTest" file="/home/tviardin/Bureau/projects/hipay-fullservice-sdk-php/tests/Unit/HiPay/Tests/Fullservice/HTTP/SimpleHTTPClientTest.php" line="112" assertions="1" time="0.000449"/>
        <testcase name="testRequestCannotBeExecutedFromRequiredInvalidMethod" class="Unit\HiPay\Tests\Fullservice\HTTP\SimpleHTTPClientTest" classname="Unit.HiPay.Tests.Fullservice.HTTP.SimpleHTTPClientTest" file="/home/tviardin/Bureau/projects/hipay-fullservice-sdk-php/tests/Unit/HiPay/Tests/Fullservice/HTTP/SimpleHTTPClientTest.php" line="122" assertions="2" time="0.000553"/>
        <testcase name="testRequestCannotBeExecutedFromInvalidHTTPMethod" class="Unit\HiPay\Tests\Fullservice\HTTP\SimpleHTTPClientTest" classname="Unit.HiPay.Tests.Fullservice.HTTP.SimpleHTTPClientTest" file="/home/tviardin/Bureau/projects/hipay-fullservice-sdk-php/tests/Unit/HiPay/Tests/Fullservice/HTTP/SimpleHTTPClientTest.php" line="132" assertions="1" time="0.000797"/>
        <testcase name="testRequestCannotBeExecutedFromInvalidEndpoint" class="Unit\HiPay\Tests\Fullservice\HTTP\SimpleHTTPClientTest" classname="Unit.HiPay.Tests.Fullservice.HTTP.SimpleHTTPClientTest" file="/home/tviardin/Bureau/projects/hipay-fullservice-sdk-php/tests/Unit/HiPay/Tests/Fullservice/HTTP/SimpleHTTPClientTest.php" line="141" assertions="1" time="0.000509"/>
        <testcase name="testRequestCanBeExecutedWithProxy" class="Unit\HiPay\Tests\Fullservice\HTTP\SimpleHTTPClientTest" classname="Unit.HiPay.Tests.Fullservice.HTTP.SimpleHTTPClientTest" file="/home/tviardin/Bureau/projects/hipay-fullservice-sdk-php/tests/Unit/HiPay/Tests/Fullservice/HTTP/SimpleHTTPClientTest.php" line="150" assertions="2" time="0.000944"/>
        <testcase name="testCurlExceptionIsRaisedForNetworkFailure" class="Unit\HiPay\Tests\Fullservice\HTTP\SimpleHTTPClientTest" classname="Unit.HiPay.Tests.Fullservice.HTTP.SimpleHTTPClientTest" file="/home/tviardin/Bureau/projects/hipay-fullservice-sdk-php/tests/Unit/HiPay/Tests/Fullservice/HTTP/SimpleHTTPClientTest.php" line="175" assertions="2" time="0.014558"/>
        <testcase name="testApiErrorExceptionIsRaisedForParsableHttpResponse" class="Unit\HiPay\Tests\Fullservice\HTTP\SimpleHTTPClientTest" classname="Unit.HiPay.Tests.Fullservice.HTTP.SimpleHTTPClientTest" file="/home/tviardin/Bureau/projects/hipay-fullservice-sdk-php/tests/Unit/HiPay/Tests/Fullservice/HTTP/SimpleHTTPClientTest.php" line="189" assertions="2" time="0.035641"/>
        <testcase name="testHttpErrorExceptionIsRaisedForNotParsableHttpResponse" class="Unit\HiPay\Tests\Fullservice\HTTP\SimpleHTTPClientTest" classname="Unit.HiPay.Tests.Fullservice.HTTP.SimpleHTTPClientTest" file="/home/tviardin/Bureau/projects/hipay-fullservice-sdk-php/tests/Unit/HiPay/Tests/Fullservice/HTTP/SimpleHTTPClientTest.php" line="203" assertions="2" time="0.031547"/>
        <testcase name="testHttpSuccessVaultRequest" class="Unit\HiPay\Tests\Fullservice\HTTP\SimpleHTTPClientTest" classname="Unit.HiPay.Tests.Fullservice.HTTP.SimpleHTTPClientTest" file="/home/tviardin/Bureau/projects/hipay-fullservice-sdk-php/tests/Unit/HiPay/Tests/Fullservice/HTTP/SimpleHTTPClientTest.php" line="216" assertions="1" time="0.039080"/>
        <testcase name="testHttpSuccessApiRequest" class="Unit\HiPay\Tests\Fullservice\HTTP\SimpleHTTPClientTest" classname="Unit.HiPay.Tests.Fullservice.HTTP.SimpleHTTPClientTest" file="/home/tviardin/Bureau/projects/hipay-fullservice-sdk-php/tests/Unit/HiPay/Tests/Fullservice/HTTP/SimpleHTTPClientTest.php" line="228" assertions="1" time="0.046637"/>
      </testsuite>
      <testsuite name="Unit\HiPay\Tests\Fullservice\Helper\ConvertTest" file="/home/tviardin/Bureau/projects/hipay-fullservice-sdk-php/tests/Unit/HiPay/Tests/Fullservice/Helper/ConvertTest.php" tests="3" assertions="10" errors="0" failures="0" skipped="0" time="0.008144">
        <testcase name="testToCamelCase" class="Unit\HiPay\Tests\Fullservice\Helper\ConvertTest" classname="Unit.HiPay.Tests.Fullservice.Helper.ConvertTest" file="/home/tviardin/Bureau/projects/hipay-fullservice-sdk-php/tests/Unit/HiPay/Tests/Fullservice/Helper/ConvertTest.php" line="33" assertions="3" time="0.001624"/>
        <testcase name="testToUnderscored" class="Unit\HiPay\Tests\Fullservice\Helper\ConvertTest" classname="Unit.HiPay.Tests.Fullservice.Helper.ConvertTest" file="/home/tviardin/Bureau/projects/hipay-fullservice-sdk-php/tests/Unit/HiPay/Tests/Fullservice/Helper/ConvertTest.php" line="40" assertions="3" time="0.002503"/>
        <testcase name="testArrayKeysToCamelCase" class="Unit\HiPay\Tests\Fullservice\Helper\ConvertTest" classname="Unit.HiPay.Tests.Fullservice.Helper.ConvertTest" file="/home/tviardin/Bureau/projects/hipay-fullservice-sdk-php/tests/Unit/HiPay/Tests/Fullservice/Helper/ConvertTest.php" line="47" assertions="4" time="0.004017"/>
      </testsuite>
      <testsuite name="Unit\HiPay\Tests\Fullservice\Helper\MerchantPromotionCalculatorTest" file="/home/tviardin/Bureau/projects/hipay-fullservice-sdk-php/tests/Unit/HiPay/Tests/Fullservice/Helper/MerchantPromotionCalculatorTest.php" tests="1" assertions="5" errors="0" failures="0" skipped="0" time="0.002470">
        <testcase name="testCalculate" class="Unit\HiPay\Tests\Fullservice\Helper\MerchantPromotionCalculatorTest" classname="Unit.HiPay.Tests.Fullservice.Helper.MerchantPromotionCalculatorTest" file="/home/tviardin/Bureau/projects/hipay-fullservice-sdk-php/tests/Unit/HiPay/Tests/Fullservice/Helper/MerchantPromotionCalculatorTest.php" line="33" assertions="5" time="0.002470"/>
      </testsuite>
      <testsuite name="Unit\HiPay\Tests\Helper\SignatureTest" file="/home/tviardin/Bureau/projects/hipay-fullservice-sdk-php/tests/Unit/HiPay/Tests/Fullservice/Helper/SignatureTest.php" tests="12" assertions="12" errors="0" failures="0" skipped="0" time="0.017402">
        <testcase name="testIsValidHttpSignatureSHA1Valid" class="Unit\HiPay\Tests\Helper\SignatureTest" classname="Unit.HiPay.Tests.Helper.SignatureTest" file="/home/tviardin/Bureau/projects/hipay-fullservice-sdk-php/tests/Unit/HiPay/Tests/Fullservice/Helper/SignatureTest.php" line="45" assertions="1" time="0.002032"/>
        <testcase name="testIsValidHttpSignatureSHA1NotValid" class="Unit\HiPay\Tests\Helper\SignatureTest" classname="Unit.HiPay.Tests.Helper.SignatureTest" file="/home/tviardin/Bureau/projects/hipay-fullservice-sdk-php/tests/Unit/HiPay/Tests/Fullservice/Helper/SignatureTest.php" line="53" assertions="1" time="0.002395"/>
        <testcase name="testIsValidHttpSignatureSHA256Valid" class="Unit\HiPay\Tests\Helper\SignatureTest" classname="Unit.HiPay.Tests.Helper.SignatureTest" file="/home/tviardin/Bureau/projects/hipay-fullservice-sdk-php/tests/Unit/HiPay/Tests/Fullservice/Helper/SignatureTest.php" line="61" assertions="1" time="0.001968"/>
        <testcase name="testIsValidHttpSignatureSHA256NotValid" class="Unit\HiPay\Tests\Helper\SignatureTest" classname="Unit.HiPay.Tests.Helper.SignatureTest" file="/home/tviardin/Bureau/projects/hipay-fullservice-sdk-php/tests/Unit/HiPay/Tests/Fullservice/Helper/SignatureTest.php" line="69" assertions="1" time="0.002415"/>
        <testcase name="testIsValidHttpSignatureSHA512Valid" class="Unit\HiPay\Tests\Helper\SignatureTest" classname="Unit.HiPay.Tests.Helper.SignatureTest" file="/home/tviardin/Bureau/projects/hipay-fullservice-sdk-php/tests/Unit/HiPay/Tests/Fullservice/Helper/SignatureTest.php" line="77" assertions="1" time="0.001547"/>
        <testcase name="testIsValidHttpSignatureSHA512NotValid" class="Unit\HiPay\Tests\Helper\SignatureTest" classname="Unit.HiPay.Tests.Helper.SignatureTest" file="/home/tviardin/Bureau/projects/hipay-fullservice-sdk-php/tests/Unit/HiPay/Tests/Fullservice/Helper/SignatureTest.php" line="85" assertions="1" time="0.001036"/>
        <testcase name="testIsSameHashAlgorithmSHA1" class="Unit\HiPay\Tests\Helper\SignatureTest" classname="Unit.HiPay.Tests.Helper.SignatureTest" file="/home/tviardin/Bureau/projects/hipay-fullservice-sdk-php/tests/Unit/HiPay/Tests/Fullservice/Helper/SignatureTest.php" line="93" assertions="1" time="0.000953"/>
        <testcase name="testIsNotSameHashAlgorithmSHA1" class="Unit\HiPay\Tests\Helper\SignatureTest" classname="Unit.HiPay.Tests.Helper.SignatureTest" file="/home/tviardin/Bureau/projects/hipay-fullservice-sdk-php/tests/Unit/HiPay/Tests/Fullservice/Helper/SignatureTest.php" line="101" assertions="1" time="0.000982"/>
        <testcase name="testIsSameHashAlgorithmSHA256" class="Unit\HiPay\Tests\Helper\SignatureTest" classname="Unit.HiPay.Tests.Helper.SignatureTest" file="/home/tviardin/Bureau/projects/hipay-fullservice-sdk-php/tests/Unit/HiPay/Tests/Fullservice/Helper/SignatureTest.php" line="109" assertions="1" time="0.001042"/>
        <testcase name="testIsNotSameHashAlgorithmSHA256" class="Unit\HiPay\Tests\Helper\SignatureTest" classname="Unit.HiPay.Tests.Helper.SignatureTest" file="/home/tviardin/Bureau/projects/hipay-fullservice-sdk-php/tests/Unit/HiPay/Tests/Fullservice/Helper/SignatureTest.php" line="117" assertions="1" time="0.001339"/>
        <testcase name="testIsSameHashAlgorithmSHA512" class="Unit\HiPay\Tests\Helper\SignatureTest" classname="Unit.HiPay.Tests.Helper.SignatureTest" file="/home/tviardin/Bureau/projects/hipay-fullservice-sdk-php/tests/Unit/HiPay/Tests/Fullservice/Helper/SignatureTest.php" line="125" assertions="1" time="0.000861"/>
        <testcase name="testIsNotSameHashAlgorithmSHA512" class="Unit\HiPay\Tests\Helper\SignatureTest" classname="Unit.HiPay.Tests.Helper.SignatureTest" file="/home/tviardin/Bureau/projects/hipay-fullservice-sdk-php/tests/Unit/HiPay/Tests/Fullservice/Helper/SignatureTest.php" line="133" assertions="1" time="0.000832"/>
      </testsuite>
      <testsuite name="Unit\HiPay\Tests\Fullservice\Mapper\AbstractMapperTest" file="/home/tviardin/Bureau/projects/hipay-fullservice-sdk-php/tests/Unit/HiPay/Tests/Fullservice/Mapper/AbstractMapperTest.php" tests="3" assertions="3" errors="0" failures="0" skipped="0" time="0.007670">
        <testcase name="testCannotBeConstructUsingInvalidArgument" class="Unit\HiPay\Tests\Fullservice\Mapper\AbstractMapperTest" classname="Unit.HiPay.Tests.Fullservice.Mapper.AbstractMapperTest" file="/home/tviardin/Bureau/projects/hipay-fullservice-sdk-php/tests/Unit/HiPay/Tests/Fullservice/Mapper/AbstractMapperTest.php" line="39" assertions="1" time="0.003740"/>
        <testcase name="testCannotBeConstructWithEmptyArray" class="Unit\HiPay\Tests\Fullservice\Mapper\AbstractMapperTest" classname="Unit.HiPay.Tests.Fullservice.Mapper.AbstractMapperTest" file="/home/tviardin/Bureau/projects/hipay-fullservice-sdk-php/tests/Unit/HiPay/Tests/Fullservice/Mapper/AbstractMapperTest.php" line="50" assertions="1" time="0.001539"/>
        <testcase name="testCanConstructUsingValidArgument" class="Unit\HiPay\Tests\Fullservice\Mapper\AbstractMapperTest" classname="Unit.HiPay.Tests.Fullservice.Mapper.AbstractMapperTest" file="/home/tviardin/Bureau/projects/hipay-fullservice-sdk-php/tests/Unit/HiPay/Tests/Fullservice/Mapper/AbstractMapperTest.php" line="60" assertions="1" time="0.002391"/>
      </testsuite>
      <testsuite name="Unit\HiPay\Tests\Fullservice\Model\AbstractModelTest" file="/home/tviardin/Bureau/projects/hipay-fullservice-sdk-php/tests/Unit/HiPay/Tests/Fullservice/Model/AbstractModelTest.php" tests="3" assertions="3" errors="0" failures="0" skipped="0" time="0.010149">
        <testcase name="testToArrayComplex" class="Unit\HiPay\Tests\Fullservice\Model\AbstractModelTest" classname="Unit.HiPay.Tests.Fullservice.Model.AbstractModelTest" file="/home/tviardin/Bureau/projects/hipay-fullservice-sdk-php/tests/Unit/HiPay/Tests/Fullservice/Model/AbstractModelTest.php" line="34" assertions="1" time="0.006868"/>
        <testcase name="testToArraySimple" class="Unit\HiPay\Tests\Fullservice\Model\AbstractModelTest" classname="Unit.HiPay.Tests.Fullservice.Model.AbstractModelTest" file="/home/tviardin/Bureau/projects/hipay-fullservice-sdk-php/tests/Unit/HiPay/Tests/Fullservice/Model/AbstractModelTest.php" line="58" assertions="1" time="0.002158"/>
        <testcase name="testToJson" class="Unit\HiPay\Tests\Fullservice\Model\AbstractModelTest" classname="Unit.HiPay.Tests.Fullservice.Model.AbstractModelTest" file="/home/tviardin/Bureau/projects/hipay-fullservice-sdk-php/tests/Unit/HiPay/Tests/Fullservice/Model/AbstractModelTest.php" line="72" assertions="1" time="0.001123"/>
      </testsuite>
      <testsuite name="Unit\HiPay\Tests\Fullservice\Request\AbstractRequestTest" file="/home/tviardin/Bureau/projects/hipay-fullservice-sdk-php/tests/Unit/HiPay/Tests/Fullservice/Request/AbstractRequestTest.php" tests="2" assertions="6" errors="0" failures="0" skipped="0" time="0.004158">
        <testcase name="testCanBeConstruct" class="Unit\HiPay\Tests\Fullservice\Request\AbstractRequestTest" classname="Unit.HiPay.Tests.Fullservice.Request.AbstractRequestTest" file="/home/tviardin/Bureau/projects/hipay-fullservice-sdk-php/tests/Unit/HiPay/Tests/Fullservice/Request/AbstractRequestTest.php" line="41" assertions="1" time="0.001799"/>
        <testcase name="testPropertiesCanBeSetted" class="Unit\HiPay\Tests\Fullservice\Request\AbstractRequestTest" classname="Unit.HiPay.Tests.Fullservice.Request.AbstractRequestTest" file="/home/tviardin/Bureau/projects/hipay-fullservice-sdk-php/tests/Unit/HiPay/Tests/Fullservice/Request/AbstractRequestTest.php" line="54" assertions="5" time="0.002359"/>
      </testsuite>
      <testsuite name="Unit\HiPay\Tests\Fullservice\Request\RequestSerializerTest" file="/home/tviardin/Bureau/projects/hipay-fullservice-sdk-php/tests/Unit/HiPay/Tests/Fullservice/Request/RequestSerializerTest.php" tests="4" assertions="16" errors="0" failures="0" skipped="0" time="0.006885">
        <testcase name="testCanBeConstructUsingAbstractRequest" class="Unit\HiPay\Tests\Fullservice\Request\RequestSerializerTest" classname="Unit.HiPay.Tests.Fullservice.Request.RequestSerializerTest" file="/home/tviardin/Bureau/projects/hipay-fullservice-sdk-php/tests/Unit/HiPay/Tests/Fullservice/Request/RequestSerializerTest.php" line="40" assertions="1" time="0.004096"/>
        <testcase name="testRequestCanBeRetrieveToArray" class="Unit\HiPay\Tests\Fullservice\Request\RequestSerializerTest" classname="Unit.HiPay.Tests.Fullservice.Request.RequestSerializerTest" file="/home/tviardin/Bureau/projects/hipay-fullservice-sdk-php/tests/Unit/HiPay/Tests/Fullservice/Request/RequestSerializerTest.php" line="72" assertions="12" time="0.001337"/>
        <testcase name="testOnlyScalarParamsCanBeRetrieved" class="Unit\HiPay\Tests\Fullservice\Request\RequestSerializerTest" classname="Unit.HiPay.Tests.Fullservice.Request.RequestSerializerTest" file="/home/tviardin/Bureau/projects/hipay-fullservice-sdk-php/tests/Unit/HiPay/Tests/Fullservice/Request/RequestSerializerTest.php" line="110" assertions="2" time="0.000540"/>
        <testcase name="testRequestCanBeRetrieveToJson" class="Unit\HiPay\Tests\Fullservice\Request\RequestSerializerTest" classname="Unit.HiPay.Tests.Fullservice.Request.RequestSerializerTest" file="/home/tviardin/Bureau/projects/hipay-fullservice-sdk-php/tests/Unit/HiPay/Tests/Fullservice/Request/RequestSerializerTest.php" line="120" assertions="1" time="0.000912"/>
      </testsuite>
      <testsuite name="Unit\HiPay\Tests\Fullservice\Gateway\Client\SecureVaultClientTest" file="/home/tviardin/Bureau/projects/hipay-fullservice-sdk-php/tests/Unit/HiPay/Tests/Fullservice/SecureVault/Client/SecureVaultClientTest.php" tests="2" assertions="2" errors="0" failures="0" skipped="0" time="0.028259">
        <testcase name="testCanBeConstructUsingClientProvider" class="Unit\HiPay\Tests\Fullservice\Gateway\Client\SecureVaultClientTest" classname="Unit.HiPay.Tests.Fullservice.Gateway.Client.SecureVaultClientTest" file="/home/tviardin/Bureau/projects/hipay-fullservice-sdk-php/tests/Unit/HiPay/Tests/Fullservice/SecureVault/Client/SecureVaultClientTest.php" line="78" assertions="1" time="0.012322"/>
        <testcase name="testRequestLookupToken" class="Unit\HiPay\Tests\Fullservice\Gateway\Client\SecureVaultClientTest" classname="Unit.HiPay.Tests.Fullservice.Gateway.Client.SecureVaultClientTest" file="/home/tviardin/Bureau/projects/hipay-fullservice-sdk-php/tests/Unit/HiPay/Tests/Fullservice/SecureVault/Client/SecureVaultClientTest.php" line="91" assertions="1" time="0.015937"/>
      </testsuite>
      <testsuite name="Unit\HiPay\Tests\Fullservice\SecureVault\Mapper\PaymentCardTokenMapperTest" file="/home/tviardin/Bureau/projects/hipay-fullservice-sdk-php/tests/Unit/HiPay/Tests/Fullservice/SecureVault/Mapper/PaymentCardTokenMapperTest.php" tests="2" assertions="16" errors="0" failures="0" skipped="0" time="0.001663">
        <testcase name="testConstruct" class="Unit\HiPay\Tests\Fullservice\SecureVault\Mapper\PaymentCardTokenMapperTest" classname="Unit.HiPay.Tests.Fullservice.SecureVault.Mapper.PaymentCardTokenMapperTest" file="/home/tviardin/Bureau/projects/hipay-fullservice-sdk-php/tests/Unit/HiPay/Tests/Fullservice/SecureVault/Mapper/PaymentCardTokenMapperTest.php" line="34" assertions="1" time="0.000630"/>
        <testcase name="testMapResponseToModel" class="Unit\HiPay\Tests\Fullservice\SecureVault\Mapper\PaymentCardTokenMapperTest" classname="Unit.HiPay.Tests.Fullservice.SecureVault.Mapper.PaymentCardTokenMapperTest" file="/home/tviardin/Bureau/projects/hipay-fullservice-sdk-php/tests/Unit/HiPay/Tests/Fullservice/SecureVault/Mapper/PaymentCardTokenMapperTest.php" line="47" assertions="15" time="0.001033"/>
      </testsuite>
    </testsuite>
    <testsuite name="integration" tests="1" assertions="8" errors="0" failures="0" skipped="0" time="0.285090">
      <testsuite name="Integration\HiPay\Tests\Fullservice\GatewayTest" file="/home/tviardin/Bureau/projects/hipay-fullservice-sdk-php/tests/Integration/HiPay/Tests/Fullservice/GatewayTest.php" tests="1" assertions="8" errors="0" failures="0" skipped="0" time="0.285090">
        <testcase name="testNewOrderAlreadyPaid" class="Integration\HiPay\Tests\Fullservice\GatewayTest" classname="Integration.HiPay.Tests.Fullservice.GatewayTest" file="/home/tviardin/Bureau/projects/hipay-fullservice-sdk-php/tests/Integration/HiPay/Tests/Fullservice/GatewayTest.php" line="17" assertions="8" time="0.285090"/>
      </testsuite>
    </testsuite>
  </testsuite>
</testsuites>
