<?xml version="1.0" encoding="UTF-8"?>
<testsuites>
  <testsuite name="" tests="350" assertions="799" errors="0" failures="1" skipped="0" time="7.740154">
    <testsuite name="unit" tests="348" assertions="783" errors="0" failures="0" skipped="0" time="0.408761">
      <testsuite name="Unit\HiPay\Tests\Data\Category\CollectionTest" file="/home/tviardin/Bureau/projects/hipay-fullservice-sdk-php/tests/Unit/HiPay/Tests/Fullservice/Data/Category/CollectionTest.php" tests="1" assertions="25" errors="0" failures="0" skipped="0" time="0.001359">
        <testcase name="testGetItems" class="Unit\HiPay\Tests\Data\Category\CollectionTest" classname="Unit.HiPay.Tests.Data.Category.CollectionTest" file="/home/tviardin/Bureau/projects/hipay-fullservice-sdk-php/tests/Unit/HiPay/Tests/Fullservice/Data/Category/CollectionTest.php" line="10" assertions="25" time="0.001359"/>
      </testsuite>
      <testsuite name="Unit\HiPay\Tests\Data\CategoryTest" file="/home/tviardin/Bureau/projects/hipay-fullservice-sdk-php/tests/Unit/HiPay/Tests/Fullservice/Data/CategoryTest.php" tests="5" assertions="9" errors="0" failures="0" skipped="0" time="0.001358">
        <testcase name="testConstruct" class="Unit\HiPay\Tests\Data\CategoryTest" classname="Unit.HiPay.Tests.Data.CategoryTest" file="/home/tviardin/Bureau/projects/hipay-fullservice-sdk-php/tests/Unit/HiPay/Tests/Fullservice/Data/CategoryTest.php" line="10" assertions="1" time="0.000225"/>
        <testcase name="testGetCode" class="Unit\HiPay\Tests\Data\CategoryTest" classname="Unit.HiPay.Tests.Data.CategoryTest" file="/home/tviardin/Bureau/projects/hipay-fullservice-sdk-php/tests/Unit/HiPay/Tests/Fullservice/Data/CategoryTest.php" line="30" assertions="1" time="0.000375"/>
        <testcase name="testGetName" class="Unit\HiPay\Tests\Data\CategoryTest" classname="Unit.HiPay.Tests.Data.CategoryTest" file="/home/tviardin/Bureau/projects/hipay-fullservice-sdk-php/tests/Unit/HiPay/Tests/Fullservice/Data/CategoryTest.php" line="41" assertions="1" time="0.000224"/>
        <testcase name="testGetLocals" class="Unit\HiPay\Tests\Data\CategoryTest" classname="Unit.HiPay.Tests.Data.CategoryTest" file="/home/tviardin/Bureau/projects/hipay-fullservice-sdk-php/tests/Unit/HiPay/Tests/Fullservice/Data/CategoryTest.php" line="52" assertions="3" time="0.000268"/>
        <testcase name="testSetLocals" class="Unit\HiPay\Tests\Data\CategoryTest" classname="Unit.HiPay.Tests.Data.CategoryTest" file="/home/tviardin/Bureau/projects/hipay-fullservice-sdk-php/tests/Unit/HiPay/Tests/Fullservice/Data/CategoryTest.php" line="75" assertions="3" time="0.000266"/>
      </testsuite>
      <testsuite name="Unit\HiPay\Tests\Data\DeliveryMethod\CollectionModeShippingTest" file="/home/tviardin/Bureau/projects/hipay-fullservice-sdk-php/tests/Unit/HiPay/Tests/Fullservice/Data/DeliveryMethod/CollectionModeShippingTest.php" tests="1" assertions="15" errors="0" failures="0" skipped="0" time="0.000621">
        <testcase name="testGetItems" class="Unit\HiPay\Tests\Data\DeliveryMethod\CollectionModeShippingTest" classname="Unit.HiPay.Tests.Data.DeliveryMethod.CollectionModeShippingTest" file="/home/tviardin/Bureau/projects/hipay-fullservice-sdk-php/tests/Unit/HiPay/Tests/Fullservice/Data/DeliveryMethod/CollectionModeShippingTest.php" line="10" assertions="15" time="0.000621"/>
      </testsuite>
      <testsuite name="Unit\HiPay\Tests\Data\DeliveryMethod\CollectionTest" file="/home/tviardin/Bureau/projects/hipay-fullservice-sdk-php/tests/Unit/HiPay/Tests/Fullservice/Data/DeliveryMethod/CollectionTest.php" tests="1" assertions="30" errors="0" failures="0" skipped="0" time="0.000796">
        <testcase name="testGetItems" class="Unit\HiPay\Tests\Data\DeliveryMethod\CollectionTest" classname="Unit.HiPay.Tests.Data.DeliveryMethod.CollectionTest" file="/home/tviardin/Bureau/projects/hipay-fullservice-sdk-php/tests/Unit/HiPay/Tests/Fullservice/Data/DeliveryMethod/CollectionTest.php" line="10" assertions="30" time="0.000796"/>
      </testsuite>
      <testsuite name="Unit\HiPay\Tests\Data\PaymentProduct\DeliveryMethodAttributeTest" file="/home/tviardin/Bureau/projects/hipay-fullservice-sdk-php/tests/Unit/HiPay/Tests/Fullservice/Data/DeliveryMethodAttributeTest.php" tests="3" assertions="7" errors="0" failures="0" skipped="0" time="0.000773">
        <testcase name="testConstruct" class="Unit\HiPay\Tests\Data\PaymentProduct\DeliveryMethodAttributeTest" classname="Unit.HiPay.Tests.Data.PaymentProduct.DeliveryMethodAttributeTest" file="/home/tviardin/Bureau/projects/hipay-fullservice-sdk-php/tests/Unit/HiPay/Tests/Fullservice/Data/DeliveryMethodAttributeTest.php" line="34" assertions="1" time="0.000233"/>
        <testcase name="testGetDisplayName" class="Unit\HiPay\Tests\Data\PaymentProduct\DeliveryMethodAttributeTest" classname="Unit.HiPay.Tests.Data.PaymentProduct.DeliveryMethodAttributeTest" file="/home/tviardin/Bureau/projects/hipay-fullservice-sdk-php/tests/Unit/HiPay/Tests/Fullservice/Data/DeliveryMethodAttributeTest.php" line="54" assertions="3" time="0.000270"/>
        <testcase name="testGettersAndSetters" class="Unit\HiPay\Tests\Data\PaymentProduct\DeliveryMethodAttributeTest" classname="Unit.HiPay.Tests.Data.PaymentProduct.DeliveryMethodAttributeTest" file="/home/tviardin/Bureau/projects/hipay-fullservice-sdk-php/tests/Unit/HiPay/Tests/Fullservice/Data/DeliveryMethodAttributeTest.php" line="72" assertions="3" time="0.000270"/>
      </testsuite>
      <testsuite name="Hipay\FullService\Data\DeliveryMethodTest" file="/home/tviardin/Bureau/projects/hipay-fullservice-sdk-php/tests/Unit/HiPay/Tests/Fullservice/Data/DeliveryMethodTest.php" tests="7" assertions="7" errors="0" failures="0" skipped="0" time="0.001604">
        <testcase name="testConstruct" class="Hipay\FullService\Data\DeliveryMethodTest" classname="Hipay.FullService.Data.DeliveryMethodTest" file="/home/tviardin/Bureau/projects/hipay-fullservice-sdk-php/tests/Unit/HiPay/Tests/Fullservice/Data/DeliveryMethodTest.php" line="10" assertions="1" time="0.000230"/>
        <testcase name="testGetCode" class="Hipay\FullService\Data\DeliveryMethodTest" classname="Hipay.FullService.Data.DeliveryMethodTest" file="/home/tviardin/Bureau/projects/hipay-fullservice-sdk-php/tests/Unit/HiPay/Tests/Fullservice/Data/DeliveryMethodTest.php" line="27" assertions="1" time="0.000230"/>
        <testcase name="testSetCode" class="Hipay\FullService\Data\DeliveryMethodTest" classname="Hipay.FullService.Data.DeliveryMethodTest" file="/home/tviardin/Bureau/projects/hipay-fullservice-sdk-php/tests/Unit/HiPay/Tests/Fullservice/Data/DeliveryMethodTest.php" line="39" assertions="1" time="0.000228"/>
        <testcase name="testGetMode" class="Hipay\FullService\Data\DeliveryMethodTest" classname="Hipay.FullService.Data.DeliveryMethodTest" file="/home/tviardin/Bureau/projects/hipay-fullservice-sdk-php/tests/Unit/HiPay/Tests/Fullservice/Data/DeliveryMethodTest.php" line="51" assertions="1" time="0.000229"/>
        <testcase name="testSetMode" class="Hipay\FullService\Data\DeliveryMethodTest" classname="Hipay.FullService.Data.DeliveryMethodTest" file="/home/tviardin/Bureau/projects/hipay-fullservice-sdk-php/tests/Unit/HiPay/Tests/Fullservice/Data/DeliveryMethodTest.php" line="64" assertions="1" time="0.000229"/>
        <testcase name="testGetShipping" class="Hipay\FullService\Data\DeliveryMethodTest" classname="Hipay.FullService.Data.DeliveryMethodTest" file="/home/tviardin/Bureau/projects/hipay-fullservice-sdk-php/tests/Unit/HiPay/Tests/Fullservice/Data/DeliveryMethodTest.php" line="76" assertions="1" time="0.000229"/>
        <testcase name="testSetShipping" class="Hipay\FullService\Data\DeliveryMethodTest" classname="Hipay.FullService.Data.DeliveryMethodTest" file="/home/tviardin/Bureau/projects/hipay-fullservice-sdk-php/tests/Unit/HiPay/Tests/Fullservice/Data/DeliveryMethodTest.php" line="89" assertions="1" time="0.000229"/>
      </testsuite>
      <testsuite name="Unit\HiPay\Tests\Data\PaymentProduct\CollectionTest" file="/home/tviardin/Bureau/projects/hipay-fullservice-sdk-php/tests/Unit/HiPay/Tests/Fullservice/Data/PaymentProduct/CollectionTest.php" tests="8" assertions="62" errors="0" failures="0" skipped="0" time="0.006776">
        <testcase name="testGetItemSuccess" class="Unit\HiPay\Tests\Data\PaymentProduct\CollectionTest" classname="Unit.HiPay.Tests.Data.PaymentProduct.CollectionTest" file="/home/tviardin/Bureau/projects/hipay-fullservice-sdk-php/tests/Unit/HiPay/Tests/Fullservice/Data/PaymentProduct/CollectionTest.php" line="34" assertions="2" time="0.000334"/>
        <testcase name="testGetItemEmpty" class="Unit\HiPay\Tests\Data\PaymentProduct\CollectionTest" classname="Unit.HiPay.Tests.Data.PaymentProduct.CollectionTest" file="/home/tviardin/Bureau/projects/hipay-fullservice-sdk-php/tests/Unit/HiPay/Tests/Fullservice/Data/PaymentProduct/CollectionTest.php" line="43" assertions="1" time="0.000309"/>
        <testcase name="testGetItems" class="Unit\HiPay\Tests\Data\PaymentProduct\CollectionTest" classname="Unit.HiPay.Tests.Data.PaymentProduct.CollectionTest" file="/home/tviardin/Bureau/projects/hipay-fullservice-sdk-php/tests/Unit/HiPay/Tests/Fullservice/Data/PaymentProduct/CollectionTest.php" line="49" assertions="43" time="0.002683"/>
        <testcase name="testGetItemsFilteredSuccess" class="Unit\HiPay\Tests\Data\PaymentProduct\CollectionTest" classname="Unit.HiPay.Tests.Data.PaymentProduct.CollectionTest" file="/home/tviardin/Bureau/projects/hipay-fullservice-sdk-php/tests/Unit/HiPay/Tests/Fullservice/Data/PaymentProduct/CollectionTest.php" line="59" assertions="10" time="0.001330"/>
        <testcase name="testGetItemsFilteredEmpty" class="Unit\HiPay\Tests\Data\PaymentProduct\CollectionTest" classname="Unit.HiPay.Tests.Data.PaymentProduct.CollectionTest" file="/home/tviardin/Bureau/projects/hipay-fullservice-sdk-php/tests/Unit/HiPay/Tests/Fullservice/Data/PaymentProduct/CollectionTest.php" line="69" assertions="1" time="0.000942"/>
        <testcase name="testOrderByPriorityEmpty" class="Unit\HiPay\Tests\Data\PaymentProduct\CollectionTest" classname="Unit.HiPay.Tests.Data.PaymentProduct.CollectionTest" file="/home/tviardin/Bureau/projects/hipay-fullservice-sdk-php/tests/Unit/HiPay/Tests/Fullservice/Data/PaymentProduct/CollectionTest.php" line="75" assertions="1" time="0.000231"/>
        <testcase name="testOrderByPriority" class="Unit\HiPay\Tests\Data\PaymentProduct\CollectionTest" classname="Unit.HiPay.Tests.Data.PaymentProduct.CollectionTest" file="/home/tviardin/Bureau/projects/hipay-fullservice-sdk-php/tests/Unit/HiPay/Tests/Fullservice/Data/PaymentProduct/CollectionTest.php" line="82" assertions="2" time="0.000541"/>
        <testcase name="testOrderByPriorityNew" class="Unit\HiPay\Tests\Data\PaymentProduct\CollectionTest" classname="Unit.HiPay.Tests.Data.PaymentProduct.CollectionTest" file="/home/tviardin/Bureau/projects/hipay-fullservice-sdk-php/tests/Unit/HiPay/Tests/Fullservice/Data/PaymentProduct/CollectionTest.php" line="93" assertions="2" time="0.000406"/>
      </testsuite>
      <testsuite name="Unit\HiPay\Tests\Data\PaymentProductTest" file="/home/tviardin/Bureau/projects/hipay-fullservice-sdk-php/tests/Unit/HiPay/Tests/Fullservice/Data/PaymentProductTest.php" tests="2" assertions="16" errors="0" failures="0" skipped="0" time="0.000990">
        <testcase name="testConstructFromArray" class="Unit\HiPay\Tests\Data\PaymentProductTest" classname="Unit.HiPay.Tests.Data.PaymentProductTest" file="/home/tviardin/Bureau/projects/hipay-fullservice-sdk-php/tests/Unit/HiPay/Tests/Fullservice/Data/PaymentProductTest.php" line="34" assertions="15" time="0.000716"/>
        <testcase name="testToArray" class="Unit\HiPay\Tests\Data\PaymentProductTest" classname="Unit.HiPay.Tests.Data.PaymentProductTest" file="/home/tviardin/Bureau/projects/hipay-fullservice-sdk-php/tests/Unit/HiPay/Tests/Fullservice/Data/PaymentProductTest.php" line="72" assertions="1" time="0.000274"/>
      </testsuite>
      <testsuite name="Unit\HiPay\Tests\Fullservice\Gateway\Client\GatewayClientTest" file="/home/tviardin/Bureau/projects/hipay-fullservice-sdk-php/tests/Unit/HiPay/Tests/Fullservice/Gateway/Client/GatewayClientTest.php" tests="5" assertions="13" errors="0" failures="0" skipped="0" time="0.021772">
        <testcase name="testCanBeConstructUsingClientProvider" class="Unit\HiPay\Tests\Fullservice\Gateway\Client\GatewayClientTest" classname="Unit.HiPay.Tests.Fullservice.Gateway.Client.GatewayClientTest" file="/home/tviardin/Bureau/projects/hipay-fullservice-sdk-php/tests/Unit/HiPay/Tests/Fullservice/Gateway/Client/GatewayClientTest.php" line="75" assertions="1" time="0.009237"/>
        <testsuite name="Unit\HiPay\Tests\Fullservice\Gateway\Client\GatewayClientTest::testCallRequestHostedPaymentPage" tests="1" assertions="4" errors="0" failures="0" skipped="0" time="0.005199">
          <testcase name="testCallRequestHostedPaymentPage with data set #0" class="Unit\HiPay\Tests\Fullservice\Gateway\Client\GatewayClientTest" classname="Unit.HiPay.Tests.Fullservice.Gateway.Client.GatewayClientTest" file="/home/tviardin/Bureau/projects/hipay-fullservice-sdk-php/tests/Unit/HiPay/Tests/Fullservice/Gateway/Client/GatewayClientTest.php" line="90" assertions="4" time="0.005199"/>
        </testsuite>
        <testsuite name="Unit\HiPay\Tests\Fullservice\Gateway\Client\GatewayClientTest::testRequestNewOrder" tests="1" assertions="4" errors="0" failures="0" skipped="0" time="0.002778">
          <testcase name="testRequestNewOrder with data set #0" class="Unit\HiPay\Tests\Fullservice\Gateway\Client\GatewayClientTest" classname="Unit.HiPay.Tests.Fullservice.Gateway.Client.GatewayClientTest" file="/home/tviardin/Bureau/projects/hipay-fullservice-sdk-php/tests/Unit/HiPay/Tests/Fullservice/Gateway/Client/GatewayClientTest.php" line="200" assertions="4" time="0.002778"/>
        </testsuite>
        <testsuite name="Unit\HiPay\Tests\Fullservice\Gateway\Client\GatewayClientTest::testRequestMaintenanceOperation" tests="1" assertions="2" errors="0" failures="0" skipped="0" time="0.001741">
          <testcase name="testRequestMaintenanceOperation with data set #0" class="Unit\HiPay\Tests\Fullservice\Gateway\Client\GatewayClientTest" classname="Unit.HiPay.Tests.Fullservice.Gateway.Client.GatewayClientTest" file="/home/tviardin/Bureau/projects/hipay-fullservice-sdk-php/tests/Unit/HiPay/Tests/Fullservice/Gateway/Client/GatewayClientTest.php" line="390" assertions="2" time="0.001741"/>
        </testsuite>
        <testsuite name="Unit\HiPay\Tests\Fullservice\Gateway\Client\GatewayClientTest::testRequestTransactionInformation" tests="1" assertions="2" errors="0" failures="0" skipped="0" time="0.002817">
          <testcase name="testRequestTransactionInformation with data set #0" class="Unit\HiPay\Tests\Fullservice\Gateway\Client\GatewayClientTest" classname="Unit.HiPay.Tests.Fullservice.Gateway.Client.GatewayClientTest" file="/home/tviardin/Bureau/projects/hipay-fullservice-sdk-php/tests/Unit/HiPay/Tests/Fullservice/Gateway/Client/GatewayClientTest.php" line="462" assertions="2" time="0.002817"/>
        </testsuite>
      </testsuite>
      <testsuite name="Unit\HiPay\Tests\Fullservice\Gateway\Mapper\OperationMapperTest" file="/home/tviardin/Bureau/projects/hipay-fullservice-sdk-php/tests/Unit/HiPay/Tests/Fullservice/Gateway/Mapper/OperationMapperTest.php" tests="2" assertions="17" errors="0" failures="0" skipped="0" time="0.000963">
        <testcase name="testConstruct" class="Unit\HiPay\Tests\Fullservice\Gateway\Mapper\OperationMapperTest" classname="Unit.HiPay.Tests.Fullservice.Gateway.Mapper.OperationMapperTest" file="/home/tviardin/Bureau/projects/hipay-fullservice-sdk-php/tests/Unit/HiPay/Tests/Fullservice/Gateway/Mapper/OperationMapperTest.php" line="36" assertions="1" time="0.000332"/>
        <testcase name="testMapResponseToModel" class="Unit\HiPay\Tests\Fullservice\Gateway\Mapper\OperationMapperTest" classname="Unit.HiPay.Tests.Fullservice.Gateway.Mapper.OperationMapperTest" file="/home/tviardin/Bureau/projects/hipay-fullservice-sdk-php/tests/Unit/HiPay/Tests/Fullservice/Gateway/Mapper/OperationMapperTest.php" line="51" assertions="16" time="0.000631"/>
      </testsuite>
      <testsuite name="Unit\HiPay\Tests\Fullservice\Gateway\Mapper\OrderMapperTest" file="/home/tviardin/Bureau/projects/hipay-fullservice-sdk-php/tests/Unit/HiPay/Tests/Fullservice/Gateway/Mapper/OrderMapperTest.php" tests="2" assertions="15" errors="0" failures="0" skipped="0" time="0.001226">
        <testcase name="testConstruct" class="Unit\HiPay\Tests\Fullservice\Gateway\Mapper\OrderMapperTest" classname="Unit.HiPay.Tests.Fullservice.Gateway.Mapper.OrderMapperTest" file="/home/tviardin/Bureau/projects/hipay-fullservice-sdk-php/tests/Unit/HiPay/Tests/Fullservice/Gateway/Mapper/OrderMapperTest.php" line="44" assertions="1" time="0.000367"/>
        <testcase name="testMapResponseToModel" class="Unit\HiPay\Tests\Fullservice\Gateway\Mapper\OrderMapperTest" classname="Unit.HiPay.Tests.Fullservice.Gateway.Mapper.OrderMapperTest" file="/home/tviardin/Bureau/projects/hipay-fullservice-sdk-php/tests/Unit/HiPay/Tests/Fullservice/Gateway/Mapper/OrderMapperTest.php" line="59" assertions="14" time="0.000859"/>
      </testsuite>
      <testsuite name="Unit\HiPay\Tests\Fullservice\Gateway\Mapper\PersonalInformationMapperTest" file="/home/tviardin/Bureau/projects/hipay-fullservice-sdk-php/tests/Unit/HiPay/Tests/Fullservice/Gateway/Mapper/PersonalInformationMapperTest.php" tests="2" assertions="12" errors="0" failures="0" skipped="0" time="0.000804">
        <testcase name="testConstruct" class="Unit\HiPay\Tests\Fullservice\Gateway\Mapper\PersonalInformationMapperTest" classname="Unit.HiPay.Tests.Fullservice.Gateway.Mapper.PersonalInformationMapperTest" file="/home/tviardin/Bureau/projects/hipay-fullservice-sdk-php/tests/Unit/HiPay/Tests/Fullservice/Gateway/Mapper/PersonalInformationMapperTest.php" line="29" assertions="1" time="0.000310"/>
        <testcase name="testMapResponseToModel" class="Unit\HiPay\Tests\Fullservice\Gateway\Mapper\PersonalInformationMapperTest" classname="Unit.HiPay.Tests.Fullservice.Gateway.Mapper.PersonalInformationMapperTest" file="/home/tviardin/Bureau/projects/hipay-fullservice-sdk-php/tests/Unit/HiPay/Tests/Fullservice/Gateway/Mapper/PersonalInformationMapperTest.php" line="44" assertions="11" time="0.000494"/>
      </testsuite>
      <testsuite name="Unit\HiPay\Tests\Fullservice\Gateway\Mapper\SecuritySettingsMapperTest" file="/home/tviardin/Bureau/projects/hipay-fullservice-sdk-php/tests/Unit/HiPay/Tests/Fullservice/Gateway/Mapper/SecuritySettingsMapperTest.php" tests="2" assertions="3" errors="0" failures="0" skipped="0" time="0.000606">
        <testcase name="testConstruct" class="Unit\HiPay\Tests\Fullservice\Gateway\Mapper\SecuritySettingsMapperTest" classname="Unit.HiPay.Tests.Fullservice.Gateway.Mapper.SecuritySettingsMapperTest" file="/home/tviardin/Bureau/projects/hipay-fullservice-sdk-php/tests/Unit/HiPay/Tests/Fullservice/Gateway/Mapper/SecuritySettingsMapperTest.php" line="20" assertions="1" time="0.000280"/>
        <testcase name="testMapResponseToModel" class="Unit\HiPay\Tests\Fullservice\Gateway\Mapper\SecuritySettingsMapperTest" classname="Unit.HiPay.Tests.Fullservice.Gateway.Mapper.SecuritySettingsMapperTest" file="/home/tviardin/Bureau/projects/hipay-fullservice-sdk-php/tests/Unit/HiPay/Tests/Fullservice/Gateway/Mapper/SecuritySettingsMapperTest.php" line="35" assertions="2" time="0.000326"/>
      </testsuite>
      <testsuite name="Unit\HiPay\Tests\Fullservice\Gateway\Mapper\TransactionMapperTest" file="/home/tviardin/Bureau/projects/hipay-fullservice-sdk-php/tests/Unit/HiPay/Tests/Fullservice/Gateway/Mapper/TransactionMapperTest.php" tests="2" assertions="40" errors="0" failures="0" skipped="0" time="0.002628">
        <testcase name="testConstruct" class="Unit\HiPay\Tests\Fullservice\Gateway\Mapper\TransactionMapperTest" classname="Unit.HiPay.Tests.Fullservice.Gateway.Mapper.TransactionMapperTest" file="/home/tviardin/Bureau/projects/hipay-fullservice-sdk-php/tests/Unit/HiPay/Tests/Fullservice/Gateway/Mapper/TransactionMapperTest.php" line="116" assertions="1" time="0.000646"/>
        <testcase name="testMapResponseToModel" class="Unit\HiPay\Tests\Fullservice\Gateway\Mapper\TransactionMapperTest" classname="Unit.HiPay.Tests.Fullservice.Gateway.Mapper.TransactionMapperTest" file="/home/tviardin/Bureau/projects/hipay-fullservice-sdk-php/tests/Unit/HiPay/Tests/Fullservice/Gateway/Mapper/TransactionMapperTest.php" line="131" assertions="39" time="0.001982"/>
      </testsuite>
      <testsuite name="Unit\HiPay\Tests\Fullservice\Gateway\Model\Cart\CartTest" file="/home/tviardin/Bureau/projects/hipay-fullservice-sdk-php/tests/Unit/HiPay/Tests/Fullservice/Gateway/Model/Cart/CartTest.php" tests="3" assertions="8" errors="0" failures="0" skipped="0" time="0.001342">
        <testcase name="testConstruct" class="Unit\HiPay\Tests\Fullservice\Gateway\Model\Cart\CartTest" classname="Unit.HiPay.Tests.Fullservice.Gateway.Model.Cart.CartTest" file="/home/tviardin/Bureau/projects/hipay-fullservice-sdk-php/tests/Unit/HiPay/Tests/Fullservice/Gateway/Model/Cart/CartTest.php" line="11" assertions="1" time="0.000278"/>
        <testcase name="testAddItem" class="Unit\HiPay\Tests\Fullservice\Gateway\Model\Cart\CartTest" classname="Unit.HiPay.Tests.Fullservice.Gateway.Model.Cart.CartTest" file="/home/tviardin/Bureau/projects/hipay-fullservice-sdk-php/tests/Unit/HiPay/Tests/Fullservice/Gateway/Model/Cart/CartTest.php" line="24" assertions="4" time="0.000597"/>
        <testcase name="testToJson" class="Unit\HiPay\Tests\Fullservice\Gateway\Model\Cart\CartTest" classname="Unit.HiPay.Tests.Fullservice.Gateway.Model.Cart.CartTest" file="/home/tviardin/Bureau/projects/hipay-fullservice-sdk-php/tests/Unit/HiPay/Tests/Fullservice/Gateway/Model/Cart/CartTest.php" line="42" assertions="3" time="0.000467"/>
      </testsuite>
      <testsuite name="Unit\HiPay\Tests\Fullservice\Gateway\Model\Cart\ItemTest" file="/home/tviardin/Bureau/projects/hipay-fullservice-sdk-php/tests/Unit/HiPay/Tests/Fullservice/Gateway/Model/Cart/ItemTest.php" tests="21" assertions="70" errors="0" failures="0" skipped="0" time="0.006347">
        <testcase name="testConstruct" class="Unit\HiPay\Tests\Fullservice\Gateway\Model\Cart\ItemTest" classname="Unit.HiPay.Tests.Fullservice.Gateway.Model.Cart.ItemTest" file="/home/tviardin/Bureau/projects/hipay-fullservice-sdk-php/tests/Unit/HiPay/Tests/Fullservice/Gateway/Model/Cart/ItemTest.php" line="38" assertions="17" time="0.000563"/>
        <testcase name="testBuildItemTypeDiscount" class="Unit\HiPay\Tests\Fullservice\Gateway\Model\Cart\ItemTest" classname="Unit.HiPay.Tests.Fullservice.Gateway.Model.Cart.ItemTest" file="/home/tviardin/Bureau/projects/hipay-fullservice-sdk-php/tests/Unit/HiPay/Tests/Fullservice/Gateway/Model/Cart/ItemTest.php" line="63" assertions="10" time="0.000476"/>
        <testcase name="testBuildItemTypeFees" class="Unit\HiPay\Tests\Fullservice\Gateway\Model\Cart\ItemTest" classname="Unit.HiPay.Tests.Fullservice.Gateway.Model.Cart.ItemTest" file="/home/tviardin/Bureau/projects/hipay-fullservice-sdk-php/tests/Unit/HiPay/Tests/Fullservice/Gateway/Model/Cart/ItemTest.php" line="88" assertions="9" time="0.000442"/>
        <testcase name="testConstructItem" class="Unit\HiPay\Tests\Fullservice\Gateway\Model\Cart\ItemTest" classname="Unit.HiPay.Tests.Fullservice.Gateway.Model.Cart.ItemTest" file="/home/tviardin/Bureau/projects/hipay-fullservice-sdk-php/tests/Unit/HiPay/Tests/Fullservice/Gateway/Model/Cart/ItemTest.php" line="110" assertions="17" time="0.000577"/>
        <testcase name="testSetEuropeanArticleNumbering" class="Unit\HiPay\Tests\Fullservice\Gateway\Model\Cart\ItemTest" classname="Unit.HiPay.Tests.Fullservice.Gateway.Model.Cart.ItemTest" file="/home/tviardin/Bureau/projects/hipay-fullservice-sdk-php/tests/Unit/HiPay/Tests/Fullservice/Gateway/Model/Cart/ItemTest.php" line="157" assertions="1" time="0.000259"/>
        <testcase name="testSetProductReference" class="Unit\HiPay\Tests\Fullservice\Gateway\Model\Cart\ItemTest" classname="Unit.HiPay.Tests.Fullservice.Gateway.Model.Cart.ItemTest" file="/home/tviardin/Bureau/projects/hipay-fullservice-sdk-php/tests/Unit/HiPay/Tests/Fullservice/Gateway/Model/Cart/ItemTest.php" line="168" assertions="1" time="0.000261"/>
        <testcase name="testSetType" class="Unit\HiPay\Tests\Fullservice\Gateway\Model\Cart\ItemTest" classname="Unit.HiPay.Tests.Fullservice.Gateway.Model.Cart.ItemTest" file="/home/tviardin/Bureau/projects/hipay-fullservice-sdk-php/tests/Unit/HiPay/Tests/Fullservice/Gateway/Model/Cart/ItemTest.php" line="179" assertions="1" time="0.000251"/>
        <testcase name="testSetName" class="Unit\HiPay\Tests\Fullservice\Gateway\Model\Cart\ItemTest" classname="Unit.HiPay.Tests.Fullservice.Gateway.Model.Cart.ItemTest" file="/home/tviardin/Bureau/projects/hipay-fullservice-sdk-php/tests/Unit/HiPay/Tests/Fullservice/Gateway/Model/Cart/ItemTest.php" line="190" assertions="1" time="0.000252"/>
        <testcase name="testSetQuantity" class="Unit\HiPay\Tests\Fullservice\Gateway\Model\Cart\ItemTest" classname="Unit.HiPay.Tests.Fullservice.Gateway.Model.Cart.ItemTest" file="/home/tviardin/Bureau/projects/hipay-fullservice-sdk-php/tests/Unit/HiPay/Tests/Fullservice/Gateway/Model/Cart/ItemTest.php" line="201" assertions="1" time="0.000248"/>
        <testcase name="testSetUnitPrice" class="Unit\HiPay\Tests\Fullservice\Gateway\Model\Cart\ItemTest" classname="Unit.HiPay.Tests.Fullservice.Gateway.Model.Cart.ItemTest" file="/home/tviardin/Bureau/projects/hipay-fullservice-sdk-php/tests/Unit/HiPay/Tests/Fullservice/Gateway/Model/Cart/ItemTest.php" line="212" assertions="1" time="0.000254"/>
        <testcase name="testSetTaxRate" class="Unit\HiPay\Tests\Fullservice\Gateway\Model\Cart\ItemTest" classname="Unit.HiPay.Tests.Fullservice.Gateway.Model.Cart.ItemTest" file="/home/tviardin/Bureau/projects/hipay-fullservice-sdk-php/tests/Unit/HiPay/Tests/Fullservice/Gateway/Model/Cart/ItemTest.php" line="223" assertions="1" time="0.000251"/>
        <testcase name="testSetDiscount" class="Unit\HiPay\Tests\Fullservice\Gateway\Model\Cart\ItemTest" classname="Unit.HiPay.Tests.Fullservice.Gateway.Model.Cart.ItemTest" file="/home/tviardin/Bureau/projects/hipay-fullservice-sdk-php/tests/Unit/HiPay/Tests/Fullservice/Gateway/Model/Cart/ItemTest.php" line="234" assertions="1" time="0.000251"/>
        <testcase name="testSetTotalAmount" class="Unit\HiPay\Tests\Fullservice\Gateway\Model\Cart\ItemTest" classname="Unit.HiPay.Tests.Fullservice.Gateway.Model.Cart.ItemTest" file="/home/tviardin/Bureau/projects/hipay-fullservice-sdk-php/tests/Unit/HiPay/Tests/Fullservice/Gateway/Model/Cart/ItemTest.php" line="245" assertions="1" time="0.000253"/>
        <testcase name="testSetDiscountDescription" class="Unit\HiPay\Tests\Fullservice\Gateway\Model\Cart\ItemTest" classname="Unit.HiPay.Tests.Fullservice.Gateway.Model.Cart.ItemTest" file="/home/tviardin/Bureau/projects/hipay-fullservice-sdk-php/tests/Unit/HiPay/Tests/Fullservice/Gateway/Model/Cart/ItemTest.php" line="256" assertions="1" time="0.000252"/>
        <testcase name="testSetProductDescription" class="Unit\HiPay\Tests\Fullservice\Gateway\Model\Cart\ItemTest" classname="Unit.HiPay.Tests.Fullservice.Gateway.Model.Cart.ItemTest" file="/home/tviardin/Bureau/projects/hipay-fullservice-sdk-php/tests/Unit/HiPay/Tests/Fullservice/Gateway/Model/Cart/ItemTest.php" line="267" assertions="1" time="0.000250"/>
        <testcase name="testSetDeliveryMethod" class="Unit\HiPay\Tests\Fullservice\Gateway\Model\Cart\ItemTest" classname="Unit.HiPay.Tests.Fullservice.Gateway.Model.Cart.ItemTest" file="/home/tviardin/Bureau/projects/hipay-fullservice-sdk-php/tests/Unit/HiPay/Tests/Fullservice/Gateway/Model/Cart/ItemTest.php" line="278" assertions="1" time="0.000252"/>
        <testcase name="testSetDeliveryCompany" class="Unit\HiPay\Tests\Fullservice\Gateway\Model\Cart\ItemTest" classname="Unit.HiPay.Tests.Fullservice.Gateway.Model.Cart.ItemTest" file="/home/tviardin/Bureau/projects/hipay-fullservice-sdk-php/tests/Unit/HiPay/Tests/Fullservice/Gateway/Model/Cart/ItemTest.php" line="289" assertions="1" time="0.000251"/>
        <testcase name="testSetDeliveryDelay" class="Unit\HiPay\Tests\Fullservice\Gateway\Model\Cart\ItemTest" classname="Unit.HiPay.Tests.Fullservice.Gateway.Model.Cart.ItemTest" file="/home/tviardin/Bureau/projects/hipay-fullservice-sdk-php/tests/Unit/HiPay/Tests/Fullservice/Gateway/Model/Cart/ItemTest.php" line="300" assertions="1" time="0.000252"/>
        <testcase name="testSetDeliveryNumber" class="Unit\HiPay\Tests\Fullservice\Gateway\Model\Cart\ItemTest" classname="Unit.HiPay.Tests.Fullservice.Gateway.Model.Cart.ItemTest" file="/home/tviardin/Bureau/projects/hipay-fullservice-sdk-php/tests/Unit/HiPay/Tests/Fullservice/Gateway/Model/Cart/ItemTest.php" line="311" assertions="1" time="0.000251"/>
        <testcase name="testSetProductCategory" class="Unit\HiPay\Tests\Fullservice\Gateway\Model\Cart\ItemTest" classname="Unit.HiPay.Tests.Fullservice.Gateway.Model.Cart.ItemTest" file="/home/tviardin/Bureau/projects/hipay-fullservice-sdk-php/tests/Unit/HiPay/Tests/Fullservice/Gateway/Model/Cart/ItemTest.php" line="322" assertions="1" time="0.000251"/>
        <testcase name="testSetShopID" class="Unit\HiPay\Tests\Fullservice\Gateway\Model\Cart\ItemTest" classname="Unit.HiPay.Tests.Fullservice.Gateway.Model.Cart.ItemTest" file="/home/tviardin/Bureau/projects/hipay-fullservice-sdk-php/tests/Unit/HiPay/Tests/Fullservice/Gateway/Model/Cart/ItemTest.php" line="333" assertions="1" time="0.000251"/>
      </testsuite>
      <testsuite name="Unit\HiPay\Tests\Fullservice\Gateway\Model\FraudScreeningTest" file="/home/tviardin/Bureau/projects/hipay-fullservice-sdk-php/tests/Unit/HiPay/Tests/Fullservice/Gateway/Model/FraudScreeningTest.php" tests="4" assertions="4" errors="0" failures="0" skipped="0" time="0.001012">
        <testcase name="testConstruct" class="Unit\HiPay\Tests\Fullservice\Gateway\Model\FraudScreeningTest" classname="Unit.HiPay.Tests.Fullservice.Gateway.Model.FraudScreeningTest" file="/home/tviardin/Bureau/projects/hipay-fullservice-sdk-php/tests/Unit/HiPay/Tests/Fullservice/Gateway/Model/FraudScreeningTest.php" line="21" assertions="1" time="0.000262"/>
        <testcase name="testGetScoring" class="Unit\HiPay\Tests\Fullservice\Gateway\Model\FraudScreeningTest" classname="Unit.HiPay.Tests.Fullservice.Gateway.Model.FraudScreeningTest" file="/home/tviardin/Bureau/projects/hipay-fullservice-sdk-php/tests/Unit/HiPay/Tests/Fullservice/Gateway/Model/FraudScreeningTest.php" line="38" assertions="1" time="0.000250"/>
        <testcase name="testGetResult" class="Unit\HiPay\Tests\Fullservice\Gateway\Model\FraudScreeningTest" classname="Unit.HiPay.Tests.Fullservice.Gateway.Model.FraudScreeningTest" file="/home/tviardin/Bureau/projects/hipay-fullservice-sdk-php/tests/Unit/HiPay/Tests/Fullservice/Gateway/Model/FraudScreeningTest.php" line="47" assertions="1" time="0.000250"/>
        <testcase name="testGetReview" class="Unit\HiPay\Tests\Fullservice\Gateway\Model\FraudScreeningTest" classname="Unit.HiPay.Tests.Fullservice.Gateway.Model.FraudScreeningTest" file="/home/tviardin/Bureau/projects/hipay-fullservice-sdk-php/tests/Unit/HiPay/Tests/Fullservice/Gateway/Model/FraudScreeningTest.php" line="56" assertions="1" time="0.000250"/>
      </testsuite>
      <testsuite name="Unit\HiPay\Tests\Fullservice\Gateway\Model\OperationResponseTest" file="/home/tviardin/Bureau/projects/hipay-fullservice-sdk-php/tests/Unit/HiPay/Tests/Fullservice/Gateway/Model/OperationReponseTest.php" tests="13" assertions="13" errors="0" failures="0" skipped="0" time="0.003645">
        <testcase name="testConstruct" class="Unit\HiPay\Tests\Fullservice\Gateway\Model\OperationResponseTest" classname="Unit.HiPay.Tests.Fullservice.Gateway.Model.OperationResponseTest" file="/home/tviardin/Bureau/projects/hipay-fullservice-sdk-php/tests/Unit/HiPay/Tests/Fullservice/Gateway/Model/OperationReponseTest.php" line="24" assertions="1" time="0.000263"/>
        <testcase name="testGetType" class="Unit\HiPay\Tests\Fullservice\Gateway\Model\OperationResponseTest" classname="Unit.HiPay.Tests.Fullservice.Gateway.Model.OperationResponseTest" file="/home/tviardin/Bureau/projects/hipay-fullservice-sdk-php/tests/Unit/HiPay/Tests/Fullservice/Gateway/Model/OperationReponseTest.php" line="44" assertions="1" time="0.000252"/>
        <testcase name="testSetType" class="Unit\HiPay\Tests\Fullservice\Gateway\Model\OperationResponseTest" classname="Unit.HiPay.Tests.Fullservice.Gateway.Model.OperationResponseTest" file="/home/tviardin/Bureau/projects/hipay-fullservice-sdk-php/tests/Unit/HiPay/Tests/Fullservice/Gateway/Model/OperationReponseTest.php" line="55" assertions="1" time="0.000285"/>
        <testcase name="testGetId" class="Unit\HiPay\Tests\Fullservice\Gateway\Model\OperationResponseTest" classname="Unit.HiPay.Tests.Fullservice.Gateway.Model.OperationResponseTest" file="/home/tviardin/Bureau/projects/hipay-fullservice-sdk-php/tests/Unit/HiPay/Tests/Fullservice/Gateway/Model/OperationReponseTest.php" line="66" assertions="1" time="0.000264"/>
        <testcase name="testSetId" class="Unit\HiPay\Tests\Fullservice\Gateway\Model\OperationResponseTest" classname="Unit.HiPay.Tests.Fullservice.Gateway.Model.OperationResponseTest" file="/home/tviardin/Bureau/projects/hipay-fullservice-sdk-php/tests/Unit/HiPay/Tests/Fullservice/Gateway/Model/OperationReponseTest.php" line="77" assertions="1" time="0.000256"/>
        <testcase name="testGetReference" class="Unit\HiPay\Tests\Fullservice\Gateway\Model\OperationResponseTest" classname="Unit.HiPay.Tests.Fullservice.Gateway.Model.OperationResponseTest" file="/home/tviardin/Bureau/projects/hipay-fullservice-sdk-php/tests/Unit/HiPay/Tests/Fullservice/Gateway/Model/OperationReponseTest.php" line="88" assertions="1" time="0.000278"/>
        <testcase name="testSetReference" class="Unit\HiPay\Tests\Fullservice\Gateway\Model\OperationResponseTest" classname="Unit.HiPay.Tests.Fullservice.Gateway.Model.OperationResponseTest" file="/home/tviardin/Bureau/projects/hipay-fullservice-sdk-php/tests/Unit/HiPay/Tests/Fullservice/Gateway/Model/OperationReponseTest.php" line="99" assertions="1" time="0.000323"/>
        <testcase name="testGetAmount" class="Unit\HiPay\Tests\Fullservice\Gateway\Model\OperationResponseTest" classname="Unit.HiPay.Tests.Fullservice.Gateway.Model.OperationResponseTest" file="/home/tviardin/Bureau/projects/hipay-fullservice-sdk-php/tests/Unit/HiPay/Tests/Fullservice/Gateway/Model/OperationReponseTest.php" line="110" assertions="1" time="0.000309"/>
        <testcase name="testSetAmount" class="Unit\HiPay\Tests\Fullservice\Gateway\Model\OperationResponseTest" classname="Unit.HiPay.Tests.Fullservice.Gateway.Model.OperationResponseTest" file="/home/tviardin/Bureau/projects/hipay-fullservice-sdk-php/tests/Unit/HiPay/Tests/Fullservice/Gateway/Model/OperationReponseTest.php" line="121" assertions="1" time="0.000301"/>
        <testcase name="testGetCurrency" class="Unit\HiPay\Tests\Fullservice\Gateway\Model\OperationResponseTest" classname="Unit.HiPay.Tests.Fullservice.Gateway.Model.OperationResponseTest" file="/home/tviardin/Bureau/projects/hipay-fullservice-sdk-php/tests/Unit/HiPay/Tests/Fullservice/Gateway/Model/OperationReponseTest.php" line="132" assertions="1" time="0.000295"/>
        <testcase name="testSetCurrency" class="Unit\HiPay\Tests\Fullservice\Gateway\Model\OperationResponseTest" classname="Unit.HiPay.Tests.Fullservice.Gateway.Model.OperationResponseTest" file="/home/tviardin/Bureau/projects/hipay-fullservice-sdk-php/tests/Unit/HiPay/Tests/Fullservice/Gateway/Model/OperationReponseTest.php" line="143" assertions="1" time="0.000269"/>
        <testcase name="testGetDateAuthorized" class="Unit\HiPay\Tests\Fullservice\Gateway\Model\OperationResponseTest" classname="Unit.HiPay.Tests.Fullservice.Gateway.Model.OperationResponseTest" file="/home/tviardin/Bureau/projects/hipay-fullservice-sdk-php/tests/Unit/HiPay/Tests/Fullservice/Gateway/Model/OperationReponseTest.php" line="154" assertions="1" time="0.000280"/>
        <testcase name="testSetDateAuthorized" class="Unit\HiPay\Tests\Fullservice\Gateway\Model\OperationResponseTest" classname="Unit.HiPay.Tests.Fullservice.Gateway.Model.OperationResponseTest" file="/home/tviardin/Bureau/projects/hipay-fullservice-sdk-php/tests/Unit/HiPay/Tests/Fullservice/Gateway/Model/OperationReponseTest.php" line="165" assertions="1" time="0.000270"/>
      </testsuite>
      <testsuite name="Unit\HiPay\Tests\Fullservice\Gateway\Model\OperationTest" file="/home/tviardin/Bureau/projects/hipay-fullservice-sdk-php/tests/Unit/HiPay/Tests/Fullservice/Gateway/Model/OperationTest.php" tests="2" assertions="2" errors="0" failures="0" skipped="0" time="0.000600">
        <testcase name="testConstruct" class="Unit\HiPay\Tests\Fullservice\Gateway\Model\OperationTest" classname="Unit.HiPay.Tests.Fullservice.Gateway.Model.OperationTest" file="/home/tviardin/Bureau/projects/hipay-fullservice-sdk-php/tests/Unit/HiPay/Tests/Fullservice/Gateway/Model/OperationTest.php" line="35" assertions="1" time="0.000320"/>
        <testcase name="testGetOperation" class="Unit\HiPay\Tests\Fullservice\Gateway\Model\OperationTest" classname="Unit.HiPay.Tests.Fullservice.Gateway.Model.OperationTest" file="/home/tviardin/Bureau/projects/hipay-fullservice-sdk-php/tests/Unit/HiPay/Tests/Fullservice/Gateway/Model/OperationTest.php" line="64" assertions="1" time="0.000280"/>
      </testsuite>
      <testsuite name="Unit\HiPay\Tests\Fullservice\Gateway\Model\OrderTest" file="/home/tviardin/Bureau/projects/hipay-fullservice-sdk-php/tests/Unit/HiPay/Tests/Fullservice/Gateway/Model/OrderTest.php" tests="13" assertions="13" errors="0" failures="0" skipped="0" time="0.003482">
        <testcase name="testConstruct" class="Unit\HiPay\Tests\Fullservice\Gateway\Model\OrderTest" classname="Unit.HiPay.Tests.Fullservice.Gateway.Model.OrderTest" file="/home/tviardin/Bureau/projects/hipay-fullservice-sdk-php/tests/Unit/HiPay/Tests/Fullservice/Gateway/Model/OrderTest.php" line="31" assertions="1" time="0.000295"/>
        <testcase name="testGetId" class="Unit\HiPay\Tests\Fullservice\Gateway\Model\OrderTest" classname="Unit.HiPay.Tests.Fullservice.Gateway.Model.OrderTest" file="/home/tviardin/Bureau/projects/hipay-fullservice-sdk-php/tests/Unit/HiPay/Tests/Fullservice/Gateway/Model/OrderTest.php" line="57" assertions="1" time="0.000287"/>
        <testcase name="testGetCustomId" class="Unit\HiPay\Tests\Fullservice\Gateway\Model\OrderTest" classname="Unit.HiPay.Tests.Fullservice.Gateway.Model.OrderTest" file="/home/tviardin/Bureau/projects/hipay-fullservice-sdk-php/tests/Unit/HiPay/Tests/Fullservice/Gateway/Model/OrderTest.php" line="66" assertions="1" time="0.000288"/>
        <testcase name="testGetAmount" class="Unit\HiPay\Tests\Fullservice\Gateway\Model\OrderTest" classname="Unit.HiPay.Tests.Fullservice.Gateway.Model.OrderTest" file="/home/tviardin/Bureau/projects/hipay-fullservice-sdk-php/tests/Unit/HiPay/Tests/Fullservice/Gateway/Model/OrderTest.php" line="75" assertions="1" time="0.000263"/>
        <testcase name="testGetTax" class="Unit\HiPay\Tests\Fullservice\Gateway\Model\OrderTest" classname="Unit.HiPay.Tests.Fullservice.Gateway.Model.OrderTest" file="/home/tviardin/Bureau/projects/hipay-fullservice-sdk-php/tests/Unit/HiPay/Tests/Fullservice/Gateway/Model/OrderTest.php" line="84" assertions="1" time="0.000258"/>
        <testcase name="testGetShipping" class="Unit\HiPay\Tests\Fullservice\Gateway\Model\OrderTest" classname="Unit.HiPay.Tests.Fullservice.Gateway.Model.OrderTest" file="/home/tviardin/Bureau/projects/hipay-fullservice-sdk-php/tests/Unit/HiPay/Tests/Fullservice/Gateway/Model/OrderTest.php" line="93" assertions="1" time="0.000260"/>
        <testcase name="testGetDateCreated" class="Unit\HiPay\Tests\Fullservice\Gateway\Model\OrderTest" classname="Unit.HiPay.Tests.Fullservice.Gateway.Model.OrderTest" file="/home/tviardin/Bureau/projects/hipay-fullservice-sdk-php/tests/Unit/HiPay/Tests/Fullservice/Gateway/Model/OrderTest.php" line="102" assertions="1" time="0.000264"/>
        <testcase name="testGetAttempts" class="Unit\HiPay\Tests\Fullservice\Gateway\Model\OrderTest" classname="Unit.HiPay.Tests.Fullservice.Gateway.Model.OrderTest" file="/home/tviardin/Bureau/projects/hipay-fullservice-sdk-php/tests/Unit/HiPay/Tests/Fullservice/Gateway/Model/OrderTest.php" line="111" assertions="1" time="0.000262"/>
        <testcase name="testGetCurrency" class="Unit\HiPay\Tests\Fullservice\Gateway\Model\OrderTest" classname="Unit.HiPay.Tests.Fullservice.Gateway.Model.OrderTest" file="/home/tviardin/Bureau/projects/hipay-fullservice-sdk-php/tests/Unit/HiPay/Tests/Fullservice/Gateway/Model/OrderTest.php" line="120" assertions="1" time="0.000261"/>
        <testcase name="testGetDecimals" class="Unit\HiPay\Tests\Fullservice\Gateway\Model\OrderTest" classname="Unit.HiPay.Tests.Fullservice.Gateway.Model.OrderTest" file="/home/tviardin/Bureau/projects/hipay-fullservice-sdk-php/tests/Unit/HiPay/Tests/Fullservice/Gateway/Model/OrderTest.php" line="129" assertions="1" time="0.000260"/>
        <testcase name="testGetGender" class="Unit\HiPay\Tests\Fullservice\Gateway\Model\OrderTest" classname="Unit.HiPay.Tests.Fullservice.Gateway.Model.OrderTest" file="/home/tviardin/Bureau/projects/hipay-fullservice-sdk-php/tests/Unit/HiPay/Tests/Fullservice/Gateway/Model/OrderTest.php" line="138" assertions="1" time="0.000261"/>
        <testcase name="testGetLanguage" class="Unit\HiPay\Tests\Fullservice\Gateway\Model\OrderTest" classname="Unit.HiPay.Tests.Fullservice.Gateway.Model.OrderTest" file="/home/tviardin/Bureau/projects/hipay-fullservice-sdk-php/tests/Unit/HiPay/Tests/Fullservice/Gateway/Model/OrderTest.php" line="147" assertions="1" time="0.000262"/>
        <testcase name="testGetShippingAddress" class="Unit\HiPay\Tests\Fullservice\Gateway\Model\OrderTest" classname="Unit.HiPay.Tests.Fullservice.Gateway.Model.OrderTest" file="/home/tviardin/Bureau/projects/hipay-fullservice-sdk-php/tests/Unit/HiPay/Tests/Fullservice/Gateway/Model/OrderTest.php" line="156" assertions="1" time="0.000261"/>
      </testsuite>
      <testsuite name="Unit\HiPay\Tests\Fullservice\Gateway\Model\PaymentMethodTest" file="/home/tviardin/Bureau/projects/hipay-fullservice-sdk-php/tests/Unit/HiPay/Tests/Fullservice/Gateway/Model/PaymentMethodTest.php" tests="9" assertions="9" errors="0" failures="0" skipped="0" time="0.002315">
        <testcase name="testConstruct" class="Unit\HiPay\Tests\Fullservice\Gateway\Model\PaymentMethodTest" classname="Unit.HiPay.Tests.Fullservice.Gateway.Model.PaymentMethodTest" file="/home/tviardin/Bureau/projects/hipay-fullservice-sdk-php/tests/Unit/HiPay/Tests/Fullservice/Gateway/Model/PaymentMethodTest.php" line="26" assertions="1" time="0.000272"/>
        <testcase name="testGetToken" class="Unit\HiPay\Tests\Fullservice\Gateway\Model\PaymentMethodTest" classname="Unit.HiPay.Tests.Fullservice.Gateway.Model.PaymentMethodTest" file="/home/tviardin/Bureau/projects/hipay-fullservice-sdk-php/tests/Unit/HiPay/Tests/Fullservice/Gateway/Model/PaymentMethodTest.php" line="48" assertions="1" time="0.000250"/>
        <testcase name="testGetBrand" class="Unit\HiPay\Tests\Fullservice\Gateway\Model\PaymentMethodTest" classname="Unit.HiPay.Tests.Fullservice.Gateway.Model.PaymentMethodTest" file="/home/tviardin/Bureau/projects/hipay-fullservice-sdk-php/tests/Unit/HiPay/Tests/Fullservice/Gateway/Model/PaymentMethodTest.php" line="57" assertions="1" time="0.000250"/>
        <testcase name="testGetPan" class="Unit\HiPay\Tests\Fullservice\Gateway\Model\PaymentMethodTest" classname="Unit.HiPay.Tests.Fullservice.Gateway.Model.PaymentMethodTest" file="/home/tviardin/Bureau/projects/hipay-fullservice-sdk-php/tests/Unit/HiPay/Tests/Fullservice/Gateway/Model/PaymentMethodTest.php" line="66" assertions="1" time="0.000281"/>
        <testcase name="testGetCardHolder" class="Unit\HiPay\Tests\Fullservice\Gateway\Model\PaymentMethodTest" classname="Unit.HiPay.Tests.Fullservice.Gateway.Model.PaymentMethodTest" file="/home/tviardin/Bureau/projects/hipay-fullservice-sdk-php/tests/Unit/HiPay/Tests/Fullservice/Gateway/Model/PaymentMethodTest.php" line="75" assertions="1" time="0.000258"/>
        <testcase name="testGetCardExpiryMonth" class="Unit\HiPay\Tests\Fullservice\Gateway\Model\PaymentMethodTest" classname="Unit.HiPay.Tests.Fullservice.Gateway.Model.PaymentMethodTest" file="/home/tviardin/Bureau/projects/hipay-fullservice-sdk-php/tests/Unit/HiPay/Tests/Fullservice/Gateway/Model/PaymentMethodTest.php" line="84" assertions="1" time="0.000258"/>
        <testcase name="testGetCardExpiryYear" class="Unit\HiPay\Tests\Fullservice\Gateway\Model\PaymentMethodTest" classname="Unit.HiPay.Tests.Fullservice.Gateway.Model.PaymentMethodTest" file="/home/tviardin/Bureau/projects/hipay-fullservice-sdk-php/tests/Unit/HiPay/Tests/Fullservice/Gateway/Model/PaymentMethodTest.php" line="93" assertions="1" time="0.000248"/>
        <testcase name="testGetIssuer" class="Unit\HiPay\Tests\Fullservice\Gateway\Model\PaymentMethodTest" classname="Unit.HiPay.Tests.Fullservice.Gateway.Model.PaymentMethodTest" file="/home/tviardin/Bureau/projects/hipay-fullservice-sdk-php/tests/Unit/HiPay/Tests/Fullservice/Gateway/Model/PaymentMethodTest.php" line="102" assertions="1" time="0.000250"/>
        <testcase name="testGetCountry" class="Unit\HiPay\Tests\Fullservice\Gateway\Model\PaymentMethodTest" classname="Unit.HiPay.Tests.Fullservice.Gateway.Model.PaymentMethodTest" file="/home/tviardin/Bureau/projects/hipay-fullservice-sdk-php/tests/Unit/HiPay/Tests/Fullservice/Gateway/Model/PaymentMethodTest.php" line="111" assertions="1" time="0.000248"/>
      </testsuite>
      <testsuite name="Unit\HiPay\Tests\Fullservice\Gateway\Model\PersonnalInformationTest" file="/home/tviardin/Bureau/projects/hipay-fullservice-sdk-php/tests/Unit/HiPay/Tests/Fullservice/Gateway/Model/PersonnalInformationTest.php" tests="11" assertions="11" errors="0" failures="0" skipped="0" time="0.002884">
        <testcase name="testConstruct" class="Unit\HiPay\Tests\Fullservice\Gateway\Model\PersonnalInformationTest" classname="Unit.HiPay.Tests.Fullservice.Gateway.Model.PersonnalInformationTest" file="/home/tviardin/Bureau/projects/hipay-fullservice-sdk-php/tests/Unit/HiPay/Tests/Fullservice/Gateway/Model/PersonnalInformationTest.php" line="28" assertions="1" time="0.000305"/>
        <testcase name="testGetFirstname" class="Unit\HiPay\Tests\Fullservice\Gateway\Model\PersonnalInformationTest" classname="Unit.HiPay.Tests.Fullservice.Gateway.Model.PersonnalInformationTest" file="/home/tviardin/Bureau/projects/hipay-fullservice-sdk-php/tests/Unit/HiPay/Tests/Fullservice/Gateway/Model/PersonnalInformationTest.php" line="52" assertions="1" time="0.000264"/>
        <testcase name="testGetLastname" class="Unit\HiPay\Tests\Fullservice\Gateway\Model\PersonnalInformationTest" classname="Unit.HiPay.Tests.Fullservice.Gateway.Model.PersonnalInformationTest" file="/home/tviardin/Bureau/projects/hipay-fullservice-sdk-php/tests/Unit/HiPay/Tests/Fullservice/Gateway/Model/PersonnalInformationTest.php" line="61" assertions="1" time="0.000257"/>
        <testcase name="testGetStreetAddress" class="Unit\HiPay\Tests\Fullservice\Gateway\Model\PersonnalInformationTest" classname="Unit.HiPay.Tests.Fullservice.Gateway.Model.PersonnalInformationTest" file="/home/tviardin/Bureau/projects/hipay-fullservice-sdk-php/tests/Unit/HiPay/Tests/Fullservice/Gateway/Model/PersonnalInformationTest.php" line="70" assertions="1" time="0.000258"/>
        <testcase name="testGetLocality" class="Unit\HiPay\Tests\Fullservice\Gateway\Model\PersonnalInformationTest" classname="Unit.HiPay.Tests.Fullservice.Gateway.Model.PersonnalInformationTest" file="/home/tviardin/Bureau/projects/hipay-fullservice-sdk-php/tests/Unit/HiPay/Tests/Fullservice/Gateway/Model/PersonnalInformationTest.php" line="79" assertions="1" time="0.000256"/>
        <testcase name="testGetPostalCode" class="Unit\HiPay\Tests\Fullservice\Gateway\Model\PersonnalInformationTest" classname="Unit.HiPay.Tests.Fullservice.Gateway.Model.PersonnalInformationTest" file="/home/tviardin/Bureau/projects/hipay-fullservice-sdk-php/tests/Unit/HiPay/Tests/Fullservice/Gateway/Model/PersonnalInformationTest.php" line="88" assertions="1" time="0.000257"/>
        <testcase name="testGetCountry" class="Unit\HiPay\Tests\Fullservice\Gateway\Model\PersonnalInformationTest" classname="Unit.HiPay.Tests.Fullservice.Gateway.Model.PersonnalInformationTest" file="/home/tviardin/Bureau/projects/hipay-fullservice-sdk-php/tests/Unit/HiPay/Tests/Fullservice/Gateway/Model/PersonnalInformationTest.php" line="97" assertions="1" time="0.000258"/>
        <testcase name="testGetMsisnd" class="Unit\HiPay\Tests\Fullservice\Gateway\Model\PersonnalInformationTest" classname="Unit.HiPay.Tests.Fullservice.Gateway.Model.PersonnalInformationTest" file="/home/tviardin/Bureau/projects/hipay-fullservice-sdk-php/tests/Unit/HiPay/Tests/Fullservice/Gateway/Model/PersonnalInformationTest.php" line="106" assertions="1" time="0.000256"/>
        <testcase name="testGetPhone" class="Unit\HiPay\Tests\Fullservice\Gateway\Model\PersonnalInformationTest" classname="Unit.HiPay.Tests.Fullservice.Gateway.Model.PersonnalInformationTest" file="/home/tviardin/Bureau/projects/hipay-fullservice-sdk-php/tests/Unit/HiPay/Tests/Fullservice/Gateway/Model/PersonnalInformationTest.php" line="115" assertions="1" time="0.000257"/>
        <testcase name="testGetPhoneOperator" class="Unit\HiPay\Tests\Fullservice\Gateway\Model\PersonnalInformationTest" classname="Unit.HiPay.Tests.Fullservice.Gateway.Model.PersonnalInformationTest" file="/home/tviardin/Bureau/projects/hipay-fullservice-sdk-php/tests/Unit/HiPay/Tests/Fullservice/Gateway/Model/PersonnalInformationTest.php" line="124" assertions="1" time="0.000257"/>
        <testcase name="testGetEmail" class="Unit\HiPay\Tests\Fullservice\Gateway\Model\PersonnalInformationTest" classname="Unit.HiPay.Tests.Fullservice.Gateway.Model.PersonnalInformationTest" file="/home/tviardin/Bureau/projects/hipay-fullservice-sdk-php/tests/Unit/HiPay/Tests/Fullservice/Gateway/Model/PersonnalInformationTest.php" line="133" assertions="1" time="0.000259"/>
      </testsuite>
      <testsuite name="Unit\HiPay\Tests\Fullservice\Gateway\Model\Request\ThreeDSTwo\AccountInfo\CustomerTest" file="/home/tviardin/Bureau/projects/hipay-fullservice-sdk-php/tests/Unit/HiPay/Tests/Fullservice/Gateway/Model/Request/ThreeDSTwo/AccountInfo/CustomerTest.php" tests="4" assertions="7" errors="0" failures="0" skipped="0" time="0.001084">
        <testcase name="testConstruct" class="Unit\HiPay\Tests\Fullservice\Gateway\Model\Request\ThreeDSTwo\AccountInfo\CustomerTest" classname="Unit.HiPay.Tests.Fullservice.Gateway.Model.Request.ThreeDSTwo.AccountInfo.CustomerTest" file="/home/tviardin/Bureau/projects/hipay-fullservice-sdk-php/tests/Unit/HiPay/Tests/Fullservice/Gateway/Model/Request/ThreeDSTwo/AccountInfo/CustomerTest.php" line="11" assertions="1" time="0.000243"/>
        <testcase name="testGetAccountChange" class="Unit\HiPay\Tests\Fullservice\Gateway\Model\Request\ThreeDSTwo\AccountInfo\CustomerTest" classname="Unit.HiPay.Tests.Fullservice.Gateway.Model.Request.ThreeDSTwo.AccountInfo.CustomerTest" file="/home/tviardin/Bureau/projects/hipay-fullservice-sdk-php/tests/Unit/HiPay/Tests/Fullservice/Gateway/Model/Request/ThreeDSTwo/AccountInfo/CustomerTest.php" line="23" assertions="2" time="0.000285"/>
        <testcase name="testGetOpeningAccountDate" class="Unit\HiPay\Tests\Fullservice\Gateway\Model\Request\ThreeDSTwo\AccountInfo\CustomerTest" classname="Unit.HiPay.Tests.Fullservice.Gateway.Model.Request.ThreeDSTwo.AccountInfo.CustomerTest" file="/home/tviardin/Bureau/projects/hipay-fullservice-sdk-php/tests/Unit/HiPay/Tests/Fullservice/Gateway/Model/Request/ThreeDSTwo/AccountInfo/CustomerTest.php" line="36" assertions="2" time="0.000280"/>
        <testcase name="testGetPasswordChange" class="Unit\HiPay\Tests\Fullservice\Gateway\Model\Request\ThreeDSTwo\AccountInfo\CustomerTest" classname="Unit.HiPay.Tests.Fullservice.Gateway.Model.Request.ThreeDSTwo.AccountInfo.CustomerTest" file="/home/tviardin/Bureau/projects/hipay-fullservice-sdk-php/tests/Unit/HiPay/Tests/Fullservice/Gateway/Model/Request/ThreeDSTwo/AccountInfo/CustomerTest.php" line="49" assertions="2" time="0.000276"/>
      </testsuite>
      <testsuite name="Unit\HiPay\Tests\Fullservice\Gateway\Model\Request\ThreeDSTwo\AccountInfo\PaymentTest" file="/home/tviardin/Bureau/projects/hipay-fullservice-sdk-php/tests/Unit/HiPay/Tests/Fullservice/Gateway/Model/Request/ThreeDSTwo/AccountInfo/PaymentTest.php" tests="2" assertions="3" errors="0" failures="0" skipped="0" time="0.000526">
        <testcase name="testConstruct" class="Unit\HiPay\Tests\Fullservice\Gateway\Model\Request\ThreeDSTwo\AccountInfo\PaymentTest" classname="Unit.HiPay.Tests.Fullservice.Gateway.Model.Request.ThreeDSTwo.AccountInfo.PaymentTest" file="/home/tviardin/Bureau/projects/hipay-fullservice-sdk-php/tests/Unit/HiPay/Tests/Fullservice/Gateway/Model/Request/ThreeDSTwo/AccountInfo/PaymentTest.php" line="11" assertions="1" time="0.000244"/>
        <testcase name="testGetEnrollmentDate" class="Unit\HiPay\Tests\Fullservice\Gateway\Model\Request\ThreeDSTwo\AccountInfo\PaymentTest" classname="Unit.HiPay.Tests.Fullservice.Gateway.Model.Request.ThreeDSTwo.AccountInfo.PaymentTest" file="/home/tviardin/Bureau/projects/hipay-fullservice-sdk-php/tests/Unit/HiPay/Tests/Fullservice/Gateway/Model/Request/ThreeDSTwo/AccountInfo/PaymentTest.php" line="23" assertions="2" time="0.000282"/>
      </testsuite>
      <testsuite name="Unit\HiPay\Tests\Fullservice\Gateway\Model\Request\ThreeDSTwo\AccountInfo\PurchaseTest" file="/home/tviardin/Bureau/projects/hipay-fullservice-sdk-php/tests/Unit/HiPay/Tests/Fullservice/Gateway/Model/Request/ThreeDSTwo/AccountInfo/PurchaseTest.php" tests="5" assertions="9" errors="0" failures="0" skipped="0" time="0.001354">
        <testcase name="testConstruct" class="Unit\HiPay\Tests\Fullservice\Gateway\Model\Request\ThreeDSTwo\AccountInfo\PurchaseTest" classname="Unit.HiPay.Tests.Fullservice.Gateway.Model.Request.ThreeDSTwo.AccountInfo.PurchaseTest" file="/home/tviardin/Bureau/projects/hipay-fullservice-sdk-php/tests/Unit/HiPay/Tests/Fullservice/Gateway/Model/Request/ThreeDSTwo/AccountInfo/PurchaseTest.php" line="11" assertions="1" time="0.000240"/>
        <testcase name="testGetCount" class="Unit\HiPay\Tests\Fullservice\Gateway\Model\Request\ThreeDSTwo\AccountInfo\PurchaseTest" classname="Unit.HiPay.Tests.Fullservice.Gateway.Model.Request.ThreeDSTwo.AccountInfo.PurchaseTest" file="/home/tviardin/Bureau/projects/hipay-fullservice-sdk-php/tests/Unit/HiPay/Tests/Fullservice/Gateway/Model/Request/ThreeDSTwo/AccountInfo/PurchaseTest.php" line="23" assertions="2" time="0.000278"/>
        <testcase name="testGetCardStore24h" class="Unit\HiPay\Tests\Fullservice\Gateway\Model\Request\ThreeDSTwo\AccountInfo\PurchaseTest" classname="Unit.HiPay.Tests.Fullservice.Gateway.Model.Request.ThreeDSTwo.AccountInfo.PurchaseTest" file="/home/tviardin/Bureau/projects/hipay-fullservice-sdk-php/tests/Unit/HiPay/Tests/Fullservice/Gateway/Model/Request/ThreeDSTwo/AccountInfo/PurchaseTest.php" line="36" assertions="2" time="0.000279"/>
        <testcase name="testGetPaymentAttempts24h" class="Unit\HiPay\Tests\Fullservice\Gateway\Model\Request\ThreeDSTwo\AccountInfo\PurchaseTest" classname="Unit.HiPay.Tests.Fullservice.Gateway.Model.Request.ThreeDSTwo.AccountInfo.PurchaseTest" file="/home/tviardin/Bureau/projects/hipay-fullservice-sdk-php/tests/Unit/HiPay/Tests/Fullservice/Gateway/Model/Request/ThreeDSTwo/AccountInfo/PurchaseTest.php" line="49" assertions="2" time="0.000278"/>
        <testcase name="testGetPaymentAttemps1y" class="Unit\HiPay\Tests\Fullservice\Gateway\Model\Request\ThreeDSTwo\AccountInfo\PurchaseTest" classname="Unit.HiPay.Tests.Fullservice.Gateway.Model.Request.ThreeDSTwo.AccountInfo.PurchaseTest" file="/home/tviardin/Bureau/projects/hipay-fullservice-sdk-php/tests/Unit/HiPay/Tests/Fullservice/Gateway/Model/Request/ThreeDSTwo/AccountInfo/PurchaseTest.php" line="62" assertions="2" time="0.000279"/>
      </testsuite>
      <testsuite name="Unit\HiPay\Tests\Fullservice\Gateway\Model\Request\ThreeDSTwo\AccountInfo\ShippingTest" file="/home/tviardin/Bureau/projects/hipay-fullservice-sdk-php/tests/Unit/HiPay/Tests/Fullservice/Gateway/Model/Request/ThreeDSTwo/AccountInfo/ShippingTest.php" tests="4" assertions="7" errors="0" failures="0" skipped="0" time="0.001258">
        <testcase name="testConstruct" class="Unit\HiPay\Tests\Fullservice\Gateway\Model\Request\ThreeDSTwo\AccountInfo\ShippingTest" classname="Unit.HiPay.Tests.Fullservice.Gateway.Model.Request.ThreeDSTwo.AccountInfo.ShippingTest" file="/home/tviardin/Bureau/projects/hipay-fullservice-sdk-php/tests/Unit/HiPay/Tests/Fullservice/Gateway/Model/Request/ThreeDSTwo/AccountInfo/ShippingTest.php" line="13" assertions="1" time="0.000245"/>
        <testcase name="testGetShippingUsedDate" class="Unit\HiPay\Tests\Fullservice\Gateway\Model\Request\ThreeDSTwo\AccountInfo\ShippingTest" classname="Unit.HiPay.Tests.Fullservice.Gateway.Model.Request.ThreeDSTwo.AccountInfo.ShippingTest" file="/home/tviardin/Bureau/projects/hipay-fullservice-sdk-php/tests/Unit/HiPay/Tests/Fullservice/Gateway/Model/Request/ThreeDSTwo/AccountInfo/ShippingTest.php" line="25" assertions="2" time="0.000283"/>
        <testcase name="testGetNameIndicator" class="Unit\HiPay\Tests\Fullservice\Gateway\Model\Request\ThreeDSTwo\AccountInfo\ShippingTest" classname="Unit.HiPay.Tests.Fullservice.Gateway.Model.Request.ThreeDSTwo.AccountInfo.ShippingTest" file="/home/tviardin/Bureau/projects/hipay-fullservice-sdk-php/tests/Unit/HiPay/Tests/Fullservice/Gateway/Model/Request/ThreeDSTwo/AccountInfo/ShippingTest.php" line="38" assertions="2" time="0.000319"/>
        <testcase name="testGetSuspiciousActivity" class="Unit\HiPay\Tests\Fullservice\Gateway\Model\Request\ThreeDSTwo\AccountInfo\ShippingTest" classname="Unit.HiPay.Tests.Fullservice.Gateway.Model.Request.ThreeDSTwo.AccountInfo.ShippingTest" file="/home/tviardin/Bureau/projects/hipay-fullservice-sdk-php/tests/Unit/HiPay/Tests/Fullservice/Gateway/Model/Request/ThreeDSTwo/AccountInfo/ShippingTest.php" line="51" assertions="2" time="0.000411"/>
      </testsuite>
      <testsuite name="Unit\HiPay\Tests\Fullservice\Gateway\Model\Request\ThreeDSTwo\AccountInfoTest" file="/home/tviardin/Bureau/projects/hipay-fullservice-sdk-php/tests/Unit/HiPay/Tests/Fullservice/Gateway/Model/Request/ThreeDSTwo/AccountInfoTest.php" tests="5" assertions="13" errors="0" failures="0" skipped="0" time="0.001658">
        <testcase name="testConstruct" class="Unit\HiPay\Tests\Fullservice\Gateway\Model\Request\ThreeDSTwo\AccountInfoTest" classname="Unit.HiPay.Tests.Fullservice.Gateway.Model.Request.ThreeDSTwo.AccountInfoTest" file="/home/tviardin/Bureau/projects/hipay-fullservice-sdk-php/tests/Unit/HiPay/Tests/Fullservice/Gateway/Model/Request/ThreeDSTwo/AccountInfoTest.php" line="10" assertions="1" time="0.000284"/>
        <testcase name="testGetCustomer" class="Unit\HiPay\Tests\Fullservice\Gateway\Model\Request\ThreeDSTwo\AccountInfoTest" classname="Unit.HiPay.Tests.Fullservice.Gateway.Model.Request.ThreeDSTwo.AccountInfoTest" file="/home/tviardin/Bureau/projects/hipay-fullservice-sdk-php/tests/Unit/HiPay/Tests/Fullservice/Gateway/Model/Request/ThreeDSTwo/AccountInfoTest.php" line="22" assertions="3" time="0.000337"/>
        <testcase name="testGetPurchase" class="Unit\HiPay\Tests\Fullservice\Gateway\Model\Request\ThreeDSTwo\AccountInfoTest" classname="Unit.HiPay.Tests.Fullservice.Gateway.Model.Request.ThreeDSTwo.AccountInfoTest" file="/home/tviardin/Bureau/projects/hipay-fullservice-sdk-php/tests/Unit/HiPay/Tests/Fullservice/Gateway/Model/Request/ThreeDSTwo/AccountInfoTest.php" line="40" assertions="3" time="0.000332"/>
        <testcase name="testGetPayment" class="Unit\HiPay\Tests\Fullservice\Gateway\Model\Request\ThreeDSTwo\AccountInfoTest" classname="Unit.HiPay.Tests.Fullservice.Gateway.Model.Request.ThreeDSTwo.AccountInfoTest" file="/home/tviardin/Bureau/projects/hipay-fullservice-sdk-php/tests/Unit/HiPay/Tests/Fullservice/Gateway/Model/Request/ThreeDSTwo/AccountInfoTest.php" line="58" assertions="3" time="0.000359"/>
        <testcase name="testGetShipping" class="Unit\HiPay\Tests\Fullservice\Gateway\Model\Request\ThreeDSTwo\AccountInfoTest" classname="Unit.HiPay.Tests.Fullservice.Gateway.Model.Request.ThreeDSTwo.AccountInfoTest" file="/home/tviardin/Bureau/projects/hipay-fullservice-sdk-php/tests/Unit/HiPay/Tests/Fullservice/Gateway/Model/Request/ThreeDSTwo/AccountInfoTest.php" line="76" assertions="3" time="0.000346"/>
      </testsuite>
      <testsuite name="Unit\HiPay\Tests\Fullservice\Gateway\Model\Request\ThreeDSTwo\BrowserInfoTest" file="/home/tviardin/Bureau/projects/hipay-fullservice-sdk-php/tests/Unit/HiPay/Tests/Fullservice/Gateway/Model/Request/ThreeDSTwo/BrowserInfoTest.php" tests="11" assertions="21" errors="0" failures="0" skipped="0" time="0.003685">
        <testcase name="testConstruct" class="Unit\HiPay\Tests\Fullservice\Gateway\Model\Request\ThreeDSTwo\BrowserInfoTest" classname="Unit.HiPay.Tests.Fullservice.Gateway.Model.Request.ThreeDSTwo.BrowserInfoTest" file="/home/tviardin/Bureau/projects/hipay-fullservice-sdk-php/tests/Unit/HiPay/Tests/Fullservice/Gateway/Model/Request/ThreeDSTwo/BrowserInfoTest.php" line="10" assertions="1" time="0.000281"/>
        <testcase name="testGetIpaddr" class="Unit\HiPay\Tests\Fullservice\Gateway\Model\Request\ThreeDSTwo\BrowserInfoTest" classname="Unit.HiPay.Tests.Fullservice.Gateway.Model.Request.ThreeDSTwo.BrowserInfoTest" file="/home/tviardin/Bureau/projects/hipay-fullservice-sdk-php/tests/Unit/HiPay/Tests/Fullservice/Gateway/Model/Request/ThreeDSTwo/BrowserInfoTest.php" line="22" assertions="2" time="0.000313"/>
        <testcase name="testGetHttpAccept" class="Unit\HiPay\Tests\Fullservice\Gateway\Model\Request\ThreeDSTwo\BrowserInfoTest" classname="Unit.HiPay.Tests.Fullservice.Gateway.Model.Request.ThreeDSTwo.BrowserInfoTest" file="/home/tviardin/Bureau/projects/hipay-fullservice-sdk-php/tests/Unit/HiPay/Tests/Fullservice/Gateway/Model/Request/ThreeDSTwo/BrowserInfoTest.php" line="35" assertions="2" time="0.000321"/>
        <testcase name="testGetHttpUserAgent" class="Unit\HiPay\Tests\Fullservice\Gateway\Model\Request\ThreeDSTwo\BrowserInfoTest" classname="Unit.HiPay.Tests.Fullservice.Gateway.Model.Request.ThreeDSTwo.BrowserInfoTest" file="/home/tviardin/Bureau/projects/hipay-fullservice-sdk-php/tests/Unit/HiPay/Tests/Fullservice/Gateway/Model/Request/ThreeDSTwo/BrowserInfoTest.php" line="48" assertions="2" time="0.000328"/>
        <testcase name="testGetJavaEnabled" class="Unit\HiPay\Tests\Fullservice\Gateway\Model\Request\ThreeDSTwo\BrowserInfoTest" classname="Unit.HiPay.Tests.Fullservice.Gateway.Model.Request.ThreeDSTwo.BrowserInfoTest" file="/home/tviardin/Bureau/projects/hipay-fullservice-sdk-php/tests/Unit/HiPay/Tests/Fullservice/Gateway/Model/Request/ThreeDSTwo/BrowserInfoTest.php" line="61" assertions="2" time="0.000355"/>
        <testcase name="testGetJavascriptEnabled" class="Unit\HiPay\Tests\Fullservice\Gateway\Model\Request\ThreeDSTwo\BrowserInfoTest" classname="Unit.HiPay.Tests.Fullservice.Gateway.Model.Request.ThreeDSTwo.BrowserInfoTest" file="/home/tviardin/Bureau/projects/hipay-fullservice-sdk-php/tests/Unit/HiPay/Tests/Fullservice/Gateway/Model/Request/ThreeDSTwo/BrowserInfoTest.php" line="74" assertions="2" time="0.000354"/>
        <testcase name="testGetLanguage" class="Unit\HiPay\Tests\Fullservice\Gateway\Model\Request\ThreeDSTwo\BrowserInfoTest" classname="Unit.HiPay.Tests.Fullservice.Gateway.Model.Request.ThreeDSTwo.BrowserInfoTest" file="/home/tviardin/Bureau/projects/hipay-fullservice-sdk-php/tests/Unit/HiPay/Tests/Fullservice/Gateway/Model/Request/ThreeDSTwo/BrowserInfoTest.php" line="87" assertions="2" time="0.000332"/>
        <testcase name="testGetColorDepth" class="Unit\HiPay\Tests\Fullservice\Gateway\Model\Request\ThreeDSTwo\BrowserInfoTest" classname="Unit.HiPay.Tests.Fullservice.Gateway.Model.Request.ThreeDSTwo.BrowserInfoTest" file="/home/tviardin/Bureau/projects/hipay-fullservice-sdk-php/tests/Unit/HiPay/Tests/Fullservice/Gateway/Model/Request/ThreeDSTwo/BrowserInfoTest.php" line="100" assertions="2" time="0.000337"/>
        <testcase name="testGetScreenHeight" class="Unit\HiPay\Tests\Fullservice\Gateway\Model\Request\ThreeDSTwo\BrowserInfoTest" classname="Unit.HiPay.Tests.Fullservice.Gateway.Model.Request.ThreeDSTwo.BrowserInfoTest" file="/home/tviardin/Bureau/projects/hipay-fullservice-sdk-php/tests/Unit/HiPay/Tests/Fullservice/Gateway/Model/Request/ThreeDSTwo/BrowserInfoTest.php" line="113" assertions="2" time="0.000400"/>
        <testcase name="testGetScreenWidth" class="Unit\HiPay\Tests\Fullservice\Gateway\Model\Request\ThreeDSTwo\BrowserInfoTest" classname="Unit.HiPay.Tests.Fullservice.Gateway.Model.Request.ThreeDSTwo.BrowserInfoTest" file="/home/tviardin/Bureau/projects/hipay-fullservice-sdk-php/tests/Unit/HiPay/Tests/Fullservice/Gateway/Model/Request/ThreeDSTwo/BrowserInfoTest.php" line="126" assertions="2" time="0.000334"/>
        <testcase name="testGetTimezone" class="Unit\HiPay\Tests\Fullservice\Gateway\Model\Request\ThreeDSTwo\BrowserInfoTest" classname="Unit.HiPay.Tests.Fullservice.Gateway.Model.Request.ThreeDSTwo.BrowserInfoTest" file="/home/tviardin/Bureau/projects/hipay-fullservice-sdk-php/tests/Unit/HiPay/Tests/Fullservice/Gateway/Model/Request/ThreeDSTwo/BrowserInfoTest.php" line="139" assertions="2" time="0.000330"/>
      </testsuite>
      <testsuite name="Unit\HiPay\Tests\Fullservice\Gateway\Model\Request\ThreeDSTwo\MerchantRiskStatement\GiftCardTest" file="/home/tviardin/Bureau/projects/hipay-fullservice-sdk-php/tests/Unit/HiPay/Tests/Fullservice/Gateway/Model/Request/ThreeDSTwo/MerchantRiskStatement/GiftCardTest.php" tests="4" assertions="7" errors="0" failures="0" skipped="0" time="0.001327">
        <testcase name="testConstruct" class="Unit\HiPay\Tests\Fullservice\Gateway\Model\Request\ThreeDSTwo\MerchantRiskStatement\GiftCardTest" classname="Unit.HiPay.Tests.Fullservice.Gateway.Model.Request.ThreeDSTwo.MerchantRiskStatement.GiftCardTest" file="/home/tviardin/Bureau/projects/hipay-fullservice-sdk-php/tests/Unit/HiPay/Tests/Fullservice/Gateway/Model/Request/ThreeDSTwo/MerchantRiskStatement/GiftCardTest.php" line="10" assertions="1" time="0.000292"/>
        <testcase name="testGetAmount" class="Unit\HiPay\Tests\Fullservice\Gateway\Model\Request\ThreeDSTwo\MerchantRiskStatement\GiftCardTest" classname="Unit.HiPay.Tests.Fullservice.Gateway.Model.Request.ThreeDSTwo.MerchantRiskStatement.GiftCardTest" file="/home/tviardin/Bureau/projects/hipay-fullservice-sdk-php/tests/Unit/HiPay/Tests/Fullservice/Gateway/Model/Request/ThreeDSTwo/MerchantRiskStatement/GiftCardTest.php" line="22" assertions="2" time="0.000352"/>
        <testcase name="testGetCount" class="Unit\HiPay\Tests\Fullservice\Gateway\Model\Request\ThreeDSTwo\MerchantRiskStatement\GiftCardTest" classname="Unit.HiPay.Tests.Fullservice.Gateway.Model.Request.ThreeDSTwo.MerchantRiskStatement.GiftCardTest" file="/home/tviardin/Bureau/projects/hipay-fullservice-sdk-php/tests/Unit/HiPay/Tests/Fullservice/Gateway/Model/Request/ThreeDSTwo/MerchantRiskStatement/GiftCardTest.php" line="35" assertions="2" time="0.000332"/>
        <testcase name="testGetCurrency" class="Unit\HiPay\Tests\Fullservice\Gateway\Model\Request\ThreeDSTwo\MerchantRiskStatement\GiftCardTest" classname="Unit.HiPay.Tests.Fullservice.Gateway.Model.Request.ThreeDSTwo.MerchantRiskStatement.GiftCardTest" file="/home/tviardin/Bureau/projects/hipay-fullservice-sdk-php/tests/Unit/HiPay/Tests/Fullservice/Gateway/Model/Request/ThreeDSTwo/MerchantRiskStatement/GiftCardTest.php" line="48" assertions="2" time="0.000351"/>
      </testsuite>
      <testsuite name="Unit\HiPay\Tests\Fullservice\Gateway\Model\Request\ThreeDSTwo\MerchantRiskStatementTest" file="/home/tviardin/Bureau/projects/hipay-fullservice-sdk-php/tests/Unit/HiPay/Tests/Fullservice/Gateway/Model/Request/ThreeDSTwo/MerchantRiskStatementTest.php" tests="8" assertions="16" errors="0" failures="0" skipped="0" time="0.002558">
        <testcase name="testConstruct" class="Unit\HiPay\Tests\Fullservice\Gateway\Model\Request\ThreeDSTwo\MerchantRiskStatementTest" classname="Unit.HiPay.Tests.Fullservice.Gateway.Model.Request.ThreeDSTwo.MerchantRiskStatementTest" file="/home/tviardin/Bureau/projects/hipay-fullservice-sdk-php/tests/Unit/HiPay/Tests/Fullservice/Gateway/Model/Request/ThreeDSTwo/MerchantRiskStatementTest.php" line="14" assertions="1" time="0.000283"/>
        <testcase name="testGetEmailDeliveryAdress" class="Unit\HiPay\Tests\Fullservice\Gateway\Model\Request\ThreeDSTwo\MerchantRiskStatementTest" classname="Unit.HiPay.Tests.Fullservice.Gateway.Model.Request.ThreeDSTwo.MerchantRiskStatementTest" file="/home/tviardin/Bureau/projects/hipay-fullservice-sdk-php/tests/Unit/HiPay/Tests/Fullservice/Gateway/Model/Request/ThreeDSTwo/MerchantRiskStatementTest.php" line="26" assertions="2" time="0.000321"/>
        <testcase name="testGetDeliveryTimeFrame" class="Unit\HiPay\Tests\Fullservice\Gateway\Model\Request\ThreeDSTwo\MerchantRiskStatementTest" classname="Unit.HiPay.Tests.Fullservice.Gateway.Model.Request.ThreeDSTwo.MerchantRiskStatementTest" file="/home/tviardin/Bureau/projects/hipay-fullservice-sdk-php/tests/Unit/HiPay/Tests/Fullservice/Gateway/Model/Request/ThreeDSTwo/MerchantRiskStatementTest.php" line="39" assertions="2" time="0.000336"/>
        <testcase name="testGetPurchaseIndicator" class="Unit\HiPay\Tests\Fullservice\Gateway\Model\Request\ThreeDSTwo\MerchantRiskStatementTest" classname="Unit.HiPay.Tests.Fullservice.Gateway.Model.Request.ThreeDSTwo.MerchantRiskStatementTest" file="/home/tviardin/Bureau/projects/hipay-fullservice-sdk-php/tests/Unit/HiPay/Tests/Fullservice/Gateway/Model/Request/ThreeDSTwo/MerchantRiskStatementTest.php" line="52" assertions="2" time="0.000319"/>
        <testcase name="testGetPreOrderDate" class="Unit\HiPay\Tests\Fullservice\Gateway\Model\Request\ThreeDSTwo\MerchantRiskStatementTest" classname="Unit.HiPay.Tests.Fullservice.Gateway.Model.Request.ThreeDSTwo.MerchantRiskStatementTest" file="/home/tviardin/Bureau/projects/hipay-fullservice-sdk-php/tests/Unit/HiPay/Tests/Fullservice/Gateway/Model/Request/ThreeDSTwo/MerchantRiskStatementTest.php" line="65" assertions="2" time="0.000314"/>
        <testcase name="testGetReorderIndicator" class="Unit\HiPay\Tests\Fullservice\Gateway\Model\Request\ThreeDSTwo\MerchantRiskStatementTest" classname="Unit.HiPay.Tests.Fullservice.Gateway.Model.Request.ThreeDSTwo.MerchantRiskStatementTest" file="/home/tviardin/Bureau/projects/hipay-fullservice-sdk-php/tests/Unit/HiPay/Tests/Fullservice/Gateway/Model/Request/ThreeDSTwo/MerchantRiskStatementTest.php" line="78" assertions="2" time="0.000316"/>
        <testcase name="testGetShippingIndicator" class="Unit\HiPay\Tests\Fullservice\Gateway\Model\Request\ThreeDSTwo\MerchantRiskStatementTest" classname="Unit.HiPay.Tests.Fullservice.Gateway.Model.Request.ThreeDSTwo.MerchantRiskStatementTest" file="/home/tviardin/Bureau/projects/hipay-fullservice-sdk-php/tests/Unit/HiPay/Tests/Fullservice/Gateway/Model/Request/ThreeDSTwo/MerchantRiskStatementTest.php" line="91" assertions="2" time="0.000318"/>
        <testcase name="testGetGiftCart" class="Unit\HiPay\Tests\Fullservice\Gateway\Model\Request\ThreeDSTwo\MerchantRiskStatementTest" classname="Unit.HiPay.Tests.Fullservice.Gateway.Model.Request.ThreeDSTwo.MerchantRiskStatementTest" file="/home/tviardin/Bureau/projects/hipay-fullservice-sdk-php/tests/Unit/HiPay/Tests/Fullservice/Gateway/Model/Request/ThreeDSTwo/MerchantRiskStatementTest.php" line="104" assertions="3" time="0.000351"/>
      </testsuite>
      <testsuite name="Unit\HiPay\Tests\Fullservice\Gateway\Model\Request\ThreeDSTwo\PreviousAuthInfoTest" file="/home/tviardin/Bureau/projects/hipay-fullservice-sdk-php/tests/Unit/HiPay/Tests/Fullservice/Gateway/Model/Request/ThreeDSTwo/PreviousAuthInfoTest.php" tests="2" assertions="3" errors="0" failures="0" skipped="0" time="0.000597">
        <testcase name="testConstruct" class="Unit\HiPay\Tests\Fullservice\Gateway\Model\Request\ThreeDSTwo\PreviousAuthInfoTest" classname="Unit.HiPay.Tests.Fullservice.Gateway.Model.Request.ThreeDSTwo.PreviousAuthInfoTest" file="/home/tviardin/Bureau/projects/hipay-fullservice-sdk-php/tests/Unit/HiPay/Tests/Fullservice/Gateway/Model/Request/ThreeDSTwo/PreviousAuthInfoTest.php" line="10" assertions="1" time="0.000287"/>
        <testcase name="testGetTransactionReference" class="Unit\HiPay\Tests\Fullservice\Gateway\Model\Request\ThreeDSTwo\PreviousAuthInfoTest" classname="Unit.HiPay.Tests.Fullservice.Gateway.Model.Request.ThreeDSTwo.PreviousAuthInfoTest" file="/home/tviardin/Bureau/projects/hipay-fullservice-sdk-php/tests/Unit/HiPay/Tests/Fullservice/Gateway/Model/Request/ThreeDSTwo/PreviousAuthInfoTest.php" line="22" assertions="2" time="0.000310"/>
      </testsuite>
      <testsuite name="Unit\HiPay\Tests\Fullservice\Gateway\Model\Request\ThreeDSTwo\RecurringInfoTest" file="/home/tviardin/Bureau/projects/hipay-fullservice-sdk-php/tests/Unit/HiPay/Tests/Fullservice/Gateway/Model/Request/ThreeDSTwo/RecurringInfoTest.php" tests="3" assertions="5" errors="0" failures="0" skipped="0" time="0.000929">
        <testcase name="testConstruct" class="Unit\HiPay\Tests\Fullservice\Gateway\Model\Request\ThreeDSTwo\RecurringInfoTest" classname="Unit.HiPay.Tests.Fullservice.Gateway.Model.Request.ThreeDSTwo.RecurringInfoTest" file="/home/tviardin/Bureau/projects/hipay-fullservice-sdk-php/tests/Unit/HiPay/Tests/Fullservice/Gateway/Model/Request/ThreeDSTwo/RecurringInfoTest.php" line="10" assertions="1" time="0.000298"/>
        <testcase name="testGetExpirationDate" class="Unit\HiPay\Tests\Fullservice\Gateway\Model\Request\ThreeDSTwo\RecurringInfoTest" classname="Unit.HiPay.Tests.Fullservice.Gateway.Model.Request.ThreeDSTwo.RecurringInfoTest" file="/home/tviardin/Bureau/projects/hipay-fullservice-sdk-php/tests/Unit/HiPay/Tests/Fullservice/Gateway/Model/Request/ThreeDSTwo/RecurringInfoTest.php" line="22" assertions="2" time="0.000327"/>
        <testcase name="testGetFrequency" class="Unit\HiPay\Tests\Fullservice\Gateway\Model\Request\ThreeDSTwo\RecurringInfoTest" classname="Unit.HiPay.Tests.Fullservice.Gateway.Model.Request.ThreeDSTwo.RecurringInfoTest" file="/home/tviardin/Bureau/projects/hipay-fullservice-sdk-php/tests/Unit/HiPay/Tests/Fullservice/Gateway/Model/Request/ThreeDSTwo/RecurringInfoTest.php" line="35" assertions="2" time="0.000304"/>
      </testsuite>
      <testsuite name="Unit\HiPay\Tests\Fullservice\Gateway\Model\SecuritySettingsTest" file="/home/tviardin/Bureau/projects/hipay-fullservice-sdk-php/tests/Unit/HiPay/Tests/Fullservice/Gateway/Model/SecuritySettingsTest.php" tests="3" assertions="4" errors="0" failures="0" skipped="0" time="0.000864">
        <testcase name="testConstruct" class="Unit\HiPay\Tests\Fullservice\Gateway\Model\SecuritySettingsTest" classname="Unit.HiPay.Tests.Fullservice.Gateway.Model.SecuritySettingsTest" file="/home/tviardin/Bureau/projects/hipay-fullservice-sdk-php/tests/Unit/HiPay/Tests/Fullservice/Gateway/Model/SecuritySettingsTest.php" line="19" assertions="1" time="0.000285"/>
        <testcase name="testGetHashingAlgorithm" class="Unit\HiPay\Tests\Fullservice\Gateway\Model\SecuritySettingsTest" classname="Unit.HiPay.Tests.Fullservice.Gateway.Model.SecuritySettingsTest" file="/home/tviardin/Bureau/projects/hipay-fullservice-sdk-php/tests/Unit/HiPay/Tests/Fullservice/Gateway/Model/SecuritySettingsTest.php" line="33" assertions="1" time="0.000276"/>
        <testcase name="testSetHashingAlgorithm" class="Unit\HiPay\Tests\Fullservice\Gateway\Model\SecuritySettingsTest" classname="Unit.HiPay.Tests.Fullservice.Gateway.Model.SecuritySettingsTest" file="/home/tviardin/Bureau/projects/hipay-fullservice-sdk-php/tests/Unit/HiPay/Tests/Fullservice/Gateway/Model/SecuritySettingsTest.php" line="44" assertions="2" time="0.000303"/>
      </testsuite>
      <testsuite name="Unit\HiPay\Tests\Fullservice\Gateway\Model\ThreeDSecureTest" file="/home/tviardin/Bureau/projects/hipay-fullservice-sdk-php/tests/Unit/HiPay/Tests/Fullservice/Gateway/Model/ThreeDSecureTest.php" tests="8" assertions="8" errors="0" failures="0" skipped="0" time="0.002178">
        <testcase name="testConstruct" class="Unit\HiPay\Tests\Fullservice\Gateway\Model\ThreeDSecureTest" classname="Unit.HiPay.Tests.Fullservice.Gateway.Model.ThreeDSecureTest" file="/home/tviardin/Bureau/projects/hipay-fullservice-sdk-php/tests/Unit/HiPay/Tests/Fullservice/Gateway/Model/ThreeDSecureTest.php" line="26" assertions="1" time="0.000292"/>
        <testcase name="testGetEci" class="Unit\HiPay\Tests\Fullservice\Gateway\Model\ThreeDSecureTest" classname="Unit.HiPay.Tests.Fullservice.Gateway.Model.ThreeDSecureTest" file="/home/tviardin/Bureau/projects/hipay-fullservice-sdk-php/tests/Unit/HiPay/Tests/Fullservice/Gateway/Model/ThreeDSecureTest.php" line="46" assertions="1" time="0.000288"/>
        <testcase name="testGetEnrollmentStatus" class="Unit\HiPay\Tests\Fullservice\Gateway\Model\ThreeDSecureTest" classname="Unit.HiPay.Tests.Fullservice.Gateway.Model.ThreeDSecureTest" file="/home/tviardin/Bureau/projects/hipay-fullservice-sdk-php/tests/Unit/HiPay/Tests/Fullservice/Gateway/Model/ThreeDSecureTest.php" line="55" assertions="1" time="0.000267"/>
        <testcase name="testGetEnrollmentMessage" class="Unit\HiPay\Tests\Fullservice\Gateway\Model\ThreeDSecureTest" classname="Unit.HiPay.Tests.Fullservice.Gateway.Model.ThreeDSecureTest" file="/home/tviardin/Bureau/projects/hipay-fullservice-sdk-php/tests/Unit/HiPay/Tests/Fullservice/Gateway/Model/ThreeDSecureTest.php" line="64" assertions="1" time="0.000267"/>
        <testcase name="testGetAuthenticationStatus" class="Unit\HiPay\Tests\Fullservice\Gateway\Model\ThreeDSecureTest" classname="Unit.HiPay.Tests.Fullservice.Gateway.Model.ThreeDSecureTest" file="/home/tviardin/Bureau/projects/hipay-fullservice-sdk-php/tests/Unit/HiPay/Tests/Fullservice/Gateway/Model/ThreeDSecureTest.php" line="73" assertions="1" time="0.000270"/>
        <testcase name="testGetAuthenticationMessage" class="Unit\HiPay\Tests\Fullservice\Gateway\Model\ThreeDSecureTest" classname="Unit.HiPay.Tests.Fullservice.Gateway.Model.ThreeDSecureTest" file="/home/tviardin/Bureau/projects/hipay-fullservice-sdk-php/tests/Unit/HiPay/Tests/Fullservice/Gateway/Model/ThreeDSecureTest.php" line="82" assertions="1" time="0.000265"/>
        <testcase name="testGetAuthenticationToken" class="Unit\HiPay\Tests\Fullservice\Gateway\Model\ThreeDSecureTest" classname="Unit.HiPay.Tests.Fullservice.Gateway.Model.ThreeDSecureTest" file="/home/tviardin/Bureau/projects/hipay-fullservice-sdk-php/tests/Unit/HiPay/Tests/Fullservice/Gateway/Model/ThreeDSecureTest.php" line="91" assertions="1" time="0.000264"/>
        <testcase name="testGetXid" class="Unit\HiPay\Tests\Fullservice\Gateway\Model\ThreeDSecureTest" classname="Unit.HiPay.Tests.Fullservice.Gateway.Model.ThreeDSecureTest" file="/home/tviardin/Bureau/projects/hipay-fullservice-sdk-php/tests/Unit/HiPay/Tests/Fullservice/Gateway/Model/ThreeDSecureTest.php" line="100" assertions="1" time="0.000265"/>
      </testsuite>
      <testsuite name="Unit\HiPay\Tests\Fullservice\Gateway\Model\TransactionTest" file="/home/tviardin/Bureau/projects/hipay-fullservice-sdk-php/tests/Unit/HiPay/Tests/Fullservice/Gateway/Model/TransactionTest.php" tests="33" assertions="33" errors="0" failures="0" skipped="0" time="0.018265">
        <testcase name="testConstruct" class="Unit\HiPay\Tests\Fullservice\Gateway\Model\TransactionTest" classname="Unit.HiPay.Tests.Fullservice.Gateway.Model.TransactionTest" file="/home/tviardin/Bureau/projects/hipay-fullservice-sdk-php/tests/Unit/HiPay/Tests/Fullservice/Gateway/Model/TransactionTest.php" line="121" assertions="1" time="0.000444"/>
        <testcase name="testGetCustomData" class="Unit\HiPay\Tests\Fullservice\Gateway\Model\TransactionTest" classname="Unit.HiPay.Tests.Fullservice.Gateway.Model.TransactionTest" file="/home/tviardin/Bureau/projects/hipay-fullservice-sdk-php/tests/Unit/HiPay/Tests/Fullservice/Gateway/Model/TransactionTest.php" line="169" assertions="1" time="0.000444"/>
        <testcase name="testGetTransactionReference" class="Unit\HiPay\Tests\Fullservice\Gateway\Model\TransactionTest" classname="Unit.HiPay.Tests.Fullservice.Gateway.Model.TransactionTest" file="/home/tviardin/Bureau/projects/hipay-fullservice-sdk-php/tests/Unit/HiPay/Tests/Fullservice/Gateway/Model/TransactionTest.php" line="178" assertions="1" time="0.000382"/>
        <testcase name="testGetReason" class="Unit\HiPay\Tests\Fullservice\Gateway\Model\TransactionTest" classname="Unit.HiPay.Tests.Fullservice.Gateway.Model.TransactionTest" file="/home/tviardin/Bureau/projects/hipay-fullservice-sdk-php/tests/Unit/HiPay/Tests/Fullservice/Gateway/Model/TransactionTest.php" line="187" assertions="1" time="0.000373"/>
        <testcase name="testGetForwardUrl" class="Unit\HiPay\Tests\Fullservice\Gateway\Model\TransactionTest" classname="Unit.HiPay.Tests.Fullservice.Gateway.Model.TransactionTest" file="/home/tviardin/Bureau/projects/hipay-fullservice-sdk-php/tests/Unit/HiPay/Tests/Fullservice/Gateway/Model/TransactionTest.php" line="196" assertions="1" time="0.000376"/>
        <testcase name="testGetAttemptId" class="Unit\HiPay\Tests\Fullservice\Gateway\Model\TransactionTest" classname="Unit.HiPay.Tests.Fullservice.Gateway.Model.TransactionTest" file="/home/tviardin/Bureau/projects/hipay-fullservice-sdk-php/tests/Unit/HiPay/Tests/Fullservice/Gateway/Model/TransactionTest.php" line="205" assertions="1" time="0.000377"/>
        <testcase name="testGetReferenceToPay" class="Unit\HiPay\Tests\Fullservice\Gateway\Model\TransactionTest" classname="Unit.HiPay.Tests.Fullservice.Gateway.Model.TransactionTest" file="/home/tviardin/Bureau/projects/hipay-fullservice-sdk-php/tests/Unit/HiPay/Tests/Fullservice/Gateway/Model/TransactionTest.php" line="214" assertions="1" time="0.000362"/>
        <testcase name="testGetIpAddress" class="Unit\HiPay\Tests\Fullservice\Gateway\Model\TransactionTest" classname="Unit.HiPay.Tests.Fullservice.Gateway.Model.TransactionTest" file="/home/tviardin/Bureau/projects/hipay-fullservice-sdk-php/tests/Unit/HiPay/Tests/Fullservice/Gateway/Model/TransactionTest.php" line="223" assertions="1" time="0.000361"/>
        <testcase name="testGetIpCountry" class="Unit\HiPay\Tests\Fullservice\Gateway\Model\TransactionTest" classname="Unit.HiPay.Tests.Fullservice.Gateway.Model.TransactionTest" file="/home/tviardin/Bureau/projects/hipay-fullservice-sdk-php/tests/Unit/HiPay/Tests/Fullservice/Gateway/Model/TransactionTest.php" line="232" assertions="1" time="0.000362"/>
        <testcase name="testGetDeviceId" class="Unit\HiPay\Tests\Fullservice\Gateway\Model\TransactionTest" classname="Unit.HiPay.Tests.Fullservice.Gateway.Model.TransactionTest" file="/home/tviardin/Bureau/projects/hipay-fullservice-sdk-php/tests/Unit/HiPay/Tests/Fullservice/Gateway/Model/TransactionTest.php" line="241" assertions="1" time="0.000363"/>
        <testcase name="testGetAvsResult" class="Unit\HiPay\Tests\Fullservice\Gateway\Model\TransactionTest" classname="Unit.HiPay.Tests.Fullservice.Gateway.Model.TransactionTest" file="/home/tviardin/Bureau/projects/hipay-fullservice-sdk-php/tests/Unit/HiPay/Tests/Fullservice/Gateway/Model/TransactionTest.php" line="250" assertions="1" time="0.000373"/>
        <testcase name="testGetCvcResult" class="Unit\HiPay\Tests\Fullservice\Gateway\Model\TransactionTest" classname="Unit.HiPay.Tests.Fullservice.Gateway.Model.TransactionTest" file="/home/tviardin/Bureau/projects/hipay-fullservice-sdk-php/tests/Unit/HiPay/Tests/Fullservice/Gateway/Model/TransactionTest.php" line="259" assertions="1" time="0.000363"/>
        <testcase name="testGetEci" class="Unit\HiPay\Tests\Fullservice\Gateway\Model\TransactionTest" classname="Unit.HiPay.Tests.Fullservice.Gateway.Model.TransactionTest" file="/home/tviardin/Bureau/projects/hipay-fullservice-sdk-php/tests/Unit/HiPay/Tests/Fullservice/Gateway/Model/TransactionTest.php" line="268" assertions="1" time="0.000350"/>
        <testcase name="testGetPaymentProduct" class="Unit\HiPay\Tests\Fullservice\Gateway\Model\TransactionTest" classname="Unit.HiPay.Tests.Fullservice.Gateway.Model.TransactionTest" file="/home/tviardin/Bureau/projects/hipay-fullservice-sdk-php/tests/Unit/HiPay/Tests/Fullservice/Gateway/Model/TransactionTest.php" line="277" assertions="1" time="0.001796"/>
        <testcase name="testGetPaymentMethod" class="Unit\HiPay\Tests\Fullservice\Gateway\Model\TransactionTest" classname="Unit.HiPay.Tests.Fullservice.Gateway.Model.TransactionTest" file="/home/tviardin/Bureau/projects/hipay-fullservice-sdk-php/tests/Unit/HiPay/Tests/Fullservice/Gateway/Model/TransactionTest.php" line="286" assertions="1" time="0.001266"/>
        <testcase name="testGetThreeDSecure" class="Unit\HiPay\Tests\Fullservice\Gateway\Model\TransactionTest" classname="Unit.HiPay.Tests.Fullservice.Gateway.Model.TransactionTest" file="/home/tviardin/Bureau/projects/hipay-fullservice-sdk-php/tests/Unit/HiPay/Tests/Fullservice/Gateway/Model/TransactionTest.php" line="295" assertions="1" time="0.001173"/>
        <testcase name="testGetFraudScreening" class="Unit\HiPay\Tests\Fullservice\Gateway\Model\TransactionTest" classname="Unit.HiPay.Tests.Fullservice.Gateway.Model.TransactionTest" file="/home/tviardin/Bureau/projects/hipay-fullservice-sdk-php/tests/Unit/HiPay/Tests/Fullservice/Gateway/Model/TransactionTest.php" line="304" assertions="1" time="0.000822"/>
        <testcase name="testGetOrder" class="Unit\HiPay\Tests\Fullservice\Gateway\Model\TransactionTest" classname="Unit.HiPay.Tests.Fullservice.Gateway.Model.TransactionTest" file="/home/tviardin/Bureau/projects/hipay-fullservice-sdk-php/tests/Unit/HiPay/Tests/Fullservice/Gateway/Model/TransactionTest.php" line="313" assertions="1" time="0.001594"/>
        <testcase name="testGetDebitAgreement" class="Unit\HiPay\Tests\Fullservice\Gateway\Model\TransactionTest" classname="Unit.HiPay.Tests.Fullservice.Gateway.Model.TransactionTest" file="/home/tviardin/Bureau/projects/hipay-fullservice-sdk-php/tests/Unit/HiPay/Tests/Fullservice/Gateway/Model/TransactionTest.php" line="322" assertions="1" time="0.000596"/>
        <testcase name="testGetOperation" class="Unit\HiPay\Tests\Fullservice\Gateway\Model\TransactionTest" classname="Unit.HiPay.Tests.Fullservice.Gateway.Model.TransactionTest" file="/home/tviardin/Bureau/projects/hipay-fullservice-sdk-php/tests/Unit/HiPay/Tests/Fullservice/Gateway/Model/TransactionTest.php" line="331" assertions="1" time="0.001281"/>
        <testcase name="testGetBasket" class="Unit\HiPay\Tests\Fullservice\Gateway\Model\TransactionTest" classname="Unit.HiPay.Tests.Fullservice.Gateway.Model.TransactionTest" file="/home/tviardin/Bureau/projects/hipay-fullservice-sdk-php/tests/Unit/HiPay/Tests/Fullservice/Gateway/Model/TransactionTest.php" line="340" assertions="1" time="0.000422"/>
        <testcase name="testGetMid" class="Unit\HiPay\Tests\Fullservice\Gateway\Model\TransactionTest" classname="Unit.HiPay.Tests.Fullservice.Gateway.Model.TransactionTest" file="/home/tviardin/Bureau/projects/hipay-fullservice-sdk-php/tests/Unit/HiPay/Tests/Fullservice/Gateway/Model/TransactionTest.php" line="349" assertions="1" time="0.000388"/>
        <testcase name="testGetAuthorizationCode" class="Unit\HiPay\Tests\Fullservice\Gateway\Model\TransactionTest" classname="Unit.HiPay.Tests.Fullservice.Gateway.Model.TransactionTest" file="/home/tviardin/Bureau/projects/hipay-fullservice-sdk-php/tests/Unit/HiPay/Tests/Fullservice/Gateway/Model/TransactionTest.php" line="358" assertions="1" time="0.000392"/>
        <testcase name="testGetDateCreated" class="Unit\HiPay\Tests\Fullservice\Gateway\Model\TransactionTest" classname="Unit.HiPay.Tests.Fullservice.Gateway.Model.TransactionTest" file="/home/tviardin/Bureau/projects/hipay-fullservice-sdk-php/tests/Unit/HiPay/Tests/Fullservice/Gateway/Model/TransactionTest.php" line="367" assertions="1" time="0.000369"/>
        <testcase name="testGetDateUpdated" class="Unit\HiPay\Tests\Fullservice\Gateway\Model\TransactionTest" classname="Unit.HiPay.Tests.Fullservice.Gateway.Model.TransactionTest" file="/home/tviardin/Bureau/projects/hipay-fullservice-sdk-php/tests/Unit/HiPay/Tests/Fullservice/Gateway/Model/TransactionTest.php" line="376" assertions="1" time="0.000372"/>
        <testcase name="testGetDateAuthorized" class="Unit\HiPay\Tests\Fullservice\Gateway\Model\TransactionTest" classname="Unit.HiPay.Tests.Fullservice.Gateway.Model.TransactionTest" file="/home/tviardin/Bureau/projects/hipay-fullservice-sdk-php/tests/Unit/HiPay/Tests/Fullservice/Gateway/Model/TransactionTest.php" line="385" assertions="1" time="0.000367"/>
        <testcase name="testGetState" class="Unit\HiPay\Tests\Fullservice\Gateway\Model\TransactionTest" classname="Unit.HiPay.Tests.Fullservice.Gateway.Model.TransactionTest" file="/home/tviardin/Bureau/projects/hipay-fullservice-sdk-php/tests/Unit/HiPay/Tests/Fullservice/Gateway/Model/TransactionTest.php" line="394" assertions="1" time="0.000367"/>
        <testcase name="testGetMessage" class="Unit\HiPay\Tests\Fullservice\Gateway\Model\TransactionTest" classname="Unit.HiPay.Tests.Fullservice.Gateway.Model.TransactionTest" file="/home/tviardin/Bureau/projects/hipay-fullservice-sdk-php/tests/Unit/HiPay/Tests/Fullservice/Gateway/Model/TransactionTest.php" line="403" assertions="1" time="0.000358"/>
        <testcase name="testGetAuthorizedAmount" class="Unit\HiPay\Tests\Fullservice\Gateway\Model\TransactionTest" classname="Unit.HiPay.Tests.Fullservice.Gateway.Model.TransactionTest" file="/home/tviardin/Bureau/projects/hipay-fullservice-sdk-php/tests/Unit/HiPay/Tests/Fullservice/Gateway/Model/TransactionTest.php" line="412" assertions="1" time="0.000360"/>
        <testcase name="testGetCapturedAmount" class="Unit\HiPay\Tests\Fullservice\Gateway\Model\TransactionTest" classname="Unit.HiPay.Tests.Fullservice.Gateway.Model.TransactionTest" file="/home/tviardin/Bureau/projects/hipay-fullservice-sdk-php/tests/Unit/HiPay/Tests/Fullservice/Gateway/Model/TransactionTest.php" line="421" assertions="1" time="0.000353"/>
        <testcase name="testGetRefundedAmount" class="Unit\HiPay\Tests\Fullservice\Gateway\Model\TransactionTest" classname="Unit.HiPay.Tests.Fullservice.Gateway.Model.TransactionTest" file="/home/tviardin/Bureau/projects/hipay-fullservice-sdk-php/tests/Unit/HiPay/Tests/Fullservice/Gateway/Model/TransactionTest.php" line="430" assertions="1" time="0.000353"/>
        <testcase name="testGetDecimals" class="Unit\HiPay\Tests\Fullservice\Gateway\Model\TransactionTest" classname="Unit.HiPay.Tests.Fullservice.Gateway.Model.TransactionTest" file="/home/tviardin/Bureau/projects/hipay-fullservice-sdk-php/tests/Unit/HiPay/Tests/Fullservice/Gateway/Model/TransactionTest.php" line="439" assertions="1" time="0.000352"/>
        <testcase name="testGetCurrency" class="Unit\HiPay\Tests\Fullservice\Gateway\Model\TransactionTest" classname="Unit.HiPay.Tests.Fullservice.Gateway.Model.TransactionTest" file="/home/tviardin/Bureau/projects/hipay-fullservice-sdk-php/tests/Unit/HiPay/Tests/Fullservice/Gateway/Model/TransactionTest.php" line="448" assertions="1" time="0.000353"/>
      </testsuite>
      <testsuite name="Unit\HiPay\Tests\Fullservice\Gateway\PIDataClient\PIDataClientTest" file="/home/tviardin/Bureau/projects/hipay-fullservice-sdk-php/tests/Unit/HiPay/Tests/Fullservice/Gateway/PIDataClient/PIDataClientTest.php" tests="5" assertions="17" errors="0" failures="0" skipped="0" time="0.006304">
        <testcase name="testCanBeConstructUsingClientProvider" class="Unit\HiPay\Tests\Fullservice\Gateway\PIDataClient\PIDataClientTest" classname="Unit.HiPay.Tests.Fullservice.Gateway.PIDataClient.PIDataClientTest" file="/home/tviardin/Bureau/projects/hipay-fullservice-sdk-php/tests/Unit/HiPay/Tests/Fullservice/Gateway/PIDataClient/PIDataClientTest.php" line="67" assertions="1" time="0.000373"/>
        <testcase name="testGetDataIdForOrder" class="Unit\HiPay\Tests\Fullservice\Gateway\PIDataClient\PIDataClientTest" classname="Unit.HiPay.Tests.Fullservice.Gateway.PIDataClient.PIDataClientTest" file="/home/tviardin/Bureau/projects/hipay-fullservice-sdk-php/tests/Unit/HiPay/Tests/Fullservice/Gateway/PIDataClient/PIDataClientTest.php" line="82" assertions="2" time="0.000629"/>
        <testcase name="testGetDataIdForHPayment" class="Unit\HiPay\Tests\Fullservice\Gateway\PIDataClient\PIDataClientTest" classname="Unit.HiPay.Tests.Fullservice.Gateway.PIDataClient.PIDataClientTest" file="/home/tviardin/Bureau/projects/hipay-fullservice-sdk-php/tests/Unit/HiPay/Tests/Fullservice/Gateway/PIDataClient/PIDataClientTest.php" line="103" assertions="2" time="0.000600"/>
        <testcase name="testGetOrderData" class="Unit\HiPay\Tests\Fullservice\Gateway\PIDataClient\PIDataClientTest" classname="Unit.HiPay.Tests.Fullservice.Gateway.PIDataClient.PIDataClientTest" file="/home/tviardin/Bureau/projects/hipay-fullservice-sdk-php/tests/Unit/HiPay/Tests/Fullservice/Gateway/PIDataClient/PIDataClientTest.php" line="124" assertions="7" time="0.002708"/>
        <testcase name="testGetHPaymentData" class="Unit\HiPay\Tests\Fullservice\Gateway\PIDataClient\PIDataClientTest" classname="Unit.HiPay.Tests.Fullservice.Gateway.PIDataClient.PIDataClientTest" file="/home/tviardin/Bureau/projects/hipay-fullservice-sdk-php/tests/Unit/HiPay/Tests/Fullservice/Gateway/PIDataClient/PIDataClientTest.php" line="192" assertions="5" time="0.001994"/>
      </testsuite>
      <testsuite name="Unit\HiPay\Tests\Fullservice\Request\HostedPaymentPageRequestTest" file="/home/tviardin/Bureau/projects/hipay-fullservice-sdk-php/tests/Unit/HiPay/Tests/Fullservice/Gateway/Request/HostedPaymentPageRequestTest.php" tests="3" assertions="12" errors="0" failures="0" skipped="0" time="0.001688">
        <testcase name="testCanBeConstruct" class="Unit\HiPay\Tests\Fullservice\Request\HostedPaymentPageRequestTest" classname="Unit.HiPay.Tests.Fullservice.Request.HostedPaymentPageRequestTest" file="/home/tviardin/Bureau/projects/hipay-fullservice-sdk-php/tests/Unit/HiPay/Tests/Fullservice/Gateway/Request/HostedPaymentPageRequestTest.php" line="38" assertions="1" time="0.000258"/>
        <testcase name="testPropertiesCanBeSetted" class="Unit\HiPay\Tests\Fullservice\Request\HostedPaymentPageRequestTest" classname="Unit.HiPay.Tests.Fullservice.Request.HostedPaymentPageRequestTest" file="/home/tviardin/Bureau/projects/hipay-fullservice-sdk-php/tests/Unit/HiPay/Tests/Fullservice/Gateway/Request/HostedPaymentPageRequestTest.php" line="52" assertions="10" time="0.000683"/>
        <testcase name="testProductListCanBeSorted" class="Unit\HiPay\Tests\Fullservice\Request\HostedPaymentPageRequestTest" classname="Unit.HiPay.Tests.Fullservice.Request.HostedPaymentPageRequestTest" file="/home/tviardin/Bureau/projects/hipay-fullservice-sdk-php/tests/Unit/HiPay/Tests/Fullservice/Gateway/Request/HostedPaymentPageRequestTest.php" line="92" assertions="1" time="0.000747"/>
      </testsuite>
      <testsuite name="Unit\HiPay\Tests\Fullservice\Request\OrderRequestTest" file="/home/tviardin/Bureau/projects/hipay-fullservice-sdk-php/tests/Unit/HiPay/Tests/Fullservice/Gateway/Request/OrderRequestTest.php" tests="2" assertions="6" errors="0" failures="0" skipped="0" time="0.000853">
        <testcase name="testCanBeConstruct" class="Unit\HiPay\Tests\Fullservice\Request\OrderRequestTest" classname="Unit.HiPay.Tests.Fullservice.Request.OrderRequestTest" file="/home/tviardin/Bureau/projects/hipay-fullservice-sdk-php/tests/Unit/HiPay/Tests/Fullservice/Gateway/Request/OrderRequestTest.php" line="37" assertions="1" time="0.000251"/>
        <testcase name="testPropertiesCanBeSetted" class="Unit\HiPay\Tests\Fullservice\Request\OrderRequestTest" classname="Unit.HiPay.Tests.Fullservice.Request.OrderRequestTest" file="/home/tviardin/Bureau/projects/hipay-fullservice-sdk-php/tests/Unit/HiPay/Tests/Fullservice/Gateway/Request/OrderRequestTest.php" line="49" assertions="5" time="0.000602"/>
      </testsuite>
      <testsuite name="Unit\HiPay\Tests\Fullservice\HTTP\ClientProviderTest" file="/home/tviardin/Bureau/projects/hipay-fullservice-sdk-php/tests/Unit/HiPay/Tests/Fullservice/HTTP/ClientProviderTest.php" tests="6" assertions="9" errors="0" failures="0" skipped="0" time="0.005669">
        <testcase name="testCannotBeConstructUsingNoArgument" class="Unit\HiPay\Tests\Fullservice\HTTP\ClientProviderTest" classname="Unit.HiPay.Tests.Fullservice.HTTP.ClientProviderTest" file="/home/tviardin/Bureau/projects/hipay-fullservice-sdk-php/tests/Unit/HiPay/Tests/Fullservice/HTTP/ClientProviderTest.php" line="43" assertions="2" time="0.001494"/>
        <testcase name="testCannotBeConstructUsingInvalidArgument" class="Unit\HiPay\Tests\Fullservice\HTTP\ClientProviderTest" classname="Unit.HiPay.Tests.Fullservice.HTTP.ClientProviderTest" file="/home/tviardin/Bureau/projects/hipay-fullservice-sdk-php/tests/Unit/HiPay/Tests/Fullservice/HTTP/ClientProviderTest.php" line="58" assertions="2" time="0.000564"/>
        <testcase name="testCanBeConstructUsingConfiguration" class="Unit\HiPay\Tests\Fullservice\HTTP\ClientProviderTest" classname="Unit.HiPay.Tests.Fullservice.HTTP.ClientProviderTest" file="/home/tviardin/Bureau/projects/hipay-fullservice-sdk-php/tests/Unit/HiPay/Tests/Fullservice/HTTP/ClientProviderTest.php" line="75" assertions="1" time="0.001045"/>
        <testcase name="testConfigurationCanBeRetrieved" class="Unit\HiPay\Tests\Fullservice\HTTP\ClientProviderTest" classname="Unit.HiPay.Tests.Fullservice.HTTP.ClientProviderTest" file="/home/tviardin/Bureau/projects/hipay-fullservice-sdk-php/tests/Unit/HiPay/Tests/Fullservice/HTTP/ClientProviderTest.php" line="94" assertions="1" time="0.000838"/>
        <testcase name="testConfigurationCanBeSetted" class="Unit\HiPay\Tests\Fullservice\HTTP\ClientProviderTest" classname="Unit.HiPay.Tests.Fullservice.HTTP.ClientProviderTest" file="/home/tviardin/Bureau/projects/hipay-fullservice-sdk-php/tests/Unit/HiPay/Tests/Fullservice/HTTP/ClientProviderTest.php" line="105" assertions="2" time="0.000904"/>
        <testcase name="testHttpClientCanBeRetrieved" class="Unit\HiPay\Tests\Fullservice\HTTP\ClientProviderTest" classname="Unit.HiPay.Tests.Fullservice.HTTP.ClientProviderTest" file="/home/tviardin/Bureau/projects/hipay-fullservice-sdk-php/tests/Unit/HiPay/Tests/Fullservice/HTTP/ClientProviderTest.php" line="125" assertions="1" time="0.000824"/>
      </testsuite>
      <testsuite name="Unit\HiPay\Tests\Fullservice\HTTP\Configuration\ConfigurationInterfaceTest" file="/home/tviardin/Bureau/projects/hipay-fullservice-sdk-php/tests/Unit/HiPay/Tests/Fullservice/HTTP/Configuration/ConfigurationInterfaceTest.php" tests="8" assertions="12" errors="0" failures="0" skipped="0" time="0.015033">
        <testcase name="testCanBeConstruct" class="Unit\HiPay\Tests\Fullservice\HTTP\Configuration\ConfigurationInterfaceTest" classname="Unit.HiPay.Tests.Fullservice.HTTP.Configuration.ConfigurationInterfaceTest" file="/home/tviardin/Bureau/projects/hipay-fullservice-sdk-php/tests/Unit/HiPay/Tests/Fullservice/HTTP/Configuration/ConfigurationInterfaceTest.php" line="36" assertions="1" time="0.003860"/>
        <testcase name="testApiUsernameCanBeRetrieved" class="Unit\HiPay\Tests\Fullservice\HTTP\Configuration\ConfigurationInterfaceTest" classname="Unit.HiPay.Tests.Fullservice.HTTP.Configuration.ConfigurationInterfaceTest" file="/home/tviardin/Bureau/projects/hipay-fullservice-sdk-php/tests/Unit/HiPay/Tests/Fullservice/HTTP/Configuration/ConfigurationInterfaceTest.php" line="51" assertions="1" time="0.001688"/>
        <testcase name="testApiPassorwdCanBeRetrieved" class="Unit\HiPay\Tests\Fullservice\HTTP\Configuration\ConfigurationInterfaceTest" classname="Unit.HiPay.Tests.Fullservice.HTTP.Configuration.ConfigurationInterfaceTest" file="/home/tviardin/Bureau/projects/hipay-fullservice-sdk-php/tests/Unit/HiPay/Tests/Fullservice/HTTP/Configuration/ConfigurationInterfaceTest.php" line="64" assertions="1" time="0.001385"/>
        <testcase name="testApiEnvCanBeRetrieved" class="Unit\HiPay\Tests\Fullservice\HTTP\Configuration\ConfigurationInterfaceTest" classname="Unit.HiPay.Tests.Fullservice.HTTP.Configuration.ConfigurationInterfaceTest" file="/home/tviardin/Bureau/projects/hipay-fullservice-sdk-php/tests/Unit/HiPay/Tests/Fullservice/HTTP/Configuration/ConfigurationInterfaceTest.php" line="76" assertions="1" time="0.001330"/>
        <testcase name="testApiHTTPHeaderAcceptCanBeRetrieved" class="Unit\HiPay\Tests\Fullservice\HTTP\Configuration\ConfigurationInterfaceTest" classname="Unit.HiPay.Tests.Fullservice.HTTP.Configuration.ConfigurationInterfaceTest" file="/home/tviardin/Bureau/projects/hipay-fullservice-sdk-php/tests/Unit/HiPay/Tests/Fullservice/HTTP/Configuration/ConfigurationInterfaceTest.php" line="88" assertions="1" time="0.001315"/>
        <testcase name="testApiEndpointProdCanBeRetrieved" class="Unit\HiPay\Tests\Fullservice\HTTP\Configuration\ConfigurationInterfaceTest" classname="Unit.HiPay.Tests.Fullservice.HTTP.Configuration.ConfigurationInterfaceTest" file="/home/tviardin/Bureau/projects/hipay-fullservice-sdk-php/tests/Unit/HiPay/Tests/Fullservice/HTTP/Configuration/ConfigurationInterfaceTest.php" line="100" assertions="2" time="0.001660"/>
        <testcase name="testApiEndpointStageCanBeRetrieved" class="Unit\HiPay\Tests\Fullservice\HTTP\Configuration\ConfigurationInterfaceTest" classname="Unit.HiPay.Tests.Fullservice.HTTP.Configuration.ConfigurationInterfaceTest" file="/home/tviardin/Bureau/projects/hipay-fullservice-sdk-php/tests/Unit/HiPay/Tests/Fullservice/HTTP/Configuration/ConfigurationInterfaceTest.php" line="114" assertions="2" time="0.001652"/>
        <testcase name="testApiEndpointCanBeRetrieved" class="Unit\HiPay\Tests\Fullservice\HTTP\Configuration\ConfigurationInterfaceTest" classname="Unit.HiPay.Tests.Fullservice.HTTP.Configuration.ConfigurationInterfaceTest" file="/home/tviardin/Bureau/projects/hipay-fullservice-sdk-php/tests/Unit/HiPay/Tests/Fullservice/HTTP/Configuration/ConfigurationInterfaceTest.php" line="128" assertions="3" time="0.002143"/>
      </testsuite>
      <testsuite name="Unit\HiPay\Tests\Fullservice\HTTP\Configuration\ConfigurationTest" file="/home/tviardin/Bureau/projects/hipay-fullservice-sdk-php/tests/Unit/HiPay/Tests/Fullservice/HTTP/Configuration/ConfigurationTest.php" tests="49" assertions="75" errors="0" failures="0" skipped="0" time="0.013954">
        <testcase name="testCannotBeConstructUsingInvalidUsernameArgument" class="Unit\HiPay\Tests\Fullservice\HTTP\Configuration\ConfigurationTest" classname="Unit.HiPay.Tests.Fullservice.HTTP.Configuration.ConfigurationTest" file="/home/tviardin/Bureau/projects/hipay-fullservice-sdk-php/tests/Unit/HiPay/Tests/Fullservice/HTTP/Configuration/ConfigurationTest.php" line="40" assertions="1" time="0.000287"/>
        <testcase name="testCannotBeConstructUsingEmptyUsernameArgument" class="Unit\HiPay\Tests\Fullservice\HTTP\Configuration\ConfigurationTest" classname="Unit.HiPay.Tests.Fullservice.HTTP.Configuration.ConfigurationTest" file="/home/tviardin/Bureau/projects/hipay-fullservice-sdk-php/tests/Unit/HiPay/Tests/Fullservice/HTTP/Configuration/ConfigurationTest.php" line="49" assertions="1" time="0.000267"/>
        <testcase name="testCannotBeConstructUsingInvalidPasswordArgument" class="Unit\HiPay\Tests\Fullservice\HTTP\Configuration\ConfigurationTest" classname="Unit.HiPay.Tests.Fullservice.HTTP.Configuration.ConfigurationTest" file="/home/tviardin/Bureau/projects/hipay-fullservice-sdk-php/tests/Unit/HiPay/Tests/Fullservice/HTTP/Configuration/ConfigurationTest.php" line="58" assertions="1" time="0.000274"/>
        <testcase name="testCannotBeConstructUsingEmptyPasswordArgument" class="Unit\HiPay\Tests\Fullservice\HTTP\Configuration\ConfigurationTest" classname="Unit.HiPay.Tests.Fullservice.HTTP.Configuration.ConfigurationTest" file="/home/tviardin/Bureau/projects/hipay-fullservice-sdk-php/tests/Unit/HiPay/Tests/Fullservice/HTTP/Configuration/ConfigurationTest.php" line="67" assertions="1" time="0.000267"/>
        <testcase name="testCannotBeConstructUsingInvalidApiEnvArgument" class="Unit\HiPay\Tests\Fullservice\HTTP\Configuration\ConfigurationTest" classname="Unit.HiPay.Tests.Fullservice.HTTP.Configuration.ConfigurationTest" file="/home/tviardin/Bureau/projects/hipay-fullservice-sdk-php/tests/Unit/HiPay/Tests/Fullservice/HTTP/Configuration/ConfigurationTest.php" line="76" assertions="1" time="0.000275"/>
        <testcase name="testCannotBeConstructUsingInvalidHTTPHeaderAcceptArgument" class="Unit\HiPay\Tests\Fullservice\HTTP\Configuration\ConfigurationTest" classname="Unit.HiPay.Tests.Fullservice.HTTP.Configuration.ConfigurationTest" file="/home/tviardin/Bureau/projects/hipay-fullservice-sdk-php/tests/Unit/HiPay/Tests/Fullservice/HTTP/Configuration/ConfigurationTest.php" line="85" assertions="1" time="0.000288"/>
        <testcase name="testCannotBeConstructUsingEmptyHTTPHeaderAcceptArgument" class="Unit\HiPay\Tests\Fullservice\HTTP\Configuration\ConfigurationTest" classname="Unit.HiPay.Tests.Fullservice.HTTP.Configuration.ConfigurationTest" file="/home/tviardin/Bureau/projects/hipay-fullservice-sdk-php/tests/Unit/HiPay/Tests/Fullservice/HTTP/Configuration/ConfigurationTest.php" line="101" assertions="1" time="0.000313"/>
        <testcase name="testCannotBeConstructUsingInvalidProxyArgument" class="Unit\HiPay\Tests\Fullservice\HTTP\Configuration\ConfigurationTest" classname="Unit.HiPay.Tests.Fullservice.HTTP.Configuration.ConfigurationTest" file="/home/tviardin/Bureau/projects/hipay-fullservice-sdk-php/tests/Unit/HiPay/Tests/Fullservice/HTTP/Configuration/ConfigurationTest.php" line="117" assertions="1" time="0.000294"/>
        <testcase name="testCannotBeConstructUsingInvalidHostedPageV2Argument" class="Unit\HiPay\Tests\Fullservice\HTTP\Configuration\ConfigurationTest" classname="Unit.HiPay.Tests.Fullservice.HTTP.Configuration.ConfigurationTest" file="/home/tviardin/Bureau/projects/hipay-fullservice-sdk-php/tests/Unit/HiPay/Tests/Fullservice/HTTP/Configuration/ConfigurationTest.php" line="134" assertions="1" time="0.000288"/>
        <testcase name="testCanBeConstructFromRequiredArguments" class="Unit\HiPay\Tests\Fullservice\HTTP\Configuration\ConfigurationTest" classname="Unit.HiPay.Tests.Fullservice.HTTP.Configuration.ConfigurationTest" file="/home/tviardin/Bureau/projects/hipay-fullservice-sdk-php/tests/Unit/HiPay/Tests/Fullservice/HTTP/Configuration/ConfigurationTest.php" line="151" assertions="1" time="0.000267"/>
        <testcase name="testCanBeConstructFromApiEnvArguments" class="Unit\HiPay\Tests\Fullservice\HTTP\Configuration\ConfigurationTest" classname="Unit.HiPay.Tests.Fullservice.HTTP.Configuration.ConfigurationTest" file="/home/tviardin/Bureau/projects/hipay-fullservice-sdk-php/tests/Unit/HiPay/Tests/Fullservice/HTTP/Configuration/ConfigurationTest.php" line="168" assertions="1" time="0.000261"/>
        <testcase name="testCanBeConstructFromAllArguments" class="Unit\HiPay\Tests\Fullservice\HTTP\Configuration\ConfigurationTest" classname="Unit.HiPay.Tests.Fullservice.HTTP.Configuration.ConfigurationTest" file="/home/tviardin/Bureau/projects/hipay-fullservice-sdk-php/tests/Unit/HiPay/Tests/Fullservice/HTTP/Configuration/ConfigurationTest.php" line="187" assertions="1" time="0.000314"/>
        <testcase name="testCanBeConstructFromArray" class="Unit\HiPay\Tests\Fullservice\HTTP\Configuration\ConfigurationTest" classname="Unit.HiPay.Tests.Fullservice.HTTP.Configuration.ConfigurationTest" file="/home/tviardin/Bureau/projects/hipay-fullservice-sdk-php/tests/Unit/HiPay/Tests/Fullservice/HTTP/Configuration/ConfigurationTest.php" line="207" assertions="9" time="0.000454"/>
        <testcase name="testApiUsernameCanBeRetrieved" class="Unit\HiPay\Tests\Fullservice\HTTP\Configuration\ConfigurationTest" classname="Unit.HiPay.Tests.Fullservice.HTTP.Configuration.ConfigurationTest" file="/home/tviardin/Bureau/projects/hipay-fullservice-sdk-php/tests/Unit/HiPay/Tests/Fullservice/HTTP/Configuration/ConfigurationTest.php" line="253" assertions="1" time="0.000256"/>
        <testcase name="testApiPassorwdCanBeRetrieved" class="Unit\HiPay\Tests\Fullservice\HTTP\Configuration\ConfigurationTest" classname="Unit.HiPay.Tests.Fullservice.HTTP.Configuration.ConfigurationTest" file="/home/tviardin/Bureau/projects/hipay-fullservice-sdk-php/tests/Unit/HiPay/Tests/Fullservice/HTTP/Configuration/ConfigurationTest.php" line="264" assertions="1" time="0.000331"/>
        <testcase name="testApiEnvCanBeRetrieved" class="Unit\HiPay\Tests\Fullservice\HTTP\Configuration\ConfigurationTest" classname="Unit.HiPay.Tests.Fullservice.HTTP.Configuration.ConfigurationTest" file="/home/tviardin/Bureau/projects/hipay-fullservice-sdk-php/tests/Unit/HiPay/Tests/Fullservice/HTTP/Configuration/ConfigurationTest.php" line="276" assertions="1" time="0.000258"/>
        <testcase name="testApiHTTPHeaderAcceptCanBeRetrieved" class="Unit\HiPay\Tests\Fullservice\HTTP\Configuration\ConfigurationTest" classname="Unit.HiPay.Tests.Fullservice.HTTP.Configuration.ConfigurationTest" file="/home/tviardin/Bureau/projects/hipay-fullservice-sdk-php/tests/Unit/HiPay/Tests/Fullservice/HTTP/Configuration/ConfigurationTest.php" line="286" assertions="1" time="0.000251"/>
        <testcase name="testApiEndpointProdCanBeRetrieved" class="Unit\HiPay\Tests\Fullservice\HTTP\Configuration\ConfigurationTest" classname="Unit.HiPay.Tests.Fullservice.HTTP.Configuration.ConfigurationTest" file="/home/tviardin/Bureau/projects/hipay-fullservice-sdk-php/tests/Unit/HiPay/Tests/Fullservice/HTTP/Configuration/ConfigurationTest.php" line="296" assertions="3" time="0.000292"/>
        <testcase name="testApiEndpointStageCanBeRetrieved" class="Unit\HiPay\Tests\Fullservice\HTTP\Configuration\ConfigurationTest" classname="Unit.HiPay.Tests.Fullservice.HTTP.Configuration.ConfigurationTest" file="/home/tviardin/Bureau/projects/hipay-fullservice-sdk-php/tests/Unit/HiPay/Tests/Fullservice/HTTP/Configuration/ConfigurationTest.php" line="308" assertions="3" time="0.000300"/>
        <testcase name="testApiEndpointCanBeRetrieved" class="Unit\HiPay\Tests\Fullservice\HTTP\Configuration\ConfigurationTest" classname="Unit.HiPay.Tests.Fullservice.HTTP.Configuration.ConfigurationTest" file="/home/tviardin/Bureau/projects/hipay-fullservice-sdk-php/tests/Unit/HiPay/Tests/Fullservice/HTTP/Configuration/ConfigurationTest.php" line="321" assertions="5" time="0.000349"/>
        <testcase name="testProxyCanBeRetrieved" class="Unit\HiPay\Tests\Fullservice\HTTP\Configuration\ConfigurationTest" classname="Unit.HiPay.Tests.Fullservice.HTTP.Configuration.ConfigurationTest" file="/home/tviardin/Bureau/projects/hipay-fullservice-sdk-php/tests/Unit/HiPay/Tests/Fullservice/HTTP/Configuration/ConfigurationTest.php" line="338" assertions="1" time="0.000254"/>
        <testcase name="testCaBeConstructUsingCustomEnvironment" class="Unit\HiPay\Tests\Fullservice\HTTP\Configuration\ConfigurationTest" classname="Unit.HiPay.Tests.Fullservice.HTTP.Configuration.ConfigurationTest" file="/home/tviardin/Bureau/projects/hipay-fullservice-sdk-php/tests/Unit/HiPay/Tests/Fullservice/HTTP/Configuration/ConfigurationTest.php" line="348" assertions="2" time="0.000344"/>
        <testcase name="testCaBeConstructUsingEmptyCustomEnvironment" class="Unit\HiPay\Tests\Fullservice\HTTP\Configuration\ConfigurationTest" classname="Unit.HiPay.Tests.Fullservice.HTTP.Configuration.ConfigurationTest" file="/home/tviardin/Bureau/projects/hipay-fullservice-sdk-php/tests/Unit/HiPay/Tests/Fullservice/HTTP/Configuration/ConfigurationTest.php" line="366" assertions="2" time="0.000308"/>
        <testcase name="testCaBeConstructUsingInvalidCustomEnvironment" class="Unit\HiPay\Tests\Fullservice\HTTP\Configuration\ConfigurationTest" classname="Unit.HiPay.Tests.Fullservice.HTTP.Configuration.ConfigurationTest" file="/home/tviardin/Bureau/projects/hipay-fullservice-sdk-php/tests/Unit/HiPay/Tests/Fullservice/HTTP/Configuration/ConfigurationTest.php" line="383" assertions="2" time="0.000296"/>
        <testcase name="testCantBeConstructWithoutParams" class="Unit\HiPay\Tests\Fullservice\HTTP\Configuration\ConfigurationTest" classname="Unit.HiPay.Tests.Fullservice.HTTP.Configuration.ConfigurationTest" file="/home/tviardin/Bureau/projects/hipay-fullservice-sdk-php/tests/Unit/HiPay/Tests/Fullservice/HTTP/Configuration/ConfigurationTest.php" line="398" assertions="1" time="0.000262"/>
        <testcase name="testSetApiUsername" class="Unit\HiPay\Tests\Fullservice\HTTP\Configuration\ConfigurationTest" classname="Unit.HiPay.Tests.Fullservice.HTTP.Configuration.ConfigurationTest" file="/home/tviardin/Bureau/projects/hipay-fullservice-sdk-php/tests/Unit/HiPay/Tests/Fullservice/HTTP/Configuration/ConfigurationTest.php" line="408" assertions="1" time="0.000249"/>
        <testcase name="testSetApiPassword" class="Unit\HiPay\Tests\Fullservice\HTTP\Configuration\ConfigurationTest" classname="Unit.HiPay.Tests.Fullservice.HTTP.Configuration.ConfigurationTest" file="/home/tviardin/Bureau/projects/hipay-fullservice-sdk-php/tests/Unit/HiPay/Tests/Fullservice/HTTP/Configuration/ConfigurationTest.php" line="419" assertions="1" time="0.000249"/>
        <testcase name="testGetApiEndpointCustom" class="Unit\HiPay\Tests\Fullservice\HTTP\Configuration\ConfigurationTest" classname="Unit.HiPay.Tests.Fullservice.HTTP.Configuration.ConfigurationTest" file="/home/tviardin/Bureau/projects/hipay-fullservice-sdk-php/tests/Unit/HiPay/Tests/Fullservice/HTTP/Configuration/ConfigurationTest.php" line="426" assertions="1" time="0.000273"/>
        <testcase name="testGetApiEndpointProduction" class="Unit\HiPay\Tests\Fullservice\HTTP\Configuration\ConfigurationTest" classname="Unit.HiPay.Tests.Fullservice.HTTP.Configuration.ConfigurationTest" file="/home/tviardin/Bureau/projects/hipay-fullservice-sdk-php/tests/Unit/HiPay/Tests/Fullservice/HTTP/Configuration/ConfigurationTest.php" line="440" assertions="1" time="0.000277"/>
        <testcase name="testGetApiEndpointStage" class="Unit\HiPay\Tests\Fullservice\HTTP\Configuration\ConfigurationTest" classname="Unit.HiPay.Tests.Fullservice.HTTP.Configuration.ConfigurationTest" file="/home/tviardin/Bureau/projects/hipay-fullservice-sdk-php/tests/Unit/HiPay/Tests/Fullservice/HTTP/Configuration/ConfigurationTest.php" line="453" assertions="1" time="0.000280"/>
        <testcase name="testSetApiEnv" class="Unit\HiPay\Tests\Fullservice\HTTP\Configuration\ConfigurationTest" classname="Unit.HiPay.Tests.Fullservice.HTTP.Configuration.ConfigurationTest" file="/home/tviardin/Bureau/projects/hipay-fullservice-sdk-php/tests/Unit/HiPay/Tests/Fullservice/HTTP/Configuration/ConfigurationTest.php" line="466" assertions="2" time="0.000289"/>
        <testcase name="testGetApiEndpointV2FromV1" class="Unit\HiPay\Tests\Fullservice\HTTP\Configuration\ConfigurationTest" classname="Unit.HiPay.Tests.Fullservice.HTTP.Configuration.ConfigurationTest" file="/home/tviardin/Bureau/projects/hipay-fullservice-sdk-php/tests/Unit/HiPay/Tests/Fullservice/HTTP/Configuration/ConfigurationTest.php" line="484" assertions="1" time="0.000280"/>
        <testcase name="testGetApiEndpointV2Custom" class="Unit\HiPay\Tests\Fullservice\HTTP\Configuration\ConfigurationTest" classname="Unit.HiPay.Tests.Fullservice.HTTP.Configuration.ConfigurationTest" file="/home/tviardin/Bureau/projects/hipay-fullservice-sdk-php/tests/Unit/HiPay/Tests/Fullservice/HTTP/Configuration/ConfigurationTest.php" line="497" assertions="1" time="0.000276"/>
        <testcase name="testGetApiEndpointV2Stage" class="Unit\HiPay\Tests\Fullservice\HTTP\Configuration\ConfigurationTest" classname="Unit.HiPay.Tests.Fullservice.HTTP.Configuration.ConfigurationTest" file="/home/tviardin/Bureau/projects/hipay-fullservice-sdk-php/tests/Unit/HiPay/Tests/Fullservice/HTTP/Configuration/ConfigurationTest.php" line="513" assertions="1" time="0.000278"/>
        <testcase name="testGetApiEndpointV2Production" class="Unit\HiPay\Tests\Fullservice\HTTP\Configuration\ConfigurationTest" classname="Unit.HiPay.Tests.Fullservice.HTTP.Configuration.ConfigurationTest" file="/home/tviardin/Bureau/projects/hipay-fullservice-sdk-php/tests/Unit/HiPay/Tests/Fullservice/HTTP/Configuration/ConfigurationTest.php" line="528" assertions="1" time="0.000278"/>
        <testcase name="testGetDataApiEndpointProd" class="Unit\HiPay\Tests\Fullservice\HTTP\Configuration\ConfigurationTest" classname="Unit.HiPay.Tests.Fullservice.HTTP.Configuration.ConfigurationTest" file="/home/tviardin/Bureau/projects/hipay-fullservice-sdk-php/tests/Unit/HiPay/Tests/Fullservice/HTTP/Configuration/ConfigurationTest.php" line="543" assertions="1" time="0.000263"/>
        <testcase name="testGetDataApiEndpointStage" class="Unit\HiPay\Tests\Fullservice\HTTP\Configuration\ConfigurationTest" classname="Unit.HiPay.Tests.Fullservice.HTTP.Configuration.ConfigurationTest" file="/home/tviardin/Bureau/projects/hipay-fullservice-sdk-php/tests/Unit/HiPay/Tests/Fullservice/HTTP/Configuration/ConfigurationTest.php" line="554" assertions="1" time="0.000262"/>
        <testcase name="testGetDataApiEndpoint" class="Unit\HiPay\Tests\Fullservice\HTTP\Configuration\ConfigurationTest" classname="Unit.HiPay.Tests.Fullservice.HTTP.Configuration.ConfigurationTest" file="/home/tviardin/Bureau/projects/hipay-fullservice-sdk-php/tests/Unit/HiPay/Tests/Fullservice/HTTP/Configuration/ConfigurationTest.php" line="565" assertions="2" time="0.000295"/>
        <testcase name="testGetDataApiHttpUserAgent" class="Unit\HiPay\Tests\Fullservice\HTTP\Configuration\ConfigurationTest" classname="Unit.HiPay.Tests.Fullservice.HTTP.Configuration.ConfigurationTest" file="/home/tviardin/Bureau/projects/hipay-fullservice-sdk-php/tests/Unit/HiPay/Tests/Fullservice/HTTP/Configuration/ConfigurationTest.php" line="583" assertions="1" time="0.000261"/>
        <testcase name="testGetSecureVaultEndpointProd" class="Unit\HiPay\Tests\Fullservice\HTTP\Configuration\ConfigurationTest" classname="Unit.HiPay.Tests.Fullservice.HTTP.Configuration.ConfigurationTest" file="/home/tviardin/Bureau/projects/hipay-fullservice-sdk-php/tests/Unit/HiPay/Tests/Fullservice/HTTP/Configuration/ConfigurationTest.php" line="595" assertions="1" time="0.000265"/>
        <testcase name="testGetSecureVaultEndpointStage" class="Unit\HiPay\Tests\Fullservice\HTTP\Configuration\ConfigurationTest" classname="Unit.HiPay.Tests.Fullservice.HTTP.Configuration.ConfigurationTest" file="/home/tviardin/Bureau/projects/hipay-fullservice-sdk-php/tests/Unit/HiPay/Tests/Fullservice/HTTP/Configuration/ConfigurationTest.php" line="607" assertions="1" time="0.000271"/>
        <testcase name="testSetApiHTTPHeaderAccept" class="Unit\HiPay\Tests\Fullservice\HTTP\Configuration\ConfigurationTest" classname="Unit.HiPay.Tests.Fullservice.HTTP.Configuration.ConfigurationTest" file="/home/tviardin/Bureau/projects/hipay-fullservice-sdk-php/tests/Unit/HiPay/Tests/Fullservice/HTTP/Configuration/ConfigurationTest.php" line="619" assertions="2" time="0.000293"/>
        <testcase name="testSetProxy" class="Unit\HiPay\Tests\Fullservice\HTTP\Configuration\ConfigurationTest" classname="Unit.HiPay.Tests.Fullservice.HTTP.Configuration.ConfigurationTest" file="/home/tviardin/Bureau/projects/hipay-fullservice-sdk-php/tests/Unit/HiPay/Tests/Fullservice/HTTP/Configuration/ConfigurationTest.php" line="635" assertions="2" time="0.000300"/>
        <testcase name="testGetCurlTimeout" class="Unit\HiPay\Tests\Fullservice\HTTP\Configuration\ConfigurationTest" classname="Unit.HiPay.Tests.Fullservice.HTTP.Configuration.ConfigurationTest" file="/home/tviardin/Bureau/projects/hipay-fullservice-sdk-php/tests/Unit/HiPay/Tests/Fullservice/HTTP/Configuration/ConfigurationTest.php" line="658" assertions="1" time="0.000285"/>
        <testcase name="testSetCurlTimeout" class="Unit\HiPay\Tests\Fullservice\HTTP\Configuration\ConfigurationTest" classname="Unit.HiPay.Tests.Fullservice.HTTP.Configuration.ConfigurationTest" file="/home/tviardin/Bureau/projects/hipay-fullservice-sdk-php/tests/Unit/HiPay/Tests/Fullservice/HTTP/Configuration/ConfigurationTest.php" line="670" assertions="2" time="0.000285"/>
        <testcase name="testGetCurlConnectTimeout" class="Unit\HiPay\Tests\Fullservice\HTTP\Configuration\ConfigurationTest" classname="Unit.HiPay.Tests.Fullservice.HTTP.Configuration.ConfigurationTest" file="/home/tviardin/Bureau/projects/hipay-fullservice-sdk-php/tests/Unit/HiPay/Tests/Fullservice/HTTP/Configuration/ConfigurationTest.php" line="686" assertions="1" time="0.000261"/>
        <testcase name="testSetCurlConnectTimeout" class="Unit\HiPay\Tests\Fullservice\HTTP\Configuration\ConfigurationTest" classname="Unit.HiPay.Tests.Fullservice.HTTP.Configuration.ConfigurationTest" file="/home/tviardin/Bureau/projects/hipay-fullservice-sdk-php/tests/Unit/HiPay/Tests/Fullservice/HTTP/Configuration/ConfigurationTest.php" line="698" assertions="2" time="0.000286"/>
        <testcase name="testIsOverridePaymentProductSorting" class="Unit\HiPay\Tests\Fullservice\HTTP\Configuration\ConfigurationTest" classname="Unit.HiPay.Tests.Fullservice.HTTP.Configuration.ConfigurationTest" file="/home/tviardin/Bureau/projects/hipay-fullservice-sdk-php/tests/Unit/HiPay/Tests/Fullservice/HTTP/Configuration/ConfigurationTest.php" line="714" assertions="1" time="0.000265"/>
        <testcase name="testSetOverridePaymentProductSorting" class="Unit\HiPay\Tests\Fullservice\HTTP\Configuration\ConfigurationTest" classname="Unit.HiPay.Tests.Fullservice.HTTP.Configuration.ConfigurationTest" file="/home/tviardin/Bureau/projects/hipay-fullservice-sdk-php/tests/Unit/HiPay/Tests/Fullservice/HTTP/Configuration/ConfigurationTest.php" line="726" assertions="2" time="0.000284"/>
      </testsuite>
      <testsuite name="Unit\HiPay\Tests\Fullservice\HTTP\Response\AbstractResponseTest" file="/home/tviardin/Bureau/projects/hipay-fullservice-sdk-php/tests/Unit/HiPay/Tests/Fullservice/HTTP/Response/AbstractResponseTest.php" tests="5" assertions="5" errors="0" failures="0" skipped="0" time="0.003864">
        <testcase name="testCannotBeConstructFromNonStringValue" class="Unit\HiPay\Tests\Fullservice\HTTP\Response\AbstractResponseTest" classname="Unit.HiPay.Tests.Fullservice.HTTP.Response.AbstractResponseTest" file="/home/tviardin/Bureau/projects/hipay-fullservice-sdk-php/tests/Unit/HiPay/Tests/Fullservice/HTTP/Response/AbstractResponseTest.php" line="24" assertions="1" time="0.000943"/>
        <testcase name="testCannotBeConstructFromNonNumericValue" class="Unit\HiPay\Tests\Fullservice\HTTP\Response\AbstractResponseTest" classname="Unit.HiPay.Tests.Fullservice.HTTP.Response.AbstractResponseTest" file="/home/tviardin/Bureau/projects/hipay-fullservice-sdk-php/tests/Unit/HiPay/Tests/Fullservice/HTTP/Response/AbstractResponseTest.php" line="37" assertions="1" time="0.000542"/>
        <testcase name="testCannotBeConstructFromNonArrayValue" class="Unit\HiPay\Tests\Fullservice\HTTP\Response\AbstractResponseTest" classname="Unit.HiPay.Tests.Fullservice.HTTP.Response.AbstractResponseTest" file="/home/tviardin/Bureau/projects/hipay-fullservice-sdk-php/tests/Unit/HiPay/Tests/Fullservice/HTTP/Response/AbstractResponseTest.php" line="48" assertions="1" time="0.000492"/>
        <testcase name="testObjectBanBeConstructFromNumericStatusCodeArgument" class="Unit\HiPay\Tests\Fullservice\HTTP\Response\AbstractResponseTest" classname="Unit.HiPay.Tests.Fullservice.HTTP.Response.AbstractResponseTest" file="/home/tviardin/Bureau/projects/hipay-fullservice-sdk-php/tests/Unit/HiPay/Tests/Fullservice/HTTP/Response/AbstractResponseTest.php" line="59" assertions="1" time="0.000484"/>
        <testcase name="testObjectBanBeConstructUsingValidArguments" class="Unit\HiPay\Tests\Fullservice\HTTP\Response\AbstractResponseTest" classname="Unit.HiPay.Tests.Fullservice.HTTP.Response.AbstractResponseTest" file="/home/tviardin/Bureau/projects/hipay-fullservice-sdk-php/tests/Unit/HiPay/Tests/Fullservice/HTTP/Response/AbstractResponseTest.php" line="68" assertions="1" time="0.001403"/>
      </testsuite>
      <testsuite name="Unit\HiPay\Tests\Fullservice\HTTP\Response\ResponseTest" file="/home/tviardin/Bureau/projects/hipay-fullservice-sdk-php/tests/Unit/HiPay/Tests/Fullservice/HTTP/Response/ResponseTest.php" tests="12" assertions="14" errors="0" failures="0" skipped="0" time="0.003428">
        <testcase name="testCannotBeConstructFromNonStringValue" class="Unit\HiPay\Tests\Fullservice\HTTP\Response\ResponseTest" classname="Unit.HiPay.Tests.Fullservice.HTTP.Response.ResponseTest" file="/home/tviardin/Bureau/projects/hipay-fullservice-sdk-php/tests/Unit/HiPay/Tests/Fullservice/HTTP/Response/ResponseTest.php" line="25" assertions="1" time="0.000299"/>
        <testcase name="testCannotBeConstructFromNonNumericValue" class="Unit\HiPay\Tests\Fullservice\HTTP\Response\ResponseTest" classname="Unit.HiPay.Tests.Fullservice.HTTP.Response.ResponseTest" file="/home/tviardin/Bureau/projects/hipay-fullservice-sdk-php/tests/Unit/HiPay/Tests/Fullservice/HTTP/Response/ResponseTest.php" line="34" assertions="1" time="0.000286"/>
        <testcase name="testCannotBeConstructFromNonArrayValue" class="Unit\HiPay\Tests\Fullservice\HTTP\Response\ResponseTest" classname="Unit.HiPay.Tests.Fullservice.HTTP.Response.ResponseTest" file="/home/tviardin/Bureau/projects/hipay-fullservice-sdk-php/tests/Unit/HiPay/Tests/Fullservice/HTTP/Response/ResponseTest.php" line="43" assertions="1" time="0.000267"/>
        <testcase name="testObjectBanBeConstructFromNumericStatusCodeArgument" class="Unit\HiPay\Tests\Fullservice\HTTP\Response\ResponseTest" classname="Unit.HiPay.Tests.Fullservice.HTTP.Response.ResponseTest" file="/home/tviardin/Bureau/projects/hipay-fullservice-sdk-php/tests/Unit/HiPay/Tests/Fullservice/HTTP/Response/ResponseTest.php" line="52" assertions="1" time="0.000283"/>
        <testcase name="testObjectBanBeConstructUsingValidArguments" class="Unit\HiPay\Tests\Fullservice\HTTP\Response\ResponseTest" classname="Unit.HiPay.Tests.Fullservice.HTTP.Response.ResponseTest" file="/home/tviardin/Bureau/projects/hipay-fullservice-sdk-php/tests/Unit/HiPay/Tests/Fullservice/HTTP/Response/ResponseTest.php" line="60" assertions="1" time="0.000273"/>
        <testcase name="testCanRetrieveStatusCode" class="Unit\HiPay\Tests\Fullservice\HTTP\Response\ResponseTest" classname="Unit.HiPay.Tests.Fullservice.HTTP.Response.ResponseTest" file="/home/tviardin/Bureau/projects/hipay-fullservice-sdk-php/tests/Unit/HiPay/Tests/Fullservice/HTTP/Response/ResponseTest.php" line="71" assertions="1" time="0.000261"/>
        <testcase name="testCanRetrieveBody" class="Unit\HiPay\Tests\Fullservice\HTTP\Response\ResponseTest" classname="Unit.HiPay.Tests.Fullservice.HTTP.Response.ResponseTest" file="/home/tviardin/Bureau/projects/hipay-fullservice-sdk-php/tests/Unit/HiPay/Tests/Fullservice/HTTP/Response/ResponseTest.php" line="80" assertions="1" time="0.000256"/>
        <testcase name="testCanRetrieveHeaders" class="Unit\HiPay\Tests\Fullservice\HTTP\Response\ResponseTest" classname="Unit.HiPay.Tests.Fullservice.HTTP.Response.ResponseTest" file="/home/tviardin/Bureau/projects/hipay-fullservice-sdk-php/tests/Unit/HiPay/Tests/Fullservice/HTTP/Response/ResponseTest.php" line="89" assertions="1" time="0.000265"/>
        <testcase name="testToArrayCannotBeRetrievedFromInvalidHeaderKey" class="Unit\HiPay\Tests\Fullservice\HTTP\Response\ResponseTest" classname="Unit.HiPay.Tests.Fullservice.HTTP.Response.ResponseTest" file="/home/tviardin/Bureau/projects/hipay-fullservice-sdk-php/tests/Unit/HiPay/Tests/Fullservice/HTTP/Response/ResponseTest.php" line="99" assertions="1" time="0.000272"/>
        <testcase name="testToArrayCannotBeRetrievedUsingInvalidContentTypeHeader" class="Unit\HiPay\Tests\Fullservice\HTTP\Response\ResponseTest" classname="Unit.HiPay.Tests.Fullservice.HTTP.Response.ResponseTest" file="/home/tviardin/Bureau/projects/hipay-fullservice-sdk-php/tests/Unit/HiPay/Tests/Fullservice/HTTP/Response/ResponseTest.php" line="108" assertions="1" time="0.000295"/>
        <testcase name="testToArrayCannotBeRetrievedUsingInvalidJsonBody" class="Unit\HiPay\Tests\Fullservice\HTTP\Response\ResponseTest" classname="Unit.HiPay.Tests.Fullservice.HTTP.Response.ResponseTest" file="/home/tviardin/Bureau/projects/hipay-fullservice-sdk-php/tests/Unit/HiPay/Tests/Fullservice/HTTP/Response/ResponseTest.php" line="118" assertions="1" time="0.000306"/>
        <testcase name="testCanBeConvertedJsonBodyToArrayAndRetrieveIt" class="Unit\HiPay\Tests\Fullservice\HTTP\Response\ResponseTest" classname="Unit.HiPay.Tests.Fullservice.HTTP.Response.ResponseTest" file="/home/tviardin/Bureau/projects/hipay-fullservice-sdk-php/tests/Unit/HiPay/Tests/Fullservice/HTTP/Response/ResponseTest.php" line="128" assertions="3" time="0.000365"/>
      </testsuite>
      <testsuite name="Unit\HiPay\Tests\Fullservice\HTTP\SimpleHTTPClientTest" file="/home/tviardin/Bureau/projects/hipay-fullservice-sdk-php/tests/Unit/HiPay/Tests/Fullservice/HTTP/SimpleHTTPClientTest.php" tests="15" assertions="23" errors="0" failures="0" skipped="0" time="0.185277">
        <testcase name="testCannotBeConstructFromInvalidArgument" class="Unit\HiPay\Tests\Fullservice\HTTP\SimpleHTTPClientTest" classname="Unit.HiPay.Tests.Fullservice.HTTP.SimpleHTTPClientTest" file="/home/tviardin/Bureau/projects/hipay-fullservice-sdk-php/tests/Unit/HiPay/Tests/Fullservice/HTTP/SimpleHTTPClientTest.php" line="45" assertions="2" time="0.000341"/>
        <testcase name="testCanBeConstructUsingConfiguration" class="Unit\HiPay\Tests\Fullservice\HTTP\SimpleHTTPClientTest" classname="Unit.HiPay.Tests.Fullservice.HTTP.SimpleHTTPClientTest" file="/home/tviardin/Bureau/projects/hipay-fullservice-sdk-php/tests/Unit/HiPay/Tests/Fullservice/HTTP/SimpleHTTPClientTest.php" line="56" assertions="1" time="0.000324"/>
        <testcase name="testConfigurationCanBeRetrieved" class="Unit\HiPay\Tests\Fullservice\HTTP\SimpleHTTPClientTest" classname="Unit.HiPay.Tests.Fullservice.HTTP.SimpleHTTPClientTest" file="/home/tviardin/Bureau/projects/hipay-fullservice-sdk-php/tests/Unit/HiPay/Tests/Fullservice/HTTP/SimpleHTTPClientTest.php" line="69" assertions="1" time="0.000278"/>
        <testcase name="testConfigurationCanBeSetted" class="Unit\HiPay\Tests\Fullservice\HTTP\SimpleHTTPClientTest" classname="Unit.HiPay.Tests.Fullservice.HTTP.SimpleHTTPClientTest" file="/home/tviardin/Bureau/projects/hipay-fullservice-sdk-php/tests/Unit/HiPay/Tests/Fullservice/HTTP/SimpleHTTPClientTest.php" line="81" assertions="2" time="0.000344"/>
        <testcase name="testHttpClientCanBeRetrieved" class="Unit\HiPay\Tests\Fullservice\HTTP\SimpleHTTPClientTest" classname="Unit.HiPay.Tests.Fullservice.HTTP.SimpleHTTPClientTest" file="/home/tviardin/Bureau/projects/hipay-fullservice-sdk-php/tests/Unit/HiPay/Tests/Fullservice/HTTP/SimpleHTTPClientTest.php" line="102" assertions="2" time="0.000346"/>
        <testcase name="testRequestCannotBeExcutedFromAllInvalidArguments" class="Unit\HiPay\Tests\Fullservice\HTTP\SimpleHTTPClientTest" classname="Unit.HiPay.Tests.Fullservice.HTTP.SimpleHTTPClientTest" file="/home/tviardin/Bureau/projects/hipay-fullservice-sdk-php/tests/Unit/HiPay/Tests/Fullservice/HTTP/SimpleHTTPClientTest.php" line="112" assertions="1" time="0.000272"/>
        <testcase name="testRequestCannotBeExecutedFromRequiredInvalidMethod" class="Unit\HiPay\Tests\Fullservice\HTTP\SimpleHTTPClientTest" classname="Unit.HiPay.Tests.Fullservice.HTTP.SimpleHTTPClientTest" file="/home/tviardin/Bureau/projects/hipay-fullservice-sdk-php/tests/Unit/HiPay/Tests/Fullservice/HTTP/SimpleHTTPClientTest.php" line="122" assertions="2" time="0.000334"/>
        <testcase name="testRequestCannotBeExecutedFromInvalidHTTPMethod" class="Unit\HiPay\Tests\Fullservice\HTTP\SimpleHTTPClientTest" classname="Unit.HiPay.Tests.Fullservice.HTTP.SimpleHTTPClientTest" file="/home/tviardin/Bureau/projects/hipay-fullservice-sdk-php/tests/Unit/HiPay/Tests/Fullservice/HTTP/SimpleHTTPClientTest.php" line="132" assertions="1" time="0.000293"/>
        <testcase name="testRequestCannotBeExecutedFromInvalidEndpoint" class="Unit\HiPay\Tests\Fullservice\HTTP\SimpleHTTPClientTest" classname="Unit.HiPay.Tests.Fullservice.HTTP.SimpleHTTPClientTest" file="/home/tviardin/Bureau/projects/hipay-fullservice-sdk-php/tests/Unit/HiPay/Tests/Fullservice/HTTP/SimpleHTTPClientTest.php" line="141" assertions="1" time="0.000297"/>
        <testcase name="testRequestCanBeExecutedWithProxy" class="Unit\HiPay\Tests\Fullservice\HTTP\SimpleHTTPClientTest" classname="Unit.HiPay.Tests.Fullservice.HTTP.SimpleHTTPClientTest" file="/home/tviardin/Bureau/projects/hipay-fullservice-sdk-php/tests/Unit/HiPay/Tests/Fullservice/HTTP/SimpleHTTPClientTest.php" line="150" assertions="2" time="0.000595"/>
        <testcase name="testCurlExceptionIsRaisedForNetworkFailure" class="Unit\HiPay\Tests\Fullservice\HTTP\SimpleHTTPClientTest" classname="Unit.HiPay.Tests.Fullservice.HTTP.SimpleHTTPClientTest" file="/home/tviardin/Bureau/projects/hipay-fullservice-sdk-php/tests/Unit/HiPay/Tests/Fullservice/HTTP/SimpleHTTPClientTest.php" line="175" assertions="2" time="0.026346"/>
        <testcase name="testApiErrorExceptionIsRaisedForParsableHttpResponse" class="Unit\HiPay\Tests\Fullservice\HTTP\SimpleHTTPClientTest" classname="Unit.HiPay.Tests.Fullservice.HTTP.SimpleHTTPClientTest" file="/home/tviardin/Bureau/projects/hipay-fullservice-sdk-php/tests/Unit/HiPay/Tests/Fullservice/HTTP/SimpleHTTPClientTest.php" line="189" assertions="2" time="0.050723"/>
        <testcase name="testHttpErrorExceptionIsRaisedForNotParsableHttpResponse" class="Unit\HiPay\Tests\Fullservice\HTTP\SimpleHTTPClientTest" classname="Unit.HiPay.Tests.Fullservice.HTTP.SimpleHTTPClientTest" file="/home/tviardin/Bureau/projects/hipay-fullservice-sdk-php/tests/Unit/HiPay/Tests/Fullservice/HTTP/SimpleHTTPClientTest.php" line="203" assertions="2" time="0.034546"/>
        <testcase name="testHttpSuccessVaultRequest" class="Unit\HiPay\Tests\Fullservice\HTTP\SimpleHTTPClientTest" classname="Unit.HiPay.Tests.Fullservice.HTTP.SimpleHTTPClientTest" file="/home/tviardin/Bureau/projects/hipay-fullservice-sdk-php/tests/Unit/HiPay/Tests/Fullservice/HTTP/SimpleHTTPClientTest.php" line="216" assertions="1" time="0.036652"/>
        <testcase name="testHttpSuccessApiRequest" class="Unit\HiPay\Tests\Fullservice\HTTP\SimpleHTTPClientTest" classname="Unit.HiPay.Tests.Fullservice.HTTP.SimpleHTTPClientTest" file="/home/tviardin/Bureau/projects/hipay-fullservice-sdk-php/tests/Unit/HiPay/Tests/Fullservice/HTTP/SimpleHTTPClientTest.php" line="228" assertions="1" time="0.033586"/>
      </testsuite>
      <testsuite name="Unit\HiPay\Tests\Fullservice\Helper\ConvertTest" file="/home/tviardin/Bureau/projects/hipay-fullservice-sdk-php/tests/Unit/HiPay/Tests/Fullservice/Helper/ConvertTest.php" tests="3" assertions="10" errors="0" failures="0" skipped="0" time="0.003933">
        <testcase name="testToCamelCase" class="Unit\HiPay\Tests\Fullservice\Helper\ConvertTest" classname="Unit.HiPay.Tests.Fullservice.Helper.ConvertTest" file="/home/tviardin/Bureau/projects/hipay-fullservice-sdk-php/tests/Unit/HiPay/Tests/Fullservice/Helper/ConvertTest.php" line="33" assertions="3" time="0.001271"/>
        <testcase name="testToUnderscored" class="Unit\HiPay\Tests\Fullservice\Helper\ConvertTest" classname="Unit.HiPay.Tests.Fullservice.Helper.ConvertTest" file="/home/tviardin/Bureau/projects/hipay-fullservice-sdk-php/tests/Unit/HiPay/Tests/Fullservice/Helper/ConvertTest.php" line="40" assertions="3" time="0.001290"/>
        <testcase name="testArrayKeysToCamelCase" class="Unit\HiPay\Tests\Fullservice\Helper\ConvertTest" classname="Unit.HiPay.Tests.Fullservice.Helper.ConvertTest" file="/home/tviardin/Bureau/projects/hipay-fullservice-sdk-php/tests/Unit/HiPay/Tests/Fullservice/Helper/ConvertTest.php" line="47" assertions="4" time="0.001372"/>
      </testsuite>
      <testsuite name="Unit\HiPay\Tests\Fullservice\Helper\MerchantPromotionCalculatorTest" file="/home/tviardin/Bureau/projects/hipay-fullservice-sdk-php/tests/Unit/HiPay/Tests/Fullservice/Helper/MerchantPromotionCalculatorTest.php" tests="1" assertions="5" errors="0" failures="0" skipped="0" time="0.001177">
        <testcase name="testCalculate" class="Unit\HiPay\Tests\Fullservice\Helper\MerchantPromotionCalculatorTest" classname="Unit.HiPay.Tests.Fullservice.Helper.MerchantPromotionCalculatorTest" file="/home/tviardin/Bureau/projects/hipay-fullservice-sdk-php/tests/Unit/HiPay/Tests/Fullservice/Helper/MerchantPromotionCalculatorTest.php" line="33" assertions="5" time="0.001177"/>
      </testsuite>
      <testsuite name="Unit\HiPay\Tests\Helper\SignatureTest" file="/home/tviardin/Bureau/projects/hipay-fullservice-sdk-php/tests/Unit/HiPay/Tests/Fullservice/Helper/SignatureTest.php" tests="12" assertions="12" errors="0" failures="0" skipped="0" time="0.011689">
        <testcase name="testIsValidHttpSignatureSHA1Valid" class="Unit\HiPay\Tests\Helper\SignatureTest" classname="Unit.HiPay.Tests.Helper.SignatureTest" file="/home/tviardin/Bureau/projects/hipay-fullservice-sdk-php/tests/Unit/HiPay/Tests/Fullservice/Helper/SignatureTest.php" line="45" assertions="1" time="0.000991"/>
        <testcase name="testIsValidHttpSignatureSHA1NotValid" class="Unit\HiPay\Tests\Helper\SignatureTest" classname="Unit.HiPay.Tests.Helper.SignatureTest" file="/home/tviardin/Bureau/projects/hipay-fullservice-sdk-php/tests/Unit/HiPay/Tests/Fullservice/Helper/SignatureTest.php" line="53" assertions="1" time="0.001521"/>
        <testcase name="testIsValidHttpSignatureSHA256Valid" class="Unit\HiPay\Tests\Helper\SignatureTest" classname="Unit.HiPay.Tests.Helper.SignatureTest" file="/home/tviardin/Bureau/projects/hipay-fullservice-sdk-php/tests/Unit/HiPay/Tests/Fullservice/Helper/SignatureTest.php" line="61" assertions="1" time="0.001028"/>
        <testcase name="testIsValidHttpSignatureSHA256NotValid" class="Unit\HiPay\Tests\Helper\SignatureTest" classname="Unit.HiPay.Tests.Helper.SignatureTest" file="/home/tviardin/Bureau/projects/hipay-fullservice-sdk-php/tests/Unit/HiPay/Tests/Fullservice/Helper/SignatureTest.php" line="69" assertions="1" time="0.000950"/>
        <testcase name="testIsValidHttpSignatureSHA512Valid" class="Unit\HiPay\Tests\Helper\SignatureTest" classname="Unit.HiPay.Tests.Helper.SignatureTest" file="/home/tviardin/Bureau/projects/hipay-fullservice-sdk-php/tests/Unit/HiPay/Tests/Fullservice/Helper/SignatureTest.php" line="77" assertions="1" time="0.000954"/>
        <testcase name="testIsValidHttpSignatureSHA512NotValid" class="Unit\HiPay\Tests\Helper\SignatureTest" classname="Unit.HiPay.Tests.Helper.SignatureTest" file="/home/tviardin/Bureau/projects/hipay-fullservice-sdk-php/tests/Unit/HiPay/Tests/Fullservice/Helper/SignatureTest.php" line="85" assertions="1" time="0.000948"/>
        <testcase name="testIsSameHashAlgorithmSHA1" class="Unit\HiPay\Tests\Helper\SignatureTest" classname="Unit.HiPay.Tests.Helper.SignatureTest" file="/home/tviardin/Bureau/projects/hipay-fullservice-sdk-php/tests/Unit/HiPay/Tests/Fullservice/Helper/SignatureTest.php" line="93" assertions="1" time="0.000953"/>
        <testcase name="testIsNotSameHashAlgorithmSHA1" class="Unit\HiPay\Tests\Helper\SignatureTest" classname="Unit.HiPay.Tests.Helper.SignatureTest" file="/home/tviardin/Bureau/projects/hipay-fullservice-sdk-php/tests/Unit/HiPay/Tests/Fullservice/Helper/SignatureTest.php" line="101" assertions="1" time="0.000874"/>
        <testcase name="testIsSameHashAlgorithmSHA256" class="Unit\HiPay\Tests\Helper\SignatureTest" classname="Unit.HiPay.Tests.Helper.SignatureTest" file="/home/tviardin/Bureau/projects/hipay-fullservice-sdk-php/tests/Unit/HiPay/Tests/Fullservice/Helper/SignatureTest.php" line="109" assertions="1" time="0.000876"/>
        <testcase name="testIsNotSameHashAlgorithmSHA256" class="Unit\HiPay\Tests\Helper\SignatureTest" classname="Unit.HiPay.Tests.Helper.SignatureTest" file="/home/tviardin/Bureau/projects/hipay-fullservice-sdk-php/tests/Unit/HiPay/Tests/Fullservice/Helper/SignatureTest.php" line="117" assertions="1" time="0.000854"/>
        <testcase name="testIsSameHashAlgorithmSHA512" class="Unit\HiPay\Tests\Helper\SignatureTest" classname="Unit.HiPay.Tests.Helper.SignatureTest" file="/home/tviardin/Bureau/projects/hipay-fullservice-sdk-php/tests/Unit/HiPay/Tests/Fullservice/Helper/SignatureTest.php" line="125" assertions="1" time="0.000859"/>
        <testcase name="testIsNotSameHashAlgorithmSHA512" class="Unit\HiPay\Tests\Helper\SignatureTest" classname="Unit.HiPay.Tests.Helper.SignatureTest" file="/home/tviardin/Bureau/projects/hipay-fullservice-sdk-php/tests/Unit/HiPay/Tests/Fullservice/Helper/SignatureTest.php" line="133" assertions="1" time="0.000881"/>
      </testsuite>
      <testsuite name="Unit\HiPay\Tests\Fullservice\Mapper\AbstractMapperTest" file="/home/tviardin/Bureau/projects/hipay-fullservice-sdk-php/tests/Unit/HiPay/Tests/Fullservice/Mapper/AbstractMapperTest.php" tests="3" assertions="3" errors="0" failures="0" skipped="0" time="0.007427">
        <testcase name="testCannotBeConstructUsingInvalidArgument" class="Unit\HiPay\Tests\Fullservice\Mapper\AbstractMapperTest" classname="Unit.HiPay.Tests.Fullservice.Mapper.AbstractMapperTest" file="/home/tviardin/Bureau/projects/hipay-fullservice-sdk-php/tests/Unit/HiPay/Tests/Fullservice/Mapper/AbstractMapperTest.php" line="39" assertions="1" time="0.003228"/>
        <testcase name="testCannotBeConstructWithEmptyArray" class="Unit\HiPay\Tests\Fullservice\Mapper\AbstractMapperTest" classname="Unit.HiPay.Tests.Fullservice.Mapper.AbstractMapperTest" file="/home/tviardin/Bureau/projects/hipay-fullservice-sdk-php/tests/Unit/HiPay/Tests/Fullservice/Mapper/AbstractMapperTest.php" line="50" assertions="1" time="0.001709"/>
        <testcase name="testCanConstructUsingValidArgument" class="Unit\HiPay\Tests\Fullservice\Mapper\AbstractMapperTest" classname="Unit.HiPay.Tests.Fullservice.Mapper.AbstractMapperTest" file="/home/tviardin/Bureau/projects/hipay-fullservice-sdk-php/tests/Unit/HiPay/Tests/Fullservice/Mapper/AbstractMapperTest.php" line="60" assertions="1" time="0.002490"/>
      </testsuite>
      <testsuite name="Unit\HiPay\Tests\Fullservice\Model\AbstractModelTest" file="/home/tviardin/Bureau/projects/hipay-fullservice-sdk-php/tests/Unit/HiPay/Tests/Fullservice/Model/AbstractModelTest.php" tests="3" assertions="3" errors="0" failures="0" skipped="0" time="0.012170">
        <testcase name="testToArrayComplex" class="Unit\HiPay\Tests\Fullservice\Model\AbstractModelTest" classname="Unit.HiPay.Tests.Fullservice.Model.AbstractModelTest" file="/home/tviardin/Bureau/projects/hipay-fullservice-sdk-php/tests/Unit/HiPay/Tests/Fullservice/Model/AbstractModelTest.php" line="34" assertions="1" time="0.006745"/>
        <testcase name="testToArraySimple" class="Unit\HiPay\Tests\Fullservice\Model\AbstractModelTest" classname="Unit.HiPay.Tests.Fullservice.Model.AbstractModelTest" file="/home/tviardin/Bureau/projects/hipay-fullservice-sdk-php/tests/Unit/HiPay/Tests/Fullservice/Model/AbstractModelTest.php" line="58" assertions="1" time="0.003882"/>
        <testcase name="testToJson" class="Unit\HiPay\Tests\Fullservice\Model\AbstractModelTest" classname="Unit.HiPay.Tests.Fullservice.Model.AbstractModelTest" file="/home/tviardin/Bureau/projects/hipay-fullservice-sdk-php/tests/Unit/HiPay/Tests/Fullservice/Model/AbstractModelTest.php" line="72" assertions="1" time="0.001543"/>
      </testsuite>
      <testsuite name="Unit\HiPay\Tests\Fullservice\Request\AbstractRequestTest" file="/home/tviardin/Bureau/projects/hipay-fullservice-sdk-php/tests/Unit/HiPay/Tests/Fullservice/Request/AbstractRequestTest.php" tests="2" assertions="6" errors="0" failures="0" skipped="0" time="0.004833">
        <testcase name="testCanBeConstruct" class="Unit\HiPay\Tests\Fullservice\Request\AbstractRequestTest" classname="Unit.HiPay.Tests.Fullservice.Request.AbstractRequestTest" file="/home/tviardin/Bureau/projects/hipay-fullservice-sdk-php/tests/Unit/HiPay/Tests/Fullservice/Request/AbstractRequestTest.php" line="41" assertions="1" time="0.002017"/>
        <testcase name="testPropertiesCanBeSetted" class="Unit\HiPay\Tests\Fullservice\Request\AbstractRequestTest" classname="Unit.HiPay.Tests.Fullservice.Request.AbstractRequestTest" file="/home/tviardin/Bureau/projects/hipay-fullservice-sdk-php/tests/Unit/HiPay/Tests/Fullservice/Request/AbstractRequestTest.php" line="54" assertions="5" time="0.002816"/>
      </testsuite>
      <testsuite name="Unit\HiPay\Tests\Fullservice\Request\RequestSerializerTest" file="/home/tviardin/Bureau/projects/hipay-fullservice-sdk-php/tests/Unit/HiPay/Tests/Fullservice/Request/RequestSerializerTest.php" tests="4" assertions="16" errors="0" failures="0" skipped="0" time="0.006050">
        <testcase name="testCanBeConstructUsingAbstractRequest" class="Unit\HiPay\Tests\Fullservice\Request\RequestSerializerTest" classname="Unit.HiPay.Tests.Fullservice.Request.RequestSerializerTest" file="/home/tviardin/Bureau/projects/hipay-fullservice-sdk-php/tests/Unit/HiPay/Tests/Fullservice/Request/RequestSerializerTest.php" line="40" assertions="1" time="0.003327"/>
        <testcase name="testRequestCanBeRetrieveToArray" class="Unit\HiPay\Tests\Fullservice\Request\RequestSerializerTest" classname="Unit.HiPay.Tests.Fullservice.Request.RequestSerializerTest" file="/home/tviardin/Bureau/projects/hipay-fullservice-sdk-php/tests/Unit/HiPay/Tests/Fullservice/Request/RequestSerializerTest.php" line="72" assertions="12" time="0.001275"/>
        <testcase name="testOnlyScalarParamsCanBeRetrieved" class="Unit\HiPay\Tests\Fullservice\Request\RequestSerializerTest" classname="Unit.HiPay.Tests.Fullservice.Request.RequestSerializerTest" file="/home/tviardin/Bureau/projects/hipay-fullservice-sdk-php/tests/Unit/HiPay/Tests/Fullservice/Request/RequestSerializerTest.php" line="110" assertions="2" time="0.000558"/>
        <testcase name="testRequestCanBeRetrieveToJson" class="Unit\HiPay\Tests\Fullservice\Request\RequestSerializerTest" classname="Unit.HiPay.Tests.Fullservice.Request.RequestSerializerTest" file="/home/tviardin/Bureau/projects/hipay-fullservice-sdk-php/tests/Unit/HiPay/Tests/Fullservice/Request/RequestSerializerTest.php" line="120" assertions="1" time="0.000890"/>
      </testsuite>
      <testsuite name="Unit\HiPay\Tests\Fullservice\Gateway\Client\SecureVaultClientTest" file="/home/tviardin/Bureau/projects/hipay-fullservice-sdk-php/tests/Unit/HiPay/Tests/Fullservice/SecureVault/Client/SecureVaultClientTest.php" tests="2" assertions="2" errors="0" failures="0" skipped="0" time="0.023574">
        <testcase name="testCanBeConstructUsingClientProvider" class="Unit\HiPay\Tests\Fullservice\Gateway\Client\SecureVaultClientTest" classname="Unit.HiPay.Tests.Fullservice.Gateway.Client.SecureVaultClientTest" file="/home/tviardin/Bureau/projects/hipay-fullservice-sdk-php/tests/Unit/HiPay/Tests/Fullservice/SecureVault/Client/SecureVaultClientTest.php" line="78" assertions="1" time="0.010690"/>
        <testcase name="testRequestLookupToken" class="Unit\HiPay\Tests\Fullservice\Gateway\Client\SecureVaultClientTest" classname="Unit.HiPay.Tests.Fullservice.Gateway.Client.SecureVaultClientTest" file="/home/tviardin/Bureau/projects/hipay-fullservice-sdk-php/tests/Unit/HiPay/Tests/Fullservice/SecureVault/Client/SecureVaultClientTest.php" line="91" assertions="1" time="0.012884"/>
      </testsuite>
      <testsuite name="Unit\HiPay\Tests\Fullservice\SecureVault\Mapper\PaymentCardTokenMapperTest" file="/home/tviardin/Bureau/projects/hipay-fullservice-sdk-php/tests/Unit/HiPay/Tests/Fullservice/SecureVault/Mapper/PaymentCardTokenMapperTest.php" tests="2" assertions="16" errors="0" failures="0" skipped="0" time="0.001654">
        <testcase name="testConstruct" class="Unit\HiPay\Tests\Fullservice\SecureVault\Mapper\PaymentCardTokenMapperTest" classname="Unit.HiPay.Tests.Fullservice.SecureVault.Mapper.PaymentCardTokenMapperTest" file="/home/tviardin/Bureau/projects/hipay-fullservice-sdk-php/tests/Unit/HiPay/Tests/Fullservice/SecureVault/Mapper/PaymentCardTokenMapperTest.php" line="34" assertions="1" time="0.000612"/>
        <testcase name="testMapResponseToModel" class="Unit\HiPay\Tests\Fullservice\SecureVault\Mapper\PaymentCardTokenMapperTest" classname="Unit.HiPay.Tests.Fullservice.SecureVault.Mapper.PaymentCardTokenMapperTest" file="/home/tviardin/Bureau/projects/hipay-fullservice-sdk-php/tests/Unit/HiPay/Tests/Fullservice/SecureVault/Mapper/PaymentCardTokenMapperTest.php" line="47" assertions="15" time="0.001042"/>
      </testsuite>
    </testsuite>
    <testsuite name="integration" tests="2" assertions="16" errors="0" failures="1" skipped="0" time="7.331393">
      <testsuite name="Integration\HiPay\Tests\Fullservice\GatewayTest" file="/home/tviardin/Bureau/projects/hipay-fullservice-sdk-php/tests/Integration/HiPay/Tests/Fullservice/GatewayTest.php" tests="2" assertions="16" errors="0" failures="1" skipped="0" time="7.331393">
        <testcase name="testNewOrderAlreadyPaid" class="Integration\HiPay\Tests\Fullservice\GatewayTest" classname="Integration.HiPay.Tests.Fullservice.GatewayTest" file="/home/tviardin/Bureau/projects/hipay-fullservice-sdk-php/tests/Integration/HiPay/Tests/Fullservice/GatewayTest.php" line="17" assertions="8" time="0.274358"/>
        <testcase name="testNewOrderSuccessful" class="Integration\HiPay\Tests\Fullservice\GatewayTest" classname="Integration.HiPay.Tests.Fullservice.GatewayTest" file="/home/tviardin/Bureau/projects/hipay-fullservice-sdk-php/tests/Integration/HiPay/Tests/Fullservice/GatewayTest.php" line="96" assertions="8" time="7.057035">
          <failure type="PHPUnit\Framework\ExpectationFailedException">Integration\HiPay\Tests\Fullservice\GatewayTest::testNewOrderSuccessful
Failed asserting that exception of type "HiPay\Fullservice\Exception\ApiErrorException" is thrown.

</failure>
        </testcase>
      </testsuite>
    </testsuite>
  </testsuite>
</testsuites>
