<?xml version="1.0" encoding="UTF-8"?>
<testsuites>
  <testsuite name="unit" tests="348" assertions="783" errors="0" failures="0" skipped="0" time="0.535583">
    <testsuite name="HiPay\Tests\Data\Category\CollectionTest" file="/home/tviardin/Bureau/projects/hipay-fullservice-sdk-php/tests/unit/HiPay/Tests/Fullservice/Data/Category/CollectionTest.php" tests="1" assertions="25" errors="0" failures="0" skipped="0" time="0.002340">
      <testcase name="testGetItems" class="HiPay\Tests\Data\Category\CollectionTest" classname="HiPay.Tests.Data.Category.CollectionTest" file="/home/tviardin/Bureau/projects/hipay-fullservice-sdk-php/tests/unit/HiPay/Tests/Fullservice/Data/Category/CollectionTest.php" line="10" assertions="25" time="0.002340"/>
    </testsuite>
    <testsuite name="HiPay\Tests\Data\CategoryTest" file="/home/tviardin/Bureau/projects/hipay-fullservice-sdk-php/tests/unit/HiPay/Tests/Fullservice/Data/CategoryTest.php" tests="5" assertions="9" errors="0" failures="0" skipped="0" time="0.002360">
      <testcase name="testConstruct" class="HiPay\Tests\Data\CategoryTest" classname="HiPay.Tests.Data.CategoryTest" file="/home/tviardin/Bureau/projects/hipay-fullservice-sdk-php/tests/unit/HiPay/Tests/Fullservice/Data/CategoryTest.php" line="10" assertions="1" time="0.000401"/>
      <testcase name="testGetCode" class="HiPay\Tests\Data\CategoryTest" classname="HiPay.Tests.Data.CategoryTest" file="/home/tviardin/Bureau/projects/hipay-fullservice-sdk-php/tests/unit/HiPay/Tests/Fullservice/Data/CategoryTest.php" line="30" assertions="1" time="0.000652"/>
      <testcase name="testGetName" class="HiPay\Tests\Data\CategoryTest" classname="HiPay.Tests.Data.CategoryTest" file="/home/tviardin/Bureau/projects/hipay-fullservice-sdk-php/tests/unit/HiPay/Tests/Fullservice/Data/CategoryTest.php" line="41" assertions="1" time="0.000387"/>
      <testcase name="testGetLocals" class="HiPay\Tests\Data\CategoryTest" classname="HiPay.Tests.Data.CategoryTest" file="/home/tviardin/Bureau/projects/hipay-fullservice-sdk-php/tests/unit/HiPay/Tests/Fullservice/Data/CategoryTest.php" line="52" assertions="3" time="0.000456"/>
      <testcase name="testSetLocals" class="HiPay\Tests\Data\CategoryTest" classname="HiPay.Tests.Data.CategoryTest" file="/home/tviardin/Bureau/projects/hipay-fullservice-sdk-php/tests/unit/HiPay/Tests/Fullservice/Data/CategoryTest.php" line="75" assertions="3" time="0.000464"/>
    </testsuite>
    <testsuite name="HiPay\Tests\Data\DeliveryMethod\CollectionModeShippingTest" file="/home/tviardin/Bureau/projects/hipay-fullservice-sdk-php/tests/unit/HiPay/Tests/Fullservice/Data/DeliveryMethod/CollectionModeShippingTest.php" tests="1" assertions="15" errors="0" failures="0" skipped="0" time="0.001093">
      <testcase name="testGetItems" class="HiPay\Tests\Data\DeliveryMethod\CollectionModeShippingTest" classname="HiPay.Tests.Data.DeliveryMethod.CollectionModeShippingTest" file="/home/tviardin/Bureau/projects/hipay-fullservice-sdk-php/tests/unit/HiPay/Tests/Fullservice/Data/DeliveryMethod/CollectionModeShippingTest.php" line="10" assertions="15" time="0.001093"/>
    </testsuite>
    <testsuite name="Hipay\Tests\Data\DeliveryMethod\CollectionTest" file="/home/tviardin/Bureau/projects/hipay-fullservice-sdk-php/tests/unit/HiPay/Tests/Fullservice/Data/DeliveryMethod/CollectionTest.php" tests="1" assertions="30" errors="0" failures="0" skipped="0" time="0.001397">
      <testcase name="testGetItems" class="Hipay\Tests\Data\DeliveryMethod\CollectionTest" classname="Hipay.Tests.Data.DeliveryMethod.CollectionTest" file="/home/tviardin/Bureau/projects/hipay-fullservice-sdk-php/tests/unit/HiPay/Tests/Fullservice/Data/DeliveryMethod/CollectionTest.php" line="10" assertions="30" time="0.001397"/>
    </testsuite>
    <testsuite name="HiPay\Tests\Data\PaymentProduct\DeliveryMethodAttributeTest" file="/home/tviardin/Bureau/projects/hipay-fullservice-sdk-php/tests/unit/HiPay/Tests/Fullservice/Data/DeliveryMethodAttributeTest.php" tests="3" assertions="7" errors="0" failures="0" skipped="0" time="0.001349">
      <testcase name="testConstruct" class="HiPay\Tests\Data\PaymentProduct\DeliveryMethodAttributeTest" classname="HiPay.Tests.Data.PaymentProduct.DeliveryMethodAttributeTest" file="/home/tviardin/Bureau/projects/hipay-fullservice-sdk-php/tests/unit/HiPay/Tests/Fullservice/Data/DeliveryMethodAttributeTest.php" line="34" assertions="1" time="0.000411"/>
      <testcase name="testGetDisplayName" class="HiPay\Tests\Data\PaymentProduct\DeliveryMethodAttributeTest" classname="HiPay.Tests.Data.PaymentProduct.DeliveryMethodAttributeTest" file="/home/tviardin/Bureau/projects/hipay-fullservice-sdk-php/tests/unit/HiPay/Tests/Fullservice/Data/DeliveryMethodAttributeTest.php" line="54" assertions="3" time="0.000470"/>
      <testcase name="testGettersAndSetters" class="HiPay\Tests\Data\PaymentProduct\DeliveryMethodAttributeTest" classname="HiPay.Tests.Data.PaymentProduct.DeliveryMethodAttributeTest" file="/home/tviardin/Bureau/projects/hipay-fullservice-sdk-php/tests/unit/HiPay/Tests/Fullservice/Data/DeliveryMethodAttributeTest.php" line="72" assertions="3" time="0.000468"/>
    </testsuite>
    <testsuite name="Hipay\FullService\Data\DeliveryMethodTest" file="/home/tviardin/Bureau/projects/hipay-fullservice-sdk-php/tests/unit/HiPay/Tests/Fullservice/Data/DeliveryMethodTest.php" tests="7" assertions="7" errors="0" failures="0" skipped="0" time="0.002690">
      <testcase name="testConstruct" class="Hipay\FullService\Data\DeliveryMethodTest" classname="Hipay.FullService.Data.DeliveryMethodTest" file="/home/tviardin/Bureau/projects/hipay-fullservice-sdk-php/tests/unit/HiPay/Tests/Fullservice/Data/DeliveryMethodTest.php" line="10" assertions="1" time="0.000379"/>
      <testcase name="testGetCode" class="Hipay\FullService\Data\DeliveryMethodTest" classname="Hipay.FullService.Data.DeliveryMethodTest" file="/home/tviardin/Bureau/projects/hipay-fullservice-sdk-php/tests/unit/HiPay/Tests/Fullservice/Data/DeliveryMethodTest.php" line="27" assertions="1" time="0.000381"/>
      <testcase name="testSetCode" class="Hipay\FullService\Data\DeliveryMethodTest" classname="Hipay.FullService.Data.DeliveryMethodTest" file="/home/tviardin/Bureau/projects/hipay-fullservice-sdk-php/tests/unit/HiPay/Tests/Fullservice/Data/DeliveryMethodTest.php" line="39" assertions="1" time="0.000379"/>
      <testcase name="testGetMode" class="Hipay\FullService\Data\DeliveryMethodTest" classname="Hipay.FullService.Data.DeliveryMethodTest" file="/home/tviardin/Bureau/projects/hipay-fullservice-sdk-php/tests/unit/HiPay/Tests/Fullservice/Data/DeliveryMethodTest.php" line="51" assertions="1" time="0.000389"/>
      <testcase name="testSetMode" class="Hipay\FullService\Data\DeliveryMethodTest" classname="Hipay.FullService.Data.DeliveryMethodTest" file="/home/tviardin/Bureau/projects/hipay-fullservice-sdk-php/tests/unit/HiPay/Tests/Fullservice/Data/DeliveryMethodTest.php" line="64" assertions="1" time="0.000380"/>
      <testcase name="testGetShipping" class="Hipay\FullService\Data\DeliveryMethodTest" classname="Hipay.FullService.Data.DeliveryMethodTest" file="/home/tviardin/Bureau/projects/hipay-fullservice-sdk-php/tests/unit/HiPay/Tests/Fullservice/Data/DeliveryMethodTest.php" line="76" assertions="1" time="0.000382"/>
      <testcase name="testSetShipping" class="Hipay\FullService\Data\DeliveryMethodTest" classname="Hipay.FullService.Data.DeliveryMethodTest" file="/home/tviardin/Bureau/projects/hipay-fullservice-sdk-php/tests/unit/HiPay/Tests/Fullservice/Data/DeliveryMethodTest.php" line="89" assertions="1" time="0.000400"/>
    </testsuite>
    <testsuite name="HiPay\Tests\Data\PaymentProduct\CollectionTest" file="/home/tviardin/Bureau/projects/hipay-fullservice-sdk-php/tests/unit/HiPay/Tests/Fullservice/Data/PaymentProduct/CollectionTest.php" tests="8" assertions="62" errors="0" failures="0" skipped="0" time="0.012072">
      <testcase name="testGetItemSuccess" class="HiPay\Tests\Data\PaymentProduct\CollectionTest" classname="HiPay.Tests.Data.PaymentProduct.CollectionTest" file="/home/tviardin/Bureau/projects/hipay-fullservice-sdk-php/tests/unit/HiPay/Tests/Fullservice/Data/PaymentProduct/CollectionTest.php" line="34" assertions="2" time="0.000648"/>
      <testcase name="testGetItemEmpty" class="HiPay\Tests\Data\PaymentProduct\CollectionTest" classname="HiPay.Tests.Data.PaymentProduct.CollectionTest" file="/home/tviardin/Bureau/projects/hipay-fullservice-sdk-php/tests/unit/HiPay/Tests/Fullservice/Data/PaymentProduct/CollectionTest.php" line="43" assertions="1" time="0.000544"/>
      <testcase name="testGetItems" class="HiPay\Tests\Data\PaymentProduct\CollectionTest" classname="HiPay.Tests.Data.PaymentProduct.CollectionTest" file="/home/tviardin/Bureau/projects/hipay-fullservice-sdk-php/tests/unit/HiPay/Tests/Fullservice/Data/PaymentProduct/CollectionTest.php" line="49" assertions="43" time="0.004767"/>
      <testcase name="testGetItemsFilteredSuccess" class="HiPay\Tests\Data\PaymentProduct\CollectionTest" classname="HiPay.Tests.Data.PaymentProduct.CollectionTest" file="/home/tviardin/Bureau/projects/hipay-fullservice-sdk-php/tests/unit/HiPay/Tests/Fullservice/Data/PaymentProduct/CollectionTest.php" line="59" assertions="10" time="0.002315"/>
      <testcase name="testGetItemsFilteredEmpty" class="HiPay\Tests\Data\PaymentProduct\CollectionTest" classname="HiPay.Tests.Data.PaymentProduct.CollectionTest" file="/home/tviardin/Bureau/projects/hipay-fullservice-sdk-php/tests/unit/HiPay/Tests/Fullservice/Data/PaymentProduct/CollectionTest.php" line="69" assertions="1" time="0.001677"/>
      <testcase name="testOrderByPriorityEmpty" class="HiPay\Tests\Data\PaymentProduct\CollectionTest" classname="HiPay.Tests.Data.PaymentProduct.CollectionTest" file="/home/tviardin/Bureau/projects/hipay-fullservice-sdk-php/tests/unit/HiPay/Tests/Fullservice/Data/PaymentProduct/CollectionTest.php" line="75" assertions="1" time="0.000420"/>
      <testcase name="testOrderByPriority" class="HiPay\Tests\Data\PaymentProduct\CollectionTest" classname="HiPay.Tests.Data.PaymentProduct.CollectionTest" file="/home/tviardin/Bureau/projects/hipay-fullservice-sdk-php/tests/unit/HiPay/Tests/Fullservice/Data/PaymentProduct/CollectionTest.php" line="82" assertions="2" time="0.000989"/>
      <testcase name="testOrderByPriorityNew" class="HiPay\Tests\Data\PaymentProduct\CollectionTest" classname="HiPay.Tests.Data.PaymentProduct.CollectionTest" file="/home/tviardin/Bureau/projects/hipay-fullservice-sdk-php/tests/unit/HiPay/Tests/Fullservice/Data/PaymentProduct/CollectionTest.php" line="93" assertions="2" time="0.000712"/>
    </testsuite>
    <testsuite name="HiPay\Tests\Data\PaymentProductTest" file="/home/tviardin/Bureau/projects/hipay-fullservice-sdk-php/tests/unit/HiPay/Tests/Fullservice/Data/PaymentProductTest.php" tests="2" assertions="16" errors="0" failures="0" skipped="0" time="0.001580">
      <testcase name="testConstructFromArray" class="HiPay\Tests\Data\PaymentProductTest" classname="HiPay.Tests.Data.PaymentProductTest" file="/home/tviardin/Bureau/projects/hipay-fullservice-sdk-php/tests/unit/HiPay/Tests/Fullservice/Data/PaymentProductTest.php" line="34" assertions="15" time="0.001084"/>
      <testcase name="testToArray" class="HiPay\Tests\Data\PaymentProductTest" classname="HiPay.Tests.Data.PaymentProductTest" file="/home/tviardin/Bureau/projects/hipay-fullservice-sdk-php/tests/unit/HiPay/Tests/Fullservice/Data/PaymentProductTest.php" line="72" assertions="1" time="0.000496"/>
    </testsuite>
    <testsuite name="HiPay\Tests\Fullservice\Gateway\Client\GatewayClientTest" file="/home/tviardin/Bureau/projects/hipay-fullservice-sdk-php/tests/unit/HiPay/Tests/Fullservice/Gateway/Client/GatewayClientTest.php" tests="5" assertions="13" errors="0" failures="0" skipped="0" time="0.037984">
      <testcase name="testCanBeConstructUsingClientProvider" class="HiPay\Tests\Fullservice\Gateway\Client\GatewayClientTest" classname="HiPay.Tests.Fullservice.Gateway.Client.GatewayClientTest" file="/home/tviardin/Bureau/projects/hipay-fullservice-sdk-php/tests/unit/HiPay/Tests/Fullservice/Gateway/Client/GatewayClientTest.php" line="75" assertions="1" time="0.016033"/>
      <testsuite name="HiPay\Tests\Fullservice\Gateway\Client\GatewayClientTest::testCallRequestHostedPaymentPage" tests="1" assertions="4" errors="0" failures="0" skipped="0" time="0.009083">
        <testcase name="testCallRequestHostedPaymentPage with data set #0" class="HiPay\Tests\Fullservice\Gateway\Client\GatewayClientTest" classname="HiPay.Tests.Fullservice.Gateway.Client.GatewayClientTest" file="/home/tviardin/Bureau/projects/hipay-fullservice-sdk-php/tests/unit/HiPay/Tests/Fullservice/Gateway/Client/GatewayClientTest.php" line="90" assertions="4" time="0.009083"/>
      </testsuite>
      <testsuite name="HiPay\Tests\Fullservice\Gateway\Client\GatewayClientTest::testRequestNewOrder" tests="1" assertions="4" errors="0" failures="0" skipped="0" time="0.004900">
        <testcase name="testRequestNewOrder with data set #0" class="HiPay\Tests\Fullservice\Gateway\Client\GatewayClientTest" classname="HiPay.Tests.Fullservice.Gateway.Client.GatewayClientTest" file="/home/tviardin/Bureau/projects/hipay-fullservice-sdk-php/tests/unit/HiPay/Tests/Fullservice/Gateway/Client/GatewayClientTest.php" line="200" assertions="4" time="0.004900"/>
      </testsuite>
      <testsuite name="HiPay\Tests\Fullservice\Gateway\Client\GatewayClientTest::testRequestMaintenanceOperation" tests="1" assertions="2" errors="0" failures="0" skipped="0" time="0.002892">
        <testcase name="testRequestMaintenanceOperation with data set #0" class="HiPay\Tests\Fullservice\Gateway\Client\GatewayClientTest" classname="HiPay.Tests.Fullservice.Gateway.Client.GatewayClientTest" file="/home/tviardin/Bureau/projects/hipay-fullservice-sdk-php/tests/unit/HiPay/Tests/Fullservice/Gateway/Client/GatewayClientTest.php" line="390" assertions="2" time="0.002892"/>
      </testsuite>
      <testsuite name="HiPay\Tests\Fullservice\Gateway\Client\GatewayClientTest::testRequestTransactionInformation" tests="1" assertions="2" errors="0" failures="0" skipped="0" time="0.005076">
        <testcase name="testRequestTransactionInformation with data set #0" class="HiPay\Tests\Fullservice\Gateway\Client\GatewayClientTest" classname="HiPay.Tests.Fullservice.Gateway.Client.GatewayClientTest" file="/home/tviardin/Bureau/projects/hipay-fullservice-sdk-php/tests/unit/HiPay/Tests/Fullservice/Gateway/Client/GatewayClientTest.php" line="462" assertions="2" time="0.005076"/>
      </testsuite>
    </testsuite>
    <testsuite name="HiPay\Tests\Fullservice\Gateway\Mapper\OperationMapperTest" file="/home/tviardin/Bureau/projects/hipay-fullservice-sdk-php/tests/unit/HiPay/Tests/Fullservice/Gateway/Mapper/OperationMapperTest.php" tests="2" assertions="17" errors="0" failures="0" skipped="0" time="0.001825">
      <testcase name="testConstruct" class="HiPay\Tests\Fullservice\Gateway\Mapper\OperationMapperTest" classname="HiPay.Tests.Fullservice.Gateway.Mapper.OperationMapperTest" file="/home/tviardin/Bureau/projects/hipay-fullservice-sdk-php/tests/unit/HiPay/Tests/Fullservice/Gateway/Mapper/OperationMapperTest.php" line="36" assertions="1" time="0.000650"/>
      <testcase name="testMapResponseToModel" class="HiPay\Tests\Fullservice\Gateway\Mapper\OperationMapperTest" classname="HiPay.Tests.Fullservice.Gateway.Mapper.OperationMapperTest" file="/home/tviardin/Bureau/projects/hipay-fullservice-sdk-php/tests/unit/HiPay/Tests/Fullservice/Gateway/Mapper/OperationMapperTest.php" line="51" assertions="16" time="0.001175"/>
    </testsuite>
    <testsuite name="HiPay\Tests\Fullservice\Gateway\Mapper\OrderMapperTest" file="/home/tviardin/Bureau/projects/hipay-fullservice-sdk-php/tests/unit/HiPay/Tests/Fullservice/Gateway/Mapper/OrderMapperTest.php" tests="2" assertions="15" errors="0" failures="0" skipped="0" time="0.003153">
      <testcase name="testConstruct" class="HiPay\Tests\Fullservice\Gateway\Mapper\OrderMapperTest" classname="HiPay.Tests.Fullservice.Gateway.Mapper.OrderMapperTest" file="/home/tviardin/Bureau/projects/hipay-fullservice-sdk-php/tests/unit/HiPay/Tests/Fullservice/Gateway/Mapper/OrderMapperTest.php" line="44" assertions="1" time="0.000785"/>
      <testcase name="testMapResponseToModel" class="HiPay\Tests\Fullservice\Gateway\Mapper\OrderMapperTest" classname="HiPay.Tests.Fullservice.Gateway.Mapper.OrderMapperTest" file="/home/tviardin/Bureau/projects/hipay-fullservice-sdk-php/tests/unit/HiPay/Tests/Fullservice/Gateway/Mapper/OrderMapperTest.php" line="59" assertions="14" time="0.002368"/>
    </testsuite>
    <testsuite name="HiPay\Tests\Fullservice\Gateway\Mapper\PersonalInformationMapperTest" file="/home/tviardin/Bureau/projects/hipay-fullservice-sdk-php/tests/unit/HiPay/Tests/Fullservice/Gateway/Mapper/PersonalInformationMapperTest.php" tests="2" assertions="12" errors="0" failures="0" skipped="0" time="0.001331">
      <testcase name="testConstruct" class="HiPay\Tests\Fullservice\Gateway\Mapper\PersonalInformationMapperTest" classname="HiPay.Tests.Fullservice.Gateway.Mapper.PersonalInformationMapperTest" file="/home/tviardin/Bureau/projects/hipay-fullservice-sdk-php/tests/unit/HiPay/Tests/Fullservice/Gateway/Mapper/PersonalInformationMapperTest.php" line="29" assertions="1" time="0.000523"/>
      <testcase name="testMapResponseToModel" class="HiPay\Tests\Fullservice\Gateway\Mapper\PersonalInformationMapperTest" classname="HiPay.Tests.Fullservice.Gateway.Mapper.PersonalInformationMapperTest" file="/home/tviardin/Bureau/projects/hipay-fullservice-sdk-php/tests/unit/HiPay/Tests/Fullservice/Gateway/Mapper/PersonalInformationMapperTest.php" line="44" assertions="11" time="0.000808"/>
    </testsuite>
    <testsuite name="HiPay\Tests\Fullservice\Gateway\Mapper\SecuritySettingsMapperTest" file="/home/tviardin/Bureau/projects/hipay-fullservice-sdk-php/tests/unit/HiPay/Tests/Fullservice/Gateway/Mapper/SecuritySettingsMapperTest.php" tests="2" assertions="3" errors="0" failures="0" skipped="0" time="0.001199">
      <testcase name="testConstruct" class="HiPay\Tests\Fullservice\Gateway\Mapper\SecuritySettingsMapperTest" classname="HiPay.Tests.Fullservice.Gateway.Mapper.SecuritySettingsMapperTest" file="/home/tviardin/Bureau/projects/hipay-fullservice-sdk-php/tests/unit/HiPay/Tests/Fullservice/Gateway/Mapper/SecuritySettingsMapperTest.php" line="20" assertions="1" time="0.000507"/>
      <testcase name="testMapResponseToModel" class="HiPay\Tests\Fullservice\Gateway\Mapper\SecuritySettingsMapperTest" classname="HiPay.Tests.Fullservice.Gateway.Mapper.SecuritySettingsMapperTest" file="/home/tviardin/Bureau/projects/hipay-fullservice-sdk-php/tests/unit/HiPay/Tests/Fullservice/Gateway/Mapper/SecuritySettingsMapperTest.php" line="35" assertions="2" time="0.000692"/>
    </testsuite>
    <testsuite name="HiPay\Tests\Fullservice\Gateway\Mapper\TransactionMapperTest" file="/home/tviardin/Bureau/projects/hipay-fullservice-sdk-php/tests/unit/HiPay/Tests/Fullservice/Gateway/Mapper/TransactionMapperTest.php" tests="2" assertions="40" errors="0" failures="0" skipped="0" time="0.004823">
      <testcase name="testConstruct" class="HiPay\Tests\Fullservice\Gateway\Mapper\TransactionMapperTest" classname="HiPay.Tests.Fullservice.Gateway.Mapper.TransactionMapperTest" file="/home/tviardin/Bureau/projects/hipay-fullservice-sdk-php/tests/unit/HiPay/Tests/Fullservice/Gateway/Mapper/TransactionMapperTest.php" line="116" assertions="1" time="0.001366"/>
      <testcase name="testMapResponseToModel" class="HiPay\Tests\Fullservice\Gateway\Mapper\TransactionMapperTest" classname="HiPay.Tests.Fullservice.Gateway.Mapper.TransactionMapperTest" file="/home/tviardin/Bureau/projects/hipay-fullservice-sdk-php/tests/unit/HiPay/Tests/Fullservice/Gateway/Mapper/TransactionMapperTest.php" line="131" assertions="39" time="0.003457"/>
    </testsuite>
    <testsuite name="HiPay\Tests\Fullservice\Gateway\Model\Cart\CartTest" file="/home/tviardin/Bureau/projects/hipay-fullservice-sdk-php/tests/unit/HiPay/Tests/Fullservice/Gateway/Model/Cart/CartTest.php" tests="3" assertions="8" errors="0" failures="0" skipped="0" time="0.002967">
      <testcase name="testConstruct" class="HiPay\Tests\Fullservice\Gateway\Model\Cart\CartTest" classname="HiPay.Tests.Fullservice.Gateway.Model.Cart.CartTest" file="/home/tviardin/Bureau/projects/hipay-fullservice-sdk-php/tests/unit/HiPay/Tests/Fullservice/Gateway/Model/Cart/CartTest.php" line="11" assertions="1" time="0.000539"/>
      <testcase name="testAddItem" class="HiPay\Tests\Fullservice\Gateway\Model\Cart\CartTest" classname="HiPay.Tests.Fullservice.Gateway.Model.Cart.CartTest" file="/home/tviardin/Bureau/projects/hipay-fullservice-sdk-php/tests/unit/HiPay/Tests/Fullservice/Gateway/Model/Cart/CartTest.php" line="24" assertions="4" time="0.001078"/>
      <testcase name="testToJson" class="HiPay\Tests\Fullservice\Gateway\Model\Cart\CartTest" classname="HiPay.Tests.Fullservice.Gateway.Model.Cart.CartTest" file="/home/tviardin/Bureau/projects/hipay-fullservice-sdk-php/tests/unit/HiPay/Tests/Fullservice/Gateway/Model/Cart/CartTest.php" line="42" assertions="3" time="0.001350"/>
    </testsuite>
    <testsuite name="HiPay\Tests\Fullservice\Gateway\Model\Cart\ItemTest" file="/home/tviardin/Bureau/projects/hipay-fullservice-sdk-php/tests/unit/HiPay/Tests/Fullservice/Gateway/Model/Cart/ItemTest.php" tests="21" assertions="70" errors="0" failures="0" skipped="0" time="0.016501">
      <testcase name="testConstruct" class="HiPay\Tests\Fullservice\Gateway\Model\Cart\ItemTest" classname="HiPay.Tests.Fullservice.Gateway.Model.Cart.ItemTest" file="/home/tviardin/Bureau/projects/hipay-fullservice-sdk-php/tests/unit/HiPay/Tests/Fullservice/Gateway/Model/Cart/ItemTest.php" line="38" assertions="17" time="0.001170"/>
      <testcase name="testBuildItemTypeDiscount" class="HiPay\Tests\Fullservice\Gateway\Model\Cart\ItemTest" classname="HiPay.Tests.Fullservice.Gateway.Model.Cart.ItemTest" file="/home/tviardin/Bureau/projects/hipay-fullservice-sdk-php/tests/unit/HiPay/Tests/Fullservice/Gateway/Model/Cart/ItemTest.php" line="63" assertions="10" time="0.000862"/>
      <testcase name="testBuildItemTypeFees" class="HiPay\Tests\Fullservice\Gateway\Model\Cart\ItemTest" classname="HiPay.Tests.Fullservice.Gateway.Model.Cart.ItemTest" file="/home/tviardin/Bureau/projects/hipay-fullservice-sdk-php/tests/unit/HiPay/Tests/Fullservice/Gateway/Model/Cart/ItemTest.php" line="88" assertions="9" time="0.000781"/>
      <testcase name="testConstructItem" class="HiPay\Tests\Fullservice\Gateway\Model\Cart\ItemTest" classname="HiPay.Tests.Fullservice.Gateway.Model.Cart.ItemTest" file="/home/tviardin/Bureau/projects/hipay-fullservice-sdk-php/tests/unit/HiPay/Tests/Fullservice/Gateway/Model/Cart/ItemTest.php" line="110" assertions="17" time="0.002095"/>
      <testcase name="testSetEuropeanArticleNumbering" class="HiPay\Tests\Fullservice\Gateway\Model\Cart\ItemTest" classname="HiPay.Tests.Fullservice.Gateway.Model.Cart.ItemTest" file="/home/tviardin/Bureau/projects/hipay-fullservice-sdk-php/tests/unit/HiPay/Tests/Fullservice/Gateway/Model/Cart/ItemTest.php" line="157" assertions="1" time="0.000540"/>
      <testcase name="testSetProductReference" class="HiPay\Tests\Fullservice\Gateway\Model\Cart\ItemTest" classname="HiPay.Tests.Fullservice.Gateway.Model.Cart.ItemTest" file="/home/tviardin/Bureau/projects/hipay-fullservice-sdk-php/tests/unit/HiPay/Tests/Fullservice/Gateway/Model/Cart/ItemTest.php" line="168" assertions="1" time="0.000509"/>
      <testcase name="testSetType" class="HiPay\Tests\Fullservice\Gateway\Model\Cart\ItemTest" classname="HiPay.Tests.Fullservice.Gateway.Model.Cart.ItemTest" file="/home/tviardin/Bureau/projects/hipay-fullservice-sdk-php/tests/unit/HiPay/Tests/Fullservice/Gateway/Model/Cart/ItemTest.php" line="179" assertions="1" time="0.000533"/>
      <testcase name="testSetName" class="HiPay\Tests\Fullservice\Gateway\Model\Cart\ItemTest" classname="HiPay.Tests.Fullservice.Gateway.Model.Cart.ItemTest" file="/home/tviardin/Bureau/projects/hipay-fullservice-sdk-php/tests/unit/HiPay/Tests/Fullservice/Gateway/Model/Cart/ItemTest.php" line="190" assertions="1" time="0.000842"/>
      <testcase name="testSetQuantity" class="HiPay\Tests\Fullservice\Gateway\Model\Cart\ItemTest" classname="HiPay.Tests.Fullservice.Gateway.Model.Cart.ItemTest" file="/home/tviardin/Bureau/projects/hipay-fullservice-sdk-php/tests/unit/HiPay/Tests/Fullservice/Gateway/Model/Cart/ItemTest.php" line="201" assertions="1" time="0.000523"/>
      <testcase name="testSetUnitPrice" class="HiPay\Tests\Fullservice\Gateway\Model\Cart\ItemTest" classname="HiPay.Tests.Fullservice.Gateway.Model.Cart.ItemTest" file="/home/tviardin/Bureau/projects/hipay-fullservice-sdk-php/tests/unit/HiPay/Tests/Fullservice/Gateway/Model/Cart/ItemTest.php" line="212" assertions="1" time="0.000529"/>
      <testcase name="testSetTaxRate" class="HiPay\Tests\Fullservice\Gateway\Model\Cart\ItemTest" classname="HiPay.Tests.Fullservice.Gateway.Model.Cart.ItemTest" file="/home/tviardin/Bureau/projects/hipay-fullservice-sdk-php/tests/unit/HiPay/Tests/Fullservice/Gateway/Model/Cart/ItemTest.php" line="223" assertions="1" time="0.000911"/>
      <testcase name="testSetDiscount" class="HiPay\Tests\Fullservice\Gateway\Model\Cart\ItemTest" classname="HiPay.Tests.Fullservice.Gateway.Model.Cart.ItemTest" file="/home/tviardin/Bureau/projects/hipay-fullservice-sdk-php/tests/unit/HiPay/Tests/Fullservice/Gateway/Model/Cart/ItemTest.php" line="234" assertions="1" time="0.000589"/>
      <testcase name="testSetTotalAmount" class="HiPay\Tests\Fullservice\Gateway\Model\Cart\ItemTest" classname="HiPay.Tests.Fullservice.Gateway.Model.Cart.ItemTest" file="/home/tviardin/Bureau/projects/hipay-fullservice-sdk-php/tests/unit/HiPay/Tests/Fullservice/Gateway/Model/Cart/ItemTest.php" line="245" assertions="1" time="0.000647"/>
      <testcase name="testSetDiscountDescription" class="HiPay\Tests\Fullservice\Gateway\Model\Cart\ItemTest" classname="HiPay.Tests.Fullservice.Gateway.Model.Cart.ItemTest" file="/home/tviardin/Bureau/projects/hipay-fullservice-sdk-php/tests/unit/HiPay/Tests/Fullservice/Gateway/Model/Cart/ItemTest.php" line="256" assertions="1" time="0.000645"/>
      <testcase name="testSetProductDescription" class="HiPay\Tests\Fullservice\Gateway\Model\Cart\ItemTest" classname="HiPay.Tests.Fullservice.Gateway.Model.Cart.ItemTest" file="/home/tviardin/Bureau/projects/hipay-fullservice-sdk-php/tests/unit/HiPay/Tests/Fullservice/Gateway/Model/Cart/ItemTest.php" line="267" assertions="1" time="0.000761"/>
      <testcase name="testSetDeliveryMethod" class="HiPay\Tests\Fullservice\Gateway\Model\Cart\ItemTest" classname="HiPay.Tests.Fullservice.Gateway.Model.Cart.ItemTest" file="/home/tviardin/Bureau/projects/hipay-fullservice-sdk-php/tests/unit/HiPay/Tests/Fullservice/Gateway/Model/Cart/ItemTest.php" line="278" assertions="1" time="0.000518"/>
      <testcase name="testSetDeliveryCompany" class="HiPay\Tests\Fullservice\Gateway\Model\Cart\ItemTest" classname="HiPay.Tests.Fullservice.Gateway.Model.Cart.ItemTest" file="/home/tviardin/Bureau/projects/hipay-fullservice-sdk-php/tests/unit/HiPay/Tests/Fullservice/Gateway/Model/Cart/ItemTest.php" line="289" assertions="1" time="0.000512"/>
      <testcase name="testSetDeliveryDelay" class="HiPay\Tests\Fullservice\Gateway\Model\Cart\ItemTest" classname="HiPay.Tests.Fullservice.Gateway.Model.Cart.ItemTest" file="/home/tviardin/Bureau/projects/hipay-fullservice-sdk-php/tests/unit/HiPay/Tests/Fullservice/Gateway/Model/Cart/ItemTest.php" line="300" assertions="1" time="0.001597"/>
      <testcase name="testSetDeliveryNumber" class="HiPay\Tests\Fullservice\Gateway\Model\Cart\ItemTest" classname="HiPay.Tests.Fullservice.Gateway.Model.Cart.ItemTest" file="/home/tviardin/Bureau/projects/hipay-fullservice-sdk-php/tests/unit/HiPay/Tests/Fullservice/Gateway/Model/Cart/ItemTest.php" line="311" assertions="1" time="0.000815"/>
      <testcase name="testSetProductCategory" class="HiPay\Tests\Fullservice\Gateway\Model\Cart\ItemTest" classname="HiPay.Tests.Fullservice.Gateway.Model.Cart.ItemTest" file="/home/tviardin/Bureau/projects/hipay-fullservice-sdk-php/tests/unit/HiPay/Tests/Fullservice/Gateway/Model/Cart/ItemTest.php" line="322" assertions="1" time="0.000574"/>
      <testcase name="testSetShopID" class="HiPay\Tests\Fullservice\Gateway\Model\Cart\ItemTest" classname="HiPay.Tests.Fullservice.Gateway.Model.Cart.ItemTest" file="/home/tviardin/Bureau/projects/hipay-fullservice-sdk-php/tests/unit/HiPay/Tests/Fullservice/Gateway/Model/Cart/ItemTest.php" line="333" assertions="1" time="0.000548"/>
    </testsuite>
    <testsuite name="HiPay\Tests\Fullservice\Gateway\Model\FraudScreeningTest" file="/home/tviardin/Bureau/projects/hipay-fullservice-sdk-php/tests/unit/HiPay/Tests/Fullservice/Gateway/Model/FraudScreeningTest.php" tests="4" assertions="4" errors="0" failures="0" skipped="0" time="0.002645">
      <testcase name="testConstruct" class="HiPay\Tests\Fullservice\Gateway\Model\FraudScreeningTest" classname="HiPay.Tests.Fullservice.Gateway.Model.FraudScreeningTest" file="/home/tviardin/Bureau/projects/hipay-fullservice-sdk-php/tests/unit/HiPay/Tests/Fullservice/Gateway/Model/FraudScreeningTest.php" line="21" assertions="1" time="0.000526"/>
      <testcase name="testGetScoring" class="HiPay\Tests\Fullservice\Gateway\Model\FraudScreeningTest" classname="HiPay.Tests.Fullservice.Gateway.Model.FraudScreeningTest" file="/home/tviardin/Bureau/projects/hipay-fullservice-sdk-php/tests/unit/HiPay/Tests/Fullservice/Gateway/Model/FraudScreeningTest.php" line="38" assertions="1" time="0.000843"/>
      <testcase name="testGetResult" class="HiPay\Tests\Fullservice\Gateway\Model\FraudScreeningTest" classname="HiPay.Tests.Fullservice.Gateway.Model.FraudScreeningTest" file="/home/tviardin/Bureau/projects/hipay-fullservice-sdk-php/tests/unit/HiPay/Tests/Fullservice/Gateway/Model/FraudScreeningTest.php" line="47" assertions="1" time="0.000741"/>
      <testcase name="testGetReview" class="HiPay\Tests\Fullservice\Gateway\Model\FraudScreeningTest" classname="HiPay.Tests.Fullservice.Gateway.Model.FraudScreeningTest" file="/home/tviardin/Bureau/projects/hipay-fullservice-sdk-php/tests/unit/HiPay/Tests/Fullservice/Gateway/Model/FraudScreeningTest.php" line="56" assertions="1" time="0.000535"/>
    </testsuite>
    <testsuite name="HiPay\Tests\Fullservice\Gateway\Model\OperationResponseTest" file="/home/tviardin/Bureau/projects/hipay-fullservice-sdk-php/tests/unit/HiPay/Tests/Fullservice/Gateway/Model/OperationReponseTest.php" tests="13" assertions="13" errors="0" failures="0" skipped="0" time="0.008714">
      <testcase name="testConstruct" class="HiPay\Tests\Fullservice\Gateway\Model\OperationResponseTest" classname="HiPay.Tests.Fullservice.Gateway.Model.OperationResponseTest" file="/home/tviardin/Bureau/projects/hipay-fullservice-sdk-php/tests/unit/HiPay/Tests/Fullservice/Gateway/Model/OperationReponseTest.php" line="24" assertions="1" time="0.000705"/>
      <testcase name="testGetType" class="HiPay\Tests\Fullservice\Gateway\Model\OperationResponseTest" classname="HiPay.Tests.Fullservice.Gateway.Model.OperationResponseTest" file="/home/tviardin/Bureau/projects/hipay-fullservice-sdk-php/tests/unit/HiPay/Tests/Fullservice/Gateway/Model/OperationReponseTest.php" line="44" assertions="1" time="0.000524"/>
      <testcase name="testSetType" class="HiPay\Tests\Fullservice\Gateway\Model\OperationResponseTest" classname="HiPay.Tests.Fullservice.Gateway.Model.OperationResponseTest" file="/home/tviardin/Bureau/projects/hipay-fullservice-sdk-php/tests/unit/HiPay/Tests/Fullservice/Gateway/Model/OperationReponseTest.php" line="55" assertions="1" time="0.000466"/>
      <testcase name="testGetId" class="HiPay\Tests\Fullservice\Gateway\Model\OperationResponseTest" classname="HiPay.Tests.Fullservice.Gateway.Model.OperationResponseTest" file="/home/tviardin/Bureau/projects/hipay-fullservice-sdk-php/tests/unit/HiPay/Tests/Fullservice/Gateway/Model/OperationReponseTest.php" line="66" assertions="1" time="0.000740"/>
      <testcase name="testSetId" class="HiPay\Tests\Fullservice\Gateway\Model\OperationResponseTest" classname="HiPay.Tests.Fullservice.Gateway.Model.OperationResponseTest" file="/home/tviardin/Bureau/projects/hipay-fullservice-sdk-php/tests/unit/HiPay/Tests/Fullservice/Gateway/Model/OperationReponseTest.php" line="77" assertions="1" time="0.000760"/>
      <testcase name="testGetReference" class="HiPay\Tests\Fullservice\Gateway\Model\OperationResponseTest" classname="HiPay.Tests.Fullservice.Gateway.Model.OperationResponseTest" file="/home/tviardin/Bureau/projects/hipay-fullservice-sdk-php/tests/unit/HiPay/Tests/Fullservice/Gateway/Model/OperationReponseTest.php" line="88" assertions="1" time="0.000572"/>
      <testcase name="testSetReference" class="HiPay\Tests\Fullservice\Gateway\Model\OperationResponseTest" classname="HiPay.Tests.Fullservice.Gateway.Model.OperationResponseTest" file="/home/tviardin/Bureau/projects/hipay-fullservice-sdk-php/tests/unit/HiPay/Tests/Fullservice/Gateway/Model/OperationReponseTest.php" line="99" assertions="1" time="0.001041"/>
      <testcase name="testGetAmount" class="HiPay\Tests\Fullservice\Gateway\Model\OperationResponseTest" classname="HiPay.Tests.Fullservice.Gateway.Model.OperationResponseTest" file="/home/tviardin/Bureau/projects/hipay-fullservice-sdk-php/tests/unit/HiPay/Tests/Fullservice/Gateway/Model/OperationReponseTest.php" line="110" assertions="1" time="0.001162"/>
      <testcase name="testSetAmount" class="HiPay\Tests\Fullservice\Gateway\Model\OperationResponseTest" classname="HiPay.Tests.Fullservice.Gateway.Model.OperationResponseTest" file="/home/tviardin/Bureau/projects/hipay-fullservice-sdk-php/tests/unit/HiPay/Tests/Fullservice/Gateway/Model/OperationReponseTest.php" line="121" assertions="1" time="0.000688"/>
      <testcase name="testGetCurrency" class="HiPay\Tests\Fullservice\Gateway\Model\OperationResponseTest" classname="HiPay.Tests.Fullservice.Gateway.Model.OperationResponseTest" file="/home/tviardin/Bureau/projects/hipay-fullservice-sdk-php/tests/unit/HiPay/Tests/Fullservice/Gateway/Model/OperationReponseTest.php" line="132" assertions="1" time="0.000518"/>
      <testcase name="testSetCurrency" class="HiPay\Tests\Fullservice\Gateway\Model\OperationResponseTest" classname="HiPay.Tests.Fullservice.Gateway.Model.OperationResponseTest" file="/home/tviardin/Bureau/projects/hipay-fullservice-sdk-php/tests/unit/HiPay/Tests/Fullservice/Gateway/Model/OperationReponseTest.php" line="143" assertions="1" time="0.000473"/>
      <testcase name="testGetDateAuthorized" class="HiPay\Tests\Fullservice\Gateway\Model\OperationResponseTest" classname="HiPay.Tests.Fullservice.Gateway.Model.OperationResponseTest" file="/home/tviardin/Bureau/projects/hipay-fullservice-sdk-php/tests/unit/HiPay/Tests/Fullservice/Gateway/Model/OperationReponseTest.php" line="154" assertions="1" time="0.000600"/>
      <testcase name="testSetDateAuthorized" class="HiPay\Tests\Fullservice\Gateway\Model\OperationResponseTest" classname="HiPay.Tests.Fullservice.Gateway.Model.OperationResponseTest" file="/home/tviardin/Bureau/projects/hipay-fullservice-sdk-php/tests/unit/HiPay/Tests/Fullservice/Gateway/Model/OperationReponseTest.php" line="165" assertions="1" time="0.000465"/>
    </testsuite>
    <testsuite name="HiPay\Tests\Fullservice\Gateway\Model\OperationTest" file="/home/tviardin/Bureau/projects/hipay-fullservice-sdk-php/tests/unit/HiPay/Tests/Fullservice/Gateway/Model/OperationTest.php" tests="2" assertions="2" errors="0" failures="0" skipped="0" time="0.001720">
      <testcase name="testConstruct" class="HiPay\Tests\Fullservice\Gateway\Model\OperationTest" classname="HiPay.Tests.Fullservice.Gateway.Model.OperationTest" file="/home/tviardin/Bureau/projects/hipay-fullservice-sdk-php/tests/unit/HiPay/Tests/Fullservice/Gateway/Model/OperationTest.php" line="35" assertions="1" time="0.001157"/>
      <testcase name="testGetOperation" class="HiPay\Tests\Fullservice\Gateway\Model\OperationTest" classname="HiPay.Tests.Fullservice.Gateway.Model.OperationTest" file="/home/tviardin/Bureau/projects/hipay-fullservice-sdk-php/tests/unit/HiPay/Tests/Fullservice/Gateway/Model/OperationTest.php" line="64" assertions="1" time="0.000563"/>
    </testsuite>
    <testsuite name="HiPay\Tests\Fullservice\Gateway\Model\OrderTest" file="/home/tviardin/Bureau/projects/hipay-fullservice-sdk-php/tests/unit/HiPay/Tests/Fullservice/Gateway/Model/OrderTest.php" tests="13" assertions="13" errors="0" failures="0" skipped="0" time="0.008092">
      <testcase name="testConstruct" class="HiPay\Tests\Fullservice\Gateway\Model\OrderTest" classname="HiPay.Tests.Fullservice.Gateway.Model.OrderTest" file="/home/tviardin/Bureau/projects/hipay-fullservice-sdk-php/tests/unit/HiPay/Tests/Fullservice/Gateway/Model/OrderTest.php" line="31" assertions="1" time="0.000559"/>
      <testcase name="testGetId" class="HiPay\Tests\Fullservice\Gateway\Model\OrderTest" classname="HiPay.Tests.Fullservice.Gateway.Model.OrderTest" file="/home/tviardin/Bureau/projects/hipay-fullservice-sdk-php/tests/unit/HiPay/Tests/Fullservice/Gateway/Model/OrderTest.php" line="57" assertions="1" time="0.000860"/>
      <testcase name="testGetCustomId" class="HiPay\Tests\Fullservice\Gateway\Model\OrderTest" classname="HiPay.Tests.Fullservice.Gateway.Model.OrderTest" file="/home/tviardin/Bureau/projects/hipay-fullservice-sdk-php/tests/unit/HiPay/Tests/Fullservice/Gateway/Model/OrderTest.php" line="66" assertions="1" time="0.000691"/>
      <testcase name="testGetAmount" class="HiPay\Tests\Fullservice\Gateway\Model\OrderTest" classname="HiPay.Tests.Fullservice.Gateway.Model.OrderTest" file="/home/tviardin/Bureau/projects/hipay-fullservice-sdk-php/tests/unit/HiPay/Tests/Fullservice/Gateway/Model/OrderTest.php" line="75" assertions="1" time="0.000465"/>
      <testcase name="testGetTax" class="HiPay\Tests\Fullservice\Gateway\Model\OrderTest" classname="HiPay.Tests.Fullservice.Gateway.Model.OrderTest" file="/home/tviardin/Bureau/projects/hipay-fullservice-sdk-php/tests/unit/HiPay/Tests/Fullservice/Gateway/Model/OrderTest.php" line="84" assertions="1" time="0.000582"/>
      <testcase name="testGetShipping" class="HiPay\Tests\Fullservice\Gateway\Model\OrderTest" classname="HiPay.Tests.Fullservice.Gateway.Model.OrderTest" file="/home/tviardin/Bureau/projects/hipay-fullservice-sdk-php/tests/unit/HiPay/Tests/Fullservice/Gateway/Model/OrderTest.php" line="93" assertions="1" time="0.000687"/>
      <testcase name="testGetDateCreated" class="HiPay\Tests\Fullservice\Gateway\Model\OrderTest" classname="HiPay.Tests.Fullservice.Gateway.Model.OrderTest" file="/home/tviardin/Bureau/projects/hipay-fullservice-sdk-php/tests/unit/HiPay/Tests/Fullservice/Gateway/Model/OrderTest.php" line="102" assertions="1" time="0.000489"/>
      <testcase name="testGetAttempts" class="HiPay\Tests\Fullservice\Gateway\Model\OrderTest" classname="HiPay.Tests.Fullservice.Gateway.Model.OrderTest" file="/home/tviardin/Bureau/projects/hipay-fullservice-sdk-php/tests/unit/HiPay/Tests/Fullservice/Gateway/Model/OrderTest.php" line="111" assertions="1" time="0.000448"/>
      <testcase name="testGetCurrency" class="HiPay\Tests\Fullservice\Gateway\Model\OrderTest" classname="HiPay.Tests.Fullservice.Gateway.Model.OrderTest" file="/home/tviardin/Bureau/projects/hipay-fullservice-sdk-php/tests/unit/HiPay/Tests/Fullservice/Gateway/Model/OrderTest.php" line="120" assertions="1" time="0.000757"/>
      <testcase name="testGetDecimals" class="HiPay\Tests\Fullservice\Gateway\Model\OrderTest" classname="HiPay.Tests.Fullservice.Gateway.Model.OrderTest" file="/home/tviardin/Bureau/projects/hipay-fullservice-sdk-php/tests/unit/HiPay/Tests/Fullservice/Gateway/Model/OrderTest.php" line="129" assertions="1" time="0.000651"/>
      <testcase name="testGetGender" class="HiPay\Tests\Fullservice\Gateway\Model\OrderTest" classname="HiPay.Tests.Fullservice.Gateway.Model.OrderTest" file="/home/tviardin/Bureau/projects/hipay-fullservice-sdk-php/tests/unit/HiPay/Tests/Fullservice/Gateway/Model/OrderTest.php" line="138" assertions="1" time="0.000598"/>
      <testcase name="testGetLanguage" class="HiPay\Tests\Fullservice\Gateway\Model\OrderTest" classname="HiPay.Tests.Fullservice.Gateway.Model.OrderTest" file="/home/tviardin/Bureau/projects/hipay-fullservice-sdk-php/tests/unit/HiPay/Tests/Fullservice/Gateway/Model/OrderTest.php" line="147" assertions="1" time="0.000497"/>
      <testcase name="testGetShippingAddress" class="HiPay\Tests\Fullservice\Gateway\Model\OrderTest" classname="HiPay.Tests.Fullservice.Gateway.Model.OrderTest" file="/home/tviardin/Bureau/projects/hipay-fullservice-sdk-php/tests/unit/HiPay/Tests/Fullservice/Gateway/Model/OrderTest.php" line="156" assertions="1" time="0.000808"/>
    </testsuite>
    <testsuite name="HiPay\Tests\Fullservice\Gateway\Model\PaymentMethodTest" file="/home/tviardin/Bureau/projects/hipay-fullservice-sdk-php/tests/unit/HiPay/Tests/Fullservice/Gateway/Model/PaymentMethodTest.php" tests="9" assertions="9" errors="0" failures="0" skipped="0" time="0.004703">
      <testcase name="testConstruct" class="HiPay\Tests\Fullservice\Gateway\Model\PaymentMethodTest" classname="HiPay.Tests.Fullservice.Gateway.Model.PaymentMethodTest" file="/home/tviardin/Bureau/projects/hipay-fullservice-sdk-php/tests/unit/HiPay/Tests/Fullservice/Gateway/Model/PaymentMethodTest.php" line="26" assertions="1" time="0.000513"/>
      <testcase name="testGetToken" class="HiPay\Tests\Fullservice\Gateway\Model\PaymentMethodTest" classname="HiPay.Tests.Fullservice.Gateway.Model.PaymentMethodTest" file="/home/tviardin/Bureau/projects/hipay-fullservice-sdk-php/tests/unit/HiPay/Tests/Fullservice/Gateway/Model/PaymentMethodTest.php" line="48" assertions="1" time="0.000470"/>
      <testcase name="testGetBrand" class="HiPay\Tests\Fullservice\Gateway\Model\PaymentMethodTest" classname="HiPay.Tests.Fullservice.Gateway.Model.PaymentMethodTest" file="/home/tviardin/Bureau/projects/hipay-fullservice-sdk-php/tests/unit/HiPay/Tests/Fullservice/Gateway/Model/PaymentMethodTest.php" line="57" assertions="1" time="0.000433"/>
      <testcase name="testGetPan" class="HiPay\Tests\Fullservice\Gateway\Model\PaymentMethodTest" classname="HiPay.Tests.Fullservice.Gateway.Model.PaymentMethodTest" file="/home/tviardin/Bureau/projects/hipay-fullservice-sdk-php/tests/unit/HiPay/Tests/Fullservice/Gateway/Model/PaymentMethodTest.php" line="66" assertions="1" time="0.000440"/>
      <testcase name="testGetCardHolder" class="HiPay\Tests\Fullservice\Gateway\Model\PaymentMethodTest" classname="HiPay.Tests.Fullservice.Gateway.Model.PaymentMethodTest" file="/home/tviardin/Bureau/projects/hipay-fullservice-sdk-php/tests/unit/HiPay/Tests/Fullservice/Gateway/Model/PaymentMethodTest.php" line="75" assertions="1" time="0.000535"/>
      <testcase name="testGetCardExpiryMonth" class="HiPay\Tests\Fullservice\Gateway\Model\PaymentMethodTest" classname="HiPay.Tests.Fullservice.Gateway.Model.PaymentMethodTest" file="/home/tviardin/Bureau/projects/hipay-fullservice-sdk-php/tests/unit/HiPay/Tests/Fullservice/Gateway/Model/PaymentMethodTest.php" line="84" assertions="1" time="0.000453"/>
      <testcase name="testGetCardExpiryYear" class="HiPay\Tests\Fullservice\Gateway\Model\PaymentMethodTest" classname="HiPay.Tests.Fullservice.Gateway.Model.PaymentMethodTest" file="/home/tviardin/Bureau/projects/hipay-fullservice-sdk-php/tests/unit/HiPay/Tests/Fullservice/Gateway/Model/PaymentMethodTest.php" line="93" assertions="1" time="0.000452"/>
      <testcase name="testGetIssuer" class="HiPay\Tests\Fullservice\Gateway\Model\PaymentMethodTest" classname="HiPay.Tests.Fullservice.Gateway.Model.PaymentMethodTest" file="/home/tviardin/Bureau/projects/hipay-fullservice-sdk-php/tests/unit/HiPay/Tests/Fullservice/Gateway/Model/PaymentMethodTest.php" line="102" assertions="1" time="0.000771"/>
      <testcase name="testGetCountry" class="HiPay\Tests\Fullservice\Gateway\Model\PaymentMethodTest" classname="HiPay.Tests.Fullservice.Gateway.Model.PaymentMethodTest" file="/home/tviardin/Bureau/projects/hipay-fullservice-sdk-php/tests/unit/HiPay/Tests/Fullservice/Gateway/Model/PaymentMethodTest.php" line="111" assertions="1" time="0.000636"/>
    </testsuite>
    <testsuite name="HiPay\Tests\Fullservice\Gateway\Model\PersonnalInformationTest" file="/home/tviardin/Bureau/projects/hipay-fullservice-sdk-php/tests/unit/HiPay/Tests/Fullservice/Gateway/Model/PersonnalInformationTest.php" tests="11" assertions="11" errors="0" failures="0" skipped="0" time="0.005114">
      <testcase name="testConstruct" class="HiPay\Tests\Fullservice\Gateway\Model\PersonnalInformationTest" classname="HiPay.Tests.Fullservice.Gateway.Model.PersonnalInformationTest" file="/home/tviardin/Bureau/projects/hipay-fullservice-sdk-php/tests/unit/HiPay/Tests/Fullservice/Gateway/Model/PersonnalInformationTest.php" line="28" assertions="1" time="0.000562"/>
      <testcase name="testGetFirstname" class="HiPay\Tests\Fullservice\Gateway\Model\PersonnalInformationTest" classname="HiPay.Tests.Fullservice.Gateway.Model.PersonnalInformationTest" file="/home/tviardin/Bureau/projects/hipay-fullservice-sdk-php/tests/unit/HiPay/Tests/Fullservice/Gateway/Model/PersonnalInformationTest.php" line="52" assertions="1" time="0.000446"/>
      <testcase name="testGetLastname" class="HiPay\Tests\Fullservice\Gateway\Model\PersonnalInformationTest" classname="HiPay.Tests.Fullservice.Gateway.Model.PersonnalInformationTest" file="/home/tviardin/Bureau/projects/hipay-fullservice-sdk-php/tests/unit/HiPay/Tests/Fullservice/Gateway/Model/PersonnalInformationTest.php" line="61" assertions="1" time="0.000464"/>
      <testcase name="testGetStreetAddress" class="HiPay\Tests\Fullservice\Gateway\Model\PersonnalInformationTest" classname="HiPay.Tests.Fullservice.Gateway.Model.PersonnalInformationTest" file="/home/tviardin/Bureau/projects/hipay-fullservice-sdk-php/tests/unit/HiPay/Tests/Fullservice/Gateway/Model/PersonnalInformationTest.php" line="70" assertions="1" time="0.000476"/>
      <testcase name="testGetLocality" class="HiPay\Tests\Fullservice\Gateway\Model\PersonnalInformationTest" classname="HiPay.Tests.Fullservice.Gateway.Model.PersonnalInformationTest" file="/home/tviardin/Bureau/projects/hipay-fullservice-sdk-php/tests/unit/HiPay/Tests/Fullservice/Gateway/Model/PersonnalInformationTest.php" line="79" assertions="1" time="0.000449"/>
      <testcase name="testGetPostalCode" class="HiPay\Tests\Fullservice\Gateway\Model\PersonnalInformationTest" classname="HiPay.Tests.Fullservice.Gateway.Model.PersonnalInformationTest" file="/home/tviardin/Bureau/projects/hipay-fullservice-sdk-php/tests/unit/HiPay/Tests/Fullservice/Gateway/Model/PersonnalInformationTest.php" line="88" assertions="1" time="0.000521"/>
      <testcase name="testGetCountry" class="HiPay\Tests\Fullservice\Gateway\Model\PersonnalInformationTest" classname="HiPay.Tests.Fullservice.Gateway.Model.PersonnalInformationTest" file="/home/tviardin/Bureau/projects/hipay-fullservice-sdk-php/tests/unit/HiPay/Tests/Fullservice/Gateway/Model/PersonnalInformationTest.php" line="97" assertions="1" time="0.000456"/>
      <testcase name="testGetMsisnd" class="HiPay\Tests\Fullservice\Gateway\Model\PersonnalInformationTest" classname="HiPay.Tests.Fullservice.Gateway.Model.PersonnalInformationTest" file="/home/tviardin/Bureau/projects/hipay-fullservice-sdk-php/tests/unit/HiPay/Tests/Fullservice/Gateway/Model/PersonnalInformationTest.php" line="106" assertions="1" time="0.000433"/>
      <testcase name="testGetPhone" class="HiPay\Tests\Fullservice\Gateway\Model\PersonnalInformationTest" classname="HiPay.Tests.Fullservice.Gateway.Model.PersonnalInformationTest" file="/home/tviardin/Bureau/projects/hipay-fullservice-sdk-php/tests/unit/HiPay/Tests/Fullservice/Gateway/Model/PersonnalInformationTest.php" line="115" assertions="1" time="0.000414"/>
      <testcase name="testGetPhoneOperator" class="HiPay\Tests\Fullservice\Gateway\Model\PersonnalInformationTest" classname="HiPay.Tests.Fullservice.Gateway.Model.PersonnalInformationTest" file="/home/tviardin/Bureau/projects/hipay-fullservice-sdk-php/tests/unit/HiPay/Tests/Fullservice/Gateway/Model/PersonnalInformationTest.php" line="124" assertions="1" time="0.000420"/>
      <testcase name="testGetEmail" class="HiPay\Tests\Fullservice\Gateway\Model\PersonnalInformationTest" classname="HiPay.Tests.Fullservice.Gateway.Model.PersonnalInformationTest" file="/home/tviardin/Bureau/projects/hipay-fullservice-sdk-php/tests/unit/HiPay/Tests/Fullservice/Gateway/Model/PersonnalInformationTest.php" line="133" assertions="1" time="0.000473"/>
    </testsuite>
    <testsuite name="HiPay\Tests\Fullservice\Gateway\Model\Request\ThreeDSTwo\AccountInfo\CustomerTest" file="/home/tviardin/Bureau/projects/hipay-fullservice-sdk-php/tests/unit/HiPay/Tests/Fullservice/Gateway/Model/Request/ThreeDSTwo/AccountInfo/CustomerTest.php" tests="4" assertions="7" errors="0" failures="0" skipped="0" time="0.001829">
      <testcase name="testConstruct" class="HiPay\Tests\Fullservice\Gateway\Model\Request\ThreeDSTwo\AccountInfo\CustomerTest" classname="HiPay.Tests.Fullservice.Gateway.Model.Request.ThreeDSTwo.AccountInfo.CustomerTest" file="/home/tviardin/Bureau/projects/hipay-fullservice-sdk-php/tests/unit/HiPay/Tests/Fullservice/Gateway/Model/Request/ThreeDSTwo/AccountInfo/CustomerTest.php" line="11" assertions="1" time="0.000412"/>
      <testcase name="testGetAccountChange" class="HiPay\Tests\Fullservice\Gateway\Model\Request\ThreeDSTwo\AccountInfo\CustomerTest" classname="HiPay.Tests.Fullservice.Gateway.Model.Request.ThreeDSTwo.AccountInfo.CustomerTest" file="/home/tviardin/Bureau/projects/hipay-fullservice-sdk-php/tests/unit/HiPay/Tests/Fullservice/Gateway/Model/Request/ThreeDSTwo/AccountInfo/CustomerTest.php" line="23" assertions="2" time="0.000490"/>
      <testcase name="testGetOpeningAccountDate" class="HiPay\Tests\Fullservice\Gateway\Model\Request\ThreeDSTwo\AccountInfo\CustomerTest" classname="HiPay.Tests.Fullservice.Gateway.Model.Request.ThreeDSTwo.AccountInfo.CustomerTest" file="/home/tviardin/Bureau/projects/hipay-fullservice-sdk-php/tests/unit/HiPay/Tests/Fullservice/Gateway/Model/Request/ThreeDSTwo/AccountInfo/CustomerTest.php" line="36" assertions="2" time="0.000454"/>
      <testcase name="testGetPasswordChange" class="HiPay\Tests\Fullservice\Gateway\Model\Request\ThreeDSTwo\AccountInfo\CustomerTest" classname="HiPay.Tests.Fullservice.Gateway.Model.Request.ThreeDSTwo.AccountInfo.CustomerTest" file="/home/tviardin/Bureau/projects/hipay-fullservice-sdk-php/tests/unit/HiPay/Tests/Fullservice/Gateway/Model/Request/ThreeDSTwo/AccountInfo/CustomerTest.php" line="49" assertions="2" time="0.000473"/>
    </testsuite>
    <testsuite name="HiPay\Tests\Fullservice\Gateway\Model\Request\ThreeDSTwo\AccountInfo\PaymentTest" file="/home/tviardin/Bureau/projects/hipay-fullservice-sdk-php/tests/unit/HiPay/Tests/Fullservice/Gateway/Model/Request/ThreeDSTwo/AccountInfo/PaymentTest.php" tests="2" assertions="3" errors="0" failures="0" skipped="0" time="0.000908">
      <testcase name="testConstruct" class="HiPay\Tests\Fullservice\Gateway\Model\Request\ThreeDSTwo\AccountInfo\PaymentTest" classname="HiPay.Tests.Fullservice.Gateway.Model.Request.ThreeDSTwo.AccountInfo.PaymentTest" file="/home/tviardin/Bureau/projects/hipay-fullservice-sdk-php/tests/unit/HiPay/Tests/Fullservice/Gateway/Model/Request/ThreeDSTwo/AccountInfo/PaymentTest.php" line="11" assertions="1" time="0.000449"/>
      <testcase name="testGetEnrollmentDate" class="HiPay\Tests\Fullservice\Gateway\Model\Request\ThreeDSTwo\AccountInfo\PaymentTest" classname="HiPay.Tests.Fullservice.Gateway.Model.Request.ThreeDSTwo.AccountInfo.PaymentTest" file="/home/tviardin/Bureau/projects/hipay-fullservice-sdk-php/tests/unit/HiPay/Tests/Fullservice/Gateway/Model/Request/ThreeDSTwo/AccountInfo/PaymentTest.php" line="23" assertions="2" time="0.000459"/>
    </testsuite>
    <testsuite name="HiPay\Tests\Fullservice\Gateway\Model\Request\ThreeDSTwo\AccountInfo\PurchaseTest" file="/home/tviardin/Bureau/projects/hipay-fullservice-sdk-php/tests/unit/HiPay/Tests/Fullservice/Gateway/Model/Request/ThreeDSTwo/AccountInfo/PurchaseTest.php" tests="5" assertions="9" errors="0" failures="0" skipped="0" time="0.002270">
      <testcase name="testConstruct" class="HiPay\Tests\Fullservice\Gateway\Model\Request\ThreeDSTwo\AccountInfo\PurchaseTest" classname="HiPay.Tests.Fullservice.Gateway.Model.Request.ThreeDSTwo.AccountInfo.PurchaseTest" file="/home/tviardin/Bureau/projects/hipay-fullservice-sdk-php/tests/unit/HiPay/Tests/Fullservice/Gateway/Model/Request/ThreeDSTwo/AccountInfo/PurchaseTest.php" line="11" assertions="1" time="0.000403"/>
      <testcase name="testGetCount" class="HiPay\Tests\Fullservice\Gateway\Model\Request\ThreeDSTwo\AccountInfo\PurchaseTest" classname="HiPay.Tests.Fullservice.Gateway.Model.Request.ThreeDSTwo.AccountInfo.PurchaseTest" file="/home/tviardin/Bureau/projects/hipay-fullservice-sdk-php/tests/unit/HiPay/Tests/Fullservice/Gateway/Model/Request/ThreeDSTwo/AccountInfo/PurchaseTest.php" line="23" assertions="2" time="0.000455"/>
      <testcase name="testGetCardStore24h" class="HiPay\Tests\Fullservice\Gateway\Model\Request\ThreeDSTwo\AccountInfo\PurchaseTest" classname="HiPay.Tests.Fullservice.Gateway.Model.Request.ThreeDSTwo.AccountInfo.PurchaseTest" file="/home/tviardin/Bureau/projects/hipay-fullservice-sdk-php/tests/unit/HiPay/Tests/Fullservice/Gateway/Model/Request/ThreeDSTwo/AccountInfo/PurchaseTest.php" line="36" assertions="2" time="0.000454"/>
      <testcase name="testGetPaymentAttempts24h" class="HiPay\Tests\Fullservice\Gateway\Model\Request\ThreeDSTwo\AccountInfo\PurchaseTest" classname="HiPay.Tests.Fullservice.Gateway.Model.Request.ThreeDSTwo.AccountInfo.PurchaseTest" file="/home/tviardin/Bureau/projects/hipay-fullservice-sdk-php/tests/unit/HiPay/Tests/Fullservice/Gateway/Model/Request/ThreeDSTwo/AccountInfo/PurchaseTest.php" line="49" assertions="2" time="0.000481"/>
      <testcase name="testGetPaymentAttemps1y" class="HiPay\Tests\Fullservice\Gateway\Model\Request\ThreeDSTwo\AccountInfo\PurchaseTest" classname="HiPay.Tests.Fullservice.Gateway.Model.Request.ThreeDSTwo.AccountInfo.PurchaseTest" file="/home/tviardin/Bureau/projects/hipay-fullservice-sdk-php/tests/unit/HiPay/Tests/Fullservice/Gateway/Model/Request/ThreeDSTwo/AccountInfo/PurchaseTest.php" line="62" assertions="2" time="0.000477"/>
    </testsuite>
    <testsuite name="HiPay\Tests\Fullservice\Gateway\Model\Request\ThreeDSTwo\AccountInfo\ShippingTest" file="/home/tviardin/Bureau/projects/hipay-fullservice-sdk-php/tests/unit/HiPay/Tests/Fullservice/Gateway/Model/Request/ThreeDSTwo/AccountInfo/ShippingTest.php" tests="4" assertions="7" errors="0" failures="0" skipped="0" time="0.001913">
      <testcase name="testConstruct" class="HiPay\Tests\Fullservice\Gateway\Model\Request\ThreeDSTwo\AccountInfo\ShippingTest" classname="HiPay.Tests.Fullservice.Gateway.Model.Request.ThreeDSTwo.AccountInfo.ShippingTest" file="/home/tviardin/Bureau/projects/hipay-fullservice-sdk-php/tests/unit/HiPay/Tests/Fullservice/Gateway/Model/Request/ThreeDSTwo/AccountInfo/ShippingTest.php" line="13" assertions="1" time="0.000416"/>
      <testcase name="testGetShippingUsedDate" class="HiPay\Tests\Fullservice\Gateway\Model\Request\ThreeDSTwo\AccountInfo\ShippingTest" classname="HiPay.Tests.Fullservice.Gateway.Model.Request.ThreeDSTwo.AccountInfo.ShippingTest" file="/home/tviardin/Bureau/projects/hipay-fullservice-sdk-php/tests/unit/HiPay/Tests/Fullservice/Gateway/Model/Request/ThreeDSTwo/AccountInfo/ShippingTest.php" line="25" assertions="2" time="0.000460"/>
      <testcase name="testGetNameIndicator" class="HiPay\Tests\Fullservice\Gateway\Model\Request\ThreeDSTwo\AccountInfo\ShippingTest" classname="HiPay.Tests.Fullservice.Gateway.Model.Request.ThreeDSTwo.AccountInfo.ShippingTest" file="/home/tviardin/Bureau/projects/hipay-fullservice-sdk-php/tests/unit/HiPay/Tests/Fullservice/Gateway/Model/Request/ThreeDSTwo/AccountInfo/ShippingTest.php" line="38" assertions="2" time="0.000477"/>
      <testcase name="testGetSuspiciousActivity" class="HiPay\Tests\Fullservice\Gateway\Model\Request\ThreeDSTwo\AccountInfo\ShippingTest" classname="HiPay.Tests.Fullservice.Gateway.Model.Request.ThreeDSTwo.AccountInfo.ShippingTest" file="/home/tviardin/Bureau/projects/hipay-fullservice-sdk-php/tests/unit/HiPay/Tests/Fullservice/Gateway/Model/Request/ThreeDSTwo/AccountInfo/ShippingTest.php" line="51" assertions="2" time="0.000560"/>
    </testsuite>
    <testsuite name="HiPay\Tests\Fullservice\Gateway\Model\Request\ThreeDSTwo\AccountInfoTest" file="/home/tviardin/Bureau/projects/hipay-fullservice-sdk-php/tests/unit/HiPay/Tests/Fullservice/Gateway/Model/Request/ThreeDSTwo/AccountInfoTest.php" tests="5" assertions="13" errors="0" failures="0" skipped="0" time="0.002805">
      <testcase name="testConstruct" class="HiPay\Tests\Fullservice\Gateway\Model\Request\ThreeDSTwo\AccountInfoTest" classname="HiPay.Tests.Fullservice.Gateway.Model.Request.ThreeDSTwo.AccountInfoTest" file="/home/tviardin/Bureau/projects/hipay-fullservice-sdk-php/tests/unit/HiPay/Tests/Fullservice/Gateway/Model/Request/ThreeDSTwo/AccountInfoTest.php" line="10" assertions="1" time="0.000492"/>
      <testcase name="testGetCustomer" class="HiPay\Tests\Fullservice\Gateway\Model\Request\ThreeDSTwo\AccountInfoTest" classname="HiPay.Tests.Fullservice.Gateway.Model.Request.ThreeDSTwo.AccountInfoTest" file="/home/tviardin/Bureau/projects/hipay-fullservice-sdk-php/tests/unit/HiPay/Tests/Fullservice/Gateway/Model/Request/ThreeDSTwo/AccountInfoTest.php" line="22" assertions="3" time="0.000538"/>
      <testcase name="testGetPurchase" class="HiPay\Tests\Fullservice\Gateway\Model\Request\ThreeDSTwo\AccountInfoTest" classname="HiPay.Tests.Fullservice.Gateway.Model.Request.ThreeDSTwo.AccountInfoTest" file="/home/tviardin/Bureau/projects/hipay-fullservice-sdk-php/tests/unit/HiPay/Tests/Fullservice/Gateway/Model/Request/ThreeDSTwo/AccountInfoTest.php" line="40" assertions="3" time="0.000546"/>
      <testcase name="testGetPayment" class="HiPay\Tests\Fullservice\Gateway\Model\Request\ThreeDSTwo\AccountInfoTest" classname="HiPay.Tests.Fullservice.Gateway.Model.Request.ThreeDSTwo.AccountInfoTest" file="/home/tviardin/Bureau/projects/hipay-fullservice-sdk-php/tests/unit/HiPay/Tests/Fullservice/Gateway/Model/Request/ThreeDSTwo/AccountInfoTest.php" line="58" assertions="3" time="0.000600"/>
      <testcase name="testGetShipping" class="HiPay\Tests\Fullservice\Gateway\Model\Request\ThreeDSTwo\AccountInfoTest" classname="HiPay.Tests.Fullservice.Gateway.Model.Request.ThreeDSTwo.AccountInfoTest" file="/home/tviardin/Bureau/projects/hipay-fullservice-sdk-php/tests/unit/HiPay/Tests/Fullservice/Gateway/Model/Request/ThreeDSTwo/AccountInfoTest.php" line="76" assertions="3" time="0.000629"/>
    </testsuite>
    <testsuite name="HiPay\Tests\Fullservice\Gateway\Model\Request\ThreeDSTwo\BrowserInfoTest" file="/home/tviardin/Bureau/projects/hipay-fullservice-sdk-php/tests/unit/HiPay/Tests/Fullservice/Gateway/Model/Request/ThreeDSTwo/BrowserInfoTest.php" tests="11" assertions="21" errors="0" failures="0" skipped="0" time="0.005152">
      <testcase name="testConstruct" class="HiPay\Tests\Fullservice\Gateway\Model\Request\ThreeDSTwo\BrowserInfoTest" classname="HiPay.Tests.Fullservice.Gateway.Model.Request.ThreeDSTwo.BrowserInfoTest" file="/home/tviardin/Bureau/projects/hipay-fullservice-sdk-php/tests/unit/HiPay/Tests/Fullservice/Gateway/Model/Request/ThreeDSTwo/BrowserInfoTest.php" line="10" assertions="1" time="0.000418"/>
      <testcase name="testGetIpaddr" class="HiPay\Tests\Fullservice\Gateway\Model\Request\ThreeDSTwo\BrowserInfoTest" classname="HiPay.Tests.Fullservice.Gateway.Model.Request.ThreeDSTwo.BrowserInfoTest" file="/home/tviardin/Bureau/projects/hipay-fullservice-sdk-php/tests/unit/HiPay/Tests/Fullservice/Gateway/Model/Request/ThreeDSTwo/BrowserInfoTest.php" line="22" assertions="2" time="0.000461"/>
      <testcase name="testGetHttpAccept" class="HiPay\Tests\Fullservice\Gateway\Model\Request\ThreeDSTwo\BrowserInfoTest" classname="HiPay.Tests.Fullservice.Gateway.Model.Request.ThreeDSTwo.BrowserInfoTest" file="/home/tviardin/Bureau/projects/hipay-fullservice-sdk-php/tests/unit/HiPay/Tests/Fullservice/Gateway/Model/Request/ThreeDSTwo/BrowserInfoTest.php" line="35" assertions="2" time="0.000456"/>
      <testcase name="testGetHttpUserAgent" class="HiPay\Tests\Fullservice\Gateway\Model\Request\ThreeDSTwo\BrowserInfoTest" classname="HiPay.Tests.Fullservice.Gateway.Model.Request.ThreeDSTwo.BrowserInfoTest" file="/home/tviardin/Bureau/projects/hipay-fullservice-sdk-php/tests/unit/HiPay/Tests/Fullservice/Gateway/Model/Request/ThreeDSTwo/BrowserInfoTest.php" line="48" assertions="2" time="0.000458"/>
      <testcase name="testGetJavaEnabled" class="HiPay\Tests\Fullservice\Gateway\Model\Request\ThreeDSTwo\BrowserInfoTest" classname="HiPay.Tests.Fullservice.Gateway.Model.Request.ThreeDSTwo.BrowserInfoTest" file="/home/tviardin/Bureau/projects/hipay-fullservice-sdk-php/tests/unit/HiPay/Tests/Fullservice/Gateway/Model/Request/ThreeDSTwo/BrowserInfoTest.php" line="61" assertions="2" time="0.000452"/>
      <testcase name="testGetJavascriptEnabled" class="HiPay\Tests\Fullservice\Gateway\Model\Request\ThreeDSTwo\BrowserInfoTest" classname="HiPay.Tests.Fullservice.Gateway.Model.Request.ThreeDSTwo.BrowserInfoTest" file="/home/tviardin/Bureau/projects/hipay-fullservice-sdk-php/tests/unit/HiPay/Tests/Fullservice/Gateway/Model/Request/ThreeDSTwo/BrowserInfoTest.php" line="74" assertions="2" time="0.000454"/>
      <testcase name="testGetLanguage" class="HiPay\Tests\Fullservice\Gateway\Model\Request\ThreeDSTwo\BrowserInfoTest" classname="HiPay.Tests.Fullservice.Gateway.Model.Request.ThreeDSTwo.BrowserInfoTest" file="/home/tviardin/Bureau/projects/hipay-fullservice-sdk-php/tests/unit/HiPay/Tests/Fullservice/Gateway/Model/Request/ThreeDSTwo/BrowserInfoTest.php" line="87" assertions="2" time="0.000459"/>
      <testcase name="testGetColorDepth" class="HiPay\Tests\Fullservice\Gateway\Model\Request\ThreeDSTwo\BrowserInfoTest" classname="HiPay.Tests.Fullservice.Gateway.Model.Request.ThreeDSTwo.BrowserInfoTest" file="/home/tviardin/Bureau/projects/hipay-fullservice-sdk-php/tests/unit/HiPay/Tests/Fullservice/Gateway/Model/Request/ThreeDSTwo/BrowserInfoTest.php" line="100" assertions="2" time="0.000474"/>
      <testcase name="testGetScreenHeight" class="HiPay\Tests\Fullservice\Gateway\Model\Request\ThreeDSTwo\BrowserInfoTest" classname="HiPay.Tests.Fullservice.Gateway.Model.Request.ThreeDSTwo.BrowserInfoTest" file="/home/tviardin/Bureau/projects/hipay-fullservice-sdk-php/tests/unit/HiPay/Tests/Fullservice/Gateway/Model/Request/ThreeDSTwo/BrowserInfoTest.php" line="113" assertions="2" time="0.000455"/>
      <testcase name="testGetScreenWidth" class="HiPay\Tests\Fullservice\Gateway\Model\Request\ThreeDSTwo\BrowserInfoTest" classname="HiPay.Tests.Fullservice.Gateway.Model.Request.ThreeDSTwo.BrowserInfoTest" file="/home/tviardin/Bureau/projects/hipay-fullservice-sdk-php/tests/unit/HiPay/Tests/Fullservice/Gateway/Model/Request/ThreeDSTwo/BrowserInfoTest.php" line="126" assertions="2" time="0.000476"/>
      <testcase name="testGetTimezone" class="HiPay\Tests\Fullservice\Gateway\Model\Request\ThreeDSTwo\BrowserInfoTest" classname="HiPay.Tests.Fullservice.Gateway.Model.Request.ThreeDSTwo.BrowserInfoTest" file="/home/tviardin/Bureau/projects/hipay-fullservice-sdk-php/tests/unit/HiPay/Tests/Fullservice/Gateway/Model/Request/ThreeDSTwo/BrowserInfoTest.php" line="139" assertions="2" time="0.000589"/>
    </testsuite>
    <testsuite name="HiPay\Tests\Fullservice\Gateway\Model\Request\ThreeDSTwo\MerchantRiskStatement\GiftCardTest" file="/home/tviardin/Bureau/projects/hipay-fullservice-sdk-php/tests/unit/HiPay/Tests/Fullservice/Gateway/Model/Request/ThreeDSTwo/MerchantRiskStatement/GiftCardTest.php" tests="4" assertions="7" errors="0" failures="0" skipped="0" time="0.001803">
      <testcase name="testConstruct" class="HiPay\Tests\Fullservice\Gateway\Model\Request\ThreeDSTwo\MerchantRiskStatement\GiftCardTest" classname="HiPay.Tests.Fullservice.Gateway.Model.Request.ThreeDSTwo.MerchantRiskStatement.GiftCardTest" file="/home/tviardin/Bureau/projects/hipay-fullservice-sdk-php/tests/unit/HiPay/Tests/Fullservice/Gateway/Model/Request/ThreeDSTwo/MerchantRiskStatement/GiftCardTest.php" line="10" assertions="1" time="0.000426"/>
      <testcase name="testGetAmount" class="HiPay\Tests\Fullservice\Gateway\Model\Request\ThreeDSTwo\MerchantRiskStatement\GiftCardTest" classname="HiPay.Tests.Fullservice.Gateway.Model.Request.ThreeDSTwo.MerchantRiskStatement.GiftCardTest" file="/home/tviardin/Bureau/projects/hipay-fullservice-sdk-php/tests/unit/HiPay/Tests/Fullservice/Gateway/Model/Request/ThreeDSTwo/MerchantRiskStatement/GiftCardTest.php" line="22" assertions="2" time="0.000467"/>
      <testcase name="testGetCount" class="HiPay\Tests\Fullservice\Gateway\Model\Request\ThreeDSTwo\MerchantRiskStatement\GiftCardTest" classname="HiPay.Tests.Fullservice.Gateway.Model.Request.ThreeDSTwo.MerchantRiskStatement.GiftCardTest" file="/home/tviardin/Bureau/projects/hipay-fullservice-sdk-php/tests/unit/HiPay/Tests/Fullservice/Gateway/Model/Request/ThreeDSTwo/MerchantRiskStatement/GiftCardTest.php" line="35" assertions="2" time="0.000456"/>
      <testcase name="testGetCurrency" class="HiPay\Tests\Fullservice\Gateway\Model\Request\ThreeDSTwo\MerchantRiskStatement\GiftCardTest" classname="HiPay.Tests.Fullservice.Gateway.Model.Request.ThreeDSTwo.MerchantRiskStatement.GiftCardTest" file="/home/tviardin/Bureau/projects/hipay-fullservice-sdk-php/tests/unit/HiPay/Tests/Fullservice/Gateway/Model/Request/ThreeDSTwo/MerchantRiskStatement/GiftCardTest.php" line="48" assertions="2" time="0.000454"/>
    </testsuite>
    <testsuite name="HiPay\Tests\Fullservice\Gateway\Model\Request\ThreeDSTwo\MerchantRiskStatementTest" file="/home/tviardin/Bureau/projects/hipay-fullservice-sdk-php/tests/unit/HiPay/Tests/Fullservice/Gateway/Model/Request/ThreeDSTwo/MerchantRiskStatementTest.php" tests="8" assertions="16" errors="0" failures="0" skipped="0" time="0.003635">
      <testcase name="testConstruct" class="HiPay\Tests\Fullservice\Gateway\Model\Request\ThreeDSTwo\MerchantRiskStatementTest" classname="HiPay.Tests.Fullservice.Gateway.Model.Request.ThreeDSTwo.MerchantRiskStatementTest" file="/home/tviardin/Bureau/projects/hipay-fullservice-sdk-php/tests/unit/HiPay/Tests/Fullservice/Gateway/Model/Request/ThreeDSTwo/MerchantRiskStatementTest.php" line="14" assertions="1" time="0.000404"/>
      <testcase name="testGetEmailDeliveryAdress" class="HiPay\Tests\Fullservice\Gateway\Model\Request\ThreeDSTwo\MerchantRiskStatementTest" classname="HiPay.Tests.Fullservice.Gateway.Model.Request.ThreeDSTwo.MerchantRiskStatementTest" file="/home/tviardin/Bureau/projects/hipay-fullservice-sdk-php/tests/unit/HiPay/Tests/Fullservice/Gateway/Model/Request/ThreeDSTwo/MerchantRiskStatementTest.php" line="26" assertions="2" time="0.000454"/>
      <testcase name="testGetDeliveryTimeFrame" class="HiPay\Tests\Fullservice\Gateway\Model\Request\ThreeDSTwo\MerchantRiskStatementTest" classname="HiPay.Tests.Fullservice.Gateway.Model.Request.ThreeDSTwo.MerchantRiskStatementTest" file="/home/tviardin/Bureau/projects/hipay-fullservice-sdk-php/tests/unit/HiPay/Tests/Fullservice/Gateway/Model/Request/ThreeDSTwo/MerchantRiskStatementTest.php" line="39" assertions="2" time="0.000457"/>
      <testcase name="testGetPurchaseIndicator" class="HiPay\Tests\Fullservice\Gateway\Model\Request\ThreeDSTwo\MerchantRiskStatementTest" classname="HiPay.Tests.Fullservice.Gateway.Model.Request.ThreeDSTwo.MerchantRiskStatementTest" file="/home/tviardin/Bureau/projects/hipay-fullservice-sdk-php/tests/unit/HiPay/Tests/Fullservice/Gateway/Model/Request/ThreeDSTwo/MerchantRiskStatementTest.php" line="52" assertions="2" time="0.000454"/>
      <testcase name="testGetPreOrderDate" class="HiPay\Tests\Fullservice\Gateway\Model\Request\ThreeDSTwo\MerchantRiskStatementTest" classname="HiPay.Tests.Fullservice.Gateway.Model.Request.ThreeDSTwo.MerchantRiskStatementTest" file="/home/tviardin/Bureau/projects/hipay-fullservice-sdk-php/tests/unit/HiPay/Tests/Fullservice/Gateway/Model/Request/ThreeDSTwo/MerchantRiskStatementTest.php" line="65" assertions="2" time="0.000450"/>
      <testcase name="testGetReorderIndicator" class="HiPay\Tests\Fullservice\Gateway\Model\Request\ThreeDSTwo\MerchantRiskStatementTest" classname="HiPay.Tests.Fullservice.Gateway.Model.Request.ThreeDSTwo.MerchantRiskStatementTest" file="/home/tviardin/Bureau/projects/hipay-fullservice-sdk-php/tests/unit/HiPay/Tests/Fullservice/Gateway/Model/Request/ThreeDSTwo/MerchantRiskStatementTest.php" line="78" assertions="2" time="0.000465"/>
      <testcase name="testGetShippingIndicator" class="HiPay\Tests\Fullservice\Gateway\Model\Request\ThreeDSTwo\MerchantRiskStatementTest" classname="HiPay.Tests.Fullservice.Gateway.Model.Request.ThreeDSTwo.MerchantRiskStatementTest" file="/home/tviardin/Bureau/projects/hipay-fullservice-sdk-php/tests/unit/HiPay/Tests/Fullservice/Gateway/Model/Request/ThreeDSTwo/MerchantRiskStatementTest.php" line="91" assertions="2" time="0.000453"/>
      <testcase name="testGetGiftCart" class="HiPay\Tests\Fullservice\Gateway\Model\Request\ThreeDSTwo\MerchantRiskStatementTest" classname="HiPay.Tests.Fullservice.Gateway.Model.Request.ThreeDSTwo.MerchantRiskStatementTest" file="/home/tviardin/Bureau/projects/hipay-fullservice-sdk-php/tests/unit/HiPay/Tests/Fullservice/Gateway/Model/Request/ThreeDSTwo/MerchantRiskStatementTest.php" line="104" assertions="3" time="0.000498"/>
    </testsuite>
    <testsuite name="HiPay\Tests\Fullservice\Gateway\Model\Request\ThreeDSTwo\PreviousAuthInfoTest" file="/home/tviardin/Bureau/projects/hipay-fullservice-sdk-php/tests/unit/HiPay/Tests/Fullservice/Gateway/Model/Request/ThreeDSTwo/PreviousAuthInfoTest.php" tests="2" assertions="3" errors="0" failures="0" skipped="0" time="0.000909">
      <testcase name="testConstruct" class="HiPay\Tests\Fullservice\Gateway\Model\Request\ThreeDSTwo\PreviousAuthInfoTest" classname="HiPay.Tests.Fullservice.Gateway.Model.Request.ThreeDSTwo.PreviousAuthInfoTest" file="/home/tviardin/Bureau/projects/hipay-fullservice-sdk-php/tests/unit/HiPay/Tests/Fullservice/Gateway/Model/Request/ThreeDSTwo/PreviousAuthInfoTest.php" line="10" assertions="1" time="0.000397"/>
      <testcase name="testGetTransactionReference" class="HiPay\Tests\Fullservice\Gateway\Model\Request\ThreeDSTwo\PreviousAuthInfoTest" classname="HiPay.Tests.Fullservice.Gateway.Model.Request.ThreeDSTwo.PreviousAuthInfoTest" file="/home/tviardin/Bureau/projects/hipay-fullservice-sdk-php/tests/unit/HiPay/Tests/Fullservice/Gateway/Model/Request/ThreeDSTwo/PreviousAuthInfoTest.php" line="22" assertions="2" time="0.000512"/>
    </testsuite>
    <testsuite name="HiPay\Tests\Fullservice\Gateway\Model\Request\ThreeDSTwo\RecurringInfoTest" file="/home/tviardin/Bureau/projects/hipay-fullservice-sdk-php/tests/unit/HiPay/Tests/Fullservice/Gateway/Model/Request/ThreeDSTwo/RecurringInfoTest.php" tests="3" assertions="5" errors="0" failures="0" skipped="0" time="0.001479">
      <testcase name="testConstruct" class="HiPay\Tests\Fullservice\Gateway\Model\Request\ThreeDSTwo\RecurringInfoTest" classname="HiPay.Tests.Fullservice.Gateway.Model.Request.ThreeDSTwo.RecurringInfoTest" file="/home/tviardin/Bureau/projects/hipay-fullservice-sdk-php/tests/unit/HiPay/Tests/Fullservice/Gateway/Model/Request/ThreeDSTwo/RecurringInfoTest.php" line="10" assertions="1" time="0.000538"/>
      <testcase name="testGetExpirationDate" class="HiPay\Tests\Fullservice\Gateway\Model\Request\ThreeDSTwo\RecurringInfoTest" classname="HiPay.Tests.Fullservice.Gateway.Model.Request.ThreeDSTwo.RecurringInfoTest" file="/home/tviardin/Bureau/projects/hipay-fullservice-sdk-php/tests/unit/HiPay/Tests/Fullservice/Gateway/Model/Request/ThreeDSTwo/RecurringInfoTest.php" line="22" assertions="2" time="0.000486"/>
      <testcase name="testGetFrequency" class="HiPay\Tests\Fullservice\Gateway\Model\Request\ThreeDSTwo\RecurringInfoTest" classname="HiPay.Tests.Fullservice.Gateway.Model.Request.ThreeDSTwo.RecurringInfoTest" file="/home/tviardin/Bureau/projects/hipay-fullservice-sdk-php/tests/unit/HiPay/Tests/Fullservice/Gateway/Model/Request/ThreeDSTwo/RecurringInfoTest.php" line="35" assertions="2" time="0.000455"/>
    </testsuite>
    <testsuite name="HiPay\Tests\Fullservice\Gateway\Model\SecuritySettingsTest" file="/home/tviardin/Bureau/projects/hipay-fullservice-sdk-php/tests/unit/HiPay/Tests/Fullservice/Gateway/Model/SecuritySettingsTest.php" tests="3" assertions="4" errors="0" failures="0" skipped="0" time="0.001281">
      <testcase name="testConstruct" class="HiPay\Tests\Fullservice\Gateway\Model\SecuritySettingsTest" classname="HiPay.Tests.Fullservice.Gateway.Model.SecuritySettingsTest" file="/home/tviardin/Bureau/projects/hipay-fullservice-sdk-php/tests/unit/HiPay/Tests/Fullservice/Gateway/Model/SecuritySettingsTest.php" line="19" assertions="1" time="0.000425"/>
      <testcase name="testGetHashingAlgorithm" class="HiPay\Tests\Fullservice\Gateway\Model\SecuritySettingsTest" classname="HiPay.Tests.Fullservice.Gateway.Model.SecuritySettingsTest" file="/home/tviardin/Bureau/projects/hipay-fullservice-sdk-php/tests/unit/HiPay/Tests/Fullservice/Gateway/Model/SecuritySettingsTest.php" line="33" assertions="1" time="0.000413"/>
      <testcase name="testSetHashingAlgorithm" class="HiPay\Tests\Fullservice\Gateway\Model\SecuritySettingsTest" classname="HiPay.Tests.Fullservice.Gateway.Model.SecuritySettingsTest" file="/home/tviardin/Bureau/projects/hipay-fullservice-sdk-php/tests/unit/HiPay/Tests/Fullservice/Gateway/Model/SecuritySettingsTest.php" line="44" assertions="2" time="0.000443"/>
    </testsuite>
    <testsuite name="HiPay\Tests\Fullservice\Gateway\Model\ThreeDSecureTest" file="/home/tviardin/Bureau/projects/hipay-fullservice-sdk-php/tests/unit/HiPay/Tests/Fullservice/Gateway/Model/ThreeDSecureTest.php" tests="8" assertions="8" errors="0" failures="0" skipped="0" time="0.003351">
      <testcase name="testConstruct" class="HiPay\Tests\Fullservice\Gateway\Model\ThreeDSecureTest" classname="HiPay.Tests.Fullservice.Gateway.Model.ThreeDSecureTest" file="/home/tviardin/Bureau/projects/hipay-fullservice-sdk-php/tests/unit/HiPay/Tests/Fullservice/Gateway/Model/ThreeDSecureTest.php" line="26" assertions="1" time="0.000436"/>
      <testcase name="testGetEci" class="HiPay\Tests\Fullservice\Gateway\Model\ThreeDSecureTest" classname="HiPay.Tests.Fullservice.Gateway.Model.ThreeDSecureTest" file="/home/tviardin/Bureau/projects/hipay-fullservice-sdk-php/tests/unit/HiPay/Tests/Fullservice/Gateway/Model/ThreeDSecureTest.php" line="46" assertions="1" time="0.000419"/>
      <testcase name="testGetEnrollmentStatus" class="HiPay\Tests\Fullservice\Gateway\Model\ThreeDSecureTest" classname="HiPay.Tests.Fullservice.Gateway.Model.ThreeDSecureTest" file="/home/tviardin/Bureau/projects/hipay-fullservice-sdk-php/tests/unit/HiPay/Tests/Fullservice/Gateway/Model/ThreeDSecureTest.php" line="55" assertions="1" time="0.000423"/>
      <testcase name="testGetEnrollmentMessage" class="HiPay\Tests\Fullservice\Gateway\Model\ThreeDSecureTest" classname="HiPay.Tests.Fullservice.Gateway.Model.ThreeDSecureTest" file="/home/tviardin/Bureau/projects/hipay-fullservice-sdk-php/tests/unit/HiPay/Tests/Fullservice/Gateway/Model/ThreeDSecureTest.php" line="64" assertions="1" time="0.000427"/>
      <testcase name="testGetAuthenticationStatus" class="HiPay\Tests\Fullservice\Gateway\Model\ThreeDSecureTest" classname="HiPay.Tests.Fullservice.Gateway.Model.ThreeDSecureTest" file="/home/tviardin/Bureau/projects/hipay-fullservice-sdk-php/tests/unit/HiPay/Tests/Fullservice/Gateway/Model/ThreeDSecureTest.php" line="73" assertions="1" time="0.000410"/>
      <testcase name="testGetAuthenticationMessage" class="HiPay\Tests\Fullservice\Gateway\Model\ThreeDSecureTest" classname="HiPay.Tests.Fullservice.Gateway.Model.ThreeDSecureTest" file="/home/tviardin/Bureau/projects/hipay-fullservice-sdk-php/tests/unit/HiPay/Tests/Fullservice/Gateway/Model/ThreeDSecureTest.php" line="82" assertions="1" time="0.000423"/>
      <testcase name="testGetAuthenticationToken" class="HiPay\Tests\Fullservice\Gateway\Model\ThreeDSecureTest" classname="HiPay.Tests.Fullservice.Gateway.Model.ThreeDSecureTest" file="/home/tviardin/Bureau/projects/hipay-fullservice-sdk-php/tests/unit/HiPay/Tests/Fullservice/Gateway/Model/ThreeDSecureTest.php" line="91" assertions="1" time="0.000406"/>
      <testcase name="testGetXid" class="HiPay\Tests\Fullservice\Gateway\Model\ThreeDSecureTest" classname="HiPay.Tests.Fullservice.Gateway.Model.ThreeDSecureTest" file="/home/tviardin/Bureau/projects/hipay-fullservice-sdk-php/tests/unit/HiPay/Tests/Fullservice/Gateway/Model/ThreeDSecureTest.php" line="100" assertions="1" time="0.000407"/>
    </testsuite>
    <testsuite name="HiPay\Tests\Fullservice\Gateway\Model\TransactionTest" file="/home/tviardin/Bureau/projects/hipay-fullservice-sdk-php/tests/unit/HiPay/Tests/Fullservice/Gateway/Model/TransactionTest.php" tests="33" assertions="33" errors="0" failures="0" skipped="0" time="0.029976">
      <testcase name="testConstruct" class="HiPay\Tests\Fullservice\Gateway\Model\TransactionTest" classname="HiPay.Tests.Fullservice.Gateway.Model.TransactionTest" file="/home/tviardin/Bureau/projects/hipay-fullservice-sdk-php/tests/unit/HiPay/Tests/Fullservice/Gateway/Model/TransactionTest.php" line="121" assertions="1" time="0.000658"/>
      <testcase name="testGetCustomData" class="HiPay\Tests\Fullservice\Gateway\Model\TransactionTest" classname="HiPay.Tests.Fullservice.Gateway.Model.TransactionTest" file="/home/tviardin/Bureau/projects/hipay-fullservice-sdk-php/tests/unit/HiPay/Tests/Fullservice/Gateway/Model/TransactionTest.php" line="169" assertions="1" time="0.000775"/>
      <testcase name="testGetTransactionReference" class="HiPay\Tests\Fullservice\Gateway\Model\TransactionTest" classname="HiPay.Tests.Fullservice.Gateway.Model.TransactionTest" file="/home/tviardin/Bureau/projects/hipay-fullservice-sdk-php/tests/unit/HiPay/Tests/Fullservice/Gateway/Model/TransactionTest.php" line="178" assertions="1" time="0.000591"/>
      <testcase name="testGetReason" class="HiPay\Tests\Fullservice\Gateway\Model\TransactionTest" classname="HiPay.Tests.Fullservice.Gateway.Model.TransactionTest" file="/home/tviardin/Bureau/projects/hipay-fullservice-sdk-php/tests/unit/HiPay/Tests/Fullservice/Gateway/Model/TransactionTest.php" line="187" assertions="1" time="0.000581"/>
      <testcase name="testGetForwardUrl" class="HiPay\Tests\Fullservice\Gateway\Model\TransactionTest" classname="HiPay.Tests.Fullservice.Gateway.Model.TransactionTest" file="/home/tviardin/Bureau/projects/hipay-fullservice-sdk-php/tests/unit/HiPay/Tests/Fullservice/Gateway/Model/TransactionTest.php" line="196" assertions="1" time="0.000608"/>
      <testcase name="testGetAttemptId" class="HiPay\Tests\Fullservice\Gateway\Model\TransactionTest" classname="HiPay.Tests.Fullservice.Gateway.Model.TransactionTest" file="/home/tviardin/Bureau/projects/hipay-fullservice-sdk-php/tests/unit/HiPay/Tests/Fullservice/Gateway/Model/TransactionTest.php" line="205" assertions="1" time="0.000557"/>
      <testcase name="testGetReferenceToPay" class="HiPay\Tests\Fullservice\Gateway\Model\TransactionTest" classname="HiPay.Tests.Fullservice.Gateway.Model.TransactionTest" file="/home/tviardin/Bureau/projects/hipay-fullservice-sdk-php/tests/unit/HiPay/Tests/Fullservice/Gateway/Model/TransactionTest.php" line="214" assertions="1" time="0.000561"/>
      <testcase name="testGetIpAddress" class="HiPay\Tests\Fullservice\Gateway\Model\TransactionTest" classname="HiPay.Tests.Fullservice.Gateway.Model.TransactionTest" file="/home/tviardin/Bureau/projects/hipay-fullservice-sdk-php/tests/unit/HiPay/Tests/Fullservice/Gateway/Model/TransactionTest.php" line="223" assertions="1" time="0.000558"/>
      <testcase name="testGetIpCountry" class="HiPay\Tests\Fullservice\Gateway\Model\TransactionTest" classname="HiPay.Tests.Fullservice.Gateway.Model.TransactionTest" file="/home/tviardin/Bureau/projects/hipay-fullservice-sdk-php/tests/unit/HiPay/Tests/Fullservice/Gateway/Model/TransactionTest.php" line="232" assertions="1" time="0.000602"/>
      <testcase name="testGetDeviceId" class="HiPay\Tests\Fullservice\Gateway\Model\TransactionTest" classname="HiPay.Tests.Fullservice.Gateway.Model.TransactionTest" file="/home/tviardin/Bureau/projects/hipay-fullservice-sdk-php/tests/unit/HiPay/Tests/Fullservice/Gateway/Model/TransactionTest.php" line="241" assertions="1" time="0.000570"/>
      <testcase name="testGetAvsResult" class="HiPay\Tests\Fullservice\Gateway\Model\TransactionTest" classname="HiPay.Tests.Fullservice.Gateway.Model.TransactionTest" file="/home/tviardin/Bureau/projects/hipay-fullservice-sdk-php/tests/unit/HiPay/Tests/Fullservice/Gateway/Model/TransactionTest.php" line="250" assertions="1" time="0.000570"/>
      <testcase name="testGetCvcResult" class="HiPay\Tests\Fullservice\Gateway\Model\TransactionTest" classname="HiPay.Tests.Fullservice.Gateway.Model.TransactionTest" file="/home/tviardin/Bureau/projects/hipay-fullservice-sdk-php/tests/unit/HiPay/Tests/Fullservice/Gateway/Model/TransactionTest.php" line="259" assertions="1" time="0.000581"/>
      <testcase name="testGetEci" class="HiPay\Tests\Fullservice\Gateway\Model\TransactionTest" classname="HiPay.Tests.Fullservice.Gateway.Model.TransactionTest" file="/home/tviardin/Bureau/projects/hipay-fullservice-sdk-php/tests/unit/HiPay/Tests/Fullservice/Gateway/Model/TransactionTest.php" line="268" assertions="1" time="0.000567"/>
      <testcase name="testGetPaymentProduct" class="HiPay\Tests\Fullservice\Gateway\Model\TransactionTest" classname="HiPay.Tests.Fullservice.Gateway.Model.TransactionTest" file="/home/tviardin/Bureau/projects/hipay-fullservice-sdk-php/tests/unit/HiPay/Tests/Fullservice/Gateway/Model/TransactionTest.php" line="277" assertions="1" time="0.002866"/>
      <testcase name="testGetPaymentMethod" class="HiPay\Tests\Fullservice\Gateway\Model\TransactionTest" classname="HiPay.Tests.Fullservice.Gateway.Model.TransactionTest" file="/home/tviardin/Bureau/projects/hipay-fullservice-sdk-php/tests/unit/HiPay/Tests/Fullservice/Gateway/Model/TransactionTest.php" line="286" assertions="1" time="0.002847"/>
      <testcase name="testGetThreeDSecure" class="HiPay\Tests\Fullservice\Gateway\Model\TransactionTest" classname="HiPay.Tests.Fullservice.Gateway.Model.TransactionTest" file="/home/tviardin/Bureau/projects/hipay-fullservice-sdk-php/tests/unit/HiPay/Tests/Fullservice/Gateway/Model/TransactionTest.php" line="295" assertions="1" time="0.002410"/>
      <testcase name="testGetFraudScreening" class="HiPay\Tests\Fullservice\Gateway\Model\TransactionTest" classname="HiPay.Tests.Fullservice.Gateway.Model.TransactionTest" file="/home/tviardin/Bureau/projects/hipay-fullservice-sdk-php/tests/unit/HiPay/Tests/Fullservice/Gateway/Model/TransactionTest.php" line="304" assertions="1" time="0.001343"/>
      <testcase name="testGetOrder" class="HiPay\Tests\Fullservice\Gateway\Model\TransactionTest" classname="HiPay.Tests.Fullservice.Gateway.Model.TransactionTest" file="/home/tviardin/Bureau/projects/hipay-fullservice-sdk-php/tests/unit/HiPay/Tests/Fullservice/Gateway/Model/TransactionTest.php" line="313" assertions="1" time="0.002646"/>
      <testcase name="testGetDebitAgreement" class="HiPay\Tests\Fullservice\Gateway\Model\TransactionTest" classname="HiPay.Tests.Fullservice.Gateway.Model.TransactionTest" file="/home/tviardin/Bureau/projects/hipay-fullservice-sdk-php/tests/unit/HiPay/Tests/Fullservice/Gateway/Model/TransactionTest.php" line="322" assertions="1" time="0.000595"/>
      <testcase name="testGetOperation" class="HiPay\Tests\Fullservice\Gateway\Model\TransactionTest" classname="HiPay.Tests.Fullservice.Gateway.Model.TransactionTest" file="/home/tviardin/Bureau/projects/hipay-fullservice-sdk-php/tests/unit/HiPay/Tests/Fullservice/Gateway/Model/TransactionTest.php" line="331" assertions="1" time="0.001754"/>
      <testcase name="testGetBasket" class="HiPay\Tests\Fullservice\Gateway\Model\TransactionTest" classname="HiPay.Tests.Fullservice.Gateway.Model.TransactionTest" file="/home/tviardin/Bureau/projects/hipay-fullservice-sdk-php/tests/unit/HiPay/Tests/Fullservice/Gateway/Model/TransactionTest.php" line="340" assertions="1" time="0.000569"/>
      <testcase name="testGetMid" class="HiPay\Tests\Fullservice\Gateway\Model\TransactionTest" classname="HiPay.Tests.Fullservice.Gateway.Model.TransactionTest" file="/home/tviardin/Bureau/projects/hipay-fullservice-sdk-php/tests/unit/HiPay/Tests/Fullservice/Gateway/Model/TransactionTest.php" line="349" assertions="1" time="0.000567"/>
      <testcase name="testGetAuthorizationCode" class="HiPay\Tests\Fullservice\Gateway\Model\TransactionTest" classname="HiPay.Tests.Fullservice.Gateway.Model.TransactionTest" file="/home/tviardin/Bureau/projects/hipay-fullservice-sdk-php/tests/unit/HiPay/Tests/Fullservice/Gateway/Model/TransactionTest.php" line="358" assertions="1" time="0.000564"/>
      <testcase name="testGetDateCreated" class="HiPay\Tests\Fullservice\Gateway\Model\TransactionTest" classname="HiPay.Tests.Fullservice.Gateway.Model.TransactionTest" file="/home/tviardin/Bureau/projects/hipay-fullservice-sdk-php/tests/unit/HiPay/Tests/Fullservice/Gateway/Model/TransactionTest.php" line="367" assertions="1" time="0.000617"/>
      <testcase name="testGetDateUpdated" class="HiPay\Tests\Fullservice\Gateway\Model\TransactionTest" classname="HiPay.Tests.Fullservice.Gateway.Model.TransactionTest" file="/home/tviardin/Bureau/projects/hipay-fullservice-sdk-php/tests/unit/HiPay/Tests/Fullservice/Gateway/Model/TransactionTest.php" line="376" assertions="1" time="0.000570"/>
      <testcase name="testGetDateAuthorized" class="HiPay\Tests\Fullservice\Gateway\Model\TransactionTest" classname="HiPay.Tests.Fullservice.Gateway.Model.TransactionTest" file="/home/tviardin/Bureau/projects/hipay-fullservice-sdk-php/tests/unit/HiPay/Tests/Fullservice/Gateway/Model/TransactionTest.php" line="385" assertions="1" time="0.000661"/>
      <testcase name="testGetState" class="HiPay\Tests\Fullservice\Gateway\Model\TransactionTest" classname="HiPay.Tests.Fullservice.Gateway.Model.TransactionTest" file="/home/tviardin/Bureau/projects/hipay-fullservice-sdk-php/tests/unit/HiPay/Tests/Fullservice/Gateway/Model/TransactionTest.php" line="394" assertions="1" time="0.000635"/>
      <testcase name="testGetMessage" class="HiPay\Tests\Fullservice\Gateway\Model\TransactionTest" classname="HiPay.Tests.Fullservice.Gateway.Model.TransactionTest" file="/home/tviardin/Bureau/projects/hipay-fullservice-sdk-php/tests/unit/HiPay/Tests/Fullservice/Gateway/Model/TransactionTest.php" line="403" assertions="1" time="0.000643"/>
      <testcase name="testGetAuthorizedAmount" class="HiPay\Tests\Fullservice\Gateway\Model\TransactionTest" classname="HiPay.Tests.Fullservice.Gateway.Model.TransactionTest" file="/home/tviardin/Bureau/projects/hipay-fullservice-sdk-php/tests/unit/HiPay/Tests/Fullservice/Gateway/Model/TransactionTest.php" line="412" assertions="1" time="0.000621"/>
      <testcase name="testGetCapturedAmount" class="HiPay\Tests\Fullservice\Gateway\Model\TransactionTest" classname="HiPay.Tests.Fullservice.Gateway.Model.TransactionTest" file="/home/tviardin/Bureau/projects/hipay-fullservice-sdk-php/tests/unit/HiPay/Tests/Fullservice/Gateway/Model/TransactionTest.php" line="421" assertions="1" time="0.000572"/>
      <testcase name="testGetRefundedAmount" class="HiPay\Tests\Fullservice\Gateway\Model\TransactionTest" classname="HiPay.Tests.Fullservice.Gateway.Model.TransactionTest" file="/home/tviardin/Bureau/projects/hipay-fullservice-sdk-php/tests/unit/HiPay/Tests/Fullservice/Gateway/Model/TransactionTest.php" line="430" assertions="1" time="0.000570"/>
      <testcase name="testGetDecimals" class="HiPay\Tests\Fullservice\Gateway\Model\TransactionTest" classname="HiPay.Tests.Fullservice.Gateway.Model.TransactionTest" file="/home/tviardin/Bureau/projects/hipay-fullservice-sdk-php/tests/unit/HiPay/Tests/Fullservice/Gateway/Model/TransactionTest.php" line="439" assertions="1" time="0.000565"/>
      <testcase name="testGetCurrency" class="HiPay\Tests\Fullservice\Gateway\Model\TransactionTest" classname="HiPay.Tests.Fullservice.Gateway.Model.TransactionTest" file="/home/tviardin/Bureau/projects/hipay-fullservice-sdk-php/tests/unit/HiPay/Tests/Fullservice/Gateway/Model/TransactionTest.php" line="448" assertions="1" time="0.000582"/>
    </testsuite>
    <testsuite name="HiPay\Tests\Fullservice\Gateway\PIDataClient\PIDataClientTest" file="/home/tviardin/Bureau/projects/hipay-fullservice-sdk-php/tests/unit/HiPay/Tests/Fullservice/Gateway/PIDataClient/PIDataClientTest.php" tests="5" assertions="17" errors="0" failures="0" skipped="0" time="0.009923">
      <testcase name="testCanBeConstructUsingClientProvider" class="HiPay\Tests\Fullservice\Gateway\PIDataClient\PIDataClientTest" classname="HiPay.Tests.Fullservice.Gateway.PIDataClient.PIDataClientTest" file="/home/tviardin/Bureau/projects/hipay-fullservice-sdk-php/tests/unit/HiPay/Tests/Fullservice/Gateway/PIDataClient/PIDataClientTest.php" line="67" assertions="1" time="0.000594"/>
      <testcase name="testGetDataIdForOrder" class="HiPay\Tests\Fullservice\Gateway\PIDataClient\PIDataClientTest" classname="HiPay.Tests.Fullservice.Gateway.PIDataClient.PIDataClientTest" file="/home/tviardin/Bureau/projects/hipay-fullservice-sdk-php/tests/unit/HiPay/Tests/Fullservice/Gateway/PIDataClient/PIDataClientTest.php" line="82" assertions="2" time="0.000976"/>
      <testcase name="testGetDataIdForHPayment" class="HiPay\Tests\Fullservice\Gateway\PIDataClient\PIDataClientTest" classname="HiPay.Tests.Fullservice.Gateway.PIDataClient.PIDataClientTest" file="/home/tviardin/Bureau/projects/hipay-fullservice-sdk-php/tests/unit/HiPay/Tests/Fullservice/Gateway/PIDataClient/PIDataClientTest.php" line="103" assertions="2" time="0.001026"/>
      <testcase name="testGetOrderData" class="HiPay\Tests\Fullservice\Gateway\PIDataClient\PIDataClientTest" classname="HiPay.Tests.Fullservice.Gateway.PIDataClient.PIDataClientTest" file="/home/tviardin/Bureau/projects/hipay-fullservice-sdk-php/tests/unit/HiPay/Tests/Fullservice/Gateway/PIDataClient/PIDataClientTest.php" line="124" assertions="7" time="0.004057"/>
      <testcase name="testGetHPaymentData" class="HiPay\Tests\Fullservice\Gateway\PIDataClient\PIDataClientTest" classname="HiPay.Tests.Fullservice.Gateway.PIDataClient.PIDataClientTest" file="/home/tviardin/Bureau/projects/hipay-fullservice-sdk-php/tests/unit/HiPay/Tests/Fullservice/Gateway/PIDataClient/PIDataClientTest.php" line="192" assertions="5" time="0.003270"/>
    </testsuite>
    <testsuite name="HiPay\Tests\Fullservice\Request\HostedPaymentPageRequestTest" file="/home/tviardin/Bureau/projects/hipay-fullservice-sdk-php/tests/unit/HiPay/Tests/Fullservice/Gateway/Request/HostedPaymentPageRequestTest.php" tests="3" assertions="12" errors="0" failures="0" skipped="0" time="0.002761">
      <testcase name="testCanBeConstruct" class="HiPay\Tests\Fullservice\Request\HostedPaymentPageRequestTest" classname="HiPay.Tests.Fullservice.Request.HostedPaymentPageRequestTest" file="/home/tviardin/Bureau/projects/hipay-fullservice-sdk-php/tests/unit/HiPay/Tests/Fullservice/Gateway/Request/HostedPaymentPageRequestTest.php" line="38" assertions="1" time="0.000416"/>
      <testcase name="testPropertiesCanBeSetted" class="HiPay\Tests\Fullservice\Request\HostedPaymentPageRequestTest" classname="HiPay.Tests.Fullservice.Request.HostedPaymentPageRequestTest" file="/home/tviardin/Bureau/projects/hipay-fullservice-sdk-php/tests/unit/HiPay/Tests/Fullservice/Gateway/Request/HostedPaymentPageRequestTest.php" line="52" assertions="10" time="0.001151"/>
      <testcase name="testProductListCanBeSorted" class="HiPay\Tests\Fullservice\Request\HostedPaymentPageRequestTest" classname="HiPay.Tests.Fullservice.Request.HostedPaymentPageRequestTest" file="/home/tviardin/Bureau/projects/hipay-fullservice-sdk-php/tests/unit/HiPay/Tests/Fullservice/Gateway/Request/HostedPaymentPageRequestTest.php" line="92" assertions="1" time="0.001194"/>
    </testsuite>
    <testsuite name="HiPay\Tests\Fullservice\Request\OrderRequestTest" file="/home/tviardin/Bureau/projects/hipay-fullservice-sdk-php/tests/unit/HiPay/Tests/Fullservice/Gateway/Request/OrderRequestTest.php" tests="2" assertions="6" errors="0" failures="0" skipped="0" time="0.001412">
      <testcase name="testCanBeConstruct" class="HiPay\Tests\Fullservice\Request\OrderRequestTest" classname="HiPay.Tests.Fullservice.Request.OrderRequestTest" file="/home/tviardin/Bureau/projects/hipay-fullservice-sdk-php/tests/unit/HiPay/Tests/Fullservice/Gateway/Request/OrderRequestTest.php" line="37" assertions="1" time="0.000415"/>
      <testcase name="testPropertiesCanBeSetted" class="HiPay\Tests\Fullservice\Request\OrderRequestTest" classname="HiPay.Tests.Fullservice.Request.OrderRequestTest" file="/home/tviardin/Bureau/projects/hipay-fullservice-sdk-php/tests/unit/HiPay/Tests/Fullservice/Gateway/Request/OrderRequestTest.php" line="49" assertions="5" time="0.000997"/>
    </testsuite>
    <testsuite name="HiPay\Tests\Fullservice\HTTP\ClientProviderTest" file="/home/tviardin/Bureau/projects/hipay-fullservice-sdk-php/tests/unit/HiPay/Tests/Fullservice/HTTP/ClientProviderTest.php" tests="6" assertions="9" errors="0" failures="0" skipped="0" time="0.009296">
      <testcase name="testCannotBeConstructUsingNoArgument" class="HiPay\Tests\Fullservice\HTTP\ClientProviderTest" classname="HiPay.Tests.Fullservice.HTTP.ClientProviderTest" file="/home/tviardin/Bureau/projects/hipay-fullservice-sdk-php/tests/unit/HiPay/Tests/Fullservice/HTTP/ClientProviderTest.php" line="43" assertions="2" time="0.002503"/>
      <testcase name="testCannotBeConstructUsingInvalidArgument" class="HiPay\Tests\Fullservice\HTTP\ClientProviderTest" classname="HiPay.Tests.Fullservice.HTTP.ClientProviderTest" file="/home/tviardin/Bureau/projects/hipay-fullservice-sdk-php/tests/unit/HiPay/Tests/Fullservice/HTTP/ClientProviderTest.php" line="58" assertions="2" time="0.000887"/>
      <testcase name="testCanBeConstructUsingConfiguration" class="HiPay\Tests\Fullservice\HTTP\ClientProviderTest" classname="HiPay.Tests.Fullservice.HTTP.ClientProviderTest" file="/home/tviardin/Bureau/projects/hipay-fullservice-sdk-php/tests/unit/HiPay/Tests/Fullservice/HTTP/ClientProviderTest.php" line="75" assertions="1" time="0.001714"/>
      <testcase name="testConfigurationCanBeRetrieved" class="HiPay\Tests\Fullservice\HTTP\ClientProviderTest" classname="HiPay.Tests.Fullservice.HTTP.ClientProviderTest" file="/home/tviardin/Bureau/projects/hipay-fullservice-sdk-php/tests/unit/HiPay/Tests/Fullservice/HTTP/ClientProviderTest.php" line="94" assertions="1" time="0.001366"/>
      <testcase name="testConfigurationCanBeSetted" class="HiPay\Tests\Fullservice\HTTP\ClientProviderTest" classname="HiPay.Tests.Fullservice.HTTP.ClientProviderTest" file="/home/tviardin/Bureau/projects/hipay-fullservice-sdk-php/tests/unit/HiPay/Tests/Fullservice/HTTP/ClientProviderTest.php" line="105" assertions="2" time="0.001510"/>
      <testcase name="testHttpClientCanBeRetrieved" class="HiPay\Tests\Fullservice\HTTP\ClientProviderTest" classname="HiPay.Tests.Fullservice.HTTP.ClientProviderTest" file="/home/tviardin/Bureau/projects/hipay-fullservice-sdk-php/tests/unit/HiPay/Tests/Fullservice/HTTP/ClientProviderTest.php" line="125" assertions="1" time="0.001316"/>
    </testsuite>
    <testsuite name="HiPay\Tests\Fullservice\HTTP\Configuration\ConfigurationInterfaceTest" file="/home/tviardin/Bureau/projects/hipay-fullservice-sdk-php/tests/unit/HiPay/Tests/Fullservice/HTTP/Configuration/ConfigurationInterfaceTest.php" tests="8" assertions="12" errors="0" failures="0" skipped="0" time="0.023954">
      <testcase name="testCanBeConstruct" class="HiPay\Tests\Fullservice\HTTP\Configuration\ConfigurationInterfaceTest" classname="HiPay.Tests.Fullservice.HTTP.Configuration.ConfigurationInterfaceTest" file="/home/tviardin/Bureau/projects/hipay-fullservice-sdk-php/tests/unit/HiPay/Tests/Fullservice/HTTP/Configuration/ConfigurationInterfaceTest.php" line="36" assertions="1" time="0.006027"/>
      <testcase name="testApiUsernameCanBeRetrieved" class="HiPay\Tests\Fullservice\HTTP\Configuration\ConfigurationInterfaceTest" classname="HiPay.Tests.Fullservice.HTTP.Configuration.ConfigurationInterfaceTest" file="/home/tviardin/Bureau/projects/hipay-fullservice-sdk-php/tests/unit/HiPay/Tests/Fullservice/HTTP/Configuration/ConfigurationInterfaceTest.php" line="51" assertions="1" time="0.002687"/>
      <testcase name="testApiPassorwdCanBeRetrieved" class="HiPay\Tests\Fullservice\HTTP\Configuration\ConfigurationInterfaceTest" classname="HiPay.Tests.Fullservice.HTTP.Configuration.ConfigurationInterfaceTest" file="/home/tviardin/Bureau/projects/hipay-fullservice-sdk-php/tests/unit/HiPay/Tests/Fullservice/HTTP/Configuration/ConfigurationInterfaceTest.php" line="64" assertions="1" time="0.002195"/>
      <testcase name="testApiEnvCanBeRetrieved" class="HiPay\Tests\Fullservice\HTTP\Configuration\ConfigurationInterfaceTest" classname="HiPay.Tests.Fullservice.HTTP.Configuration.ConfigurationInterfaceTest" file="/home/tviardin/Bureau/projects/hipay-fullservice-sdk-php/tests/unit/HiPay/Tests/Fullservice/HTTP/Configuration/ConfigurationInterfaceTest.php" line="76" assertions="1" time="0.002085"/>
      <testcase name="testApiHTTPHeaderAcceptCanBeRetrieved" class="HiPay\Tests\Fullservice\HTTP\Configuration\ConfigurationInterfaceTest" classname="HiPay.Tests.Fullservice.HTTP.Configuration.ConfigurationInterfaceTest" file="/home/tviardin/Bureau/projects/hipay-fullservice-sdk-php/tests/unit/HiPay/Tests/Fullservice/HTTP/Configuration/ConfigurationInterfaceTest.php" line="88" assertions="1" time="0.002171"/>
      <testcase name="testApiEndpointProdCanBeRetrieved" class="HiPay\Tests\Fullservice\HTTP\Configuration\ConfigurationInterfaceTest" classname="HiPay.Tests.Fullservice.HTTP.Configuration.ConfigurationInterfaceTest" file="/home/tviardin/Bureau/projects/hipay-fullservice-sdk-php/tests/unit/HiPay/Tests/Fullservice/HTTP/Configuration/ConfigurationInterfaceTest.php" line="100" assertions="2" time="0.002662"/>
      <testcase name="testApiEndpointStageCanBeRetrieved" class="HiPay\Tests\Fullservice\HTTP\Configuration\ConfigurationInterfaceTest" classname="HiPay.Tests.Fullservice.HTTP.Configuration.ConfigurationInterfaceTest" file="/home/tviardin/Bureau/projects/hipay-fullservice-sdk-php/tests/unit/HiPay/Tests/Fullservice/HTTP/Configuration/ConfigurationInterfaceTest.php" line="114" assertions="2" time="0.002698"/>
      <testcase name="testApiEndpointCanBeRetrieved" class="HiPay\Tests\Fullservice\HTTP\Configuration\ConfigurationInterfaceTest" classname="HiPay.Tests.Fullservice.HTTP.Configuration.ConfigurationInterfaceTest" file="/home/tviardin/Bureau/projects/hipay-fullservice-sdk-php/tests/unit/HiPay/Tests/Fullservice/HTTP/Configuration/ConfigurationInterfaceTest.php" line="128" assertions="3" time="0.003429"/>
    </testsuite>
    <testsuite name="HiPay\Tests\Fullservice\HTTP\Configuration\ConfigurationTest" file="/home/tviardin/Bureau/projects/hipay-fullservice-sdk-php/tests/unit/HiPay/Tests/Fullservice/HTTP/Configuration/ConfigurationTest.php" tests="49" assertions="75" errors="0" failures="0" skipped="0" time="0.023922">
      <testcase name="testCannotBeConstructUsingInvalidUsernameArgument" class="HiPay\Tests\Fullservice\HTTP\Configuration\ConfigurationTest" classname="HiPay.Tests.Fullservice.HTTP.Configuration.ConfigurationTest" file="/home/tviardin/Bureau/projects/hipay-fullservice-sdk-php/tests/unit/HiPay/Tests/Fullservice/HTTP/Configuration/ConfigurationTest.php" line="40" assertions="1" time="0.000533"/>
      <testcase name="testCannotBeConstructUsingEmptyUsernameArgument" class="HiPay\Tests\Fullservice\HTTP\Configuration\ConfigurationTest" classname="HiPay.Tests.Fullservice.HTTP.Configuration.ConfigurationTest" file="/home/tviardin/Bureau/projects/hipay-fullservice-sdk-php/tests/unit/HiPay/Tests/Fullservice/HTTP/Configuration/ConfigurationTest.php" line="49" assertions="1" time="0.000443"/>
      <testcase name="testCannotBeConstructUsingInvalidPasswordArgument" class="HiPay\Tests\Fullservice\HTTP\Configuration\ConfigurationTest" classname="HiPay.Tests.Fullservice.HTTP.Configuration.ConfigurationTest" file="/home/tviardin/Bureau/projects/hipay-fullservice-sdk-php/tests/unit/HiPay/Tests/Fullservice/HTTP/Configuration/ConfigurationTest.php" line="58" assertions="1" time="0.000437"/>
      <testcase name="testCannotBeConstructUsingEmptyPasswordArgument" class="HiPay\Tests\Fullservice\HTTP\Configuration\ConfigurationTest" classname="HiPay.Tests.Fullservice.HTTP.Configuration.ConfigurationTest" file="/home/tviardin/Bureau/projects/hipay-fullservice-sdk-php/tests/unit/HiPay/Tests/Fullservice/HTTP/Configuration/ConfigurationTest.php" line="67" assertions="1" time="0.000440"/>
      <testcase name="testCannotBeConstructUsingInvalidApiEnvArgument" class="HiPay\Tests\Fullservice\HTTP\Configuration\ConfigurationTest" classname="HiPay.Tests.Fullservice.HTTP.Configuration.ConfigurationTest" file="/home/tviardin/Bureau/projects/hipay-fullservice-sdk-php/tests/unit/HiPay/Tests/Fullservice/HTTP/Configuration/ConfigurationTest.php" line="76" assertions="1" time="0.000455"/>
      <testcase name="testCannotBeConstructUsingInvalidHTTPHeaderAcceptArgument" class="HiPay\Tests\Fullservice\HTTP\Configuration\ConfigurationTest" classname="HiPay.Tests.Fullservice.HTTP.Configuration.ConfigurationTest" file="/home/tviardin/Bureau/projects/hipay-fullservice-sdk-php/tests/unit/HiPay/Tests/Fullservice/HTTP/Configuration/ConfigurationTest.php" line="85" assertions="1" time="0.000469"/>
      <testcase name="testCannotBeConstructUsingEmptyHTTPHeaderAcceptArgument" class="HiPay\Tests\Fullservice\HTTP\Configuration\ConfigurationTest" classname="HiPay.Tests.Fullservice.HTTP.Configuration.ConfigurationTest" file="/home/tviardin/Bureau/projects/hipay-fullservice-sdk-php/tests/unit/HiPay/Tests/Fullservice/HTTP/Configuration/ConfigurationTest.php" line="101" assertions="1" time="0.000460"/>
      <testcase name="testCannotBeConstructUsingInvalidProxyArgument" class="HiPay\Tests\Fullservice\HTTP\Configuration\ConfigurationTest" classname="HiPay.Tests.Fullservice.HTTP.Configuration.ConfigurationTest" file="/home/tviardin/Bureau/projects/hipay-fullservice-sdk-php/tests/unit/HiPay/Tests/Fullservice/HTTP/Configuration/ConfigurationTest.php" line="117" assertions="1" time="0.000472"/>
      <testcase name="testCannotBeConstructUsingInvalidHostedPageV2Argument" class="HiPay\Tests\Fullservice\HTTP\Configuration\ConfigurationTest" classname="HiPay.Tests.Fullservice.HTTP.Configuration.ConfigurationTest" file="/home/tviardin/Bureau/projects/hipay-fullservice-sdk-php/tests/unit/HiPay/Tests/Fullservice/HTTP/Configuration/ConfigurationTest.php" line="134" assertions="1" time="0.000491"/>
      <testcase name="testCanBeConstructFromRequiredArguments" class="HiPay\Tests\Fullservice\HTTP\Configuration\ConfigurationTest" classname="HiPay.Tests.Fullservice.HTTP.Configuration.ConfigurationTest" file="/home/tviardin/Bureau/projects/hipay-fullservice-sdk-php/tests/unit/HiPay/Tests/Fullservice/HTTP/Configuration/ConfigurationTest.php" line="151" assertions="1" time="0.000487"/>
      <testcase name="testCanBeConstructFromApiEnvArguments" class="HiPay\Tests\Fullservice\HTTP\Configuration\ConfigurationTest" classname="HiPay.Tests.Fullservice.HTTP.Configuration.ConfigurationTest" file="/home/tviardin/Bureau/projects/hipay-fullservice-sdk-php/tests/unit/HiPay/Tests/Fullservice/HTTP/Configuration/ConfigurationTest.php" line="168" assertions="1" time="0.000445"/>
      <testcase name="testCanBeConstructFromAllArguments" class="HiPay\Tests\Fullservice\HTTP\Configuration\ConfigurationTest" classname="HiPay.Tests.Fullservice.HTTP.Configuration.ConfigurationTest" file="/home/tviardin/Bureau/projects/hipay-fullservice-sdk-php/tests/unit/HiPay/Tests/Fullservice/HTTP/Configuration/ConfigurationTest.php" line="187" assertions="1" time="0.000515"/>
      <testcase name="testCanBeConstructFromArray" class="HiPay\Tests\Fullservice\HTTP\Configuration\ConfigurationTest" classname="HiPay.Tests.Fullservice.HTTP.Configuration.ConfigurationTest" file="/home/tviardin/Bureau/projects/hipay-fullservice-sdk-php/tests/unit/HiPay/Tests/Fullservice/HTTP/Configuration/ConfigurationTest.php" line="207" assertions="9" time="0.000734"/>
      <testcase name="testApiUsernameCanBeRetrieved" class="HiPay\Tests\Fullservice\HTTP\Configuration\ConfigurationTest" classname="HiPay.Tests.Fullservice.HTTP.Configuration.ConfigurationTest" file="/home/tviardin/Bureau/projects/hipay-fullservice-sdk-php/tests/unit/HiPay/Tests/Fullservice/HTTP/Configuration/ConfigurationTest.php" line="253" assertions="1" time="0.000408"/>
      <testcase name="testApiPassorwdCanBeRetrieved" class="HiPay\Tests\Fullservice\HTTP\Configuration\ConfigurationTest" classname="HiPay.Tests.Fullservice.HTTP.Configuration.ConfigurationTest" file="/home/tviardin/Bureau/projects/hipay-fullservice-sdk-php/tests/unit/HiPay/Tests/Fullservice/HTTP/Configuration/ConfigurationTest.php" line="264" assertions="1" time="0.000413"/>
      <testcase name="testApiEnvCanBeRetrieved" class="HiPay\Tests\Fullservice\HTTP\Configuration\ConfigurationTest" classname="HiPay.Tests.Fullservice.HTTP.Configuration.ConfigurationTest" file="/home/tviardin/Bureau/projects/hipay-fullservice-sdk-php/tests/unit/HiPay/Tests/Fullservice/HTTP/Configuration/ConfigurationTest.php" line="276" assertions="1" time="0.000414"/>
      <testcase name="testApiHTTPHeaderAcceptCanBeRetrieved" class="HiPay\Tests\Fullservice\HTTP\Configuration\ConfigurationTest" classname="HiPay.Tests.Fullservice.HTTP.Configuration.ConfigurationTest" file="/home/tviardin/Bureau/projects/hipay-fullservice-sdk-php/tests/unit/HiPay/Tests/Fullservice/HTTP/Configuration/ConfigurationTest.php" line="286" assertions="1" time="0.000402"/>
      <testcase name="testApiEndpointProdCanBeRetrieved" class="HiPay\Tests\Fullservice\HTTP\Configuration\ConfigurationTest" classname="HiPay.Tests.Fullservice.HTTP.Configuration.ConfigurationTest" file="/home/tviardin/Bureau/projects/hipay-fullservice-sdk-php/tests/unit/HiPay/Tests/Fullservice/HTTP/Configuration/ConfigurationTest.php" line="296" assertions="3" time="0.000468"/>
      <testcase name="testApiEndpointStageCanBeRetrieved" class="HiPay\Tests\Fullservice\HTTP\Configuration\ConfigurationTest" classname="HiPay.Tests.Fullservice.HTTP.Configuration.ConfigurationTest" file="/home/tviardin/Bureau/projects/hipay-fullservice-sdk-php/tests/unit/HiPay/Tests/Fullservice/HTTP/Configuration/ConfigurationTest.php" line="308" assertions="3" time="0.000518"/>
      <testcase name="testApiEndpointCanBeRetrieved" class="HiPay\Tests\Fullservice\HTTP\Configuration\ConfigurationTest" classname="HiPay.Tests.Fullservice.HTTP.Configuration.ConfigurationTest" file="/home/tviardin/Bureau/projects/hipay-fullservice-sdk-php/tests/unit/HiPay/Tests/Fullservice/HTTP/Configuration/ConfigurationTest.php" line="321" assertions="5" time="0.000632"/>
      <testcase name="testProxyCanBeRetrieved" class="HiPay\Tests\Fullservice\HTTP\Configuration\ConfigurationTest" classname="HiPay.Tests.Fullservice.HTTP.Configuration.ConfigurationTest" file="/home/tviardin/Bureau/projects/hipay-fullservice-sdk-php/tests/unit/HiPay/Tests/Fullservice/HTTP/Configuration/ConfigurationTest.php" line="338" assertions="1" time="0.000757"/>
      <testcase name="testCaBeConstructUsingCustomEnvironment" class="HiPay\Tests\Fullservice\HTTP\Configuration\ConfigurationTest" classname="HiPay.Tests.Fullservice.HTTP.Configuration.ConfigurationTest" file="/home/tviardin/Bureau/projects/hipay-fullservice-sdk-php/tests/unit/HiPay/Tests/Fullservice/HTTP/Configuration/ConfigurationTest.php" line="348" assertions="2" time="0.000645"/>
      <testcase name="testCaBeConstructUsingEmptyCustomEnvironment" class="HiPay\Tests\Fullservice\HTTP\Configuration\ConfigurationTest" classname="HiPay.Tests.Fullservice.HTTP.Configuration.ConfigurationTest" file="/home/tviardin/Bureau/projects/hipay-fullservice-sdk-php/tests/unit/HiPay/Tests/Fullservice/HTTP/Configuration/ConfigurationTest.php" line="366" assertions="2" time="0.000545"/>
      <testcase name="testCaBeConstructUsingInvalidCustomEnvironment" class="HiPay\Tests\Fullservice\HTTP\Configuration\ConfigurationTest" classname="HiPay.Tests.Fullservice.HTTP.Configuration.ConfigurationTest" file="/home/tviardin/Bureau/projects/hipay-fullservice-sdk-php/tests/unit/HiPay/Tests/Fullservice/HTTP/Configuration/ConfigurationTest.php" line="383" assertions="2" time="0.000489"/>
      <testcase name="testCantBeConstructWithoutParams" class="HiPay\Tests\Fullservice\HTTP\Configuration\ConfigurationTest" classname="HiPay.Tests.Fullservice.HTTP.Configuration.ConfigurationTest" file="/home/tviardin/Bureau/projects/hipay-fullservice-sdk-php/tests/unit/HiPay/Tests/Fullservice/HTTP/Configuration/ConfigurationTest.php" line="398" assertions="1" time="0.000427"/>
      <testcase name="testSetApiUsername" class="HiPay\Tests\Fullservice\HTTP\Configuration\ConfigurationTest" classname="HiPay.Tests.Fullservice.HTTP.Configuration.ConfigurationTest" file="/home/tviardin/Bureau/projects/hipay-fullservice-sdk-php/tests/unit/HiPay/Tests/Fullservice/HTTP/Configuration/ConfigurationTest.php" line="407" assertions="1" time="0.000410"/>
      <testcase name="testSetApiPassword" class="HiPay\Tests\Fullservice\HTTP\Configuration\ConfigurationTest" classname="HiPay.Tests.Fullservice.HTTP.Configuration.ConfigurationTest" file="/home/tviardin/Bureau/projects/hipay-fullservice-sdk-php/tests/unit/HiPay/Tests/Fullservice/HTTP/Configuration/ConfigurationTest.php" line="418" assertions="1" time="0.000406"/>
      <testcase name="testGetApiEndpointCustom" class="HiPay\Tests\Fullservice\HTTP\Configuration\ConfigurationTest" classname="HiPay.Tests.Fullservice.HTTP.Configuration.ConfigurationTest" file="/home/tviardin/Bureau/projects/hipay-fullservice-sdk-php/tests/unit/HiPay/Tests/Fullservice/HTTP/Configuration/ConfigurationTest.php" line="425" assertions="1" time="0.000530"/>
      <testcase name="testGetApiEndpointProduction" class="HiPay\Tests\Fullservice\HTTP\Configuration\ConfigurationTest" classname="HiPay.Tests.Fullservice.HTTP.Configuration.ConfigurationTest" file="/home/tviardin/Bureau/projects/hipay-fullservice-sdk-php/tests/unit/HiPay/Tests/Fullservice/HTTP/Configuration/ConfigurationTest.php" line="439" assertions="1" time="0.000459"/>
      <testcase name="testGetApiEndpointStage" class="HiPay\Tests\Fullservice\HTTP\Configuration\ConfigurationTest" classname="HiPay.Tests.Fullservice.HTTP.Configuration.ConfigurationTest" file="/home/tviardin/Bureau/projects/hipay-fullservice-sdk-php/tests/unit/HiPay/Tests/Fullservice/HTTP/Configuration/ConfigurationTest.php" line="452" assertions="1" time="0.000489"/>
      <testcase name="testSetApiEnv" class="HiPay\Tests\Fullservice\HTTP\Configuration\ConfigurationTest" classname="HiPay.Tests.Fullservice.HTTP.Configuration.ConfigurationTest" file="/home/tviardin/Bureau/projects/hipay-fullservice-sdk-php/tests/unit/HiPay/Tests/Fullservice/HTTP/Configuration/ConfigurationTest.php" line="465" assertions="2" time="0.000495"/>
      <testcase name="testGetApiEndpointV2FromV1" class="HiPay\Tests\Fullservice\HTTP\Configuration\ConfigurationTest" classname="HiPay.Tests.Fullservice.HTTP.Configuration.ConfigurationTest" file="/home/tviardin/Bureau/projects/hipay-fullservice-sdk-php/tests/unit/HiPay/Tests/Fullservice/HTTP/Configuration/ConfigurationTest.php" line="483" assertions="1" time="0.000461"/>
      <testcase name="testGetApiEndpointV2Custom" class="HiPay\Tests\Fullservice\HTTP\Configuration\ConfigurationTest" classname="HiPay.Tests.Fullservice.HTTP.Configuration.ConfigurationTest" file="/home/tviardin/Bureau/projects/hipay-fullservice-sdk-php/tests/unit/HiPay/Tests/Fullservice/HTTP/Configuration/ConfigurationTest.php" line="496" assertions="1" time="0.000520"/>
      <testcase name="testGetApiEndpointV2Stage" class="HiPay\Tests\Fullservice\HTTP\Configuration\ConfigurationTest" classname="HiPay.Tests.Fullservice.HTTP.Configuration.ConfigurationTest" file="/home/tviardin/Bureau/projects/hipay-fullservice-sdk-php/tests/unit/HiPay/Tests/Fullservice/HTTP/Configuration/ConfigurationTest.php" line="512" assertions="1" time="0.000465"/>
      <testcase name="testGetApiEndpointV2Production" class="HiPay\Tests\Fullservice\HTTP\Configuration\ConfigurationTest" classname="HiPay.Tests.Fullservice.HTTP.Configuration.ConfigurationTest" file="/home/tviardin/Bureau/projects/hipay-fullservice-sdk-php/tests/unit/HiPay/Tests/Fullservice/HTTP/Configuration/ConfigurationTest.php" line="527" assertions="1" time="0.000470"/>
      <testcase name="testGetDataApiEndpointProd" class="HiPay\Tests\Fullservice\HTTP\Configuration\ConfigurationTest" classname="HiPay.Tests.Fullservice.HTTP.Configuration.ConfigurationTest" file="/home/tviardin/Bureau/projects/hipay-fullservice-sdk-php/tests/unit/HiPay/Tests/Fullservice/HTTP/Configuration/ConfigurationTest.php" line="542" assertions="1" time="0.000432"/>
      <testcase name="testGetDataApiEndpointStage" class="HiPay\Tests\Fullservice\HTTP\Configuration\ConfigurationTest" classname="HiPay.Tests.Fullservice.HTTP.Configuration.ConfigurationTest" file="/home/tviardin/Bureau/projects/hipay-fullservice-sdk-php/tests/unit/HiPay/Tests/Fullservice/HTTP/Configuration/ConfigurationTest.php" line="553" assertions="1" time="0.000433"/>
      <testcase name="testGetDataApiEndpoint" class="HiPay\Tests\Fullservice\HTTP\Configuration\ConfigurationTest" classname="HiPay.Tests.Fullservice.HTTP.Configuration.ConfigurationTest" file="/home/tviardin/Bureau/projects/hipay-fullservice-sdk-php/tests/unit/HiPay/Tests/Fullservice/HTTP/Configuration/ConfigurationTest.php" line="564" assertions="2" time="0.000504"/>
      <testcase name="testGetDataApiHttpUserAgent" class="HiPay\Tests\Fullservice\HTTP\Configuration\ConfigurationTest" classname="HiPay.Tests.Fullservice.HTTP.Configuration.ConfigurationTest" file="/home/tviardin/Bureau/projects/hipay-fullservice-sdk-php/tests/unit/HiPay/Tests/Fullservice/HTTP/Configuration/ConfigurationTest.php" line="582" assertions="1" time="0.000453"/>
      <testcase name="testGetSecureVaultEndpointProd" class="HiPay\Tests\Fullservice\HTTP\Configuration\ConfigurationTest" classname="HiPay.Tests.Fullservice.HTTP.Configuration.ConfigurationTest" file="/home/tviardin/Bureau/projects/hipay-fullservice-sdk-php/tests/unit/HiPay/Tests/Fullservice/HTTP/Configuration/ConfigurationTest.php" line="594" assertions="1" time="0.000442"/>
      <testcase name="testGetSecureVaultEndpointStage" class="HiPay\Tests\Fullservice\HTTP\Configuration\ConfigurationTest" classname="HiPay.Tests.Fullservice.HTTP.Configuration.ConfigurationTest" file="/home/tviardin/Bureau/projects/hipay-fullservice-sdk-php/tests/unit/HiPay/Tests/Fullservice/HTTP/Configuration/ConfigurationTest.php" line="606" assertions="1" time="0.000547"/>
      <testcase name="testSetApiHTTPHeaderAccept" class="HiPay\Tests\Fullservice\HTTP\Configuration\ConfigurationTest" classname="HiPay.Tests.Fullservice.HTTP.Configuration.ConfigurationTest" file="/home/tviardin/Bureau/projects/hipay-fullservice-sdk-php/tests/unit/HiPay/Tests/Fullservice/HTTP/Configuration/ConfigurationTest.php" line="618" assertions="2" time="0.000491"/>
      <testcase name="testSetProxy" class="HiPay\Tests\Fullservice\HTTP\Configuration\ConfigurationTest" classname="HiPay.Tests.Fullservice.HTTP.Configuration.ConfigurationTest" file="/home/tviardin/Bureau/projects/hipay-fullservice-sdk-php/tests/unit/HiPay/Tests/Fullservice/HTTP/Configuration/ConfigurationTest.php" line="634" assertions="2" time="0.000485"/>
      <testcase name="testGetCurlTimeout" class="HiPay\Tests\Fullservice\HTTP\Configuration\ConfigurationTest" classname="HiPay.Tests.Fullservice.HTTP.Configuration.ConfigurationTest" file="/home/tviardin/Bureau/projects/hipay-fullservice-sdk-php/tests/unit/HiPay/Tests/Fullservice/HTTP/Configuration/ConfigurationTest.php" line="657" assertions="1" time="0.000575"/>
      <testcase name="testSetCurlTimeout" class="HiPay\Tests\Fullservice\HTTP\Configuration\ConfigurationTest" classname="HiPay.Tests.Fullservice.HTTP.Configuration.ConfigurationTest" file="/home/tviardin/Bureau/projects/hipay-fullservice-sdk-php/tests/unit/HiPay/Tests/Fullservice/HTTP/Configuration/ConfigurationTest.php" line="669" assertions="2" time="0.000477"/>
      <testcase name="testGetCurlConnectTimeout" class="HiPay\Tests\Fullservice\HTTP\Configuration\ConfigurationTest" classname="HiPay.Tests.Fullservice.HTTP.Configuration.ConfigurationTest" file="/home/tviardin/Bureau/projects/hipay-fullservice-sdk-php/tests/unit/HiPay/Tests/Fullservice/HTTP/Configuration/ConfigurationTest.php" line="685" assertions="1" time="0.000433"/>
      <testcase name="testSetCurlConnectTimeout" class="HiPay\Tests\Fullservice\HTTP\Configuration\ConfigurationTest" classname="HiPay.Tests.Fullservice.HTTP.Configuration.ConfigurationTest" file="/home/tviardin/Bureau/projects/hipay-fullservice-sdk-php/tests/unit/HiPay/Tests/Fullservice/HTTP/Configuration/ConfigurationTest.php" line="697" assertions="2" time="0.000457"/>
      <testcase name="testIsOverridePaymentProductSorting" class="HiPay\Tests\Fullservice\HTTP\Configuration\ConfigurationTest" classname="HiPay.Tests.Fullservice.HTTP.Configuration.ConfigurationTest" file="/home/tviardin/Bureau/projects/hipay-fullservice-sdk-php/tests/unit/HiPay/Tests/Fullservice/HTTP/Configuration/ConfigurationTest.php" line="713" assertions="1" time="0.000425"/>
      <testcase name="testSetOverridePaymentProductSorting" class="HiPay\Tests\Fullservice\HTTP\Configuration\ConfigurationTest" classname="HiPay.Tests.Fullservice.HTTP.Configuration.ConfigurationTest" file="/home/tviardin/Bureau/projects/hipay-fullservice-sdk-php/tests/unit/HiPay/Tests/Fullservice/HTTP/Configuration/ConfigurationTest.php" line="725" assertions="2" time="0.000565"/>
    </testsuite>
    <testsuite name="HiPay\Tests\Fullservice\HTTP\Response\AbstractResponseTest" file="/home/tviardin/Bureau/projects/hipay-fullservice-sdk-php/tests/unit/HiPay/Tests/Fullservice/HTTP/Response/AbstractResponseTest.php" tests="5" assertions="5" errors="0" failures="0" skipped="0" time="0.006006">
      <testcase name="testCannotBeConstructFromNonStringValue" class="HiPay\Tests\Fullservice\HTTP\Response\AbstractResponseTest" classname="HiPay.Tests.Fullservice.HTTP.Response.AbstractResponseTest" file="/home/tviardin/Bureau/projects/hipay-fullservice-sdk-php/tests/unit/HiPay/Tests/Fullservice/HTTP/Response/AbstractResponseTest.php" line="24" assertions="1" time="0.001357"/>
      <testcase name="testCannotBeConstructFromNonNumericValue" class="HiPay\Tests\Fullservice\HTTP\Response\AbstractResponseTest" classname="HiPay.Tests.Fullservice.HTTP.Response.AbstractResponseTest" file="/home/tviardin/Bureau/projects/hipay-fullservice-sdk-php/tests/unit/HiPay/Tests/Fullservice/HTTP/Response/AbstractResponseTest.php" line="37" assertions="1" time="0.000835"/>
      <testcase name="testCannotBeConstructFromNonArrayValue" class="HiPay\Tests\Fullservice\HTTP\Response\AbstractResponseTest" classname="HiPay.Tests.Fullservice.HTTP.Response.AbstractResponseTest" file="/home/tviardin/Bureau/projects/hipay-fullservice-sdk-php/tests/unit/HiPay/Tests/Fullservice/HTTP/Response/AbstractResponseTest.php" line="48" assertions="1" time="0.000779"/>
      <testcase name="testObjectBanBeConstructFromNumericStatusCodeArgument" class="HiPay\Tests\Fullservice\HTTP\Response\AbstractResponseTest" classname="HiPay.Tests.Fullservice.HTTP.Response.AbstractResponseTest" file="/home/tviardin/Bureau/projects/hipay-fullservice-sdk-php/tests/unit/HiPay/Tests/Fullservice/HTTP/Response/AbstractResponseTest.php" line="59" assertions="1" time="0.000798"/>
      <testcase name="testObjectBanBeConstructUsingValidArguments" class="HiPay\Tests\Fullservice\HTTP\Response\AbstractResponseTest" classname="HiPay.Tests.Fullservice.HTTP.Response.AbstractResponseTest" file="/home/tviardin/Bureau/projects/hipay-fullservice-sdk-php/tests/unit/HiPay/Tests/Fullservice/HTTP/Response/AbstractResponseTest.php" line="68" assertions="1" time="0.002237"/>
    </testsuite>
    <testsuite name="HiPay\Tests\Fullservice\HTTP\Response\ResponseTest" file="/home/tviardin/Bureau/projects/hipay-fullservice-sdk-php/tests/unit/HiPay/Tests/Fullservice/HTTP/Response/ResponseTest.php" tests="12" assertions="14" errors="0" failures="0" skipped="0" time="0.005686">
      <testcase name="testCannotBeConstructFromNonStringValue" class="HiPay\Tests\Fullservice\HTTP\Response\ResponseTest" classname="HiPay.Tests.Fullservice.HTTP.Response.ResponseTest" file="/home/tviardin/Bureau/projects/hipay-fullservice-sdk-php/tests/unit/HiPay/Tests/Fullservice/HTTP/Response/ResponseTest.php" line="25" assertions="1" time="0.000503"/>
      <testcase name="testCannotBeConstructFromNonNumericValue" class="HiPay\Tests\Fullservice\HTTP\Response\ResponseTest" classname="HiPay.Tests.Fullservice.HTTP.Response.ResponseTest" file="/home/tviardin/Bureau/projects/hipay-fullservice-sdk-php/tests/unit/HiPay/Tests/Fullservice/HTTP/Response/ResponseTest.php" line="34" assertions="1" time="0.000554"/>
      <testcase name="testCannotBeConstructFromNonArrayValue" class="HiPay\Tests\Fullservice\HTTP\Response\ResponseTest" classname="HiPay.Tests.Fullservice.HTTP.Response.ResponseTest" file="/home/tviardin/Bureau/projects/hipay-fullservice-sdk-php/tests/unit/HiPay/Tests/Fullservice/HTTP/Response/ResponseTest.php" line="43" assertions="1" time="0.000433"/>
      <testcase name="testObjectBanBeConstructFromNumericStatusCodeArgument" class="HiPay\Tests\Fullservice\HTTP\Response\ResponseTest" classname="HiPay.Tests.Fullservice.HTTP.Response.ResponseTest" file="/home/tviardin/Bureau/projects/hipay-fullservice-sdk-php/tests/unit/HiPay/Tests/Fullservice/HTTP/Response/ResponseTest.php" line="52" assertions="1" time="0.000474"/>
      <testcase name="testObjectBanBeConstructUsingValidArguments" class="HiPay\Tests\Fullservice\HTTP\Response\ResponseTest" classname="HiPay.Tests.Fullservice.HTTP.Response.ResponseTest" file="/home/tviardin/Bureau/projects/hipay-fullservice-sdk-php/tests/unit/HiPay/Tests/Fullservice/HTTP/Response/ResponseTest.php" line="60" assertions="1" time="0.000441"/>
      <testcase name="testCanRetrieveStatusCode" class="HiPay\Tests\Fullservice\HTTP\Response\ResponseTest" classname="HiPay.Tests.Fullservice.HTTP.Response.ResponseTest" file="/home/tviardin/Bureau/projects/hipay-fullservice-sdk-php/tests/unit/HiPay/Tests/Fullservice/HTTP/Response/ResponseTest.php" line="71" assertions="1" time="0.000432"/>
      <testcase name="testCanRetrieveBody" class="HiPay\Tests\Fullservice\HTTP\Response\ResponseTest" classname="HiPay.Tests.Fullservice.HTTP.Response.ResponseTest" file="/home/tviardin/Bureau/projects/hipay-fullservice-sdk-php/tests/unit/HiPay/Tests/Fullservice/HTTP/Response/ResponseTest.php" line="80" assertions="1" time="0.000402"/>
      <testcase name="testCanRetrieveHeaders" class="HiPay\Tests\Fullservice\HTTP\Response\ResponseTest" classname="HiPay.Tests.Fullservice.HTTP.Response.ResponseTest" file="/home/tviardin/Bureau/projects/hipay-fullservice-sdk-php/tests/unit/HiPay/Tests/Fullservice/HTTP/Response/ResponseTest.php" line="89" assertions="1" time="0.000411"/>
      <testcase name="testToArrayCannotBeRetrievedFromInvalidHeaderKey" class="HiPay\Tests\Fullservice\HTTP\Response\ResponseTest" classname="HiPay.Tests.Fullservice.HTTP.Response.ResponseTest" file="/home/tviardin/Bureau/projects/hipay-fullservice-sdk-php/tests/unit/HiPay/Tests/Fullservice/HTTP/Response/ResponseTest.php" line="99" assertions="1" time="0.000482"/>
      <testcase name="testToArrayCannotBeRetrievedUsingInvalidContentTypeHeader" class="HiPay\Tests\Fullservice\HTTP\Response\ResponseTest" classname="HiPay.Tests.Fullservice.HTTP.Response.ResponseTest" file="/home/tviardin/Bureau/projects/hipay-fullservice-sdk-php/tests/unit/HiPay/Tests/Fullservice/HTTP/Response/ResponseTest.php" line="108" assertions="1" time="0.000488"/>
      <testcase name="testToArrayCannotBeRetrievedUsingInvalidJsonBody" class="HiPay\Tests\Fullservice\HTTP\Response\ResponseTest" classname="HiPay.Tests.Fullservice.HTTP.Response.ResponseTest" file="/home/tviardin/Bureau/projects/hipay-fullservice-sdk-php/tests/unit/HiPay/Tests/Fullservice/HTTP/Response/ResponseTest.php" line="118" assertions="1" time="0.000511"/>
      <testcase name="testCanBeConvertedJsonBodyToArrayAndRetrieveIt" class="HiPay\Tests\Fullservice\HTTP\Response\ResponseTest" classname="HiPay.Tests.Fullservice.HTTP.Response.ResponseTest" file="/home/tviardin/Bureau/projects/hipay-fullservice-sdk-php/tests/unit/HiPay/Tests/Fullservice/HTTP/Response/ResponseTest.php" line="128" assertions="3" time="0.000555"/>
    </testsuite>
    <testsuite name="HiPay\Tests\Fullservice\HTTP\SimpleHTTPClientTest" file="/home/tviardin/Bureau/projects/hipay-fullservice-sdk-php/tests/unit/HiPay/Tests/Fullservice/HTTP/SimpleHTTPClientTest.php" tests="15" assertions="23" errors="0" failures="0" skipped="0" time="0.193598">
      <testcase name="testCannotBeConstructFromInvalidArgument" class="HiPay\Tests\Fullservice\HTTP\SimpleHTTPClientTest" classname="HiPay.Tests.Fullservice.HTTP.SimpleHTTPClientTest" file="/home/tviardin/Bureau/projects/hipay-fullservice-sdk-php/tests/unit/HiPay/Tests/Fullservice/HTTP/SimpleHTTPClientTest.php" line="45" assertions="2" time="0.000523"/>
      <testcase name="testCanBeConstructUsingConfiguration" class="HiPay\Tests\Fullservice\HTTP\SimpleHTTPClientTest" classname="HiPay.Tests.Fullservice.HTTP.SimpleHTTPClientTest" file="/home/tviardin/Bureau/projects/hipay-fullservice-sdk-php/tests/unit/HiPay/Tests/Fullservice/HTTP/SimpleHTTPClientTest.php" line="56" assertions="1" time="0.000493"/>
      <testcase name="testConfigurationCanBeRetrieved" class="HiPay\Tests\Fullservice\HTTP\SimpleHTTPClientTest" classname="HiPay.Tests.Fullservice.HTTP.SimpleHTTPClientTest" file="/home/tviardin/Bureau/projects/hipay-fullservice-sdk-php/tests/unit/HiPay/Tests/Fullservice/HTTP/SimpleHTTPClientTest.php" line="69" assertions="1" time="0.000427"/>
      <testcase name="testConfigurationCanBeSetted" class="HiPay\Tests\Fullservice\HTTP\SimpleHTTPClientTest" classname="HiPay.Tests.Fullservice.HTTP.SimpleHTTPClientTest" file="/home/tviardin/Bureau/projects/hipay-fullservice-sdk-php/tests/unit/HiPay/Tests/Fullservice/HTTP/SimpleHTTPClientTest.php" line="81" assertions="2" time="0.000540"/>
      <testcase name="testHttpClientCanBeRetrieved" class="HiPay\Tests\Fullservice\HTTP\SimpleHTTPClientTest" classname="HiPay.Tests.Fullservice.HTTP.SimpleHTTPClientTest" file="/home/tviardin/Bureau/projects/hipay-fullservice-sdk-php/tests/unit/HiPay/Tests/Fullservice/HTTP/SimpleHTTPClientTest.php" line="102" assertions="2" time="0.000554"/>
      <testcase name="testRequestCannotBeExcutedFromAllInvalidArguments" class="HiPay\Tests\Fullservice\HTTP\SimpleHTTPClientTest" classname="HiPay.Tests.Fullservice.HTTP.SimpleHTTPClientTest" file="/home/tviardin/Bureau/projects/hipay-fullservice-sdk-php/tests/unit/HiPay/Tests/Fullservice/HTTP/SimpleHTTPClientTest.php" line="112" assertions="1" time="0.000438"/>
      <testcase name="testRequestCannotBeExecutedFromRequiredInvalidMethod" class="HiPay\Tests\Fullservice\HTTP\SimpleHTTPClientTest" classname="HiPay.Tests.Fullservice.HTTP.SimpleHTTPClientTest" file="/home/tviardin/Bureau/projects/hipay-fullservice-sdk-php/tests/unit/HiPay/Tests/Fullservice/HTTP/SimpleHTTPClientTest.php" line="122" assertions="2" time="0.000531"/>
      <testcase name="testRequestCannotBeExecutedFromInvalidHTTPMethod" class="HiPay\Tests\Fullservice\HTTP\SimpleHTTPClientTest" classname="HiPay.Tests.Fullservice.HTTP.SimpleHTTPClientTest" file="/home/tviardin/Bureau/projects/hipay-fullservice-sdk-php/tests/unit/HiPay/Tests/Fullservice/HTTP/SimpleHTTPClientTest.php" line="132" assertions="1" time="0.000478"/>
      <testcase name="testRequestCannotBeExecutedFromInvalidEndpoint" class="HiPay\Tests\Fullservice\HTTP\SimpleHTTPClientTest" classname="HiPay.Tests.Fullservice.HTTP.SimpleHTTPClientTest" file="/home/tviardin/Bureau/projects/hipay-fullservice-sdk-php/tests/unit/HiPay/Tests/Fullservice/HTTP/SimpleHTTPClientTest.php" line="141" assertions="1" time="0.000512"/>
      <testcase name="testRequestCanBeExecutedWithProxy" class="HiPay\Tests\Fullservice\HTTP\SimpleHTTPClientTest" classname="HiPay.Tests.Fullservice.HTTP.SimpleHTTPClientTest" file="/home/tviardin/Bureau/projects/hipay-fullservice-sdk-php/tests/unit/HiPay/Tests/Fullservice/HTTP/SimpleHTTPClientTest.php" line="150" assertions="2" time="0.000958"/>
      <testcase name="testCurlExceptionIsRaisedForNetworkFailure" class="HiPay\Tests\Fullservice\HTTP\SimpleHTTPClientTest" classname="HiPay.Tests.Fullservice.HTTP.SimpleHTTPClientTest" file="/home/tviardin/Bureau/projects/hipay-fullservice-sdk-php/tests/unit/HiPay/Tests/Fullservice/HTTP/SimpleHTTPClientTest.php" line="175" assertions="2" time="0.030566"/>
      <testcase name="testApiErrorExceptionIsRaisedForParsableHttpResponse" class="HiPay\Tests\Fullservice\HTTP\SimpleHTTPClientTest" classname="HiPay.Tests.Fullservice.HTTP.SimpleHTTPClientTest" file="/home/tviardin/Bureau/projects/hipay-fullservice-sdk-php/tests/unit/HiPay/Tests/Fullservice/HTTP/SimpleHTTPClientTest.php" line="189" assertions="2" time="0.052586"/>
      <testcase name="testHttpErrorExceptionIsRaisedForNotParsableHttpResponse" class="HiPay\Tests\Fullservice\HTTP\SimpleHTTPClientTest" classname="HiPay.Tests.Fullservice.HTTP.SimpleHTTPClientTest" file="/home/tviardin/Bureau/projects/hipay-fullservice-sdk-php/tests/unit/HiPay/Tests/Fullservice/HTTP/SimpleHTTPClientTest.php" line="203" assertions="2" time="0.036054"/>
      <testcase name="testHttpSuccessVaultRequest" class="HiPay\Tests\Fullservice\HTTP\SimpleHTTPClientTest" classname="HiPay.Tests.Fullservice.HTTP.SimpleHTTPClientTest" file="/home/tviardin/Bureau/projects/hipay-fullservice-sdk-php/tests/unit/HiPay/Tests/Fullservice/HTTP/SimpleHTTPClientTest.php" line="216" assertions="1" time="0.034178"/>
      <testcase name="testHttpSuccessApiRequest" class="HiPay\Tests\Fullservice\HTTP\SimpleHTTPClientTest" classname="HiPay.Tests.Fullservice.HTTP.SimpleHTTPClientTest" file="/home/tviardin/Bureau/projects/hipay-fullservice-sdk-php/tests/unit/HiPay/Tests/Fullservice/HTTP/SimpleHTTPClientTest.php" line="228" assertions="1" time="0.034760"/>
    </testsuite>
    <testsuite name="HiPay\Tests\Helper\ConvertTest" file="/home/tviardin/Bureau/projects/hipay-fullservice-sdk-php/tests/unit/HiPay/Tests/Fullservice/Helper/ConvertTest.php" tests="3" assertions="10" errors="0" failures="0" skipped="0" time="0.003981">
      <testcase name="testToCamelCase" class="HiPay\Tests\Helper\ConvertTest" classname="HiPay.Tests.Helper.ConvertTest" file="/home/tviardin/Bureau/projects/hipay-fullservice-sdk-php/tests/unit/HiPay/Tests/Fullservice/Helper/ConvertTest.php" line="33" assertions="3" time="0.001302"/>
      <testcase name="testToUnderscored" class="HiPay\Tests\Helper\ConvertTest" classname="HiPay.Tests.Helper.ConvertTest" file="/home/tviardin/Bureau/projects/hipay-fullservice-sdk-php/tests/unit/HiPay/Tests/Fullservice/Helper/ConvertTest.php" line="40" assertions="3" time="0.001287"/>
      <testcase name="testArrayKeysToCamelCase" class="HiPay\Tests\Helper\ConvertTest" classname="HiPay.Tests.Helper.ConvertTest" file="/home/tviardin/Bureau/projects/hipay-fullservice-sdk-php/tests/unit/HiPay/Tests/Fullservice/Helper/ConvertTest.php" line="47" assertions="4" time="0.001392"/>
    </testsuite>
    <testsuite name="HiPay\Tests\Helper\MerchantPromotionCalculatorTest" file="/home/tviardin/Bureau/projects/hipay-fullservice-sdk-php/tests/unit/HiPay/Tests/Fullservice/Helper/MerchantPromotionCalculatorTest.php" tests="1" assertions="5" errors="0" failures="0" skipped="0" time="0.001310">
      <testcase name="testCalculate" class="HiPay\Tests\Helper\MerchantPromotionCalculatorTest" classname="HiPay.Tests.Helper.MerchantPromotionCalculatorTest" file="/home/tviardin/Bureau/projects/hipay-fullservice-sdk-php/tests/unit/HiPay/Tests/Fullservice/Helper/MerchantPromotionCalculatorTest.php" line="33" assertions="5" time="0.001310"/>
    </testsuite>
    <testsuite name="HiPay\Tests\Helper\SignatureTest" file="/home/tviardin/Bureau/projects/hipay-fullservice-sdk-php/tests/unit/HiPay/Tests/Fullservice/Helper/SignatureTest.php" tests="12" assertions="12" errors="0" failures="0" skipped="0" time="0.011853">
      <testcase name="testIsValidHttpSignatureSHA1Valid" class="HiPay\Tests\Helper\SignatureTest" classname="HiPay.Tests.Helper.SignatureTest" file="/home/tviardin/Bureau/projects/hipay-fullservice-sdk-php/tests/unit/HiPay/Tests/Fullservice/Helper/SignatureTest.php" line="45" assertions="1" time="0.001005"/>
      <testcase name="testIsValidHttpSignatureSHA1NotValid" class="HiPay\Tests\Helper\SignatureTest" classname="HiPay.Tests.Helper.SignatureTest" file="/home/tviardin/Bureau/projects/hipay-fullservice-sdk-php/tests/unit/HiPay/Tests/Fullservice/Helper/SignatureTest.php" line="53" assertions="1" time="0.000968"/>
      <testcase name="testIsValidHttpSignatureSHA256Valid" class="HiPay\Tests\Helper\SignatureTest" classname="HiPay.Tests.Helper.SignatureTest" file="/home/tviardin/Bureau/projects/hipay-fullservice-sdk-php/tests/unit/HiPay/Tests/Fullservice/Helper/SignatureTest.php" line="61" assertions="1" time="0.001236"/>
      <testcase name="testIsValidHttpSignatureSHA256NotValid" class="HiPay\Tests\Helper\SignatureTest" classname="HiPay.Tests.Helper.SignatureTest" file="/home/tviardin/Bureau/projects/hipay-fullservice-sdk-php/tests/unit/HiPay/Tests/Fullservice/Helper/SignatureTest.php" line="69" assertions="1" time="0.000981"/>
      <testcase name="testIsValidHttpSignatureSHA512Valid" class="HiPay\Tests\Helper\SignatureTest" classname="HiPay.Tests.Helper.SignatureTest" file="/home/tviardin/Bureau/projects/hipay-fullservice-sdk-php/tests/unit/HiPay/Tests/Fullservice/Helper/SignatureTest.php" line="77" assertions="1" time="0.000947"/>
      <testcase name="testIsValidHttpSignatureSHA512NotValid" class="HiPay\Tests\Helper\SignatureTest" classname="HiPay.Tests.Helper.SignatureTest" file="/home/tviardin/Bureau/projects/hipay-fullservice-sdk-php/tests/unit/HiPay/Tests/Fullservice/Helper/SignatureTest.php" line="85" assertions="1" time="0.000939"/>
      <testcase name="testIsSameHashAlgorithmSHA1" class="HiPay\Tests\Helper\SignatureTest" classname="HiPay.Tests.Helper.SignatureTest" file="/home/tviardin/Bureau/projects/hipay-fullservice-sdk-php/tests/unit/HiPay/Tests/Fullservice/Helper/SignatureTest.php" line="93" assertions="1" time="0.001019"/>
      <testcase name="testIsNotSameHashAlgorithmSHA1" class="HiPay\Tests\Helper\SignatureTest" classname="HiPay.Tests.Helper.SignatureTest" file="/home/tviardin/Bureau/projects/hipay-fullservice-sdk-php/tests/unit/HiPay/Tests/Fullservice/Helper/SignatureTest.php" line="101" assertions="1" time="0.000959"/>
      <testcase name="testIsSameHashAlgorithmSHA256" class="HiPay\Tests\Helper\SignatureTest" classname="HiPay.Tests.Helper.SignatureTest" file="/home/tviardin/Bureau/projects/hipay-fullservice-sdk-php/tests/unit/HiPay/Tests/Fullservice/Helper/SignatureTest.php" line="109" assertions="1" time="0.000945"/>
      <testcase name="testIsNotSameHashAlgorithmSHA256" class="HiPay\Tests\Helper\SignatureTest" classname="HiPay.Tests.Helper.SignatureTest" file="/home/tviardin/Bureau/projects/hipay-fullservice-sdk-php/tests/unit/HiPay/Tests/Fullservice/Helper/SignatureTest.php" line="117" assertions="1" time="0.000953"/>
      <testcase name="testIsSameHashAlgorithmSHA512" class="HiPay\Tests\Helper\SignatureTest" classname="HiPay.Tests.Helper.SignatureTest" file="/home/tviardin/Bureau/projects/hipay-fullservice-sdk-php/tests/unit/HiPay/Tests/Fullservice/Helper/SignatureTest.php" line="125" assertions="1" time="0.000937"/>
      <testcase name="testIsNotSameHashAlgorithmSHA512" class="HiPay\Tests\Helper\SignatureTest" classname="HiPay.Tests.Helper.SignatureTest" file="/home/tviardin/Bureau/projects/hipay-fullservice-sdk-php/tests/unit/HiPay/Tests/Fullservice/Helper/SignatureTest.php" line="133" assertions="1" time="0.000964"/>
    </testsuite>
    <testsuite name="HiPay\Tests\Fullservice\Mapper\AbstractMapperTest" file="/home/tviardin/Bureau/projects/hipay-fullservice-sdk-php/tests/unit/HiPay/Tests/Fullservice/Mapper/AbstractMapperTest.php" tests="3" assertions="3" errors="0" failures="0" skipped="0" time="0.008333">
      <testcase name="testCannotBeConstructUsingInvalidArgument" class="HiPay\Tests\Fullservice\Mapper\AbstractMapperTest" classname="HiPay.Tests.Fullservice.Mapper.AbstractMapperTest" file="/home/tviardin/Bureau/projects/hipay-fullservice-sdk-php/tests/unit/HiPay/Tests/Fullservice/Mapper/AbstractMapperTest.php" line="39" assertions="1" time="0.003686"/>
      <testcase name="testCannotBeConstructWithEmptyArray" class="HiPay\Tests\Fullservice\Mapper\AbstractMapperTest" classname="HiPay.Tests.Fullservice.Mapper.AbstractMapperTest" file="/home/tviardin/Bureau/projects/hipay-fullservice-sdk-php/tests/unit/HiPay/Tests/Fullservice/Mapper/AbstractMapperTest.php" line="50" assertions="1" time="0.001853"/>
      <testcase name="testCanConstructUsingValidArgument" class="HiPay\Tests\Fullservice\Mapper\AbstractMapperTest" classname="HiPay.Tests.Fullservice.Mapper.AbstractMapperTest" file="/home/tviardin/Bureau/projects/hipay-fullservice-sdk-php/tests/unit/HiPay/Tests/Fullservice/Mapper/AbstractMapperTest.php" line="60" assertions="1" time="0.002794"/>
    </testsuite>
    <testsuite name="HiPay\Tests\Fullservice\Model\AbstractModelTest" file="/home/tviardin/Bureau/projects/hipay-fullservice-sdk-php/tests/unit/HiPay/Tests/Fullservice/Model/AbstractModelTest.php" tests="3" assertions="3" errors="0" failures="0" skipped="0" time="0.013272">
      <testcase name="testToArrayComplex" class="HiPay\Tests\Fullservice\Model\AbstractModelTest" classname="HiPay.Tests.Fullservice.Model.AbstractModelTest" file="/home/tviardin/Bureau/projects/hipay-fullservice-sdk-php/tests/unit/HiPay/Tests/Fullservice/Model/AbstractModelTest.php" line="34" assertions="1" time="0.007593"/>
      <testcase name="testToArraySimple" class="HiPay\Tests\Fullservice\Model\AbstractModelTest" classname="HiPay.Tests.Fullservice.Model.AbstractModelTest" file="/home/tviardin/Bureau/projects/hipay-fullservice-sdk-php/tests/unit/HiPay/Tests/Fullservice/Model/AbstractModelTest.php" line="58" assertions="1" time="0.003867"/>
      <testcase name="testToJson" class="HiPay\Tests\Fullservice\Model\AbstractModelTest" classname="HiPay.Tests.Fullservice.Model.AbstractModelTest" file="/home/tviardin/Bureau/projects/hipay-fullservice-sdk-php/tests/unit/HiPay/Tests/Fullservice/Model/AbstractModelTest.php" line="72" assertions="1" time="0.001812"/>
    </testsuite>
    <testsuite name="HiPay\Tests\Fullservice\Request\AbstractRequestTest" file="/home/tviardin/Bureau/projects/hipay-fullservice-sdk-php/tests/unit/HiPay/Tests/Fullservice/Request/AbstractRequestTest.php" tests="2" assertions="6" errors="0" failures="0" skipped="0" time="0.004942">
      <testcase name="testCanBeConstruct" class="HiPay\Tests\Fullservice\Request\AbstractRequestTest" classname="HiPay.Tests.Fullservice.Request.AbstractRequestTest" file="/home/tviardin/Bureau/projects/hipay-fullservice-sdk-php/tests/unit/HiPay/Tests/Fullservice/Request/AbstractRequestTest.php" line="41" assertions="1" time="0.002063"/>
      <testcase name="testPropertiesCanBeSetted" class="HiPay\Tests\Fullservice\Request\AbstractRequestTest" classname="HiPay.Tests.Fullservice.Request.AbstractRequestTest" file="/home/tviardin/Bureau/projects/hipay-fullservice-sdk-php/tests/unit/HiPay/Tests/Fullservice/Request/AbstractRequestTest.php" line="54" assertions="5" time="0.002879"/>
    </testsuite>
    <testsuite name="HiPay\Tests\Fullservice\Request\RequestSerializerTest" file="/home/tviardin/Bureau/projects/hipay-fullservice-sdk-php/tests/unit/HiPay/Tests/Fullservice/Request/RequestSerializerTest.php" tests="4" assertions="16" errors="0" failures="0" skipped="0" time="0.006364">
      <testcase name="testCanBeConstructUsingAbstractRequest" class="HiPay\Tests\Fullservice\Request\RequestSerializerTest" classname="HiPay.Tests.Fullservice.Request.RequestSerializerTest" file="/home/tviardin/Bureau/projects/hipay-fullservice-sdk-php/tests/unit/HiPay/Tests/Fullservice/Request/RequestSerializerTest.php" line="40" assertions="1" time="0.003613"/>
      <testcase name="testRequestCanBeRetrieveToArray" class="HiPay\Tests\Fullservice\Request\RequestSerializerTest" classname="HiPay.Tests.Fullservice.Request.RequestSerializerTest" file="/home/tviardin/Bureau/projects/hipay-fullservice-sdk-php/tests/unit/HiPay/Tests/Fullservice/Request/RequestSerializerTest.php" line="72" assertions="12" time="0.001270"/>
      <testcase name="testOnlyScalarParamsCanBeRetrieved" class="HiPay\Tests\Fullservice\Request\RequestSerializerTest" classname="HiPay.Tests.Fullservice.Request.RequestSerializerTest" file="/home/tviardin/Bureau/projects/hipay-fullservice-sdk-php/tests/unit/HiPay/Tests/Fullservice/Request/RequestSerializerTest.php" line="110" assertions="2" time="0.000552"/>
      <testcase name="testRequestCanBeRetrieveToJson" class="HiPay\Tests\Fullservice\Request\RequestSerializerTest" classname="HiPay.Tests.Fullservice.Request.RequestSerializerTest" file="/home/tviardin/Bureau/projects/hipay-fullservice-sdk-php/tests/unit/HiPay/Tests/Fullservice/Request/RequestSerializerTest.php" line="120" assertions="1" time="0.000929"/>
    </testsuite>
    <testsuite name="HiPay\Tests\Fullservice\Gateway\Client\SecureVaultClientTest" file="/home/tviardin/Bureau/projects/hipay-fullservice-sdk-php/tests/unit/HiPay/Tests/Fullservice/SecureVault/Client/SecureVaultClientTest.php" tests="2" assertions="2" errors="0" failures="0" skipped="0" time="0.024377">
      <testcase name="testCanBeConstructUsingClientProvider" class="HiPay\Tests\Fullservice\Gateway\Client\SecureVaultClientTest" classname="HiPay.Tests.Fullservice.Gateway.Client.SecureVaultClientTest" file="/home/tviardin/Bureau/projects/hipay-fullservice-sdk-php/tests/unit/HiPay/Tests/Fullservice/SecureVault/Client/SecureVaultClientTest.php" line="78" assertions="1" time="0.010773"/>
      <testcase name="testRequestLookupToken" class="HiPay\Tests\Fullservice\Gateway\Client\SecureVaultClientTest" classname="HiPay.Tests.Fullservice.Gateway.Client.SecureVaultClientTest" file="/home/tviardin/Bureau/projects/hipay-fullservice-sdk-php/tests/unit/HiPay/Tests/Fullservice/SecureVault/Client/SecureVaultClientTest.php" line="91" assertions="1" time="0.013604"/>
    </testsuite>
    <testsuite name="HiPay\Tests\Fullservice\SecureVault\Mapper\PaymentCardTokenMapperTest" file="/home/tviardin/Bureau/projects/hipay-fullservice-sdk-php/tests/unit/HiPay/Tests/Fullservice/SecureVault/Mapper/PaymentCardTokenMapperTest.php" tests="2" assertions="16" errors="0" failures="0" skipped="0" time="0.001631">
      <testcase name="testConstruct" class="HiPay\Tests\Fullservice\SecureVault\Mapper\PaymentCardTokenMapperTest" classname="HiPay.Tests.Fullservice.SecureVault.Mapper.PaymentCardTokenMapperTest" file="/home/tviardin/Bureau/projects/hipay-fullservice-sdk-php/tests/unit/HiPay/Tests/Fullservice/SecureVault/Mapper/PaymentCardTokenMapperTest.php" line="34" assertions="1" time="0.000611"/>
      <testcase name="testMapResponseToModel" class="HiPay\Tests\Fullservice\SecureVault\Mapper\PaymentCardTokenMapperTest" classname="HiPay.Tests.Fullservice.SecureVault.Mapper.PaymentCardTokenMapperTest" file="/home/tviardin/Bureau/projects/hipay-fullservice-sdk-php/tests/unit/HiPay/Tests/Fullservice/SecureVault/Mapper/PaymentCardTokenMapperTest.php" line="47" assertions="15" time="0.001020"/>
    </testsuite>
  </testsuite>
</testsuites>
