<?xml version="1.0" encoding="UTF-8"?>
<testsuites>
  <testsuite name="Infection testsuite with filtered tests" tests="2" assertions="15" errors="0" failures="1" skipped="0" time="0.005299">
    <testsuite name="HiPay\Tests\Fullservice\Gateway\Mapper\OrderMapperTest" file="/home/tviardin/Bureau/projects/hipay-fullservice-sdk-php/tests/unit/HiPay/Tests/Fullservice/Gateway/Mapper/OrderMapperTest.php" tests="2" assertions="15" errors="0" failures="1" skipped="0" time="0.005299">
      <testcase name="testConstruct" class="HiPay\Tests\Fullservice\Gateway\Mapper\OrderMapperTest" classname="HiPay.Tests.Fullservice.Gateway.Mapper.OrderMapperTest" file="/home/tviardin/Bureau/projects/hipay-fullservice-sdk-php/tests/unit/HiPay/Tests/Fullservice/Gateway/Mapper/OrderMapperTest.php" line="44" assertions="1" time="0.001658"/>
      <testcase name="testMapResponseToModel" class="HiPay\Tests\Fullservice\Gateway\Mapper\OrderMapperTest" classname="HiPay.Tests.Fullservice.Gateway.Mapper.OrderMapperTest" file="/home/tviardin/Bureau/projects/hipay-fullservice-sdk-php/tests/unit/HiPay/Tests/Fullservice/Gateway/Mapper/OrderMapperTest.php" line="59" assertions="14" time="0.003641">
        <failure type="PHPUnit\Framework\ExpectationFailedException">HiPay\Tests\Fullservice\Gateway\Mapper\OrderMapperTest::testMapResponseToModel
Failed asserting that two arrays are equal.
--- Expected
+++ Actual
@@ @@
 Array (
-    'firstname' =&gt; 'Jane'
-    'lastname' =&gt; 'Doe'
-    'street_address' =&gt; '56 avenue de la paix'
-    'locality' =&gt; 'Paris'
-    'postal_code' =&gt; '75000'
-    'country' =&gt; 'FRANCE'
-    'msisdn' =&gt; '000001'
-    'phone' =&gt; '0123456789'
-    'phone_operator' =&gt; 'Orange'
-    'email' =&gt; 'jane.doe@test.com'
+    '' =&gt; 'jane.doe@test.com'
 )

/home/tviardin/Bureau/projects/hipay-fullservice-sdk-php/tests/unit/HiPay/Tests/Fullservice/Gateway/Mapper/OrderMapperTest.php:77
</failure>
      </testcase>
    </testsuite>
  </testsuite>
</testsuites>
 =&gt; '0123456789'
+    'Phone_Operator' =&gt; 'Orange'
+    'Email' =&gt; 'jane.doe@test.com'
 )

/home/tviardin/Bureau/projects/hipay-fullservice-sdk-php/tests/unit/HiPay/Tests/Fullservice/Gateway/Mapper/OrderMapperTest.php:77
</failure>
      </testcase>
    </testsuite>
  </testsuite>
</testsuites>
